ARM GAS  /tmp/ccbjyqy4.s 			page 1


   1              		.cpu cortex-m0
   2              		.fpu softvfp
   3              		.eabi_attribute 20, 1
   4              		.eabi_attribute 21, 1
   5              		.eabi_attribute 23, 3
   6              		.eabi_attribute 24, 1
   7              		.eabi_attribute 25, 1
   8              		.eabi_attribute 26, 1
   9              		.eabi_attribute 30, 4
  10              		.eabi_attribute 34, 0
  11              		.eabi_attribute 18, 4
  12              		.code	16
  13              		.file	"control.c"
  14              		.text
  15              	.Ltext0:
  16              		.cfi_sections	.debug_frame
  17              		.section	.text.startControl,"ax",%progbits
  18              		.align	1
  19              		.global	startControl
  20              		.code	16
  21              		.thumb_func
  22              		.type	startControl, %function
  23              	startControl:
  24              	.LFB77:
  25              		.file 1 "src/control.c"
  26              		.loc 1 10 0
  27              		.cfi_startproc
  28 0000 08B5     		push	{r3, lr}
  29              	.LCFI0:
  30              		.cfi_def_cfa_offset 8
  31              		.cfi_offset 3, -8
  32              		.cfi_offset 14, -4
  33              	.L2:
  34              		.loc 1 16 0 discriminator 1
  35 0002 0120     		mov	r0, #1
  36 0004 FFF7FEFF 		bl	chThdSleep
  37              	.LVL0:
  38 0008 FBE7     		b	.L2
  39              		.cfi_endproc
  40              	.LFE77:
  41              		.size	startControl, .-startControl
  42              		.global	status
  43              		.section	.bss.status,"aw",%nobits
  44              		.align	1
  45              		.type	status, %object
  46              		.size	status, 6
  47              	status:
  48 0000 00000000 		.space	6
  48      0000
  49              		.text
  50              	.Letext0:
  51              		.file 2 "/media/data/src/x-tools/gcc-arm-none-eabi-4_7-2013q1/bin/../lib/gcc/arm-none-eabi/4.7.3/.
  52              		.file 3 "./os/nil/include/nil.h"
  53              		.file 4 "./os/nil/ports/ARMCMx/compilers/GCC/niltypes.h"
  54              		.file 5 "./os/nil/ports/ARMCMx/nilcore.h"
  55              		.file 6 "./os/nil/ports/ARMCMx/nilcore_v6m.h"
  56              		.file 7 "inc/threads.h"
ARM GAS  /tmp/ccbjyqy4.s 			page 2


  57              		.section	.debug_info,"",%progbits
  58              	.Ldebug_info0:
  59 0000 8A030000 		.4byte	0x38a
  60 0004 0200     		.2byte	0x2
  61 0006 00000000 		.4byte	.Ldebug_abbrev0
  62 000a 04       		.byte	0x4
  63 000b 01       		.uleb128 0x1
  64 000c F4000000 		.4byte	.LASF46
  65 0010 01       		.byte	0x1
  66 0011 28020000 		.4byte	.LASF47
  67 0015 D7000000 		.4byte	.LASF48
  68 0019 00000000 		.4byte	.Ldebug_ranges0+0
  69 001d 00000000 		.4byte	0
  70 0021 00000000 		.4byte	0
  71 0025 00000000 		.4byte	.Ldebug_line0
  72 0029 02       		.uleb128 0x2
  73 002a 04       		.byte	0x4
  74 002b 05       		.byte	0x5
  75 002c 696E7400 		.ascii	"int\000"
  76 0030 03       		.uleb128 0x3
  77 0031 04       		.byte	0x4
  78 0032 07       		.byte	0x7
  79 0033 7D010000 		.4byte	.LASF0
  80 0037 03       		.uleb128 0x3
  81 0038 01       		.byte	0x1
  82 0039 06       		.byte	0x6
  83 003a 5B010000 		.4byte	.LASF1
  84 003e 04       		.uleb128 0x4
  85 003f 77000000 		.4byte	.LASF3
  86 0043 02       		.byte	0x2
  87 0044 2A       		.byte	0x2a
  88 0045 49000000 		.4byte	0x49
  89 0049 03       		.uleb128 0x3
  90 004a 01       		.byte	0x1
  91 004b 08       		.byte	0x8
  92 004c 3D010000 		.4byte	.LASF2
  93 0050 04       		.uleb128 0x4
  94 0051 D2010000 		.4byte	.LASF4
  95 0055 02       		.byte	0x2
  96 0056 35       		.byte	0x35
  97 0057 5B000000 		.4byte	0x5b
  98 005b 03       		.uleb128 0x3
  99 005c 02       		.byte	0x2
 100 005d 05       		.byte	0x5
 101 005e 23000000 		.4byte	.LASF5
 102 0062 04       		.uleb128 0x4
 103 0063 8A010000 		.4byte	.LASF6
 104 0067 02       		.byte	0x2
 105 0068 36       		.byte	0x36
 106 0069 6D000000 		.4byte	0x6d
 107 006d 03       		.uleb128 0x3
 108 006e 02       		.byte	0x2
 109 006f 07       		.byte	0x7
 110 0070 9B010000 		.4byte	.LASF7
 111 0074 04       		.uleb128 0x4
 112 0075 C4010000 		.4byte	.LASF8
 113 0079 02       		.byte	0x2
ARM GAS  /tmp/ccbjyqy4.s 			page 3


 114 007a 4F       		.byte	0x4f
 115 007b 7F000000 		.4byte	0x7f
 116 007f 03       		.uleb128 0x3
 117 0080 04       		.byte	0x4
 118 0081 05       		.byte	0x5
 119 0082 C9000000 		.4byte	.LASF9
 120 0086 04       		.uleb128 0x4
 121 0087 74010000 		.4byte	.LASF10
 122 008b 02       		.byte	0x2
 123 008c 50       		.byte	0x50
 124 008d 91000000 		.4byte	0x91
 125 0091 03       		.uleb128 0x3
 126 0092 04       		.byte	0x4
 127 0093 07       		.byte	0x7
 128 0094 E0010000 		.4byte	.LASF11
 129 0098 03       		.uleb128 0x3
 130 0099 08       		.byte	0x8
 131 009a 05       		.byte	0x5
 132 009b 9B000000 		.4byte	.LASF12
 133 009f 03       		.uleb128 0x3
 134 00a0 08       		.byte	0x8
 135 00a1 07       		.byte	0x7
 136 00a2 A9000000 		.4byte	.LASF13
 137 00a6 05       		.uleb128 0x5
 138 00a7 4E000000 		.4byte	.LASF25
 139 00ab 14       		.byte	0x14
 140 00ac 03       		.byte	0x3
 141 00ad 1E01     		.2byte	0x11e
 142 00af FE000000 		.4byte	0xfe
 143 00b3 06       		.uleb128 0x6
 144 00b4 D2000000 		.4byte	.LASF14
 145 00b8 03       		.byte	0x3
 146 00b9 1F01     		.2byte	0x11f
 147 00bb 68020000 		.4byte	0x268
 148 00bf 02       		.byte	0x2
 149 00c0 23       		.byte	0x23
 150 00c1 00       		.uleb128 0
 151 00c2 06       		.uleb128 0x6
 152 00c3 1D000000 		.4byte	.LASF15
 153 00c7 03       		.byte	0x3
 154 00c8 2001     		.2byte	0x120
 155 00ca FE000000 		.4byte	0xfe
 156 00ce 02       		.byte	0x2
 157 00cf 23       		.byte	0x23
 158 00d0 04       		.uleb128 0x4
 159 00d1 07       		.uleb128 0x7
 160 00d2 753100   		.ascii	"u1\000"
 161 00d5 03       		.byte	0x3
 162 00d6 2B01     		.2byte	0x12b
 163 00d8 18020000 		.4byte	0x218
 164 00dc 02       		.byte	0x2
 165 00dd 23       		.byte	0x23
 166 00de 08       		.uleb128 0x8
 167 00df 06       		.uleb128 0x6
 168 00e0 3C020000 		.4byte	.LASF16
 169 00e4 03       		.byte	0x3
 170 00e5 2C01     		.2byte	0x12c
ARM GAS  /tmp/ccbjyqy4.s 			page 4


 171 00e7 6E020000 		.4byte	0x26e
 172 00eb 02       		.byte	0x2
 173 00ec 23       		.byte	0x23
 174 00ed 0C       		.uleb128 0xc
 175 00ee 06       		.uleb128 0x6
 176 00ef 09000000 		.4byte	.LASF17
 177 00f3 03       		.byte	0x3
 178 00f4 2F01     		.2byte	0x12f
 179 00f6 14010000 		.4byte	0x114
 180 00fa 02       		.byte	0x2
 181 00fb 23       		.byte	0x23
 182 00fc 10       		.uleb128 0x10
 183 00fd 00       		.byte	0
 184 00fe 04       		.uleb128 0x4
 185 00ff 16020000 		.4byte	.LASF18
 186 0103 04       		.byte	0x4
 187 0104 37       		.byte	0x37
 188 0105 3E000000 		.4byte	0x3e
 189 0109 04       		.uleb128 0x4
 190 010a 36020000 		.4byte	.LASF19
 191 010e 04       		.byte	0x4
 192 010f 38       		.byte	0x38
 193 0110 74000000 		.4byte	0x74
 194 0114 04       		.uleb128 0x4
 195 0115 59000000 		.4byte	.LASF20
 196 0119 04       		.byte	0x4
 197 011a 39       		.byte	0x39
 198 011b 86000000 		.4byte	0x86
 199 011f 04       		.uleb128 0x4
 200 0120 CC010000 		.4byte	.LASF21
 201 0124 04       		.byte	0x4
 202 0125 3A       		.byte	0x3a
 203 0126 74000000 		.4byte	0x74
 204 012a 03       		.uleb128 0x3
 205 012b 04       		.byte	0x4
 206 012c 07       		.byte	0x7
 207 012d 2D000000 		.4byte	.LASF22
 208 0131 04       		.uleb128 0x4
 209 0132 B5010000 		.4byte	.LASF23
 210 0136 05       		.byte	0x5
 211 0137 77       		.byte	0x77
 212 0138 62000000 		.4byte	0x62
 213 013c 04       		.uleb128 0x4
 214 013d 6E000000 		.4byte	.LASF24
 215 0141 05       		.byte	0x5
 216 0142 7D       		.byte	0x7d
 217 0143 47010000 		.4byte	0x147
 218 0147 08       		.uleb128 0x8
 219 0148 04       		.byte	0x4
 220 0149 09       		.uleb128 0x9
 221 014a F2010000 		.4byte	.LASF26
 222 014e 24       		.byte	0x24
 223 014f 06       		.byte	0x6
 224 0150 A4       		.byte	0xa4
 225 0151 CD010000 		.4byte	0x1cd
 226 0155 0A       		.uleb128 0xa
 227 0156 723800   		.ascii	"r8\000"
ARM GAS  /tmp/ccbjyqy4.s 			page 5


 228 0159 06       		.byte	0x6
 229 015a A5       		.byte	0xa5
 230 015b 3C010000 		.4byte	0x13c
 231 015f 02       		.byte	0x2
 232 0160 23       		.byte	0x23
 233 0161 00       		.uleb128 0
 234 0162 0A       		.uleb128 0xa
 235 0163 723900   		.ascii	"r9\000"
 236 0166 06       		.byte	0x6
 237 0167 A6       		.byte	0xa6
 238 0168 3C010000 		.4byte	0x13c
 239 016c 02       		.byte	0x2
 240 016d 23       		.byte	0x23
 241 016e 04       		.uleb128 0x4
 242 016f 0A       		.uleb128 0xa
 243 0170 72313000 		.ascii	"r10\000"
 244 0174 06       		.byte	0x6
 245 0175 A7       		.byte	0xa7
 246 0176 3C010000 		.4byte	0x13c
 247 017a 02       		.byte	0x2
 248 017b 23       		.byte	0x23
 249 017c 08       		.uleb128 0x8
 250 017d 0A       		.uleb128 0xa
 251 017e 72313100 		.ascii	"r11\000"
 252 0182 06       		.byte	0x6
 253 0183 A8       		.byte	0xa8
 254 0184 3C010000 		.4byte	0x13c
 255 0188 02       		.byte	0x2
 256 0189 23       		.byte	0x23
 257 018a 0C       		.uleb128 0xc
 258 018b 0A       		.uleb128 0xa
 259 018c 723400   		.ascii	"r4\000"
 260 018f 06       		.byte	0x6
 261 0190 A9       		.byte	0xa9
 262 0191 3C010000 		.4byte	0x13c
 263 0195 02       		.byte	0x2
 264 0196 23       		.byte	0x23
 265 0197 10       		.uleb128 0x10
 266 0198 0A       		.uleb128 0xa
 267 0199 723500   		.ascii	"r5\000"
 268 019c 06       		.byte	0x6
 269 019d AA       		.byte	0xaa
 270 019e 3C010000 		.4byte	0x13c
 271 01a2 02       		.byte	0x2
 272 01a3 23       		.byte	0x23
 273 01a4 14       		.uleb128 0x14
 274 01a5 0A       		.uleb128 0xa
 275 01a6 723600   		.ascii	"r6\000"
 276 01a9 06       		.byte	0x6
 277 01aa AB       		.byte	0xab
 278 01ab 3C010000 		.4byte	0x13c
 279 01af 02       		.byte	0x2
 280 01b0 23       		.byte	0x23
 281 01b1 18       		.uleb128 0x18
 282 01b2 0A       		.uleb128 0xa
 283 01b3 723700   		.ascii	"r7\000"
 284 01b6 06       		.byte	0x6
ARM GAS  /tmp/ccbjyqy4.s 			page 6


 285 01b7 AC       		.byte	0xac
 286 01b8 3C010000 		.4byte	0x13c
 287 01bc 02       		.byte	0x2
 288 01bd 23       		.byte	0x23
 289 01be 1C       		.uleb128 0x1c
 290 01bf 0A       		.uleb128 0xa
 291 01c0 6C7200   		.ascii	"lr\000"
 292 01c3 06       		.byte	0x6
 293 01c4 AD       		.byte	0xad
 294 01c5 3C010000 		.4byte	0x13c
 295 01c9 02       		.byte	0x2
 296 01ca 23       		.byte	0x23
 297 01cb 20       		.uleb128 0x20
 298 01cc 00       		.byte	0
 299 01cd 04       		.uleb128 0x4
 300 01ce 1F020000 		.4byte	.LASF27
 301 01d2 03       		.byte	0x3
 302 01d3 F3       		.byte	0xf3
 303 01d4 49010000 		.4byte	0x149
 304 01d8 0B       		.uleb128 0xb
 305 01d9 04       		.byte	0x4
 306 01da 03       		.byte	0x3
 307 01db F8       		.byte	0xf8
 308 01dc EF010000 		.4byte	0x1ef
 309 01e0 0A       		.uleb128 0xa
 310 01e1 636E7400 		.ascii	"cnt\000"
 311 01e5 03       		.byte	0x3
 312 01e6 F9       		.byte	0xf9
 313 01e7 EF010000 		.4byte	0x1ef
 314 01eb 02       		.byte	0x2
 315 01ec 23       		.byte	0x23
 316 01ed 00       		.uleb128 0
 317 01ee 00       		.byte	0
 318 01ef 0C       		.uleb128 0xc
 319 01f0 1F010000 		.4byte	0x11f
 320 01f4 04       		.uleb128 0x4
 321 01f5 7F000000 		.4byte	.LASF28
 322 01f9 03       		.byte	0x3
 323 01fa FA       		.byte	0xfa
 324 01fb D8010000 		.4byte	0x1d8
 325 01ff 03       		.uleb128 0x3
 326 0200 01       		.byte	0x1
 327 0201 08       		.byte	0x8
 328 0202 BF010000 		.4byte	.LASF29
 329 0206 0D       		.uleb128 0xd
 330 0207 03020000 		.4byte	.LASF30
 331 020b 03       		.byte	0x3
 332 020c 1901     		.2byte	0x119
 333 020e 12020000 		.4byte	0x212
 334 0212 0E       		.uleb128 0xe
 335 0213 04       		.byte	0x4
 336 0214 A6000000 		.4byte	0xa6
 337 0218 0F       		.uleb128 0xf
 338 0219 04       		.byte	0x4
 339 021a 03       		.byte	0x3
 340 021b 2301     		.2byte	0x123
 341 021d 5C020000 		.4byte	0x25c
ARM GAS  /tmp/ccbjyqy4.s 			page 7


 342 0221 10       		.uleb128 0x10
 343 0222 6D736700 		.ascii	"msg\000"
 344 0226 03       		.byte	0x3
 345 0227 2401     		.2byte	0x124
 346 0229 09010000 		.4byte	0x109
 347 022d 10       		.uleb128 0x10
 348 022e 7000     		.ascii	"p\000"
 349 0230 03       		.byte	0x3
 350 0231 2501     		.2byte	0x125
 351 0233 47010000 		.4byte	0x147
 352 0237 10       		.uleb128 0x10
 353 0238 74727000 		.ascii	"trp\000"
 354 023c 03       		.byte	0x3
 355 023d 2601     		.2byte	0x126
 356 023f 5C020000 		.4byte	0x25c
 357 0243 11       		.uleb128 0x11
 358 0244 FE010000 		.4byte	.LASF31
 359 0248 03       		.byte	0x3
 360 0249 2701     		.2byte	0x127
 361 024b 62020000 		.4byte	0x262
 362 024f 11       		.uleb128 0x11
 363 0250 54010000 		.4byte	.LASF32
 364 0254 03       		.byte	0x3
 365 0255 2901     		.2byte	0x129
 366 0257 14010000 		.4byte	0x114
 367 025b 00       		.byte	0
 368 025c 0E       		.uleb128 0xe
 369 025d 04       		.byte	0x4
 370 025e 06020000 		.4byte	0x206
 371 0262 0E       		.uleb128 0xe
 372 0263 04       		.byte	0x4
 373 0264 F4010000 		.4byte	0x1f4
 374 0268 0E       		.uleb128 0xe
 375 0269 04       		.byte	0x4
 376 026a CD010000 		.4byte	0x1cd
 377 026e 0C       		.uleb128 0xc
 378 026f 31010000 		.4byte	0x131
 379 0273 12       		.uleb128 0x12
 380 0274 98       		.byte	0x98
 381 0275 03       		.byte	0x3
 382 0276 3D01     		.2byte	0x13d
 383 0278 B9020000 		.4byte	0x2b9
 384 027c 06       		.uleb128 0x6
 385 027d 93010000 		.4byte	.LASF33
 386 0281 03       		.byte	0x3
 387 0282 4101     		.2byte	0x141
 388 0284 12020000 		.4byte	0x212
 389 0288 02       		.byte	0x2
 390 0289 23       		.byte	0x23
 391 028a 00       		.uleb128 0
 392 028b 06       		.uleb128 0x6
 393 028c 44020000 		.4byte	.LASF34
 394 0290 03       		.byte	0x3
 395 0291 4701     		.2byte	0x147
 396 0293 12020000 		.4byte	0x212
 397 0297 02       		.byte	0x2
 398 0298 23       		.byte	0x23
ARM GAS  /tmp/ccbjyqy4.s 			page 8


 399 0299 04       		.uleb128 0x4
 400 029a 06       		.uleb128 0x6
 401 029b 8B000000 		.4byte	.LASF35
 402 029f 03       		.byte	0x3
 403 02a0 4C01     		.2byte	0x14c
 404 02a2 31010000 		.4byte	0x131
 405 02a6 02       		.byte	0x2
 406 02a7 23       		.byte	0x23
 407 02a8 08       		.uleb128 0x8
 408 02a9 06       		.uleb128 0x6
 409 02aa 93000000 		.4byte	.LASF36
 410 02ae 03       		.byte	0x3
 411 02af 5B01     		.2byte	0x15b
 412 02b1 B9020000 		.4byte	0x2b9
 413 02b5 02       		.byte	0x2
 414 02b6 23       		.byte	0x23
 415 02b7 0C       		.uleb128 0xc
 416 02b8 00       		.byte	0
 417 02b9 13       		.uleb128 0x13
 418 02ba A6000000 		.4byte	0xa6
 419 02be C9020000 		.4byte	0x2c9
 420 02c2 14       		.uleb128 0x14
 421 02c3 2A010000 		.4byte	0x12a
 422 02c7 06       		.byte	0x6
 423 02c8 00       		.byte	0
 424 02c9 0D       		.uleb128 0xd
 425 02ca 36000000 		.4byte	.LASF37
 426 02ce 03       		.byte	0x3
 427 02cf 6401     		.2byte	0x164
 428 02d1 73020000 		.4byte	0x273
 429 02d5 03       		.uleb128 0x3
 430 02d6 01       		.byte	0x1
 431 02d7 02       		.byte	0x2
 432 02d8 DA010000 		.4byte	.LASF38
 433 02dc 09       		.uleb128 0x9
 434 02dd 65000000 		.4byte	.LASF39
 435 02e1 06       		.byte	0x6
 436 02e2 07       		.byte	0x7
 437 02e3 81       		.byte	0x81
 438 02e4 27030000 		.4byte	0x327
 439 02e8 15       		.uleb128 0x15
 440 02e9 C0000000 		.4byte	.LASF40
 441 02ed 07       		.byte	0x7
 442 02ee 82       		.byte	0x82
 443 02ef 3E000000 		.4byte	0x3e
 444 02f3 01       		.byte	0x1
 445 02f4 01       		.byte	0x1
 446 02f5 07       		.byte	0x7
 447 02f6 02       		.byte	0x2
 448 02f7 23       		.byte	0x23
 449 02f8 00       		.uleb128 0
 450 02f9 15       		.uleb128 0x15
 451 02fa 00000000 		.4byte	.LASF41
 452 02fe 07       		.byte	0x7
 453 02ff 83       		.byte	0x83
 454 0300 3E000000 		.4byte	0x3e
 455 0304 01       		.byte	0x1
ARM GAS  /tmp/ccbjyqy4.s 			page 9


 456 0305 01       		.byte	0x1
 457 0306 06       		.byte	0x6
 458 0307 02       		.byte	0x2
 459 0308 23       		.byte	0x23
 460 0309 00       		.uleb128 0
 461 030a 16       		.uleb128 0x16
 462 030b 49020000 		.4byte	.LASF42
 463 030f 07       		.byte	0x7
 464 0310 84       		.byte	0x84
 465 0311 50000000 		.4byte	0x50
 466 0315 02       		.byte	0x2
 467 0316 23       		.byte	0x23
 468 0317 02       		.uleb128 0x2
 469 0318 16       		.uleb128 0x16
 470 0319 10000000 		.4byte	.LASF43
 471 031d 07       		.byte	0x7
 472 031e 85       		.byte	0x85
 473 031f 3E000000 		.4byte	0x3e
 474 0323 02       		.byte	0x2
 475 0324 23       		.byte	0x23
 476 0325 04       		.uleb128 0x4
 477 0326 00       		.byte	0
 478 0327 04       		.uleb128 0x4
 479 0328 4B010000 		.4byte	.LASF44
 480 032c 07       		.byte	0x7
 481 032d 87       		.byte	0x87
 482 032e DC020000 		.4byte	0x2dc
 483 0332 17       		.uleb128 0x17
 484 0333 01       		.byte	0x1
 485 0334 67010000 		.4byte	.LASF49
 486 0338 01       		.byte	0x1
 487 0339 09       		.byte	0x9
 488 033a 01       		.byte	0x1
 489 033b 00000000 		.4byte	.LFB77
 490 033f 0A000000 		.4byte	.LFE77
 491 0343 00000000 		.4byte	.LLST0
 492 0347 01       		.byte	0x1
 493 0348 5C030000 		.4byte	0x35c
 494 034c 18       		.uleb128 0x18
 495 034d 08000000 		.4byte	.LVL0
 496 0351 7C030000 		.4byte	0x37c
 497 0355 19       		.uleb128 0x19
 498 0356 01       		.byte	0x1
 499 0357 50       		.byte	0x50
 500 0358 01       		.byte	0x1
 501 0359 31       		.byte	0x31
 502 035a 00       		.byte	0
 503 035b 00       		.byte	0
 504 035c 1A       		.uleb128 0x1a
 505 035d 6E696C00 		.ascii	"nil\000"
 506 0361 03       		.byte	0x3
 507 0362 F602     		.2byte	0x2f6
 508 0364 C9020000 		.4byte	0x2c9
 509 0368 01       		.byte	0x1
 510 0369 01       		.byte	0x1
 511 036a 1B       		.uleb128 0x1b
 512 036b AE010000 		.4byte	.LASF45
ARM GAS  /tmp/ccbjyqy4.s 			page 10


 513 036f 01       		.byte	0x1
 514 0370 03       		.byte	0x3
 515 0371 27030000 		.4byte	0x327
 516 0375 01       		.byte	0x1
 517 0376 05       		.byte	0x5
 518 0377 03       		.byte	0x3
 519 0378 00000000 		.4byte	status
 520 037c 1C       		.uleb128 0x1c
 521 037d 01       		.byte	0x1
 522 037e 43000000 		.4byte	.LASF50
 523 0382 03       		.byte	0x3
 524 0383 0703     		.2byte	0x307
 525 0385 01       		.byte	0x1
 526 0386 01       		.byte	0x1
 527 0387 1D       		.uleb128 0x1d
 528 0388 31010000 		.4byte	0x131
 529 038c 00       		.byte	0
 530 038d 00       		.byte	0
 531              		.section	.debug_abbrev,"",%progbits
 532              	.Ldebug_abbrev0:
 533 0000 01       		.uleb128 0x1
 534 0001 11       		.uleb128 0x11
 535 0002 01       		.byte	0x1
 536 0003 25       		.uleb128 0x25
 537 0004 0E       		.uleb128 0xe
 538 0005 13       		.uleb128 0x13
 539 0006 0B       		.uleb128 0xb
 540 0007 03       		.uleb128 0x3
 541 0008 0E       		.uleb128 0xe
 542 0009 1B       		.uleb128 0x1b
 543 000a 0E       		.uleb128 0xe
 544 000b 55       		.uleb128 0x55
 545 000c 06       		.uleb128 0x6
 546 000d 11       		.uleb128 0x11
 547 000e 01       		.uleb128 0x1
 548 000f 52       		.uleb128 0x52
 549 0010 01       		.uleb128 0x1
 550 0011 10       		.uleb128 0x10
 551 0012 06       		.uleb128 0x6
 552 0013 00       		.byte	0
 553 0014 00       		.byte	0
 554 0015 02       		.uleb128 0x2
 555 0016 24       		.uleb128 0x24
 556 0017 00       		.byte	0
 557 0018 0B       		.uleb128 0xb
 558 0019 0B       		.uleb128 0xb
 559 001a 3E       		.uleb128 0x3e
 560 001b 0B       		.uleb128 0xb
 561 001c 03       		.uleb128 0x3
 562 001d 08       		.uleb128 0x8
 563 001e 00       		.byte	0
 564 001f 00       		.byte	0
 565 0020 03       		.uleb128 0x3
 566 0021 24       		.uleb128 0x24
 567 0022 00       		.byte	0
 568 0023 0B       		.uleb128 0xb
 569 0024 0B       		.uleb128 0xb
ARM GAS  /tmp/ccbjyqy4.s 			page 11


 570 0025 3E       		.uleb128 0x3e
 571 0026 0B       		.uleb128 0xb
 572 0027 03       		.uleb128 0x3
 573 0028 0E       		.uleb128 0xe
 574 0029 00       		.byte	0
 575 002a 00       		.byte	0
 576 002b 04       		.uleb128 0x4
 577 002c 16       		.uleb128 0x16
 578 002d 00       		.byte	0
 579 002e 03       		.uleb128 0x3
 580 002f 0E       		.uleb128 0xe
 581 0030 3A       		.uleb128 0x3a
 582 0031 0B       		.uleb128 0xb
 583 0032 3B       		.uleb128 0x3b
 584 0033 0B       		.uleb128 0xb
 585 0034 49       		.uleb128 0x49
 586 0035 13       		.uleb128 0x13
 587 0036 00       		.byte	0
 588 0037 00       		.byte	0
 589 0038 05       		.uleb128 0x5
 590 0039 13       		.uleb128 0x13
 591 003a 01       		.byte	0x1
 592 003b 03       		.uleb128 0x3
 593 003c 0E       		.uleb128 0xe
 594 003d 0B       		.uleb128 0xb
 595 003e 0B       		.uleb128 0xb
 596 003f 3A       		.uleb128 0x3a
 597 0040 0B       		.uleb128 0xb
 598 0041 3B       		.uleb128 0x3b
 599 0042 05       		.uleb128 0x5
 600 0043 01       		.uleb128 0x1
 601 0044 13       		.uleb128 0x13
 602 0045 00       		.byte	0
 603 0046 00       		.byte	0
 604 0047 06       		.uleb128 0x6
 605 0048 0D       		.uleb128 0xd
 606 0049 00       		.byte	0
 607 004a 03       		.uleb128 0x3
 608 004b 0E       		.uleb128 0xe
 609 004c 3A       		.uleb128 0x3a
 610 004d 0B       		.uleb128 0xb
 611 004e 3B       		.uleb128 0x3b
 612 004f 05       		.uleb128 0x5
 613 0050 49       		.uleb128 0x49
 614 0051 13       		.uleb128 0x13
 615 0052 38       		.uleb128 0x38
 616 0053 0A       		.uleb128 0xa
 617 0054 00       		.byte	0
 618 0055 00       		.byte	0
 619 0056 07       		.uleb128 0x7
 620 0057 0D       		.uleb128 0xd
 621 0058 00       		.byte	0
 622 0059 03       		.uleb128 0x3
 623 005a 08       		.uleb128 0x8
 624 005b 3A       		.uleb128 0x3a
 625 005c 0B       		.uleb128 0xb
 626 005d 3B       		.uleb128 0x3b
ARM GAS  /tmp/ccbjyqy4.s 			page 12


 627 005e 05       		.uleb128 0x5
 628 005f 49       		.uleb128 0x49
 629 0060 13       		.uleb128 0x13
 630 0061 38       		.uleb128 0x38
 631 0062 0A       		.uleb128 0xa
 632 0063 00       		.byte	0
 633 0064 00       		.byte	0
 634 0065 08       		.uleb128 0x8
 635 0066 0F       		.uleb128 0xf
 636 0067 00       		.byte	0
 637 0068 0B       		.uleb128 0xb
 638 0069 0B       		.uleb128 0xb
 639 006a 00       		.byte	0
 640 006b 00       		.byte	0
 641 006c 09       		.uleb128 0x9
 642 006d 13       		.uleb128 0x13
 643 006e 01       		.byte	0x1
 644 006f 03       		.uleb128 0x3
 645 0070 0E       		.uleb128 0xe
 646 0071 0B       		.uleb128 0xb
 647 0072 0B       		.uleb128 0xb
 648 0073 3A       		.uleb128 0x3a
 649 0074 0B       		.uleb128 0xb
 650 0075 3B       		.uleb128 0x3b
 651 0076 0B       		.uleb128 0xb
 652 0077 01       		.uleb128 0x1
 653 0078 13       		.uleb128 0x13
 654 0079 00       		.byte	0
 655 007a 00       		.byte	0
 656 007b 0A       		.uleb128 0xa
 657 007c 0D       		.uleb128 0xd
 658 007d 00       		.byte	0
 659 007e 03       		.uleb128 0x3
 660 007f 08       		.uleb128 0x8
 661 0080 3A       		.uleb128 0x3a
 662 0081 0B       		.uleb128 0xb
 663 0082 3B       		.uleb128 0x3b
 664 0083 0B       		.uleb128 0xb
 665 0084 49       		.uleb128 0x49
 666 0085 13       		.uleb128 0x13
 667 0086 38       		.uleb128 0x38
 668 0087 0A       		.uleb128 0xa
 669 0088 00       		.byte	0
 670 0089 00       		.byte	0
 671 008a 0B       		.uleb128 0xb
 672 008b 13       		.uleb128 0x13
 673 008c 01       		.byte	0x1
 674 008d 0B       		.uleb128 0xb
 675 008e 0B       		.uleb128 0xb
 676 008f 3A       		.uleb128 0x3a
 677 0090 0B       		.uleb128 0xb
 678 0091 3B       		.uleb128 0x3b
 679 0092 0B       		.uleb128 0xb
 680 0093 01       		.uleb128 0x1
 681 0094 13       		.uleb128 0x13
 682 0095 00       		.byte	0
 683 0096 00       		.byte	0
ARM GAS  /tmp/ccbjyqy4.s 			page 13


 684 0097 0C       		.uleb128 0xc
 685 0098 35       		.uleb128 0x35
 686 0099 00       		.byte	0
 687 009a 49       		.uleb128 0x49
 688 009b 13       		.uleb128 0x13
 689 009c 00       		.byte	0
 690 009d 00       		.byte	0
 691 009e 0D       		.uleb128 0xd
 692 009f 16       		.uleb128 0x16
 693 00a0 00       		.byte	0
 694 00a1 03       		.uleb128 0x3
 695 00a2 0E       		.uleb128 0xe
 696 00a3 3A       		.uleb128 0x3a
 697 00a4 0B       		.uleb128 0xb
 698 00a5 3B       		.uleb128 0x3b
 699 00a6 05       		.uleb128 0x5
 700 00a7 49       		.uleb128 0x49
 701 00a8 13       		.uleb128 0x13
 702 00a9 00       		.byte	0
 703 00aa 00       		.byte	0
 704 00ab 0E       		.uleb128 0xe
 705 00ac 0F       		.uleb128 0xf
 706 00ad 00       		.byte	0
 707 00ae 0B       		.uleb128 0xb
 708 00af 0B       		.uleb128 0xb
 709 00b0 49       		.uleb128 0x49
 710 00b1 13       		.uleb128 0x13
 711 00b2 00       		.byte	0
 712 00b3 00       		.byte	0
 713 00b4 0F       		.uleb128 0xf
 714 00b5 17       		.uleb128 0x17
 715 00b6 01       		.byte	0x1
 716 00b7 0B       		.uleb128 0xb
 717 00b8 0B       		.uleb128 0xb
 718 00b9 3A       		.uleb128 0x3a
 719 00ba 0B       		.uleb128 0xb
 720 00bb 3B       		.uleb128 0x3b
 721 00bc 05       		.uleb128 0x5
 722 00bd 01       		.uleb128 0x1
 723 00be 13       		.uleb128 0x13
 724 00bf 00       		.byte	0
 725 00c0 00       		.byte	0
 726 00c1 10       		.uleb128 0x10
 727 00c2 0D       		.uleb128 0xd
 728 00c3 00       		.byte	0
 729 00c4 03       		.uleb128 0x3
 730 00c5 08       		.uleb128 0x8
 731 00c6 3A       		.uleb128 0x3a
 732 00c7 0B       		.uleb128 0xb
 733 00c8 3B       		.uleb128 0x3b
 734 00c9 05       		.uleb128 0x5
 735 00ca 49       		.uleb128 0x49
 736 00cb 13       		.uleb128 0x13
 737 00cc 00       		.byte	0
 738 00cd 00       		.byte	0
 739 00ce 11       		.uleb128 0x11
 740 00cf 0D       		.uleb128 0xd
ARM GAS  /tmp/ccbjyqy4.s 			page 14


 741 00d0 00       		.byte	0
 742 00d1 03       		.uleb128 0x3
 743 00d2 0E       		.uleb128 0xe
 744 00d3 3A       		.uleb128 0x3a
 745 00d4 0B       		.uleb128 0xb
 746 00d5 3B       		.uleb128 0x3b
 747 00d6 05       		.uleb128 0x5
 748 00d7 49       		.uleb128 0x49
 749 00d8 13       		.uleb128 0x13
 750 00d9 00       		.byte	0
 751 00da 00       		.byte	0
 752 00db 12       		.uleb128 0x12
 753 00dc 13       		.uleb128 0x13
 754 00dd 01       		.byte	0x1
 755 00de 0B       		.uleb128 0xb
 756 00df 0B       		.uleb128 0xb
 757 00e0 3A       		.uleb128 0x3a
 758 00e1 0B       		.uleb128 0xb
 759 00e2 3B       		.uleb128 0x3b
 760 00e3 05       		.uleb128 0x5
 761 00e4 01       		.uleb128 0x1
 762 00e5 13       		.uleb128 0x13
 763 00e6 00       		.byte	0
 764 00e7 00       		.byte	0
 765 00e8 13       		.uleb128 0x13
 766 00e9 01       		.uleb128 0x1
 767 00ea 01       		.byte	0x1
 768 00eb 49       		.uleb128 0x49
 769 00ec 13       		.uleb128 0x13
 770 00ed 01       		.uleb128 0x1
 771 00ee 13       		.uleb128 0x13
 772 00ef 00       		.byte	0
 773 00f0 00       		.byte	0
 774 00f1 14       		.uleb128 0x14
 775 00f2 21       		.uleb128 0x21
 776 00f3 00       		.byte	0
 777 00f4 49       		.uleb128 0x49
 778 00f5 13       		.uleb128 0x13
 779 00f6 2F       		.uleb128 0x2f
 780 00f7 0B       		.uleb128 0xb
 781 00f8 00       		.byte	0
 782 00f9 00       		.byte	0
 783 00fa 15       		.uleb128 0x15
 784 00fb 0D       		.uleb128 0xd
 785 00fc 00       		.byte	0
 786 00fd 03       		.uleb128 0x3
 787 00fe 0E       		.uleb128 0xe
 788 00ff 3A       		.uleb128 0x3a
 789 0100 0B       		.uleb128 0xb
 790 0101 3B       		.uleb128 0x3b
 791 0102 0B       		.uleb128 0xb
 792 0103 49       		.uleb128 0x49
 793 0104 13       		.uleb128 0x13
 794 0105 0B       		.uleb128 0xb
 795 0106 0B       		.uleb128 0xb
 796 0107 0D       		.uleb128 0xd
 797 0108 0B       		.uleb128 0xb
ARM GAS  /tmp/ccbjyqy4.s 			page 15


 798 0109 0C       		.uleb128 0xc
 799 010a 0B       		.uleb128 0xb
 800 010b 38       		.uleb128 0x38
 801 010c 0A       		.uleb128 0xa
 802 010d 00       		.byte	0
 803 010e 00       		.byte	0
 804 010f 16       		.uleb128 0x16
 805 0110 0D       		.uleb128 0xd
 806 0111 00       		.byte	0
 807 0112 03       		.uleb128 0x3
 808 0113 0E       		.uleb128 0xe
 809 0114 3A       		.uleb128 0x3a
 810 0115 0B       		.uleb128 0xb
 811 0116 3B       		.uleb128 0x3b
 812 0117 0B       		.uleb128 0xb
 813 0118 49       		.uleb128 0x49
 814 0119 13       		.uleb128 0x13
 815 011a 38       		.uleb128 0x38
 816 011b 0A       		.uleb128 0xa
 817 011c 00       		.byte	0
 818 011d 00       		.byte	0
 819 011e 17       		.uleb128 0x17
 820 011f 2E       		.uleb128 0x2e
 821 0120 01       		.byte	0x1
 822 0121 3F       		.uleb128 0x3f
 823 0122 0C       		.uleb128 0xc
 824 0123 03       		.uleb128 0x3
 825 0124 0E       		.uleb128 0xe
 826 0125 3A       		.uleb128 0x3a
 827 0126 0B       		.uleb128 0xb
 828 0127 3B       		.uleb128 0x3b
 829 0128 0B       		.uleb128 0xb
 830 0129 27       		.uleb128 0x27
 831 012a 0C       		.uleb128 0xc
 832 012b 11       		.uleb128 0x11
 833 012c 01       		.uleb128 0x1
 834 012d 12       		.uleb128 0x12
 835 012e 01       		.uleb128 0x1
 836 012f 40       		.uleb128 0x40
 837 0130 06       		.uleb128 0x6
 838 0131 9742     		.uleb128 0x2117
 839 0133 0C       		.uleb128 0xc
 840 0134 01       		.uleb128 0x1
 841 0135 13       		.uleb128 0x13
 842 0136 00       		.byte	0
 843 0137 00       		.byte	0
 844 0138 18       		.uleb128 0x18
 845 0139 898201   		.uleb128 0x4109
 846 013c 01       		.byte	0x1
 847 013d 11       		.uleb128 0x11
 848 013e 01       		.uleb128 0x1
 849 013f 31       		.uleb128 0x31
 850 0140 13       		.uleb128 0x13
 851 0141 00       		.byte	0
 852 0142 00       		.byte	0
 853 0143 19       		.uleb128 0x19
 854 0144 8A8201   		.uleb128 0x410a
ARM GAS  /tmp/ccbjyqy4.s 			page 16


 855 0147 00       		.byte	0
 856 0148 02       		.uleb128 0x2
 857 0149 0A       		.uleb128 0xa
 858 014a 9142     		.uleb128 0x2111
 859 014c 0A       		.uleb128 0xa
 860 014d 00       		.byte	0
 861 014e 00       		.byte	0
 862 014f 1A       		.uleb128 0x1a
 863 0150 34       		.uleb128 0x34
 864 0151 00       		.byte	0
 865 0152 03       		.uleb128 0x3
 866 0153 08       		.uleb128 0x8
 867 0154 3A       		.uleb128 0x3a
 868 0155 0B       		.uleb128 0xb
 869 0156 3B       		.uleb128 0x3b
 870 0157 05       		.uleb128 0x5
 871 0158 49       		.uleb128 0x49
 872 0159 13       		.uleb128 0x13
 873 015a 3F       		.uleb128 0x3f
 874 015b 0C       		.uleb128 0xc
 875 015c 3C       		.uleb128 0x3c
 876 015d 0C       		.uleb128 0xc
 877 015e 00       		.byte	0
 878 015f 00       		.byte	0
 879 0160 1B       		.uleb128 0x1b
 880 0161 34       		.uleb128 0x34
 881 0162 00       		.byte	0
 882 0163 03       		.uleb128 0x3
 883 0164 0E       		.uleb128 0xe
 884 0165 3A       		.uleb128 0x3a
 885 0166 0B       		.uleb128 0xb
 886 0167 3B       		.uleb128 0x3b
 887 0168 0B       		.uleb128 0xb
 888 0169 49       		.uleb128 0x49
 889 016a 13       		.uleb128 0x13
 890 016b 3F       		.uleb128 0x3f
 891 016c 0C       		.uleb128 0xc
 892 016d 02       		.uleb128 0x2
 893 016e 0A       		.uleb128 0xa
 894 016f 00       		.byte	0
 895 0170 00       		.byte	0
 896 0171 1C       		.uleb128 0x1c
 897 0172 2E       		.uleb128 0x2e
 898 0173 01       		.byte	0x1
 899 0174 3F       		.uleb128 0x3f
 900 0175 0C       		.uleb128 0xc
 901 0176 03       		.uleb128 0x3
 902 0177 0E       		.uleb128 0xe
 903 0178 3A       		.uleb128 0x3a
 904 0179 0B       		.uleb128 0xb
 905 017a 3B       		.uleb128 0x3b
 906 017b 05       		.uleb128 0x5
 907 017c 27       		.uleb128 0x27
 908 017d 0C       		.uleb128 0xc
 909 017e 3C       		.uleb128 0x3c
 910 017f 0C       		.uleb128 0xc
 911 0180 00       		.byte	0
ARM GAS  /tmp/ccbjyqy4.s 			page 17


 912 0181 00       		.byte	0
 913 0182 1D       		.uleb128 0x1d
 914 0183 05       		.uleb128 0x5
 915 0184 00       		.byte	0
 916 0185 49       		.uleb128 0x49
 917 0186 13       		.uleb128 0x13
 918 0187 00       		.byte	0
 919 0188 00       		.byte	0
 920 0189 00       		.byte	0
 921              		.section	.debug_loc,"",%progbits
 922              	.Ldebug_loc0:
 923              	.LLST0:
 924 0000 00000000 		.4byte	.LFB77
 925 0004 02000000 		.4byte	.LCFI0
 926 0008 0200     		.2byte	0x2
 927 000a 7D       		.byte	0x7d
 928 000b 00       		.sleb128 0
 929 000c 02000000 		.4byte	.LCFI0
 930 0010 0A000000 		.4byte	.LFE77
 931 0014 0200     		.2byte	0x2
 932 0016 7D       		.byte	0x7d
 933 0017 08       		.sleb128 8
 934 0018 00000000 		.4byte	0
 935 001c 00000000 		.4byte	0
 936              		.section	.debug_aranges,"",%progbits
 937 0000 1C000000 		.4byte	0x1c
 938 0004 0200     		.2byte	0x2
 939 0006 00000000 		.4byte	.Ldebug_info0
 940 000a 04       		.byte	0x4
 941 000b 00       		.byte	0
 942 000c 0000     		.2byte	0
 943 000e 0000     		.2byte	0
 944 0010 00000000 		.4byte	.LFB77
 945 0014 0A000000 		.4byte	.LFE77-.LFB77
 946 0018 00000000 		.4byte	0
 947 001c 00000000 		.4byte	0
 948              		.section	.debug_ranges,"",%progbits
 949              	.Ldebug_ranges0:
 950 0000 00000000 		.4byte	.LFB77
 951 0004 0A000000 		.4byte	.LFE77
 952 0008 00000000 		.4byte	0
 953 000c 00000000 		.4byte	0
 954              		.section	.debug_line,"",%progbits
 955              	.Ldebug_line0:
 956 0000 55010000 		.section	.debug_str,"MS",%progbits,1
 956      02003B01 
 956      00000201 
 956      FB0E0D00 
 956      01010101 
 957              	.LASF41:
 958 0000 736C6970 		.ascii	"slipping\000"
 958      70696E67 
 958      00
 959              	.LASF17:
 960 0009 65706D61 		.ascii	"epmask\000"
 960      736B00
 961              	.LASF43:
ARM GAS  /tmp/ccbjyqy4.s 			page 18


 962 0010 61636365 		.ascii	"acceleration\000"
 962      6C657261 
 962      74696F6E 
 962      00
 963              	.LASF15:
 964 001d 73746174 		.ascii	"state\000"
 964      6500
 965              	.LASF5:
 966 0023 73686F72 		.ascii	"short int\000"
 966      7420696E 
 966      7400
 967              	.LASF22:
 968 002d 73697A65 		.ascii	"sizetype\000"
 968      74797065 
 968      00
 969              	.LASF37:
 970 0036 6E696C5F 		.ascii	"nil_system_t\000"
 970      73797374 
 970      656D5F74 
 970      00
 971              	.LASF50:
 972 0043 63685468 		.ascii	"chThdSleep\000"
 972      64536C65 
 972      657000
 973              	.LASF25:
 974 004e 6E696C5F 		.ascii	"nil_thread\000"
 974      74687265 
 974      616400
 975              	.LASF20:
 976 0059 6576656E 		.ascii	"eventmask_t\000"
 976      746D6173 
 976      6B5F7400 
 977              	.LASF39:
 978 0065 5F5F7374 		.ascii	"__status\000"
 978      61747573 
 978      00
 979              	.LASF24:
 980 006e 72656761 		.ascii	"regarm_t\000"
 980      726D5F74 
 980      00
 981              	.LASF3:
 982 0077 75696E74 		.ascii	"uint8_t\000"
 982      385F7400 
 983              	.LASF28:
 984 007f 73656D61 		.ascii	"semaphore_t\000"
 984      70686F72 
 984      655F7400 
 985              	.LASF35:
 986 008b 73797374 		.ascii	"systime\000"
 986      696D6500 
 987              	.LASF36:
 988 0093 74687265 		.ascii	"threads\000"
 988      61647300 
 989              	.LASF12:
 990 009b 6C6F6E67 		.ascii	"long long int\000"
 990      206C6F6E 
 990      6720696E 
ARM GAS  /tmp/ccbjyqy4.s 			page 19


 990      7400
 991              	.LASF13:
 992 00a9 6C6F6E67 		.ascii	"long long unsigned int\000"
 992      206C6F6E 
 992      6720756E 
 992      7369676E 
 992      65642069 
 993              	.LASF40:
 994 00c0 73686966 		.ascii	"shifting\000"
 994      74696E67 
 994      00
 995              	.LASF9:
 996 00c9 6C6F6E67 		.ascii	"long int\000"
 996      20696E74 
 996      00
 997              	.LASF14:
 998 00d2 63747870 		.ascii	"ctxp\000"
 998      00
 999              	.LASF48:
 1000 00d7 2F6D6564 		.ascii	"/media/data/src/OpenTCS/code\000"
 1000      69612F64 
 1000      6174612F 
 1000      7372632F 
 1000      4F70656E 
 1001              	.LASF46:
 1002 00f4 474E5520 		.ascii	"GNU C 4.7.3 20130312 (release) [ARM/embedded-4_7-br"
 1002      4320342E 
 1002      372E3320 
 1002      32303133 
 1002      30333132 
 1003 0127 616E6368 		.ascii	"anch revision 196615]\000"
 1003      20726576 
 1003      6973696F 
 1003      6E203139 
 1003      36363135 
 1004              	.LASF2:
 1005 013d 756E7369 		.ascii	"unsigned char\000"
 1005      676E6564 
 1005      20636861 
 1005      7200
 1006              	.LASF44:
 1007 014b 73746174 		.ascii	"status_t\000"
 1007      75735F74 
 1007      00
 1008              	.LASF32:
 1009 0154 65776D61 		.ascii	"ewmask\000"
 1009      736B00
 1010              	.LASF1:
 1011 015b 7369676E 		.ascii	"signed char\000"
 1011      65642063 
 1011      68617200 
 1012              	.LASF49:
 1013 0167 73746172 		.ascii	"startControl\000"
 1013      74436F6E 
 1013      74726F6C 
 1013      00
 1014              	.LASF10:
ARM GAS  /tmp/ccbjyqy4.s 			page 20


 1015 0174 75696E74 		.ascii	"uint32_t\000"
 1015      33325F74 
 1015      00
 1016              	.LASF0:
 1017 017d 756E7369 		.ascii	"unsigned int\000"
 1017      676E6564 
 1017      20696E74 
 1017      00
 1018              	.LASF6:
 1019 018a 75696E74 		.ascii	"uint16_t\000"
 1019      31365F74 
 1019      00
 1020              	.LASF33:
 1021 0193 63757272 		.ascii	"current\000"
 1021      656E7400 
 1022              	.LASF7:
 1023 019b 73686F72 		.ascii	"short unsigned int\000"
 1023      7420756E 
 1023      7369676E 
 1023      65642069 
 1023      6E7400
 1024              	.LASF45:
 1025 01ae 73746174 		.ascii	"status\000"
 1025      757300
 1026              	.LASF23:
 1027 01b5 73797374 		.ascii	"systime_t\000"
 1027      696D655F 
 1027      7400
 1028              	.LASF29:
 1029 01bf 63686172 		.ascii	"char\000"
 1029      00
 1030              	.LASF8:
 1031 01c4 696E7433 		.ascii	"int32_t\000"
 1031      325F7400 
 1032              	.LASF21:
 1033 01cc 636E745F 		.ascii	"cnt_t\000"
 1033      7400
 1034              	.LASF4:
 1035 01d2 696E7431 		.ascii	"int16_t\000"
 1035      365F7400 
 1036              	.LASF38:
 1037 01da 5F426F6F 		.ascii	"_Bool\000"
 1037      6C00
 1038              	.LASF11:
 1039 01e0 6C6F6E67 		.ascii	"long unsigned int\000"
 1039      20756E73 
 1039      69676E65 
 1039      6420696E 
 1039      7400
 1040              	.LASF26:
 1041 01f2 706F7274 		.ascii	"port_intctx\000"
 1041      5F696E74 
 1041      63747800 
 1042              	.LASF31:
 1043 01fe 73656D70 		.ascii	"semp\000"
 1043      00
 1044              	.LASF30:
ARM GAS  /tmp/ccbjyqy4.s 			page 21


 1045 0203 74687265 		.ascii	"thread_reference_t\000"
 1045      61645F72 
 1045      65666572 
 1045      656E6365 
 1045      5F7400
 1046              	.LASF18:
 1047 0216 74737461 		.ascii	"tstate_t\000"
 1047      74655F74 
 1047      00
 1048              	.LASF27:
 1049 021f 696E7463 		.ascii	"intctx_t\000"
 1049      74785F74 
 1049      00
 1050              	.LASF47:
 1051 0228 7372632F 		.ascii	"src/control.c\000"
 1051      636F6E74 
 1051      726F6C2E 
 1051      6300
 1052              	.LASF19:
 1053 0236 6D73675F 		.ascii	"msg_t\000"
 1053      7400
 1054              	.LASF16:
 1055 023c 74696D65 		.ascii	"timeout\000"
 1055      6F757400 
 1056              	.LASF34:
 1057 0244 6E657874 		.ascii	"next\000"
 1057      00
 1058              	.LASF42:
 1059 0249 736C6970 		.ascii	"slipping_pct\000"
 1059      70696E67 
 1059      5F706374 
 1059      00
 1060              		.ident	"GCC: (GNU Tools for ARM Embedded Processors) 4.7.3 20130312 (release) [ARM/embedded-4_7-br
ARM GAS  /tmp/ccbjyqy4.s 			page 22


DEFINED SYMBOLS
                            *ABS*:00000000 control.c
     /tmp/ccbjyqy4.s:18     .text.startControl:00000000 $t
     /tmp/ccbjyqy4.s:23     .text.startControl:00000000 startControl
     /tmp/ccbjyqy4.s:47     .bss.status:00000000 status
     /tmp/ccbjyqy4.s:44     .bss.status:00000000 $d
                     .debug_frame:00000010 $d

UNDEFINED SYMBOLS
chThdSleep
