ARM GAS  /tmp/cc2Ef2Lc.s 			page 1


   1              		.cpu cortex-m0
   2              		.fpu softvfp
   3              		.eabi_attribute 20, 1
   4              		.eabi_attribute 21, 1
   5              		.eabi_attribute 23, 3
   6              		.eabi_attribute 24, 1
   7              		.eabi_attribute 25, 1
   8              		.eabi_attribute 26, 1
   9              		.eabi_attribute 30, 4
  10              		.eabi_attribute 34, 0
  11              		.eabi_attribute 18, 4
  12              		.code	16
  13              		.file	"ext_lld.c"
  14              		.text
  15              	.Ltext0:
  16              		.cfi_sections	.debug_frame
  17              	.Letext0:
  18              		.file 1 "/media/data/src/x-tools/gcc-arm-none-eabi-4_7-2013q1/bin/../lib/gcc/arm-none-eabi/4.7.3/.
  19              		.file 2 "./os/nil/include/nil.h"
  20              		.file 3 "./os/nil/ports/ARMCMx/compilers/GCC/niltypes.h"
  21              		.file 4 "./os/nil/ports/ARMCMx/nilcore.h"
  22              		.file 5 "./os/nil/ports/ARMCMx/nilcore_v6m.h"
  23              		.section	.debug_info,"",%progbits
  24              	.Ldebug_info0:
  25 0000 D0020000 		.4byte	0x2d0
  26 0004 0200     		.2byte	0x2
  27 0006 00000000 		.4byte	.Ldebug_abbrev0
  28 000a 04       		.byte	0x4
  29 000b 01       		.uleb128 0x1
  30 000c 5F010000 		.4byte	.LASF38
  31 0010 01       		.byte	0x1
  32 0011 B8010000 		.4byte	.LASF39
  33 0015 2E000000 		.4byte	.LASF40
  34 0019 00000000 		.4byte	.Ldebug_line0
  35 001d 02       		.uleb128 0x2
  36 001e 04       		.byte	0x4
  37 001f 05       		.byte	0x5
  38 0020 696E7400 		.ascii	"int\000"
  39 0024 03       		.uleb128 0x3
  40 0025 04       		.byte	0x4
  41 0026 07       		.byte	0x7
  42 0027 E9000000 		.4byte	.LASF0
  43 002b 03       		.uleb128 0x3
  44 002c 01       		.byte	0x1
  45 002d 06       		.byte	0x6
  46 002e D7010000 		.4byte	.LASF1
  47 0032 04       		.uleb128 0x4
  48 0033 59000000 		.4byte	.LASF4
  49 0037 01       		.byte	0x1
  50 0038 2A       		.byte	0x2a
  51 0039 3D000000 		.4byte	0x3d
  52 003d 03       		.uleb128 0x3
  53 003e 01       		.byte	0x1
  54 003f 08       		.byte	0x8
  55 0040 8C000000 		.4byte	.LASF2
  56 0044 03       		.uleb128 0x3
  57 0045 02       		.byte	0x2
ARM GAS  /tmp/cc2Ef2Lc.s 			page 2


  58 0046 05       		.byte	0x5
  59 0047 D7000000 		.4byte	.LASF3
  60 004b 04       		.uleb128 0x4
  61 004c 4A010000 		.4byte	.LASF5
  62 0050 01       		.byte	0x1
  63 0051 36       		.byte	0x36
  64 0052 56000000 		.4byte	0x56
  65 0056 03       		.uleb128 0x3
  66 0057 02       		.byte	0x2
  67 0058 07       		.byte	0x7
  68 0059 B3000000 		.4byte	.LASF6
  69 005d 04       		.uleb128 0x4
  70 005e 23010000 		.4byte	.LASF7
  71 0062 01       		.byte	0x1
  72 0063 4F       		.byte	0x4f
  73 0064 68000000 		.4byte	0x68
  74 0068 03       		.uleb128 0x3
  75 0069 04       		.byte	0x4
  76 006a 05       		.byte	0x5
  77 006b 4B000000 		.4byte	.LASF8
  78 006f 04       		.uleb128 0x4
  79 0070 A8010000 		.4byte	.LASF9
  80 0074 01       		.byte	0x1
  81 0075 50       		.byte	0x50
  82 0076 7A000000 		.4byte	0x7a
  83 007a 03       		.uleb128 0x3
  84 007b 04       		.byte	0x4
  85 007c 07       		.byte	0x7
  86 007d A1000000 		.4byte	.LASF10
  87 0081 03       		.uleb128 0x3
  88 0082 08       		.byte	0x8
  89 0083 05       		.byte	0x5
  90 0084 00000000 		.4byte	.LASF11
  91 0088 03       		.uleb128 0x3
  92 0089 08       		.byte	0x8
  93 008a 07       		.byte	0x7
  94 008b FC000000 		.4byte	.LASF12
  95 008f 05       		.uleb128 0x5
  96 0090 0E000000 		.4byte	.LASF24
  97 0094 14       		.byte	0x14
  98 0095 02       		.byte	0x2
  99 0096 1E01     		.2byte	0x11e
 100 0098 E7000000 		.4byte	0xe7
 101 009c 06       		.uleb128 0x6
 102 009d 87000000 		.4byte	.LASF13
 103 00a1 02       		.byte	0x2
 104 00a2 1F01     		.2byte	0x11f
 105 00a4 51020000 		.4byte	0x251
 106 00a8 02       		.byte	0x2
 107 00a9 23       		.byte	0x23
 108 00aa 00       		.uleb128 0
 109 00ab 06       		.uleb128 0x6
 110 00ac 61000000 		.4byte	.LASF14
 111 00b0 02       		.byte	0x2
 112 00b1 2001     		.2byte	0x120
 113 00b3 E7000000 		.4byte	0xe7
 114 00b7 02       		.byte	0x2
ARM GAS  /tmp/cc2Ef2Lc.s 			page 3


 115 00b8 23       		.byte	0x23
 116 00b9 04       		.uleb128 0x4
 117 00ba 07       		.uleb128 0x7
 118 00bb 753100   		.ascii	"u1\000"
 119 00be 02       		.byte	0x2
 120 00bf 2B01     		.2byte	0x12b
 121 00c1 01020000 		.4byte	0x201
 122 00c5 02       		.byte	0x2
 123 00c6 23       		.byte	0x23
 124 00c7 08       		.uleb128 0x8
 125 00c8 06       		.uleb128 0x6
 126 00c9 C6000000 		.4byte	.LASF15
 127 00cd 02       		.byte	0x2
 128 00ce 2C01     		.2byte	0x12c
 129 00d0 57020000 		.4byte	0x257
 130 00d4 02       		.byte	0x2
 131 00d5 23       		.byte	0x23
 132 00d6 0C       		.uleb128 0xc
 133 00d7 06       		.uleb128 0x6
 134 00d8 B1010000 		.4byte	.LASF16
 135 00dc 02       		.byte	0x2
 136 00dd 2F01     		.2byte	0x12f
 137 00df FD000000 		.4byte	0xfd
 138 00e3 02       		.byte	0x2
 139 00e4 23       		.byte	0x23
 140 00e5 10       		.uleb128 0x10
 141 00e6 00       		.byte	0
 142 00e7 04       		.uleb128 0x4
 143 00e8 34010000 		.4byte	.LASF17
 144 00ec 03       		.byte	0x3
 145 00ed 37       		.byte	0x37
 146 00ee 32000000 		.4byte	0x32
 147 00f2 04       		.uleb128 0x4
 148 00f3 F6000000 		.4byte	.LASF18
 149 00f7 03       		.byte	0x3
 150 00f8 38       		.byte	0x38
 151 00f9 5D000000 		.4byte	0x5d
 152 00fd 04       		.uleb128 0x4
 153 00fe F0010000 		.4byte	.LASF19
 154 0102 03       		.byte	0x3
 155 0103 39       		.byte	0x39
 156 0104 6F000000 		.4byte	0x6f
 157 0108 04       		.uleb128 0x4
 158 0109 1D010000 		.4byte	.LASF20
 159 010d 03       		.byte	0x3
 160 010e 3A       		.byte	0x3a
 161 010f 5D000000 		.4byte	0x5d
 162 0113 03       		.uleb128 0x3
 163 0114 04       		.byte	0x4
 164 0115 07       		.byte	0x7
 165 0116 2B010000 		.4byte	.LASF21
 166 011a 04       		.uleb128 0x4
 167 011b 13010000 		.4byte	.LASF22
 168 011f 04       		.byte	0x4
 169 0120 77       		.byte	0x77
 170 0121 4B000000 		.4byte	0x4b
 171 0125 04       		.uleb128 0x4
ARM GAS  /tmp/cc2Ef2Lc.s 			page 4


 172 0126 25000000 		.4byte	.LASF23
 173 012a 04       		.byte	0x4
 174 012b 7D       		.byte	0x7d
 175 012c 30010000 		.4byte	0x130
 176 0130 08       		.uleb128 0x8
 177 0131 04       		.byte	0x4
 178 0132 09       		.uleb128 0x9
 179 0133 19000000 		.4byte	.LASF25
 180 0137 24       		.byte	0x24
 181 0138 05       		.byte	0x5
 182 0139 A4       		.byte	0xa4
 183 013a B6010000 		.4byte	0x1b6
 184 013e 0A       		.uleb128 0xa
 185 013f 723800   		.ascii	"r8\000"
 186 0142 05       		.byte	0x5
 187 0143 A5       		.byte	0xa5
 188 0144 25010000 		.4byte	0x125
 189 0148 02       		.byte	0x2
 190 0149 23       		.byte	0x23
 191 014a 00       		.uleb128 0
 192 014b 0A       		.uleb128 0xa
 193 014c 723900   		.ascii	"r9\000"
 194 014f 05       		.byte	0x5
 195 0150 A6       		.byte	0xa6
 196 0151 25010000 		.4byte	0x125
 197 0155 02       		.byte	0x2
 198 0156 23       		.byte	0x23
 199 0157 04       		.uleb128 0x4
 200 0158 0A       		.uleb128 0xa
 201 0159 72313000 		.ascii	"r10\000"
 202 015d 05       		.byte	0x5
 203 015e A7       		.byte	0xa7
 204 015f 25010000 		.4byte	0x125
 205 0163 02       		.byte	0x2
 206 0164 23       		.byte	0x23
 207 0165 08       		.uleb128 0x8
 208 0166 0A       		.uleb128 0xa
 209 0167 72313100 		.ascii	"r11\000"
 210 016b 05       		.byte	0x5
 211 016c A8       		.byte	0xa8
 212 016d 25010000 		.4byte	0x125
 213 0171 02       		.byte	0x2
 214 0172 23       		.byte	0x23
 215 0173 0C       		.uleb128 0xc
 216 0174 0A       		.uleb128 0xa
 217 0175 723400   		.ascii	"r4\000"
 218 0178 05       		.byte	0x5
 219 0179 A9       		.byte	0xa9
 220 017a 25010000 		.4byte	0x125
 221 017e 02       		.byte	0x2
 222 017f 23       		.byte	0x23
 223 0180 10       		.uleb128 0x10
 224 0181 0A       		.uleb128 0xa
 225 0182 723500   		.ascii	"r5\000"
 226 0185 05       		.byte	0x5
 227 0186 AA       		.byte	0xaa
 228 0187 25010000 		.4byte	0x125
ARM GAS  /tmp/cc2Ef2Lc.s 			page 5


 229 018b 02       		.byte	0x2
 230 018c 23       		.byte	0x23
 231 018d 14       		.uleb128 0x14
 232 018e 0A       		.uleb128 0xa
 233 018f 723600   		.ascii	"r6\000"
 234 0192 05       		.byte	0x5
 235 0193 AB       		.byte	0xab
 236 0194 25010000 		.4byte	0x125
 237 0198 02       		.byte	0x2
 238 0199 23       		.byte	0x23
 239 019a 18       		.uleb128 0x18
 240 019b 0A       		.uleb128 0xa
 241 019c 723700   		.ascii	"r7\000"
 242 019f 05       		.byte	0x5
 243 01a0 AC       		.byte	0xac
 244 01a1 25010000 		.4byte	0x125
 245 01a5 02       		.byte	0x2
 246 01a6 23       		.byte	0x23
 247 01a7 1C       		.uleb128 0x1c
 248 01a8 0A       		.uleb128 0xa
 249 01a9 6C7200   		.ascii	"lr\000"
 250 01ac 05       		.byte	0x5
 251 01ad AD       		.byte	0xad
 252 01ae 25010000 		.4byte	0x125
 253 01b2 02       		.byte	0x2
 254 01b3 23       		.byte	0x23
 255 01b4 20       		.uleb128 0x20
 256 01b5 00       		.byte	0
 257 01b6 04       		.uleb128 0x4
 258 01b7 CE000000 		.4byte	.LASF26
 259 01bb 02       		.byte	0x2
 260 01bc F3       		.byte	0xf3
 261 01bd 32010000 		.4byte	0x132
 262 01c1 0B       		.uleb128 0xb
 263 01c2 04       		.byte	0x4
 264 01c3 02       		.byte	0x2
 265 01c4 F8       		.byte	0xf8
 266 01c5 D8010000 		.4byte	0x1d8
 267 01c9 0A       		.uleb128 0xa
 268 01ca 636E7400 		.ascii	"cnt\000"
 269 01ce 02       		.byte	0x2
 270 01cf F9       		.byte	0xf9
 271 01d0 D8010000 		.4byte	0x1d8
 272 01d4 02       		.byte	0x2
 273 01d5 23       		.byte	0x23
 274 01d6 00       		.uleb128 0
 275 01d7 00       		.byte	0
 276 01d8 0C       		.uleb128 0xc
 277 01d9 08010000 		.4byte	0x108
 278 01dd 04       		.uleb128 0x4
 279 01de 53010000 		.4byte	.LASF27
 280 01e2 02       		.byte	0x2
 281 01e3 FA       		.byte	0xfa
 282 01e4 C1010000 		.4byte	0x1c1
 283 01e8 03       		.uleb128 0x3
 284 01e9 01       		.byte	0x1
 285 01ea 08       		.byte	0x8
ARM GAS  /tmp/cc2Ef2Lc.s 			page 6


 286 01eb 3D010000 		.4byte	.LASF28
 287 01ef 0D       		.uleb128 0xd
 288 01f0 67000000 		.4byte	.LASF29
 289 01f4 02       		.byte	0x2
 290 01f5 1901     		.2byte	0x119
 291 01f7 FB010000 		.4byte	0x1fb
 292 01fb 0E       		.uleb128 0xe
 293 01fc 04       		.byte	0x4
 294 01fd 8F000000 		.4byte	0x8f
 295 0201 0F       		.uleb128 0xf
 296 0202 04       		.byte	0x4
 297 0203 02       		.byte	0x2
 298 0204 2301     		.2byte	0x123
 299 0206 45020000 		.4byte	0x245
 300 020a 10       		.uleb128 0x10
 301 020b 6D736700 		.ascii	"msg\000"
 302 020f 02       		.byte	0x2
 303 0210 2401     		.2byte	0x124
 304 0212 F2000000 		.4byte	0xf2
 305 0216 10       		.uleb128 0x10
 306 0217 7000     		.ascii	"p\000"
 307 0219 02       		.byte	0x2
 308 021a 2501     		.2byte	0x125
 309 021c 30010000 		.4byte	0x130
 310 0220 10       		.uleb128 0x10
 311 0221 74727000 		.ascii	"trp\000"
 312 0225 02       		.byte	0x2
 313 0226 2601     		.2byte	0x126
 314 0228 45020000 		.4byte	0x245
 315 022c 11       		.uleb128 0x11
 316 022d 54000000 		.4byte	.LASF30
 317 0231 02       		.byte	0x2
 318 0232 2701     		.2byte	0x127
 319 0234 4B020000 		.4byte	0x24b
 320 0238 11       		.uleb128 0x11
 321 0239 9A000000 		.4byte	.LASF31
 322 023d 02       		.byte	0x2
 323 023e 2901     		.2byte	0x129
 324 0240 FD000000 		.4byte	0xfd
 325 0244 00       		.byte	0
 326 0245 0E       		.uleb128 0xe
 327 0246 04       		.byte	0x4
 328 0247 EF010000 		.4byte	0x1ef
 329 024b 0E       		.uleb128 0xe
 330 024c 04       		.byte	0x4
 331 024d DD010000 		.4byte	0x1dd
 332 0251 0E       		.uleb128 0xe
 333 0252 04       		.byte	0x4
 334 0253 B6010000 		.4byte	0x1b6
 335 0257 0C       		.uleb128 0xc
 336 0258 1A010000 		.4byte	0x11a
 337 025c 12       		.uleb128 0x12
 338 025d 98       		.byte	0x98
 339 025e 02       		.byte	0x2
 340 025f 3D01     		.2byte	0x13d
 341 0261 A2020000 		.4byte	0x2a2
 342 0265 06       		.uleb128 0x6
ARM GAS  /tmp/cc2Ef2Lc.s 			page 7


 343 0266 E1000000 		.4byte	.LASF32
 344 026a 02       		.byte	0x2
 345 026b 4101     		.2byte	0x141
 346 026d FB010000 		.4byte	0x1fb
 347 0271 02       		.byte	0x2
 348 0272 23       		.byte	0x23
 349 0273 00       		.uleb128 0
 350 0274 06       		.uleb128 0x6
 351 0275 EB010000 		.4byte	.LASF33
 352 0279 02       		.byte	0x2
 353 027a 4701     		.2byte	0x147
 354 027c FB010000 		.4byte	0x1fb
 355 0280 02       		.byte	0x2
 356 0281 23       		.byte	0x23
 357 0282 04       		.uleb128 0x4
 358 0283 06       		.uleb128 0x6
 359 0284 E3010000 		.4byte	.LASF34
 360 0288 02       		.byte	0x2
 361 0289 4C01     		.2byte	0x14c
 362 028b 1A010000 		.4byte	0x11a
 363 028f 02       		.byte	0x2
 364 0290 23       		.byte	0x23
 365 0291 08       		.uleb128 0x8
 366 0292 06       		.uleb128 0x6
 367 0293 42010000 		.4byte	.LASF35
 368 0297 02       		.byte	0x2
 369 0298 5B01     		.2byte	0x15b
 370 029a A2020000 		.4byte	0x2a2
 371 029e 02       		.byte	0x2
 372 029f 23       		.byte	0x23
 373 02a0 0C       		.uleb128 0xc
 374 02a1 00       		.byte	0
 375 02a2 13       		.uleb128 0x13
 376 02a3 8F000000 		.4byte	0x8f
 377 02a7 B2020000 		.4byte	0x2b2
 378 02ab 14       		.uleb128 0x14
 379 02ac 13010000 		.4byte	0x113
 380 02b0 06       		.byte	0x6
 381 02b1 00       		.byte	0
 382 02b2 0D       		.uleb128 0xd
 383 02b3 7A000000 		.4byte	.LASF36
 384 02b7 02       		.byte	0x2
 385 02b8 6401     		.2byte	0x164
 386 02ba 5C020000 		.4byte	0x25c
 387 02be 03       		.uleb128 0x3
 388 02bf 01       		.byte	0x1
 389 02c0 02       		.byte	0x2
 390 02c1 FC010000 		.4byte	.LASF37
 391 02c5 15       		.uleb128 0x15
 392 02c6 6E696C00 		.ascii	"nil\000"
 393 02ca 02       		.byte	0x2
 394 02cb F602     		.2byte	0x2f6
 395 02cd B2020000 		.4byte	0x2b2
 396 02d1 01       		.byte	0x1
 397 02d2 01       		.byte	0x1
 398 02d3 00       		.byte	0
 399              		.section	.debug_abbrev,"",%progbits
ARM GAS  /tmp/cc2Ef2Lc.s 			page 8


 400              	.Ldebug_abbrev0:
 401 0000 01       		.uleb128 0x1
 402 0001 11       		.uleb128 0x11
 403 0002 01       		.byte	0x1
 404 0003 25       		.uleb128 0x25
 405 0004 0E       		.uleb128 0xe
 406 0005 13       		.uleb128 0x13
 407 0006 0B       		.uleb128 0xb
 408 0007 03       		.uleb128 0x3
 409 0008 0E       		.uleb128 0xe
 410 0009 1B       		.uleb128 0x1b
 411 000a 0E       		.uleb128 0xe
 412 000b 10       		.uleb128 0x10
 413 000c 06       		.uleb128 0x6
 414 000d 00       		.byte	0
 415 000e 00       		.byte	0
 416 000f 02       		.uleb128 0x2
 417 0010 24       		.uleb128 0x24
 418 0011 00       		.byte	0
 419 0012 0B       		.uleb128 0xb
 420 0013 0B       		.uleb128 0xb
 421 0014 3E       		.uleb128 0x3e
 422 0015 0B       		.uleb128 0xb
 423 0016 03       		.uleb128 0x3
 424 0017 08       		.uleb128 0x8
 425 0018 00       		.byte	0
 426 0019 00       		.byte	0
 427 001a 03       		.uleb128 0x3
 428 001b 24       		.uleb128 0x24
 429 001c 00       		.byte	0
 430 001d 0B       		.uleb128 0xb
 431 001e 0B       		.uleb128 0xb
 432 001f 3E       		.uleb128 0x3e
 433 0020 0B       		.uleb128 0xb
 434 0021 03       		.uleb128 0x3
 435 0022 0E       		.uleb128 0xe
 436 0023 00       		.byte	0
 437 0024 00       		.byte	0
 438 0025 04       		.uleb128 0x4
 439 0026 16       		.uleb128 0x16
 440 0027 00       		.byte	0
 441 0028 03       		.uleb128 0x3
 442 0029 0E       		.uleb128 0xe
 443 002a 3A       		.uleb128 0x3a
 444 002b 0B       		.uleb128 0xb
 445 002c 3B       		.uleb128 0x3b
 446 002d 0B       		.uleb128 0xb
 447 002e 49       		.uleb128 0x49
 448 002f 13       		.uleb128 0x13
 449 0030 00       		.byte	0
 450 0031 00       		.byte	0
 451 0032 05       		.uleb128 0x5
 452 0033 13       		.uleb128 0x13
 453 0034 01       		.byte	0x1
 454 0035 03       		.uleb128 0x3
 455 0036 0E       		.uleb128 0xe
 456 0037 0B       		.uleb128 0xb
ARM GAS  /tmp/cc2Ef2Lc.s 			page 9


 457 0038 0B       		.uleb128 0xb
 458 0039 3A       		.uleb128 0x3a
 459 003a 0B       		.uleb128 0xb
 460 003b 3B       		.uleb128 0x3b
 461 003c 05       		.uleb128 0x5
 462 003d 01       		.uleb128 0x1
 463 003e 13       		.uleb128 0x13
 464 003f 00       		.byte	0
 465 0040 00       		.byte	0
 466 0041 06       		.uleb128 0x6
 467 0042 0D       		.uleb128 0xd
 468 0043 00       		.byte	0
 469 0044 03       		.uleb128 0x3
 470 0045 0E       		.uleb128 0xe
 471 0046 3A       		.uleb128 0x3a
 472 0047 0B       		.uleb128 0xb
 473 0048 3B       		.uleb128 0x3b
 474 0049 05       		.uleb128 0x5
 475 004a 49       		.uleb128 0x49
 476 004b 13       		.uleb128 0x13
 477 004c 38       		.uleb128 0x38
 478 004d 0A       		.uleb128 0xa
 479 004e 00       		.byte	0
 480 004f 00       		.byte	0
 481 0050 07       		.uleb128 0x7
 482 0051 0D       		.uleb128 0xd
 483 0052 00       		.byte	0
 484 0053 03       		.uleb128 0x3
 485 0054 08       		.uleb128 0x8
 486 0055 3A       		.uleb128 0x3a
 487 0056 0B       		.uleb128 0xb
 488 0057 3B       		.uleb128 0x3b
 489 0058 05       		.uleb128 0x5
 490 0059 49       		.uleb128 0x49
 491 005a 13       		.uleb128 0x13
 492 005b 38       		.uleb128 0x38
 493 005c 0A       		.uleb128 0xa
 494 005d 00       		.byte	0
 495 005e 00       		.byte	0
 496 005f 08       		.uleb128 0x8
 497 0060 0F       		.uleb128 0xf
 498 0061 00       		.byte	0
 499 0062 0B       		.uleb128 0xb
 500 0063 0B       		.uleb128 0xb
 501 0064 00       		.byte	0
 502 0065 00       		.byte	0
 503 0066 09       		.uleb128 0x9
 504 0067 13       		.uleb128 0x13
 505 0068 01       		.byte	0x1
 506 0069 03       		.uleb128 0x3
 507 006a 0E       		.uleb128 0xe
 508 006b 0B       		.uleb128 0xb
 509 006c 0B       		.uleb128 0xb
 510 006d 3A       		.uleb128 0x3a
 511 006e 0B       		.uleb128 0xb
 512 006f 3B       		.uleb128 0x3b
 513 0070 0B       		.uleb128 0xb
ARM GAS  /tmp/cc2Ef2Lc.s 			page 10


 514 0071 01       		.uleb128 0x1
 515 0072 13       		.uleb128 0x13
 516 0073 00       		.byte	0
 517 0074 00       		.byte	0
 518 0075 0A       		.uleb128 0xa
 519 0076 0D       		.uleb128 0xd
 520 0077 00       		.byte	0
 521 0078 03       		.uleb128 0x3
 522 0079 08       		.uleb128 0x8
 523 007a 3A       		.uleb128 0x3a
 524 007b 0B       		.uleb128 0xb
 525 007c 3B       		.uleb128 0x3b
 526 007d 0B       		.uleb128 0xb
 527 007e 49       		.uleb128 0x49
 528 007f 13       		.uleb128 0x13
 529 0080 38       		.uleb128 0x38
 530 0081 0A       		.uleb128 0xa
 531 0082 00       		.byte	0
 532 0083 00       		.byte	0
 533 0084 0B       		.uleb128 0xb
 534 0085 13       		.uleb128 0x13
 535 0086 01       		.byte	0x1
 536 0087 0B       		.uleb128 0xb
 537 0088 0B       		.uleb128 0xb
 538 0089 3A       		.uleb128 0x3a
 539 008a 0B       		.uleb128 0xb
 540 008b 3B       		.uleb128 0x3b
 541 008c 0B       		.uleb128 0xb
 542 008d 01       		.uleb128 0x1
 543 008e 13       		.uleb128 0x13
 544 008f 00       		.byte	0
 545 0090 00       		.byte	0
 546 0091 0C       		.uleb128 0xc
 547 0092 35       		.uleb128 0x35
 548 0093 00       		.byte	0
 549 0094 49       		.uleb128 0x49
 550 0095 13       		.uleb128 0x13
 551 0096 00       		.byte	0
 552 0097 00       		.byte	0
 553 0098 0D       		.uleb128 0xd
 554 0099 16       		.uleb128 0x16
 555 009a 00       		.byte	0
 556 009b 03       		.uleb128 0x3
 557 009c 0E       		.uleb128 0xe
 558 009d 3A       		.uleb128 0x3a
 559 009e 0B       		.uleb128 0xb
 560 009f 3B       		.uleb128 0x3b
 561 00a0 05       		.uleb128 0x5
 562 00a1 49       		.uleb128 0x49
 563 00a2 13       		.uleb128 0x13
 564 00a3 00       		.byte	0
 565 00a4 00       		.byte	0
 566 00a5 0E       		.uleb128 0xe
 567 00a6 0F       		.uleb128 0xf
 568 00a7 00       		.byte	0
 569 00a8 0B       		.uleb128 0xb
 570 00a9 0B       		.uleb128 0xb
ARM GAS  /tmp/cc2Ef2Lc.s 			page 11


 571 00aa 49       		.uleb128 0x49
 572 00ab 13       		.uleb128 0x13
 573 00ac 00       		.byte	0
 574 00ad 00       		.byte	0
 575 00ae 0F       		.uleb128 0xf
 576 00af 17       		.uleb128 0x17
 577 00b0 01       		.byte	0x1
 578 00b1 0B       		.uleb128 0xb
 579 00b2 0B       		.uleb128 0xb
 580 00b3 3A       		.uleb128 0x3a
 581 00b4 0B       		.uleb128 0xb
 582 00b5 3B       		.uleb128 0x3b
 583 00b6 05       		.uleb128 0x5
 584 00b7 01       		.uleb128 0x1
 585 00b8 13       		.uleb128 0x13
 586 00b9 00       		.byte	0
 587 00ba 00       		.byte	0
 588 00bb 10       		.uleb128 0x10
 589 00bc 0D       		.uleb128 0xd
 590 00bd 00       		.byte	0
 591 00be 03       		.uleb128 0x3
 592 00bf 08       		.uleb128 0x8
 593 00c0 3A       		.uleb128 0x3a
 594 00c1 0B       		.uleb128 0xb
 595 00c2 3B       		.uleb128 0x3b
 596 00c3 05       		.uleb128 0x5
 597 00c4 49       		.uleb128 0x49
 598 00c5 13       		.uleb128 0x13
 599 00c6 00       		.byte	0
 600 00c7 00       		.byte	0
 601 00c8 11       		.uleb128 0x11
 602 00c9 0D       		.uleb128 0xd
 603 00ca 00       		.byte	0
 604 00cb 03       		.uleb128 0x3
 605 00cc 0E       		.uleb128 0xe
 606 00cd 3A       		.uleb128 0x3a
 607 00ce 0B       		.uleb128 0xb
 608 00cf 3B       		.uleb128 0x3b
 609 00d0 05       		.uleb128 0x5
 610 00d1 49       		.uleb128 0x49
 611 00d2 13       		.uleb128 0x13
 612 00d3 00       		.byte	0
 613 00d4 00       		.byte	0
 614 00d5 12       		.uleb128 0x12
 615 00d6 13       		.uleb128 0x13
 616 00d7 01       		.byte	0x1
 617 00d8 0B       		.uleb128 0xb
 618 00d9 0B       		.uleb128 0xb
 619 00da 3A       		.uleb128 0x3a
 620 00db 0B       		.uleb128 0xb
 621 00dc 3B       		.uleb128 0x3b
 622 00dd 05       		.uleb128 0x5
 623 00de 01       		.uleb128 0x1
 624 00df 13       		.uleb128 0x13
 625 00e0 00       		.byte	0
 626 00e1 00       		.byte	0
 627 00e2 13       		.uleb128 0x13
ARM GAS  /tmp/cc2Ef2Lc.s 			page 12


 628 00e3 01       		.uleb128 0x1
 629 00e4 01       		.byte	0x1
 630 00e5 49       		.uleb128 0x49
 631 00e6 13       		.uleb128 0x13
 632 00e7 01       		.uleb128 0x1
 633 00e8 13       		.uleb128 0x13
 634 00e9 00       		.byte	0
 635 00ea 00       		.byte	0
 636 00eb 14       		.uleb128 0x14
 637 00ec 21       		.uleb128 0x21
 638 00ed 00       		.byte	0
 639 00ee 49       		.uleb128 0x49
 640 00ef 13       		.uleb128 0x13
 641 00f0 2F       		.uleb128 0x2f
 642 00f1 0B       		.uleb128 0xb
 643 00f2 00       		.byte	0
 644 00f3 00       		.byte	0
 645 00f4 15       		.uleb128 0x15
 646 00f5 34       		.uleb128 0x34
 647 00f6 00       		.byte	0
 648 00f7 03       		.uleb128 0x3
 649 00f8 08       		.uleb128 0x8
 650 00f9 3A       		.uleb128 0x3a
 651 00fa 0B       		.uleb128 0xb
 652 00fb 3B       		.uleb128 0x3b
 653 00fc 05       		.uleb128 0x5
 654 00fd 49       		.uleb128 0x49
 655 00fe 13       		.uleb128 0x13
 656 00ff 3F       		.uleb128 0x3f
 657 0100 0C       		.uleb128 0xc
 658 0101 3C       		.uleb128 0x3c
 659 0102 0C       		.uleb128 0xc
 660 0103 00       		.byte	0
 661 0104 00       		.byte	0
 662 0105 00       		.byte	0
 663              		.section	.debug_aranges,"",%progbits
 664 0000 14000000 		.4byte	0x14
 665 0004 0200     		.2byte	0x2
 666 0006 00000000 		.4byte	.Ldebug_info0
 667 000a 04       		.byte	0x4
 668 000b 00       		.byte	0
 669 000c 0000     		.2byte	0
 670 000e 0000     		.2byte	0
 671 0010 00000000 		.4byte	0
 672 0014 00000000 		.4byte	0
 673              		.section	.debug_line,"",%progbits
 674              	.Ldebug_line0:
 675 0000 1F010000 		.section	.debug_str,"MS",%progbits,1
 675      02001901 
 675      00000201 
 675      FB0E0D00 
 675      01010101 
 676              	.LASF11:
 677 0000 6C6F6E67 		.ascii	"long long int\000"
 677      206C6F6E 
 677      6720696E 
 677      7400
ARM GAS  /tmp/cc2Ef2Lc.s 			page 13


 678              	.LASF24:
 679 000e 6E696C5F 		.ascii	"nil_thread\000"
 679      74687265 
 679      616400
 680              	.LASF25:
 681 0019 706F7274 		.ascii	"port_intctx\000"
 681      5F696E74 
 681      63747800 
 682              	.LASF23:
 683 0025 72656761 		.ascii	"regarm_t\000"
 683      726D5F74 
 683      00
 684              	.LASF40:
 685 002e 2F6D6564 		.ascii	"/media/data/src/OpenTCS/code\000"
 685      69612F64 
 685      6174612F 
 685      7372632F 
 685      4F70656E 
 686              	.LASF8:
 687 004b 6C6F6E67 		.ascii	"long int\000"
 687      20696E74 
 687      00
 688              	.LASF30:
 689 0054 73656D70 		.ascii	"semp\000"
 689      00
 690              	.LASF4:
 691 0059 75696E74 		.ascii	"uint8_t\000"
 691      385F7400 
 692              	.LASF14:
 693 0061 73746174 		.ascii	"state\000"
 693      6500
 694              	.LASF29:
 695 0067 74687265 		.ascii	"thread_reference_t\000"
 695      61645F72 
 695      65666572 
 695      656E6365 
 695      5F7400
 696              	.LASF36:
 697 007a 6E696C5F 		.ascii	"nil_system_t\000"
 697      73797374 
 697      656D5F74 
 697      00
 698              	.LASF13:
 699 0087 63747870 		.ascii	"ctxp\000"
 699      00
 700              	.LASF2:
 701 008c 756E7369 		.ascii	"unsigned char\000"
 701      676E6564 
 701      20636861 
 701      7200
 702              	.LASF31:
 703 009a 65776D61 		.ascii	"ewmask\000"
 703      736B00
 704              	.LASF10:
 705 00a1 6C6F6E67 		.ascii	"long unsigned int\000"
 705      20756E73 
 705      69676E65 
ARM GAS  /tmp/cc2Ef2Lc.s 			page 14


 705      6420696E 
 705      7400
 706              	.LASF6:
 707 00b3 73686F72 		.ascii	"short unsigned int\000"
 707      7420756E 
 707      7369676E 
 707      65642069 
 707      6E7400
 708              	.LASF15:
 709 00c6 74696D65 		.ascii	"timeout\000"
 709      6F757400 
 710              	.LASF26:
 711 00ce 696E7463 		.ascii	"intctx_t\000"
 711      74785F74 
 711      00
 712              	.LASF3:
 713 00d7 73686F72 		.ascii	"short int\000"
 713      7420696E 
 713      7400
 714              	.LASF32:
 715 00e1 63757272 		.ascii	"current\000"
 715      656E7400 
 716              	.LASF0:
 717 00e9 756E7369 		.ascii	"unsigned int\000"
 717      676E6564 
 717      20696E74 
 717      00
 718              	.LASF18:
 719 00f6 6D73675F 		.ascii	"msg_t\000"
 719      7400
 720              	.LASF12:
 721 00fc 6C6F6E67 		.ascii	"long long unsigned int\000"
 721      206C6F6E 
 721      6720756E 
 721      7369676E 
 721      65642069 
 722              	.LASF22:
 723 0113 73797374 		.ascii	"systime_t\000"
 723      696D655F 
 723      7400
 724              	.LASF20:
 725 011d 636E745F 		.ascii	"cnt_t\000"
 725      7400
 726              	.LASF7:
 727 0123 696E7433 		.ascii	"int32_t\000"
 727      325F7400 
 728              	.LASF21:
 729 012b 73697A65 		.ascii	"sizetype\000"
 729      74797065 
 729      00
 730              	.LASF17:
 731 0134 74737461 		.ascii	"tstate_t\000"
 731      74655F74 
 731      00
 732              	.LASF28:
 733 013d 63686172 		.ascii	"char\000"
 733      00
ARM GAS  /tmp/cc2Ef2Lc.s 			page 15


 734              	.LASF35:
 735 0142 74687265 		.ascii	"threads\000"
 735      61647300 
 736              	.LASF5:
 737 014a 75696E74 		.ascii	"uint16_t\000"
 737      31365F74 
 737      00
 738              	.LASF27:
 739 0153 73656D61 		.ascii	"semaphore_t\000"
 739      70686F72 
 739      655F7400 
 740              	.LASF38:
 741 015f 474E5520 		.ascii	"GNU C 4.7.3 20130312 (release) [ARM/embedded-4_7-br"
 741      4320342E 
 741      372E3320 
 741      32303133 
 741      30333132 
 742 0192 616E6368 		.ascii	"anch revision 196615]\000"
 742      20726576 
 742      6973696F 
 742      6E203139 
 742      36363135 
 743              	.LASF9:
 744 01a8 75696E74 		.ascii	"uint32_t\000"
 744      33325F74 
 744      00
 745              	.LASF16:
 746 01b1 65706D61 		.ascii	"epmask\000"
 746      736B00
 747              	.LASF39:
 748 01b8 2E2F6F73 		.ascii	"./os/hal/ports/STM32/ext_lld.c\000"
 748      2F68616C 
 748      2F706F72 
 748      74732F53 
 748      544D3332 
 749              	.LASF1:
 750 01d7 7369676E 		.ascii	"signed char\000"
 750      65642063 
 750      68617200 
 751              	.LASF34:
 752 01e3 73797374 		.ascii	"systime\000"
 752      696D6500 
 753              	.LASF33:
 754 01eb 6E657874 		.ascii	"next\000"
 754      00
 755              	.LASF19:
 756 01f0 6576656E 		.ascii	"eventmask_t\000"
 756      746D6173 
 756      6B5F7400 
 757              	.LASF37:
 758 01fc 5F426F6F 		.ascii	"_Bool\000"
 758      6C00
 759              		.ident	"GCC: (GNU Tools for ARM Embedded Processors) 4.7.3 20130312 (release) [ARM/embedded-4_7-br
ARM GAS  /tmp/cc2Ef2Lc.s 			page 16


DEFINED SYMBOLS
                            *ABS*:00000000 ext_lld.c

NO UNDEFINED SYMBOLS
