ARM GAS  /tmp/ccRfQBYe.s 			page 1


   1              		.cpu cortex-m0
   2              		.fpu softvfp
   3              		.eabi_attribute 20, 1
   4              		.eabi_attribute 21, 1
   5              		.eabi_attribute 23, 3
   6              		.eabi_attribute 24, 1
   7              		.eabi_attribute 25, 1
   8              		.eabi_attribute 26, 1
   9              		.eabi_attribute 30, 4
  10              		.eabi_attribute 34, 0
  11              		.eabi_attribute 18, 4
  12              		.code	16
  13              		.file	"hal_lld.c"
  14              		.text
  15              	.Ltext0:
  16              		.cfi_sections	.debug_frame
  17              		.section	.text.hal_lld_init,"ax",%progbits
  18              		.align	1
  19              		.global	hal_lld_init
  20              		.code	16
  21              		.thumb_func
  22              		.type	hal_lld_init, %function
  23              	hal_lld_init:
  24              	.LFB78:
  25              		.file 1 "./os/hal/ports/STM32F0xx/hal_lld.c"
  26              		.loc 1 99 0
  27              		.cfi_startproc
  28              		.loc 1 102 0
  29 0000 194B     		ldr	r3, .L5
  30              		.loc 1 99 0
  31 0002 10B5     		push	{r4, lr}
  32              	.LCFI0:
  33              		.cfi_def_cfa_offset 8
  34              		.cfi_offset 4, -8
  35              		.cfi_offset 14, -4
  36              		.loc 1 102 0
  37 0004 1A69     		ldr	r2, [r3, #16]
  38 0006 0122     		mov	r2, #1
  39 0008 5042     		neg	r0, r2
  40 000a 0022     		mov	r2, #0
  41 000c 1861     		str	r0, [r3, #16]
  42 000e 1A61     		str	r2, [r3, #16]
  43              		.loc 1 103 0
  44 0010 D968     		ldr	r1, [r3, #12]
  45 0012 164C     		ldr	r4, .L5+4
  46 0014 2143     		orr	r1, r4
  47 0016 D960     		str	r1, [r3, #12]
  48 0018 DA60     		str	r2, [r3, #12]
  49              		.loc 1 106 0
  50 001a D869     		ldr	r0, [r3, #28]
  51 001c 8021     		mov	r1, #128
  52 001e 4C05     		lsl	r4, r1, #21
  53 0020 0443     		orr	r4, r0
  54              	.LBB4:
  55              	.LBB5:
  56              		.loc 1 51 0
  57 0022 1349     		ldr	r1, .L5+8
ARM GAS  /tmp/ccRfQBYe.s 			page 2


  58              	.LBE5:
  59              	.LBE4:
  60              		.loc 1 106 0
  61 0024 DC61     		str	r4, [r3, #28]
  62              	.LBB7:
  63              	.LBB6:
  64              		.loc 1 51 0
  65 0026 0C68     		ldr	r4, [r1]
  66 0028 8020     		mov	r0, #128
  67 002a 4000     		lsl	r0, r0, #1
  68 002c 2043     		orr	r0, r4
  69 002e 0860     		str	r0, [r1]
  70              		.loc 1 54 0
  71 0030 196A     		ldr	r1, [r3, #32]
  72 0032 C024     		mov	r4, #192
  73 0034 A000     		lsl	r0, r4, #2
  74 0036 0840     		and	r0, r1
  75 0038 8021     		mov	r1, #128
  76 003a 8C00     		lsl	r4, r1, #2
  77 003c A042     		cmp	r0, r4
  78 003e 03D0     		beq	.L2
  79              		.loc 1 56 0
  80 0040 8020     		mov	r0, #128
  81 0042 4102     		lsl	r1, r0, #9
  82 0044 1962     		str	r1, [r3, #32]
  83              		.loc 1 57 0
  84 0046 1A62     		str	r2, [r3, #32]
  85              	.L2:
  86              		.loc 1 76 0
  87 0048 1C6A     		ldr	r4, [r3, #32]
  88 004a 8023     		mov	r3, #128
  89 004c 1B02     		lsl	r3, r3, #8
  90 004e 064A     		ldr	r2, .L5
  91 0050 1C42     		tst	r4, r3
  92 0052 07D1     		bne	.L1
  93              		.loc 1 78 0
  94 0054 106A     		ldr	r0, [r2, #32]
  95 0056 8021     		mov	r1, #128
  96 0058 8C00     		lsl	r4, r1, #2
  97 005a 0443     		orr	r4, r0
  98 005c 1462     		str	r4, [r2, #32]
  99              		.loc 1 81 0
 100 005e 106A     		ldr	r0, [r2, #32]
 101 0060 0343     		orr	r3, r0
 102 0062 1362     		str	r3, [r2, #32]
 103              	.L1:
 104              	.LBE6:
 105              	.LBE7:
 106              		.loc 1 119 0
 107              		@ sp needed for prologue
 108 0064 10BD     		pop	{r4, pc}
 109              	.L6:
 110 0066 C046     		.align	2
 111              	.L5:
 112 0068 00100240 		.word	1073876992
 113 006c FFFFBFFF 		.word	-4194305
 114 0070 00700040 		.word	1073770496
ARM GAS  /tmp/ccRfQBYe.s 			page 3


 115              		.cfi_endproc
 116              	.LFE78:
 117              		.size	hal_lld_init, .-hal_lld_init
 118              		.section	.text.stm32_clock_init,"ax",%progbits
 119              		.align	1
 120              		.global	stm32_clock_init
 121              		.code	16
 122              		.thumb_func
 123              		.type	stm32_clock_init, %function
 124              	stm32_clock_init:
 125              	.LFB79:
 126              		.loc 1 128 0
 127              		.cfi_startproc
 128              		.loc 1 133 0
 129 0000 1E4B     		ldr	r3, .L27
 130 0002 0121     		mov	r1, #1
 131 0004 1A68     		ldr	r2, [r3]
 132              		.loc 1 128 0
 133 0006 00B5     		push	{lr}
 134              	.LCFI1:
 135              		.cfi_def_cfa_offset 4
 136              		.cfi_offset 14, -4
 137              		.loc 1 133 0
 138 0008 0A43     		orr	r2, r1
 139 000a 1A60     		str	r2, [r3]
 140              	.L8:
 141              		.loc 1 134 0 discriminator 1
 142 000c 1868     		ldr	r0, [r3]
 143 000e 1B4A     		ldr	r2, .L27
 144 0010 8007     		lsl	r0, r0, #30
 145 0012 FBD5     		bpl	.L8
 146              		.loc 1 136 0
 147 0014 1068     		ldr	r0, [r2]
 148 0016 F921     		mov	r1, #249
 149 0018 0140     		and	r1, r0
 150              		.loc 1 137 0
 151 001a 0020     		mov	r0, #0
 152              		.loc 1 136 0
 153 001c 1160     		str	r1, [r2]
 154              		.loc 1 137 0
 155 001e 5060     		str	r0, [r2, #4]
 156              	.L9:
 157              		.loc 1 138 0 discriminator 1
 158 0020 5868     		ldr	r0, [r3, #4]
 159 0022 0C21     		mov	r1, #12
 160 0024 154A     		ldr	r2, .L27
 161 0026 0842     		tst	r0, r1
 162 0028 FAD1     		bne	.L9
 163              		.loc 1 163 0
 164 002a 516A     		ldr	r1, [r2, #36]
 165 002c 0120     		mov	r0, #1
 166 002e 0143     		orr	r1, r0
 167 0030 5162     		str	r1, [r2, #36]
 168              	.L10:
 169              		.loc 1 164 0 discriminator 1
 170 0032 596A     		ldr	r1, [r3, #36]
 171 0034 114A     		ldr	r2, .L27
ARM GAS  /tmp/ccRfQBYe.s 			page 4


 172 0036 8807     		lsl	r0, r1, #30
 173 0038 FBD5     		bpl	.L10
 174              		.loc 1 169 0
 175 003a A120     		mov	r0, #161
 176 003c 8103     		lsl	r1, r0, #14
 177              		.loc 1 171 0
 178 003e 0020     		mov	r0, #0
 179              		.loc 1 169 0
 180 0040 5160     		str	r1, [r2, #4]
 181              		.loc 1 171 0
 182 0042 D062     		str	r0, [r2, #44]
 183              		.loc 1 172 0
 184 0044 1063     		str	r0, [r2, #48]
 185              		.loc 1 177 0
 186 0046 1068     		ldr	r0, [r2]
 187 0048 8021     		mov	r1, #128
 188 004a 4904     		lsl	r1, r1, #17
 189 004c 0143     		orr	r1, r0
 190 004e 1160     		str	r1, [r2]
 191              	.L11:
 192              		.loc 1 178 0 discriminator 1
 193 0050 1868     		ldr	r0, [r3]
 194 0052 0A4A     		ldr	r2, .L27
 195 0054 8001     		lsl	r0, r0, #6
 196 0056 FBD5     		bpl	.L11
 197              		.loc 1 183 0
 198 0058 0949     		ldr	r1, .L27+4
 199 005a 1120     		mov	r0, #17
 200 005c 0860     		str	r0, [r1]
 201              		.loc 1 188 0
 202 005e 5168     		ldr	r1, [r2, #4]
 203 0060 0220     		mov	r0, #2
 204 0062 0143     		orr	r1, r0
 205 0064 5160     		str	r1, [r2, #4]
 206              	.L12:
 207              		.loc 1 189 0 discriminator 1
 208 0066 5868     		ldr	r0, [r3, #4]
 209 0068 0C21     		mov	r1, #12
 210 006a 044A     		ldr	r2, .L27
 211 006c 0140     		and	r1, r0
 212 006e 0829     		cmp	r1, #8
 213 0070 F9D1     		bne	.L12
 214              		.loc 1 195 0
 215 0072 9369     		ldr	r3, [r2, #24]
 216 0074 0120     		mov	r0, #1
 217 0076 0343     		orr	r3, r0
 218 0078 9361     		str	r3, [r2, #24]
 219              		.loc 1 197 0
 220              		@ sp needed for prologue
 221 007a 00BD     		pop	{pc}
 222              	.L28:
 223              		.align	2
 224              	.L27:
 225 007c 00100240 		.word	1073876992
 226 0080 00200240 		.word	1073881088
 227              		.cfi_endproc
 228              	.LFE79:
ARM GAS  /tmp/ccRfQBYe.s 			page 5


 229              		.size	stm32_clock_init, .-stm32_clock_init
 230              		.text
 231              	.Letext0:
 232              		.file 2 "/media/data/src/x-tools/gcc-arm-none-eabi-4_7-2013q1/bin/../lib/gcc/arm-none-eabi/4.7.3/.
 233              		.file 3 "./os/nil/include/nil.h"
 234              		.file 4 "./os/nil/ports/ARMCMx/compilers/GCC/niltypes.h"
 235              		.file 5 "./os/ext/CMSIS/ST/stm32f0xx.h"
 236              		.file 6 "./os/nil/ports/ARMCMx/nilcore.h"
 237              		.file 7 "./os/nil/ports/ARMCMx/nilcore_v6m.h"
 238              		.section	.debug_info,"",%progbits
 239              	.Ldebug_info0:
 240 0000 DE040000 		.4byte	0x4de
 241 0004 0200     		.2byte	0x2
 242 0006 00000000 		.4byte	.Ldebug_abbrev0
 243 000a 04       		.byte	0x4
 244 000b 01       		.uleb128 0x1
 245 000c 36010000 		.4byte	.LASF55
 246 0010 01       		.byte	0x1
 247 0011 72020000 		.4byte	.LASF56
 248 0015 19010000 		.4byte	.LASF57
 249 0019 18000000 		.4byte	.Ldebug_ranges0+0x18
 250 001d 00000000 		.4byte	0
 251 0021 00000000 		.4byte	0
 252 0025 00000000 		.4byte	.Ldebug_line0
 253 0029 02       		.uleb128 0x2
 254 002a 04       		.byte	0x4
 255 002b 05       		.byte	0x5
 256 002c 696E7400 		.ascii	"int\000"
 257 0030 03       		.uleb128 0x3
 258 0031 04       		.byte	0x4
 259 0032 07       		.byte	0x7
 260 0033 C0010000 		.4byte	.LASF0
 261 0037 03       		.uleb128 0x3
 262 0038 01       		.byte	0x1
 263 0039 06       		.byte	0x6
 264 003a 94010000 		.4byte	.LASF1
 265 003e 04       		.uleb128 0x4
 266 003f 82000000 		.4byte	.LASF4
 267 0043 02       		.byte	0x2
 268 0044 2A       		.byte	0x2a
 269 0045 49000000 		.4byte	0x49
 270 0049 03       		.uleb128 0x3
 271 004a 01       		.byte	0x1
 272 004b 08       		.byte	0x8
 273 004c 7F010000 		.4byte	.LASF2
 274 0050 03       		.uleb128 0x3
 275 0051 02       		.byte	0x2
 276 0052 05       		.byte	0x5
 277 0053 16000000 		.4byte	.LASF3
 278 0057 04       		.uleb128 0x4
 279 0058 0D020000 		.4byte	.LASF5
 280 005c 02       		.byte	0x2
 281 005d 36       		.byte	0x36
 282 005e 62000000 		.4byte	0x62
 283 0062 03       		.uleb128 0x3
 284 0063 02       		.byte	0x2
 285 0064 07       		.byte	0x7
ARM GAS  /tmp/ccRfQBYe.s 			page 6


 286 0065 E6010000 		.4byte	.LASF6
 287 0069 04       		.uleb128 0x4
 288 006a 16020000 		.4byte	.LASF7
 289 006e 02       		.byte	0x2
 290 006f 4F       		.byte	0x4f
 291 0070 74000000 		.4byte	0x74
 292 0074 03       		.uleb128 0x3
 293 0075 04       		.byte	0x4
 294 0076 05       		.byte	0x5
 295 0077 EF000000 		.4byte	.LASF8
 296 007b 04       		.uleb128 0x4
 297 007c B7010000 		.4byte	.LASF9
 298 0080 02       		.byte	0x2
 299 0081 50       		.byte	0x50
 300 0082 86000000 		.4byte	0x86
 301 0086 03       		.uleb128 0x3
 302 0087 04       		.byte	0x4
 303 0088 07       		.byte	0x7
 304 0089 2A020000 		.4byte	.LASF10
 305 008d 03       		.uleb128 0x3
 306 008e 08       		.byte	0x8
 307 008f 05       		.byte	0x5
 308 0090 E1000000 		.4byte	.LASF11
 309 0094 03       		.uleb128 0x3
 310 0095 08       		.byte	0x8
 311 0096 07       		.byte	0x7
 312 0097 A0010000 		.4byte	.LASF12
 313 009b 05       		.uleb128 0x5
 314 009c 53000000 		.4byte	.LASF41
 315 00a0 14       		.byte	0x14
 316 00a1 03       		.byte	0x3
 317 00a2 1E01     		.2byte	0x11e
 318 00a4 F3000000 		.4byte	0xf3
 319 00a8 06       		.uleb128 0x6
 320 00a9 F9010000 		.4byte	.LASF13
 321 00ad 03       		.byte	0x3
 322 00ae 1F01     		.2byte	0x11f
 323 00b0 16040000 		.4byte	0x416
 324 00b4 02       		.byte	0x2
 325 00b5 23       		.byte	0x23
 326 00b6 00       		.uleb128 0
 327 00b7 06       		.uleb128 0x6
 328 00b8 10000000 		.4byte	.LASF14
 329 00bc 03       		.byte	0x3
 330 00bd 2001     		.2byte	0x120
 331 00bf F3000000 		.4byte	0xf3
 332 00c3 02       		.byte	0x2
 333 00c4 23       		.byte	0x23
 334 00c5 04       		.uleb128 0x4
 335 00c6 07       		.uleb128 0x7
 336 00c7 753100   		.ascii	"u1\000"
 337 00ca 03       		.byte	0x3
 338 00cb 2B01     		.2byte	0x12b
 339 00cd C6030000 		.4byte	0x3c6
 340 00d1 02       		.byte	0x2
 341 00d2 23       		.byte	0x23
 342 00d3 08       		.uleb128 0x8
ARM GAS  /tmp/ccRfQBYe.s 			page 7


 343 00d4 06       		.uleb128 0x6
 344 00d5 BA020000 		.4byte	.LASF15
 345 00d9 03       		.byte	0x3
 346 00da 2C01     		.2byte	0x12c
 347 00dc 1C040000 		.4byte	0x41c
 348 00e0 02       		.byte	0x2
 349 00e1 23       		.byte	0x23
 350 00e2 0C       		.uleb128 0xc
 351 00e3 06       		.uleb128 0x6
 352 00e4 09000000 		.4byte	.LASF16
 353 00e8 03       		.byte	0x3
 354 00e9 2F01     		.2byte	0x12f
 355 00eb 09010000 		.4byte	0x109
 356 00ef 02       		.byte	0x2
 357 00f0 23       		.byte	0x23
 358 00f1 10       		.uleb128 0x10
 359 00f2 00       		.byte	0
 360 00f3 04       		.uleb128 0x4
 361 00f4 60020000 		.4byte	.LASF17
 362 00f8 04       		.byte	0x4
 363 00f9 37       		.byte	0x37
 364 00fa 3E000000 		.4byte	0x3e
 365 00fe 04       		.uleb128 0x4
 366 00ff B4020000 		.4byte	.LASF18
 367 0103 04       		.byte	0x4
 368 0104 38       		.byte	0x38
 369 0105 69000000 		.4byte	0x69
 370 0109 04       		.uleb128 0x4
 371 010a 47000000 		.4byte	.LASF19
 372 010e 04       		.byte	0x4
 373 010f 39       		.byte	0x39
 374 0110 7B000000 		.4byte	0x7b
 375 0114 04       		.uleb128 0x4
 376 0115 1E020000 		.4byte	.LASF20
 377 0119 04       		.byte	0x4
 378 011a 3A       		.byte	0x3a
 379 011b 69000000 		.4byte	0x69
 380 011f 03       		.uleb128 0x3
 381 0120 04       		.byte	0x4
 382 0121 07       		.byte	0x7
 383 0122 20000000 		.4byte	.LASF21
 384 0126 08       		.uleb128 0x8
 385 0127 7B000000 		.4byte	0x7b
 386 012b 09       		.uleb128 0x9
 387 012c 24       		.byte	0x24
 388 012d 05       		.byte	0x5
 389 012e 8B01     		.2byte	0x18b
 390 0130 B9010000 		.4byte	0x1b9
 391 0134 07       		.uleb128 0x7
 392 0135 41435200 		.ascii	"ACR\000"
 393 0139 05       		.byte	0x5
 394 013a 8D01     		.2byte	0x18d
 395 013c 26010000 		.4byte	0x126
 396 0140 02       		.byte	0x2
 397 0141 23       		.byte	0x23
 398 0142 00       		.uleb128 0
 399 0143 06       		.uleb128 0x6
ARM GAS  /tmp/ccRfQBYe.s 			page 8


 400 0144 5E000000 		.4byte	.LASF22
 401 0148 05       		.byte	0x5
 402 0149 8E01     		.2byte	0x18e
 403 014b 26010000 		.4byte	0x126
 404 014f 02       		.byte	0x2
 405 0150 23       		.byte	0x23
 406 0151 04       		.uleb128 0x4
 407 0152 06       		.uleb128 0x6
 408 0153 D1000000 		.4byte	.LASF23
 409 0157 05       		.byte	0x5
 410 0158 8F01     		.2byte	0x18f
 411 015a 26010000 		.4byte	0x126
 412 015e 02       		.byte	0x2
 413 015f 23       		.byte	0x23
 414 0160 08       		.uleb128 0x8
 415 0161 07       		.uleb128 0x7
 416 0162 535200   		.ascii	"SR\000"
 417 0165 05       		.byte	0x5
 418 0166 9001     		.2byte	0x190
 419 0168 26010000 		.4byte	0x126
 420 016c 02       		.byte	0x2
 421 016d 23       		.byte	0x23
 422 016e 0C       		.uleb128 0xc
 423 016f 07       		.uleb128 0x7
 424 0170 435200   		.ascii	"CR\000"
 425 0173 05       		.byte	0x5
 426 0174 9101     		.2byte	0x191
 427 0176 26010000 		.4byte	0x126
 428 017a 02       		.byte	0x2
 429 017b 23       		.byte	0x23
 430 017c 10       		.uleb128 0x10
 431 017d 07       		.uleb128 0x7
 432 017e 415200   		.ascii	"AR\000"
 433 0181 05       		.byte	0x5
 434 0182 9201     		.2byte	0x192
 435 0184 26010000 		.4byte	0x126
 436 0188 02       		.byte	0x2
 437 0189 23       		.byte	0x23
 438 018a 14       		.uleb128 0x14
 439 018b 06       		.uleb128 0x6
 440 018c 9D020000 		.4byte	.LASF24
 441 0190 05       		.byte	0x5
 442 0191 9301     		.2byte	0x193
 443 0193 26010000 		.4byte	0x126
 444 0197 02       		.byte	0x2
 445 0198 23       		.byte	0x23
 446 0199 18       		.uleb128 0x18
 447 019a 07       		.uleb128 0x7
 448 019b 4F425200 		.ascii	"OBR\000"
 449 019f 05       		.byte	0x5
 450 01a0 9401     		.2byte	0x194
 451 01a2 26010000 		.4byte	0x126
 452 01a6 02       		.byte	0x2
 453 01a7 23       		.byte	0x23
 454 01a8 1C       		.uleb128 0x1c
 455 01a9 06       		.uleb128 0x6
 456 01aa 14010000 		.4byte	.LASF25
ARM GAS  /tmp/ccRfQBYe.s 			page 9


 457 01ae 05       		.byte	0x5
 458 01af 9501     		.2byte	0x195
 459 01b1 26010000 		.4byte	0x126
 460 01b5 02       		.byte	0x2
 461 01b6 23       		.byte	0x23
 462 01b7 20       		.uleb128 0x20
 463 01b8 00       		.byte	0
 464 01b9 0A       		.uleb128 0xa
 465 01ba A6020000 		.4byte	.LASF26
 466 01be 05       		.byte	0x5
 467 01bf 9601     		.2byte	0x196
 468 01c1 2B010000 		.4byte	0x12b
 469 01c5 09       		.uleb128 0x9
 470 01c6 08       		.byte	0x8
 471 01c7 05       		.byte	0x5
 472 01c8 ED01     		.2byte	0x1ed
 473 01ca EC010000 		.4byte	0x1ec
 474 01ce 07       		.uleb128 0x7
 475 01cf 435200   		.ascii	"CR\000"
 476 01d2 05       		.byte	0x5
 477 01d3 EF01     		.2byte	0x1ef
 478 01d5 26010000 		.4byte	0x126
 479 01d9 02       		.byte	0x2
 480 01da 23       		.byte	0x23
 481 01db 00       		.uleb128 0
 482 01dc 07       		.uleb128 0x7
 483 01dd 43535200 		.ascii	"CSR\000"
 484 01e1 05       		.byte	0x5
 485 01e2 F001     		.2byte	0x1f0
 486 01e4 26010000 		.4byte	0x126
 487 01e8 02       		.byte	0x2
 488 01e9 23       		.byte	0x23
 489 01ea 04       		.uleb128 0x4
 490 01eb 00       		.byte	0
 491 01ec 0A       		.uleb128 0xa
 492 01ed 3B000000 		.4byte	.LASF27
 493 01f1 05       		.byte	0x5
 494 01f2 F101     		.2byte	0x1f1
 495 01f4 C5010000 		.4byte	0x1c5
 496 01f8 09       		.uleb128 0x9
 497 01f9 38       		.byte	0x38
 498 01fa 05       		.byte	0x5
 499 01fb F701     		.2byte	0x1f7
 500 01fd D3020000 		.4byte	0x2d3
 501 0201 07       		.uleb128 0x7
 502 0202 435200   		.ascii	"CR\000"
 503 0205 05       		.byte	0x5
 504 0206 F901     		.2byte	0x1f9
 505 0208 26010000 		.4byte	0x126
 506 020c 02       		.byte	0x2
 507 020d 23       		.byte	0x23
 508 020e 00       		.uleb128 0
 509 020f 06       		.uleb128 0x6
 510 0210 63000000 		.4byte	.LASF28
 511 0214 05       		.byte	0x5
 512 0215 FA01     		.2byte	0x1fa
 513 0217 26010000 		.4byte	0x126
ARM GAS  /tmp/ccRfQBYe.s 			page 10


 514 021b 02       		.byte	0x2
 515 021c 23       		.byte	0x23
 516 021d 04       		.uleb128 0x4
 517 021e 07       		.uleb128 0x7
 518 021f 43495200 		.ascii	"CIR\000"
 519 0223 05       		.byte	0x5
 520 0224 FB01     		.2byte	0x1fb
 521 0226 26010000 		.4byte	0x126
 522 022a 02       		.byte	0x2
 523 022b 23       		.byte	0x23
 524 022c 08       		.uleb128 0x8
 525 022d 06       		.uleb128 0x6
 526 022e 0B010000 		.4byte	.LASF29
 527 0232 05       		.byte	0x5
 528 0233 FC01     		.2byte	0x1fc
 529 0235 26010000 		.4byte	0x126
 530 0239 02       		.byte	0x2
 531 023a 23       		.byte	0x23
 532 023b 0C       		.uleb128 0xc
 533 023c 06       		.uleb128 0x6
 534 023d 00000000 		.4byte	.LASF30
 535 0241 05       		.byte	0x5
 536 0242 FD01     		.2byte	0x1fd
 537 0244 26010000 		.4byte	0x126
 538 0248 02       		.byte	0x2
 539 0249 23       		.byte	0x23
 540 024a 10       		.uleb128 0x10
 541 024b 06       		.uleb128 0x6
 542 024c 04010000 		.4byte	.LASF31
 543 0250 05       		.byte	0x5
 544 0251 FE01     		.2byte	0x1fe
 545 0253 26010000 		.4byte	0x126
 546 0257 02       		.byte	0x2
 547 0258 23       		.byte	0x23
 548 0259 14       		.uleb128 0x14
 549 025a 06       		.uleb128 0x6
 550 025b B9000000 		.4byte	.LASF32
 551 025f 05       		.byte	0x5
 552 0260 FF01     		.2byte	0x1ff
 553 0262 26010000 		.4byte	0x126
 554 0266 02       		.byte	0x2
 555 0267 23       		.byte	0x23
 556 0268 18       		.uleb128 0x18
 557 0269 06       		.uleb128 0x6
 558 026a 8A000000 		.4byte	.LASF33
 559 026e 05       		.byte	0x5
 560 026f 0002     		.2byte	0x200
 561 0271 26010000 		.4byte	0x126
 562 0275 02       		.byte	0x2
 563 0276 23       		.byte	0x23
 564 0277 1C       		.uleb128 0x1c
 565 0278 06       		.uleb128 0x6
 566 0279 29000000 		.4byte	.LASF34
 567 027d 05       		.byte	0x5
 568 027e 0102     		.2byte	0x201
 569 0280 26010000 		.4byte	0x126
 570 0284 02       		.byte	0x2
ARM GAS  /tmp/ccRfQBYe.s 			page 11


 571 0285 23       		.byte	0x23
 572 0286 20       		.uleb128 0x20
 573 0287 07       		.uleb128 0x7
 574 0288 43535200 		.ascii	"CSR\000"
 575 028c 05       		.byte	0x5
 576 028d 0202     		.2byte	0x202
 577 028f 26010000 		.4byte	0x126
 578 0293 02       		.byte	0x2
 579 0294 23       		.byte	0x23
 580 0295 24       		.uleb128 0x24
 581 0296 06       		.uleb128 0x6
 582 0297 D9000000 		.4byte	.LASF35
 583 029b 05       		.byte	0x5
 584 029c 0302     		.2byte	0x203
 585 029e 26010000 		.4byte	0x126
 586 02a2 02       		.byte	0x2
 587 02a3 23       		.byte	0x23
 588 02a4 28       		.uleb128 0x28
 589 02a5 06       		.uleb128 0x6
 590 02a6 CD010000 		.4byte	.LASF36
 591 02aa 05       		.byte	0x5
 592 02ab 0402     		.2byte	0x204
 593 02ad 26010000 		.4byte	0x126
 594 02b1 02       		.byte	0x2
 595 02b2 23       		.byte	0x23
 596 02b3 2C       		.uleb128 0x2c
 597 02b4 06       		.uleb128 0x6
 598 02b5 D3010000 		.4byte	.LASF37
 599 02b9 05       		.byte	0x5
 600 02ba 0502     		.2byte	0x205
 601 02bc 26010000 		.4byte	0x126
 602 02c0 02       		.byte	0x2
 603 02c1 23       		.byte	0x23
 604 02c2 30       		.uleb128 0x30
 605 02c3 07       		.uleb128 0x7
 606 02c4 43523200 		.ascii	"CR2\000"
 607 02c8 05       		.byte	0x5
 608 02c9 0602     		.2byte	0x206
 609 02cb 26010000 		.4byte	0x126
 610 02cf 02       		.byte	0x2
 611 02d0 23       		.byte	0x23
 612 02d1 34       		.uleb128 0x34
 613 02d2 00       		.byte	0
 614 02d3 0A       		.uleb128 0xa
 615 02d4 F8000000 		.4byte	.LASF38
 616 02d8 05       		.byte	0x5
 617 02d9 0702     		.2byte	0x207
 618 02db F8010000 		.4byte	0x1f8
 619 02df 04       		.uleb128 0x4
 620 02e0 FE010000 		.4byte	.LASF39
 621 02e4 06       		.byte	0x6
 622 02e5 77       		.byte	0x77
 623 02e6 57000000 		.4byte	0x57
 624 02ea 04       		.uleb128 0x4
 625 02eb 68000000 		.4byte	.LASF40
 626 02ef 06       		.byte	0x6
 627 02f0 7D       		.byte	0x7d
ARM GAS  /tmp/ccRfQBYe.s 			page 12


 628 02f1 F5020000 		.4byte	0x2f5
 629 02f5 0B       		.uleb128 0xb
 630 02f6 04       		.byte	0x4
 631 02f7 0C       		.uleb128 0xc
 632 02f8 3C020000 		.4byte	.LASF42
 633 02fc 24       		.byte	0x24
 634 02fd 07       		.byte	0x7
 635 02fe A4       		.byte	0xa4
 636 02ff 7B030000 		.4byte	0x37b
 637 0303 0D       		.uleb128 0xd
 638 0304 723800   		.ascii	"r8\000"
 639 0307 07       		.byte	0x7
 640 0308 A5       		.byte	0xa5
 641 0309 EA020000 		.4byte	0x2ea
 642 030d 02       		.byte	0x2
 643 030e 23       		.byte	0x23
 644 030f 00       		.uleb128 0
 645 0310 0D       		.uleb128 0xd
 646 0311 723900   		.ascii	"r9\000"
 647 0314 07       		.byte	0x7
 648 0315 A6       		.byte	0xa6
 649 0316 EA020000 		.4byte	0x2ea
 650 031a 02       		.byte	0x2
 651 031b 23       		.byte	0x23
 652 031c 04       		.uleb128 0x4
 653 031d 0D       		.uleb128 0xd
 654 031e 72313000 		.ascii	"r10\000"
 655 0322 07       		.byte	0x7
 656 0323 A7       		.byte	0xa7
 657 0324 EA020000 		.4byte	0x2ea
 658 0328 02       		.byte	0x2
 659 0329 23       		.byte	0x23
 660 032a 08       		.uleb128 0x8
 661 032b 0D       		.uleb128 0xd
 662 032c 72313100 		.ascii	"r11\000"
 663 0330 07       		.byte	0x7
 664 0331 A8       		.byte	0xa8
 665 0332 EA020000 		.4byte	0x2ea
 666 0336 02       		.byte	0x2
 667 0337 23       		.byte	0x23
 668 0338 0C       		.uleb128 0xc
 669 0339 0D       		.uleb128 0xd
 670 033a 723400   		.ascii	"r4\000"
 671 033d 07       		.byte	0x7
 672 033e A9       		.byte	0xa9
 673 033f EA020000 		.4byte	0x2ea
 674 0343 02       		.byte	0x2
 675 0344 23       		.byte	0x23
 676 0345 10       		.uleb128 0x10
 677 0346 0D       		.uleb128 0xd
 678 0347 723500   		.ascii	"r5\000"
 679 034a 07       		.byte	0x7
 680 034b AA       		.byte	0xaa
 681 034c EA020000 		.4byte	0x2ea
 682 0350 02       		.byte	0x2
 683 0351 23       		.byte	0x23
 684 0352 14       		.uleb128 0x14
ARM GAS  /tmp/ccRfQBYe.s 			page 13


 685 0353 0D       		.uleb128 0xd
 686 0354 723600   		.ascii	"r6\000"
 687 0357 07       		.byte	0x7
 688 0358 AB       		.byte	0xab
 689 0359 EA020000 		.4byte	0x2ea
 690 035d 02       		.byte	0x2
 691 035e 23       		.byte	0x23
 692 035f 18       		.uleb128 0x18
 693 0360 0D       		.uleb128 0xd
 694 0361 723700   		.ascii	"r7\000"
 695 0364 07       		.byte	0x7
 696 0365 AC       		.byte	0xac
 697 0366 EA020000 		.4byte	0x2ea
 698 036a 02       		.byte	0x2
 699 036b 23       		.byte	0x23
 700 036c 1C       		.uleb128 0x1c
 701 036d 0D       		.uleb128 0xd
 702 036e 6C7200   		.ascii	"lr\000"
 703 0371 07       		.byte	0x7
 704 0372 AD       		.byte	0xad
 705 0373 EA020000 		.4byte	0x2ea
 706 0377 02       		.byte	0x2
 707 0378 23       		.byte	0x23
 708 0379 20       		.uleb128 0x20
 709 037a 00       		.byte	0
 710 037b 04       		.uleb128 0x4
 711 037c 69020000 		.4byte	.LASF43
 712 0380 03       		.byte	0x3
 713 0381 F3       		.byte	0xf3
 714 0382 F7020000 		.4byte	0x2f7
 715 0386 0E       		.uleb128 0xe
 716 0387 04       		.byte	0x4
 717 0388 03       		.byte	0x3
 718 0389 F8       		.byte	0xf8
 719 038a 9D030000 		.4byte	0x39d
 720 038e 0D       		.uleb128 0xd
 721 038f 636E7400 		.ascii	"cnt\000"
 722 0393 03       		.byte	0x3
 723 0394 F9       		.byte	0xf9
 724 0395 9D030000 		.4byte	0x39d
 725 0399 02       		.byte	0x2
 726 039a 23       		.byte	0x23
 727 039b 00       		.uleb128 0
 728 039c 00       		.byte	0
 729 039d 08       		.uleb128 0x8
 730 039e 14010000 		.4byte	0x114
 731 03a2 04       		.uleb128 0x4
 732 03a3 92000000 		.4byte	.LASF44
 733 03a7 03       		.byte	0x3
 734 03a8 FA       		.byte	0xfa
 735 03a9 86030000 		.4byte	0x386
 736 03ad 03       		.uleb128 0x3
 737 03ae 01       		.byte	0x1
 738 03af 08       		.byte	0x8
 739 03b0 08020000 		.4byte	.LASF45
 740 03b4 0A       		.uleb128 0xa
 741 03b5 4D020000 		.4byte	.LASF46
ARM GAS  /tmp/ccRfQBYe.s 			page 14


 742 03b9 03       		.byte	0x3
 743 03ba 1901     		.2byte	0x119
 744 03bc C0030000 		.4byte	0x3c0
 745 03c0 0F       		.uleb128 0xf
 746 03c1 04       		.byte	0x4
 747 03c2 9B000000 		.4byte	0x9b
 748 03c6 10       		.uleb128 0x10
 749 03c7 04       		.byte	0x4
 750 03c8 03       		.byte	0x3
 751 03c9 2301     		.2byte	0x123
 752 03cb 0A040000 		.4byte	0x40a
 753 03cf 11       		.uleb128 0x11
 754 03d0 6D736700 		.ascii	"msg\000"
 755 03d4 03       		.byte	0x3
 756 03d5 2401     		.2byte	0x124
 757 03d7 FE000000 		.4byte	0xfe
 758 03db 11       		.uleb128 0x11
 759 03dc 7000     		.ascii	"p\000"
 760 03de 03       		.byte	0x3
 761 03df 2501     		.2byte	0x125
 762 03e1 F5020000 		.4byte	0x2f5
 763 03e5 11       		.uleb128 0x11
 764 03e6 74727000 		.ascii	"trp\000"
 765 03ea 03       		.byte	0x3
 766 03eb 2601     		.2byte	0x126
 767 03ed 0A040000 		.4byte	0x40a
 768 03f1 12       		.uleb128 0x12
 769 03f2 48020000 		.4byte	.LASF47
 770 03f6 03       		.byte	0x3
 771 03f7 2701     		.2byte	0x127
 772 03f9 10040000 		.4byte	0x410
 773 03fd 12       		.uleb128 0x12
 774 03fe 8D010000 		.4byte	.LASF48
 775 0402 03       		.byte	0x3
 776 0403 2901     		.2byte	0x129
 777 0405 09010000 		.4byte	0x109
 778 0409 00       		.byte	0
 779 040a 0F       		.uleb128 0xf
 780 040b 04       		.byte	0x4
 781 040c B4030000 		.4byte	0x3b4
 782 0410 0F       		.uleb128 0xf
 783 0411 04       		.byte	0x4
 784 0412 A2030000 		.4byte	0x3a2
 785 0416 0F       		.uleb128 0xf
 786 0417 04       		.byte	0x4
 787 0418 7B030000 		.4byte	0x37b
 788 041c 08       		.uleb128 0x8
 789 041d DF020000 		.4byte	0x2df
 790 0421 09       		.uleb128 0x9
 791 0422 98       		.byte	0x98
 792 0423 03       		.byte	0x3
 793 0424 3D01     		.2byte	0x13d
 794 0426 67040000 		.4byte	0x467
 795 042a 06       		.uleb128 0x6
 796 042b 95020000 		.4byte	.LASF49
 797 042f 03       		.byte	0x3
 798 0430 4101     		.2byte	0x141
ARM GAS  /tmp/ccRfQBYe.s 			page 15


 799 0432 C0030000 		.4byte	0x3c0
 800 0436 02       		.byte	0x2
 801 0437 23       		.byte	0x23
 802 0438 00       		.uleb128 0
 803 0439 06       		.uleb128 0x6
 804 043a C2020000 		.4byte	.LASF50
 805 043e 03       		.byte	0x3
 806 043f 4701     		.2byte	0x147
 807 0441 C0030000 		.4byte	0x3c0
 808 0445 02       		.byte	0x2
 809 0446 23       		.byte	0x23
 810 0447 04       		.uleb128 0x4
 811 0448 06       		.uleb128 0x6
 812 0449 C1000000 		.4byte	.LASF51
 813 044d 03       		.byte	0x3
 814 044e 4C01     		.2byte	0x14c
 815 0450 DF020000 		.4byte	0x2df
 816 0454 02       		.byte	0x2
 817 0455 23       		.byte	0x23
 818 0456 08       		.uleb128 0x8
 819 0457 06       		.uleb128 0x6
 820 0458 C9000000 		.4byte	.LASF52
 821 045c 03       		.byte	0x3
 822 045d 5B01     		.2byte	0x15b
 823 045f 67040000 		.4byte	0x467
 824 0463 02       		.byte	0x2
 825 0464 23       		.byte	0x23
 826 0465 0C       		.uleb128 0xc
 827 0466 00       		.byte	0
 828 0467 13       		.uleb128 0x13
 829 0468 9B000000 		.4byte	0x9b
 830 046c 77040000 		.4byte	0x477
 831 0470 14       		.uleb128 0x14
 832 0471 1F010000 		.4byte	0x11f
 833 0475 06       		.byte	0x6
 834 0476 00       		.byte	0
 835 0477 0A       		.uleb128 0xa
 836 0478 2E000000 		.4byte	.LASF53
 837 047c 03       		.byte	0x3
 838 047d 6401     		.2byte	0x164
 839 047f 21040000 		.4byte	0x421
 840 0483 03       		.uleb128 0x3
 841 0484 01       		.byte	0x1
 842 0485 02       		.byte	0x2
 843 0486 24020000 		.4byte	.LASF54
 844 048a 15       		.uleb128 0x15
 845 048b 9E000000 		.4byte	.LASF58
 846 048f 01       		.byte	0x1
 847 0490 30       		.byte	0x30
 848 0491 01       		.byte	0x1
 849 0492 01       		.byte	0x1
 850 0493 16       		.uleb128 0x16
 851 0494 01       		.byte	0x1
 852 0495 D9010000 		.4byte	.LASF59
 853 0499 01       		.byte	0x1
 854 049a 63       		.byte	0x63
 855 049b 01       		.byte	0x1
ARM GAS  /tmp/ccRfQBYe.s 			page 16


 856 049c 00000000 		.4byte	.LFB78
 857 04a0 74000000 		.4byte	.LFE78
 858 04a4 00000000 		.4byte	.LLST0
 859 04a8 01       		.byte	0x1
 860 04a9 BD040000 		.4byte	0x4bd
 861 04ad 17       		.uleb128 0x17
 862 04ae 8A040000 		.4byte	0x48a
 863 04b2 22000000 		.4byte	.LBB4
 864 04b6 00000000 		.4byte	.Ldebug_ranges0+0
 865 04ba 01       		.byte	0x1
 866 04bb 6D       		.byte	0x6d
 867 04bc 00       		.byte	0
 868 04bd 18       		.uleb128 0x18
 869 04be 01       		.byte	0x1
 870 04bf 71000000 		.4byte	.LASF60
 871 04c3 01       		.byte	0x1
 872 04c4 80       		.byte	0x80
 873 04c5 01       		.byte	0x1
 874 04c6 00000000 		.4byte	.LFB79
 875 04ca 84000000 		.4byte	.LFE79
 876 04ce 20000000 		.4byte	.LLST1
 877 04d2 01       		.byte	0x1
 878 04d3 19       		.uleb128 0x19
 879 04d4 6E696C00 		.ascii	"nil\000"
 880 04d8 03       		.byte	0x3
 881 04d9 F602     		.2byte	0x2f6
 882 04db 77040000 		.4byte	0x477
 883 04df 01       		.byte	0x1
 884 04e0 01       		.byte	0x1
 885 04e1 00       		.byte	0
 886              		.section	.debug_abbrev,"",%progbits
 887              	.Ldebug_abbrev0:
 888 0000 01       		.uleb128 0x1
 889 0001 11       		.uleb128 0x11
 890 0002 01       		.byte	0x1
 891 0003 25       		.uleb128 0x25
 892 0004 0E       		.uleb128 0xe
 893 0005 13       		.uleb128 0x13
 894 0006 0B       		.uleb128 0xb
 895 0007 03       		.uleb128 0x3
 896 0008 0E       		.uleb128 0xe
 897 0009 1B       		.uleb128 0x1b
 898 000a 0E       		.uleb128 0xe
 899 000b 55       		.uleb128 0x55
 900 000c 06       		.uleb128 0x6
 901 000d 11       		.uleb128 0x11
 902 000e 01       		.uleb128 0x1
 903 000f 52       		.uleb128 0x52
 904 0010 01       		.uleb128 0x1
 905 0011 10       		.uleb128 0x10
 906 0012 06       		.uleb128 0x6
 907 0013 00       		.byte	0
 908 0014 00       		.byte	0
 909 0015 02       		.uleb128 0x2
 910 0016 24       		.uleb128 0x24
 911 0017 00       		.byte	0
 912 0018 0B       		.uleb128 0xb
ARM GAS  /tmp/ccRfQBYe.s 			page 17


 913 0019 0B       		.uleb128 0xb
 914 001a 3E       		.uleb128 0x3e
 915 001b 0B       		.uleb128 0xb
 916 001c 03       		.uleb128 0x3
 917 001d 08       		.uleb128 0x8
 918 001e 00       		.byte	0
 919 001f 00       		.byte	0
 920 0020 03       		.uleb128 0x3
 921 0021 24       		.uleb128 0x24
 922 0022 00       		.byte	0
 923 0023 0B       		.uleb128 0xb
 924 0024 0B       		.uleb128 0xb
 925 0025 3E       		.uleb128 0x3e
 926 0026 0B       		.uleb128 0xb
 927 0027 03       		.uleb128 0x3
 928 0028 0E       		.uleb128 0xe
 929 0029 00       		.byte	0
 930 002a 00       		.byte	0
 931 002b 04       		.uleb128 0x4
 932 002c 16       		.uleb128 0x16
 933 002d 00       		.byte	0
 934 002e 03       		.uleb128 0x3
 935 002f 0E       		.uleb128 0xe
 936 0030 3A       		.uleb128 0x3a
 937 0031 0B       		.uleb128 0xb
 938 0032 3B       		.uleb128 0x3b
 939 0033 0B       		.uleb128 0xb
 940 0034 49       		.uleb128 0x49
 941 0035 13       		.uleb128 0x13
 942 0036 00       		.byte	0
 943 0037 00       		.byte	0
 944 0038 05       		.uleb128 0x5
 945 0039 13       		.uleb128 0x13
 946 003a 01       		.byte	0x1
 947 003b 03       		.uleb128 0x3
 948 003c 0E       		.uleb128 0xe
 949 003d 0B       		.uleb128 0xb
 950 003e 0B       		.uleb128 0xb
 951 003f 3A       		.uleb128 0x3a
 952 0040 0B       		.uleb128 0xb
 953 0041 3B       		.uleb128 0x3b
 954 0042 05       		.uleb128 0x5
 955 0043 01       		.uleb128 0x1
 956 0044 13       		.uleb128 0x13
 957 0045 00       		.byte	0
 958 0046 00       		.byte	0
 959 0047 06       		.uleb128 0x6
 960 0048 0D       		.uleb128 0xd
 961 0049 00       		.byte	0
 962 004a 03       		.uleb128 0x3
 963 004b 0E       		.uleb128 0xe
 964 004c 3A       		.uleb128 0x3a
 965 004d 0B       		.uleb128 0xb
 966 004e 3B       		.uleb128 0x3b
 967 004f 05       		.uleb128 0x5
 968 0050 49       		.uleb128 0x49
 969 0051 13       		.uleb128 0x13
ARM GAS  /tmp/ccRfQBYe.s 			page 18


 970 0052 38       		.uleb128 0x38
 971 0053 0A       		.uleb128 0xa
 972 0054 00       		.byte	0
 973 0055 00       		.byte	0
 974 0056 07       		.uleb128 0x7
 975 0057 0D       		.uleb128 0xd
 976 0058 00       		.byte	0
 977 0059 03       		.uleb128 0x3
 978 005a 08       		.uleb128 0x8
 979 005b 3A       		.uleb128 0x3a
 980 005c 0B       		.uleb128 0xb
 981 005d 3B       		.uleb128 0x3b
 982 005e 05       		.uleb128 0x5
 983 005f 49       		.uleb128 0x49
 984 0060 13       		.uleb128 0x13
 985 0061 38       		.uleb128 0x38
 986 0062 0A       		.uleb128 0xa
 987 0063 00       		.byte	0
 988 0064 00       		.byte	0
 989 0065 08       		.uleb128 0x8
 990 0066 35       		.uleb128 0x35
 991 0067 00       		.byte	0
 992 0068 49       		.uleb128 0x49
 993 0069 13       		.uleb128 0x13
 994 006a 00       		.byte	0
 995 006b 00       		.byte	0
 996 006c 09       		.uleb128 0x9
 997 006d 13       		.uleb128 0x13
 998 006e 01       		.byte	0x1
 999 006f 0B       		.uleb128 0xb
 1000 0070 0B       		.uleb128 0xb
 1001 0071 3A       		.uleb128 0x3a
 1002 0072 0B       		.uleb128 0xb
 1003 0073 3B       		.uleb128 0x3b
 1004 0074 05       		.uleb128 0x5
 1005 0075 01       		.uleb128 0x1
 1006 0076 13       		.uleb128 0x13
 1007 0077 00       		.byte	0
 1008 0078 00       		.byte	0
 1009 0079 0A       		.uleb128 0xa
 1010 007a 16       		.uleb128 0x16
 1011 007b 00       		.byte	0
 1012 007c 03       		.uleb128 0x3
 1013 007d 0E       		.uleb128 0xe
 1014 007e 3A       		.uleb128 0x3a
 1015 007f 0B       		.uleb128 0xb
 1016 0080 3B       		.uleb128 0x3b
 1017 0081 05       		.uleb128 0x5
 1018 0082 49       		.uleb128 0x49
 1019 0083 13       		.uleb128 0x13
 1020 0084 00       		.byte	0
 1021 0085 00       		.byte	0
 1022 0086 0B       		.uleb128 0xb
 1023 0087 0F       		.uleb128 0xf
 1024 0088 00       		.byte	0
 1025 0089 0B       		.uleb128 0xb
 1026 008a 0B       		.uleb128 0xb
ARM GAS  /tmp/ccRfQBYe.s 			page 19


 1027 008b 00       		.byte	0
 1028 008c 00       		.byte	0
 1029 008d 0C       		.uleb128 0xc
 1030 008e 13       		.uleb128 0x13
 1031 008f 01       		.byte	0x1
 1032 0090 03       		.uleb128 0x3
 1033 0091 0E       		.uleb128 0xe
 1034 0092 0B       		.uleb128 0xb
 1035 0093 0B       		.uleb128 0xb
 1036 0094 3A       		.uleb128 0x3a
 1037 0095 0B       		.uleb128 0xb
 1038 0096 3B       		.uleb128 0x3b
 1039 0097 0B       		.uleb128 0xb
 1040 0098 01       		.uleb128 0x1
 1041 0099 13       		.uleb128 0x13
 1042 009a 00       		.byte	0
 1043 009b 00       		.byte	0
 1044 009c 0D       		.uleb128 0xd
 1045 009d 0D       		.uleb128 0xd
 1046 009e 00       		.byte	0
 1047 009f 03       		.uleb128 0x3
 1048 00a0 08       		.uleb128 0x8
 1049 00a1 3A       		.uleb128 0x3a
 1050 00a2 0B       		.uleb128 0xb
 1051 00a3 3B       		.uleb128 0x3b
 1052 00a4 0B       		.uleb128 0xb
 1053 00a5 49       		.uleb128 0x49
 1054 00a6 13       		.uleb128 0x13
 1055 00a7 38       		.uleb128 0x38
 1056 00a8 0A       		.uleb128 0xa
 1057 00a9 00       		.byte	0
 1058 00aa 00       		.byte	0
 1059 00ab 0E       		.uleb128 0xe
 1060 00ac 13       		.uleb128 0x13
 1061 00ad 01       		.byte	0x1
 1062 00ae 0B       		.uleb128 0xb
 1063 00af 0B       		.uleb128 0xb
 1064 00b0 3A       		.uleb128 0x3a
 1065 00b1 0B       		.uleb128 0xb
 1066 00b2 3B       		.uleb128 0x3b
 1067 00b3 0B       		.uleb128 0xb
 1068 00b4 01       		.uleb128 0x1
 1069 00b5 13       		.uleb128 0x13
 1070 00b6 00       		.byte	0
 1071 00b7 00       		.byte	0
 1072 00b8 0F       		.uleb128 0xf
 1073 00b9 0F       		.uleb128 0xf
 1074 00ba 00       		.byte	0
 1075 00bb 0B       		.uleb128 0xb
 1076 00bc 0B       		.uleb128 0xb
 1077 00bd 49       		.uleb128 0x49
 1078 00be 13       		.uleb128 0x13
 1079 00bf 00       		.byte	0
 1080 00c0 00       		.byte	0
 1081 00c1 10       		.uleb128 0x10
 1082 00c2 17       		.uleb128 0x17
 1083 00c3 01       		.byte	0x1
ARM GAS  /tmp/ccRfQBYe.s 			page 20


 1084 00c4 0B       		.uleb128 0xb
 1085 00c5 0B       		.uleb128 0xb
 1086 00c6 3A       		.uleb128 0x3a
 1087 00c7 0B       		.uleb128 0xb
 1088 00c8 3B       		.uleb128 0x3b
 1089 00c9 05       		.uleb128 0x5
 1090 00ca 01       		.uleb128 0x1
 1091 00cb 13       		.uleb128 0x13
 1092 00cc 00       		.byte	0
 1093 00cd 00       		.byte	0
 1094 00ce 11       		.uleb128 0x11
 1095 00cf 0D       		.uleb128 0xd
 1096 00d0 00       		.byte	0
 1097 00d1 03       		.uleb128 0x3
 1098 00d2 08       		.uleb128 0x8
 1099 00d3 3A       		.uleb128 0x3a
 1100 00d4 0B       		.uleb128 0xb
 1101 00d5 3B       		.uleb128 0x3b
 1102 00d6 05       		.uleb128 0x5
 1103 00d7 49       		.uleb128 0x49
 1104 00d8 13       		.uleb128 0x13
 1105 00d9 00       		.byte	0
 1106 00da 00       		.byte	0
 1107 00db 12       		.uleb128 0x12
 1108 00dc 0D       		.uleb128 0xd
 1109 00dd 00       		.byte	0
 1110 00de 03       		.uleb128 0x3
 1111 00df 0E       		.uleb128 0xe
 1112 00e0 3A       		.uleb128 0x3a
 1113 00e1 0B       		.uleb128 0xb
 1114 00e2 3B       		.uleb128 0x3b
 1115 00e3 05       		.uleb128 0x5
 1116 00e4 49       		.uleb128 0x49
 1117 00e5 13       		.uleb128 0x13
 1118 00e6 00       		.byte	0
 1119 00e7 00       		.byte	0
 1120 00e8 13       		.uleb128 0x13
 1121 00e9 01       		.uleb128 0x1
 1122 00ea 01       		.byte	0x1
 1123 00eb 49       		.uleb128 0x49
 1124 00ec 13       		.uleb128 0x13
 1125 00ed 01       		.uleb128 0x1
 1126 00ee 13       		.uleb128 0x13
 1127 00ef 00       		.byte	0
 1128 00f0 00       		.byte	0
 1129 00f1 14       		.uleb128 0x14
 1130 00f2 21       		.uleb128 0x21
 1131 00f3 00       		.byte	0
 1132 00f4 49       		.uleb128 0x49
 1133 00f5 13       		.uleb128 0x13
 1134 00f6 2F       		.uleb128 0x2f
 1135 00f7 0B       		.uleb128 0xb
 1136 00f8 00       		.byte	0
 1137 00f9 00       		.byte	0
 1138 00fa 15       		.uleb128 0x15
 1139 00fb 2E       		.uleb128 0x2e
 1140 00fc 00       		.byte	0
ARM GAS  /tmp/ccRfQBYe.s 			page 21


 1141 00fd 03       		.uleb128 0x3
 1142 00fe 0E       		.uleb128 0xe
 1143 00ff 3A       		.uleb128 0x3a
 1144 0100 0B       		.uleb128 0xb
 1145 0101 3B       		.uleb128 0x3b
 1146 0102 0B       		.uleb128 0xb
 1147 0103 27       		.uleb128 0x27
 1148 0104 0C       		.uleb128 0xc
 1149 0105 20       		.uleb128 0x20
 1150 0106 0B       		.uleb128 0xb
 1151 0107 00       		.byte	0
 1152 0108 00       		.byte	0
 1153 0109 16       		.uleb128 0x16
 1154 010a 2E       		.uleb128 0x2e
 1155 010b 01       		.byte	0x1
 1156 010c 3F       		.uleb128 0x3f
 1157 010d 0C       		.uleb128 0xc
 1158 010e 03       		.uleb128 0x3
 1159 010f 0E       		.uleb128 0xe
 1160 0110 3A       		.uleb128 0x3a
 1161 0111 0B       		.uleb128 0xb
 1162 0112 3B       		.uleb128 0x3b
 1163 0113 0B       		.uleb128 0xb
 1164 0114 27       		.uleb128 0x27
 1165 0115 0C       		.uleb128 0xc
 1166 0116 11       		.uleb128 0x11
 1167 0117 01       		.uleb128 0x1
 1168 0118 12       		.uleb128 0x12
 1169 0119 01       		.uleb128 0x1
 1170 011a 40       		.uleb128 0x40
 1171 011b 06       		.uleb128 0x6
 1172 011c 9742     		.uleb128 0x2117
 1173 011e 0C       		.uleb128 0xc
 1174 011f 01       		.uleb128 0x1
 1175 0120 13       		.uleb128 0x13
 1176 0121 00       		.byte	0
 1177 0122 00       		.byte	0
 1178 0123 17       		.uleb128 0x17
 1179 0124 1D       		.uleb128 0x1d
 1180 0125 00       		.byte	0
 1181 0126 31       		.uleb128 0x31
 1182 0127 13       		.uleb128 0x13
 1183 0128 52       		.uleb128 0x52
 1184 0129 01       		.uleb128 0x1
 1185 012a 55       		.uleb128 0x55
 1186 012b 06       		.uleb128 0x6
 1187 012c 58       		.uleb128 0x58
 1188 012d 0B       		.uleb128 0xb
 1189 012e 59       		.uleb128 0x59
 1190 012f 0B       		.uleb128 0xb
 1191 0130 00       		.byte	0
 1192 0131 00       		.byte	0
 1193 0132 18       		.uleb128 0x18
 1194 0133 2E       		.uleb128 0x2e
 1195 0134 00       		.byte	0
 1196 0135 3F       		.uleb128 0x3f
 1197 0136 0C       		.uleb128 0xc
ARM GAS  /tmp/ccRfQBYe.s 			page 22


 1198 0137 03       		.uleb128 0x3
 1199 0138 0E       		.uleb128 0xe
 1200 0139 3A       		.uleb128 0x3a
 1201 013a 0B       		.uleb128 0xb
 1202 013b 3B       		.uleb128 0x3b
 1203 013c 0B       		.uleb128 0xb
 1204 013d 27       		.uleb128 0x27
 1205 013e 0C       		.uleb128 0xc
 1206 013f 11       		.uleb128 0x11
 1207 0140 01       		.uleb128 0x1
 1208 0141 12       		.uleb128 0x12
 1209 0142 01       		.uleb128 0x1
 1210 0143 40       		.uleb128 0x40
 1211 0144 06       		.uleb128 0x6
 1212 0145 9742     		.uleb128 0x2117
 1213 0147 0C       		.uleb128 0xc
 1214 0148 00       		.byte	0
 1215 0149 00       		.byte	0
 1216 014a 19       		.uleb128 0x19
 1217 014b 34       		.uleb128 0x34
 1218 014c 00       		.byte	0
 1219 014d 03       		.uleb128 0x3
 1220 014e 08       		.uleb128 0x8
 1221 014f 3A       		.uleb128 0x3a
 1222 0150 0B       		.uleb128 0xb
 1223 0151 3B       		.uleb128 0x3b
 1224 0152 05       		.uleb128 0x5
 1225 0153 49       		.uleb128 0x49
 1226 0154 13       		.uleb128 0x13
 1227 0155 3F       		.uleb128 0x3f
 1228 0156 0C       		.uleb128 0xc
 1229 0157 3C       		.uleb128 0x3c
 1230 0158 0C       		.uleb128 0xc
 1231 0159 00       		.byte	0
 1232 015a 00       		.byte	0
 1233 015b 00       		.byte	0
 1234              		.section	.debug_loc,"",%progbits
 1235              	.Ldebug_loc0:
 1236              	.LLST0:
 1237 0000 00000000 		.4byte	.LFB78
 1238 0004 04000000 		.4byte	.LCFI0
 1239 0008 0200     		.2byte	0x2
 1240 000a 7D       		.byte	0x7d
 1241 000b 00       		.sleb128 0
 1242 000c 04000000 		.4byte	.LCFI0
 1243 0010 74000000 		.4byte	.LFE78
 1244 0014 0200     		.2byte	0x2
 1245 0016 7D       		.byte	0x7d
 1246 0017 08       		.sleb128 8
 1247 0018 00000000 		.4byte	0
 1248 001c 00000000 		.4byte	0
 1249              	.LLST1:
 1250 0020 00000000 		.4byte	.LFB79
 1251 0024 08000000 		.4byte	.LCFI1
 1252 0028 0200     		.2byte	0x2
 1253 002a 7D       		.byte	0x7d
 1254 002b 00       		.sleb128 0
ARM GAS  /tmp/ccRfQBYe.s 			page 23


 1255 002c 08000000 		.4byte	.LCFI1
 1256 0030 84000000 		.4byte	.LFE79
 1257 0034 0200     		.2byte	0x2
 1258 0036 7D       		.byte	0x7d
 1259 0037 04       		.sleb128 4
 1260 0038 00000000 		.4byte	0
 1261 003c 00000000 		.4byte	0
 1262              		.section	.debug_aranges,"",%progbits
 1263 0000 24000000 		.4byte	0x24
 1264 0004 0200     		.2byte	0x2
 1265 0006 00000000 		.4byte	.Ldebug_info0
 1266 000a 04       		.byte	0x4
 1267 000b 00       		.byte	0
 1268 000c 0000     		.2byte	0
 1269 000e 0000     		.2byte	0
 1270 0010 00000000 		.4byte	.LFB78
 1271 0014 74000000 		.4byte	.LFE78-.LFB78
 1272 0018 00000000 		.4byte	.LFB79
 1273 001c 84000000 		.4byte	.LFE79-.LFB79
 1274 0020 00000000 		.4byte	0
 1275 0024 00000000 		.4byte	0
 1276              		.section	.debug_ranges,"",%progbits
 1277              	.Ldebug_ranges0:
 1278 0000 22000000 		.4byte	.LBB4
 1279 0004 24000000 		.4byte	.LBE4
 1280 0008 26000000 		.4byte	.LBB7
 1281 000c 64000000 		.4byte	.LBE7
 1282 0010 00000000 		.4byte	0
 1283 0014 00000000 		.4byte	0
 1284 0018 00000000 		.4byte	.LFB78
 1285 001c 74000000 		.4byte	.LFE78
 1286 0020 00000000 		.4byte	.LFB79
 1287 0024 84000000 		.4byte	.LFE79
 1288 0028 00000000 		.4byte	0
 1289 002c 00000000 		.4byte	0
 1290              		.section	.debug_line,"",%progbits
 1291              	.Ldebug_line0:
 1292 0000 CC010000 		.section	.debug_str,"MS",%progbits,1
 1292      02006001 
 1292      00000201 
 1292      FB0E0D00 
 1292      01010101 
 1293              	.LASF30:
 1294 0000 41504231 		.ascii	"APB1RSTR\000"
 1294      52535452 
 1294      00
 1295              	.LASF16:
 1296 0009 65706D61 		.ascii	"epmask\000"
 1296      736B00
 1297              	.LASF14:
 1298 0010 73746174 		.ascii	"state\000"
 1298      6500
 1299              	.LASF3:
 1300 0016 73686F72 		.ascii	"short int\000"
 1300      7420696E 
 1300      7400
 1301              	.LASF21:
ARM GAS  /tmp/ccRfQBYe.s 			page 24


 1302 0020 73697A65 		.ascii	"sizetype\000"
 1302      74797065 
 1302      00
 1303              	.LASF34:
 1304 0029 42444352 		.ascii	"BDCR\000"
 1304      00
 1305              	.LASF53:
 1306 002e 6E696C5F 		.ascii	"nil_system_t\000"
 1306      73797374 
 1306      656D5F74 
 1306      00
 1307              	.LASF27:
 1308 003b 5057525F 		.ascii	"PWR_TypeDef\000"
 1308      54797065 
 1308      44656600 
 1309              	.LASF19:
 1310 0047 6576656E 		.ascii	"eventmask_t\000"
 1310      746D6173 
 1310      6B5F7400 
 1311              	.LASF41:
 1312 0053 6E696C5F 		.ascii	"nil_thread\000"
 1312      74687265 
 1312      616400
 1313              	.LASF22:
 1314 005e 4B455952 		.ascii	"KEYR\000"
 1314      00
 1315              	.LASF28:
 1316 0063 43464752 		.ascii	"CFGR\000"
 1316      00
 1317              	.LASF40:
 1318 0068 72656761 		.ascii	"regarm_t\000"
 1318      726D5F74 
 1318      00
 1319              	.LASF60:
 1320 0071 73746D33 		.ascii	"stm32_clock_init\000"
 1320      325F636C 
 1320      6F636B5F 
 1320      696E6974 
 1320      00
 1321              	.LASF4:
 1322 0082 75696E74 		.ascii	"uint8_t\000"
 1322      385F7400 
 1323              	.LASF33:
 1324 008a 41504231 		.ascii	"APB1ENR\000"
 1324      454E5200 
 1325              	.LASF44:
 1326 0092 73656D61 		.ascii	"semaphore_t\000"
 1326      70686F72 
 1326      655F7400 
 1327              	.LASF58:
 1328 009e 68616C5F 		.ascii	"hal_lld_backup_domain_init\000"
 1328      6C6C645F 
 1328      6261636B 
 1328      75705F64 
 1328      6F6D6169 
 1329              	.LASF32:
 1330 00b9 41504232 		.ascii	"APB2ENR\000"
ARM GAS  /tmp/ccRfQBYe.s 			page 25


 1330      454E5200 
 1331              	.LASF51:
 1332 00c1 73797374 		.ascii	"systime\000"
 1332      696D6500 
 1333              	.LASF52:
 1334 00c9 74687265 		.ascii	"threads\000"
 1334      61647300 
 1335              	.LASF23:
 1336 00d1 4F50544B 		.ascii	"OPTKEYR\000"
 1336      45595200 
 1337              	.LASF35:
 1338 00d9 41484252 		.ascii	"AHBRSTR\000"
 1338      53545200 
 1339              	.LASF11:
 1340 00e1 6C6F6E67 		.ascii	"long long int\000"
 1340      206C6F6E 
 1340      6720696E 
 1340      7400
 1341              	.LASF8:
 1342 00ef 6C6F6E67 		.ascii	"long int\000"
 1342      20696E74 
 1342      00
 1343              	.LASF38:
 1344 00f8 5243435F 		.ascii	"RCC_TypeDef\000"
 1344      54797065 
 1344      44656600 
 1345              	.LASF31:
 1346 0104 41484245 		.ascii	"AHBENR\000"
 1346      4E5200
 1347              	.LASF29:
 1348 010b 41504232 		.ascii	"APB2RSTR\000"
 1348      52535452 
 1348      00
 1349              	.LASF25:
 1350 0114 57525052 		.ascii	"WRPR\000"
 1350      00
 1351              	.LASF57:
 1352 0119 2F6D6564 		.ascii	"/media/data/src/OpenTCS/code\000"
 1352      69612F64 
 1352      6174612F 
 1352      7372632F 
 1352      4F70656E 
 1353              	.LASF55:
 1354 0136 474E5520 		.ascii	"GNU C 4.7.3 20130312 (release) [ARM/embedded-4_7-br"
 1354      4320342E 
 1354      372E3320 
 1354      32303133 
 1354      30333132 
 1355 0169 616E6368 		.ascii	"anch revision 196615]\000"
 1355      20726576 
 1355      6973696F 
 1355      6E203139 
 1355      36363135 
 1356              	.LASF2:
 1357 017f 756E7369 		.ascii	"unsigned char\000"
 1357      676E6564 
 1357      20636861 
ARM GAS  /tmp/ccRfQBYe.s 			page 26


 1357      7200
 1358              	.LASF48:
 1359 018d 65776D61 		.ascii	"ewmask\000"
 1359      736B00
 1360              	.LASF1:
 1361 0194 7369676E 		.ascii	"signed char\000"
 1361      65642063 
 1361      68617200 
 1362              	.LASF12:
 1363 01a0 6C6F6E67 		.ascii	"long long unsigned int\000"
 1363      206C6F6E 
 1363      6720756E 
 1363      7369676E 
 1363      65642069 
 1364              	.LASF9:
 1365 01b7 75696E74 		.ascii	"uint32_t\000"
 1365      33325F74 
 1365      00
 1366              	.LASF0:
 1367 01c0 756E7369 		.ascii	"unsigned int\000"
 1367      676E6564 
 1367      20696E74 
 1367      00
 1368              	.LASF36:
 1369 01cd 43464752 		.ascii	"CFGR2\000"
 1369      3200
 1370              	.LASF37:
 1371 01d3 43464752 		.ascii	"CFGR3\000"
 1371      3300
 1372              	.LASF59:
 1373 01d9 68616C5F 		.ascii	"hal_lld_init\000"
 1373      6C6C645F 
 1373      696E6974 
 1373      00
 1374              	.LASF6:
 1375 01e6 73686F72 		.ascii	"short unsigned int\000"
 1375      7420756E 
 1375      7369676E 
 1375      65642069 
 1375      6E7400
 1376              	.LASF13:
 1377 01f9 63747870 		.ascii	"ctxp\000"
 1377      00
 1378              	.LASF39:
 1379 01fe 73797374 		.ascii	"systime_t\000"
 1379      696D655F 
 1379      7400
 1380              	.LASF45:
 1381 0208 63686172 		.ascii	"char\000"
 1381      00
 1382              	.LASF5:
 1383 020d 75696E74 		.ascii	"uint16_t\000"
 1383      31365F74 
 1383      00
 1384              	.LASF7:
 1385 0216 696E7433 		.ascii	"int32_t\000"
 1385      325F7400 
ARM GAS  /tmp/ccRfQBYe.s 			page 27


 1386              	.LASF20:
 1387 021e 636E745F 		.ascii	"cnt_t\000"
 1387      7400
 1388              	.LASF54:
 1389 0224 5F426F6F 		.ascii	"_Bool\000"
 1389      6C00
 1390              	.LASF10:
 1391 022a 6C6F6E67 		.ascii	"long unsigned int\000"
 1391      20756E73 
 1391      69676E65 
 1391      6420696E 
 1391      7400
 1392              	.LASF42:
 1393 023c 706F7274 		.ascii	"port_intctx\000"
 1393      5F696E74 
 1393      63747800 
 1394              	.LASF47:
 1395 0248 73656D70 		.ascii	"semp\000"
 1395      00
 1396              	.LASF46:
 1397 024d 74687265 		.ascii	"thread_reference_t\000"
 1397      61645F72 
 1397      65666572 
 1397      656E6365 
 1397      5F7400
 1398              	.LASF17:
 1399 0260 74737461 		.ascii	"tstate_t\000"
 1399      74655F74 
 1399      00
 1400              	.LASF43:
 1401 0269 696E7463 		.ascii	"intctx_t\000"
 1401      74785F74 
 1401      00
 1402              	.LASF56:
 1403 0272 2E2F6F73 		.ascii	"./os/hal/ports/STM32F0xx/hal_lld.c\000"
 1403      2F68616C 
 1403      2F706F72 
 1403      74732F53 
 1403      544D3332 
 1404              	.LASF49:
 1405 0295 63757272 		.ascii	"current\000"
 1405      656E7400 
 1406              	.LASF24:
 1407 029d 52455345 		.ascii	"RESERVED\000"
 1407      52564544 
 1407      00
 1408              	.LASF26:
 1409 02a6 464C4153 		.ascii	"FLASH_TypeDef\000"
 1409      485F5479 
 1409      70654465 
 1409      6600
 1410              	.LASF18:
 1411 02b4 6D73675F 		.ascii	"msg_t\000"
 1411      7400
 1412              	.LASF15:
 1413 02ba 74696D65 		.ascii	"timeout\000"
 1413      6F757400 
ARM GAS  /tmp/ccRfQBYe.s 			page 28


 1414              	.LASF50:
 1415 02c2 6E657874 		.ascii	"next\000"
 1415      00
 1416              		.ident	"GCC: (GNU Tools for ARM Embedded Processors) 4.7.3 20130312 (release) [ARM/embedded-4_7-br
ARM GAS  /tmp/ccRfQBYe.s 			page 29


DEFINED SYMBOLS
                            *ABS*:00000000 hal_lld.c
     /tmp/ccRfQBYe.s:18     .text.hal_lld_init:00000000 $t
     /tmp/ccRfQBYe.s:23     .text.hal_lld_init:00000000 hal_lld_init
     /tmp/ccRfQBYe.s:112    .text.hal_lld_init:00000068 $d
     /tmp/ccRfQBYe.s:119    .text.stm32_clock_init:00000000 $t
     /tmp/ccRfQBYe.s:124    .text.stm32_clock_init:00000000 stm32_clock_init
     /tmp/ccRfQBYe.s:225    .text.stm32_clock_init:0000007c $d
                     .debug_frame:00000010 $d

NO UNDEFINED SYMBOLS
