ARM GAS  /tmp/ccmKV0BV.s 			page 1


   1              		.cpu cortex-m0
   2              		.fpu softvfp
   3              		.eabi_attribute 20, 1
   4              		.eabi_attribute 21, 1
   5              		.eabi_attribute 23, 3
   6              		.eabi_attribute 24, 1
   7              		.eabi_attribute 25, 1
   8              		.eabi_attribute 26, 1
   9              		.eabi_attribute 30, 4
  10              		.eabi_attribute 34, 0
  11              		.eabi_attribute 18, 4
  12              		.code	16
  13              		.file	"menu.c"
  14              		.text
  15              	.Ltext0:
  16              		.cfi_sections	.debug_frame
  17              		.section	.text.drawMenu,"ax",%progbits
  18              		.align	1
  19              		.global	drawMenu
  20              		.code	16
  21              		.thumb_func
  22              		.type	drawMenu, %function
  23              	drawMenu:
  24              	.LFB77:
  25              		.file 1 "src/menu.c"
  26              		.loc 1 31 0
  27              		.cfi_startproc
  28              	.LVL0:
  29 0000 F0B5     		push	{r4, r5, r6, r7, lr}
  30              	.LCFI0:
  31              		.cfi_def_cfa_offset 20
  32              		.cfi_offset 4, -20
  33              		.cfi_offset 5, -16
  34              		.cfi_offset 6, -12
  35              		.cfi_offset 7, -8
  36              		.cfi_offset 14, -4
  37 0002 87B0     		sub	sp, sp, #28
  38              	.LCFI1:
  39              		.cfi_def_cfa_offset 48
  40              		.loc 1 31 0
  41 0004 061C     		mov	r6, r0
  42 0006 0491     		str	r1, [sp, #16]
  43              		.loc 1 34 0
  44 0008 FFF7FEFF 		bl	ssd1306ClearScreen
  45              	.LVL1:
  46              		.loc 1 35 0
  47 000c 2E4C     		ldr	r4, .L18
  48 000e 0020     		mov	r0, #0
  49 0010 6168     		ldr	r1, [r4, #4]
  50 0012 2368     		ldr	r3, [r4]
  51 0014 0091     		str	r1, [sp]
  52 0016 3268     		ldr	r2, [r6]
  53 0018 011C     		mov	r1, r0
  54 001a FFF7FEFF 		bl	ssd1306DrawString
  55              	.LVL2:
  56              		.loc 1 37 0
  57 001e 0025     		mov	r5, #0
ARM GAS  /tmp/ccmKV0BV.s 			page 2


  58              	.LVL3:
  59              	.L2:
  60              		.loc 1 37 0 is_stmt 0 discriminator 1
  61 0020 B288     		ldrh	r2, [r6, #4]
  62 0022 0623     		mov	r3, #6
  63 0024 052A     		cmp	r2, #5
  64 0026 00DC     		bgt	.L11
  65 0028 531C     		add	r3, r2, #1
  66              	.L11:
  67              		.loc 1 37 0 discriminator 3
  68 002a 9D42     		cmp	r5, r3
  69 002c 4ADA     		bge	.L1
  70              	.L12:
  71              		.loc 1 30 0 is_stmt 1
  72 002e EF00     		lsl	r7, r5, #3
  73              		.loc 1 40 0
  74 0030 6A46     		mov	r2, sp
  75 0032 1021     		mov	r1, #16
  76              		.loc 1 30 0
  77 0034 781B     		sub	r0, r7, r5
  78              		.loc 1 40 0
  79 0036 8B5A     		ldrh	r3, [r1, r2]
  80              		.loc 1 30 0
  81 0038 0130     		add	r0, r0, #1
  82 003a C7B2     		uxtb	r7, r0
  83              	.LVL4:
  84              		.loc 1 40 0
  85 003c 18B2     		sxth	r0, r3
  86              	.LVL5:
  87 003e 0528     		cmp	r0, #5
  88 0040 00DA     		bge	.L4
  89 0042 0523     		mov	r3, #5
  90              	.L4:
  91 0044 1AB2     		sxth	r2, r3
  92 0046 9542     		cmp	r5, r2
  93 0048 3CDC     		bgt	.L1
  94              		.loc 1 44 0
  95 004a 0499     		ldr	r1, [sp, #16]
  96 004c 0529     		cmp	r1, #5
  97 004e 10DC     		bgt	.L5
  98              		.loc 1 46 0
  99 0050 A942     		cmp	r1, r5
 100 0052 07D1     		bne	.L6
 101              		.loc 1 46 0 is_stmt 0 discriminator 1
 102 0054 6068     		ldr	r0, [r4, #4]
 103 0056 2368     		ldr	r3, [r4]
 104 0058 0090     		str	r0, [sp]
 105 005a 391C     		mov	r1, r7
 106 005c 0020     		mov	r0, #0
 107 005e 3E22     		mov	r2, #62
 108 0060 FFF7FEFF 		bl	ssd1306DrawChar
 109              	.LVL6:
 110              	.L6:
 111              		.loc 1 47 0 is_stmt 1
 112 0064 B388     		ldrh	r3, [r6, #4]
 113 0066 049A     		ldr	r2, [sp, #16]
 114 0068 9A42     		cmp	r2, r3
ARM GAS  /tmp/ccmKV0BV.s 			page 3


 115 006a 15DC     		bgt	.L16
 116              	.L7:
 117              		.loc 1 53 0
 118 006c 0C22     		mov	r2, #12
 119 006e 6A43     		mul	r2, r5
 120 0070 1CE0     		b	.L15
 121              	.L5:
 122              		.loc 1 58 0
 123 0072 0498     		ldr	r0, [sp, #16]
 124 0074 049A     		ldr	r2, [sp, #16]
 125 0076 0538     		sub	r0, r0, #5
 126 0078 2B18     		add	r3, r5, r0
 127 007a 0393     		str	r3, [sp, #12]
 128 007c 9A42     		cmp	r2, r3
 129 007e 07D1     		bne	.L9
 130              		.loc 1 58 0 is_stmt 0 discriminator 1
 131 0080 6168     		ldr	r1, [r4, #4]
 132 0082 2368     		ldr	r3, [r4]
 133 0084 0091     		str	r1, [sp]
 134 0086 0020     		mov	r0, #0
 135 0088 391C     		mov	r1, r7
 136 008a 3E22     		mov	r2, #62
 137 008c FFF7FEFF 		bl	ssd1306DrawChar
 138              	.LVL7:
 139              	.L9:
 140              		.loc 1 59 0 is_stmt 1
 141 0090 B088     		ldrh	r0, [r6, #4]
 142 0092 049B     		ldr	r3, [sp, #16]
 143 0094 8342     		cmp	r3, r0
 144 0096 06DD     		ble	.L10
 145              	.L16:
 146              		.loc 1 61 0
 147 0098 6368     		ldr	r3, [r4, #4]
 148 009a 0720     		mov	r0, #7
 149 009c 0093     		str	r3, [sp]
 150 009e 391C     		mov	r1, r7
 151 00a0 2368     		ldr	r3, [r4]
 152 00a2 0A4A     		ldr	r2, .L18+4
 153 00a4 09E0     		b	.L14
 154              	.L10:
 155              		.loc 1 65 0
 156 00a6 0399     		ldr	r1, [sp, #12]
 157 00a8 0C22     		mov	r2, #12
 158 00aa 4A43     		mul	r2, r1
 159              	.L15:
 160 00ac B168     		ldr	r1, [r6, #8]
 161 00ae 6068     		ldr	r0, [r4, #4]
 162 00b0 2368     		ldr	r3, [r4]
 163 00b2 5258     		ldr	r2, [r2, r1]
 164 00b4 0090     		str	r0, [sp]
 165 00b6 391C     		mov	r1, r7
 166 00b8 0720     		mov	r0, #7
 167              	.LVL8:
 168              	.L14:
 169              		.loc 1 37 0
 170 00ba 0135     		add	r5, r5, #1
 171              	.LVL9:
ARM GAS  /tmp/ccmKV0BV.s 			page 4


 172              		.loc 1 65 0
 173 00bc FFF7FEFF 		bl	ssd1306DrawString
 174              	.LVL10:
 175              		.loc 1 37 0
 176 00c0 EDB2     		uxtb	r5, r5
 177              	.LVL11:
 178 00c2 ADE7     		b	.L2
 179              	.LVL12:
 180              	.L1:
 181              		.loc 1 71 0
 182 00c4 07B0     		add	sp, sp, #28
 183              		@ sp needed for prologue
 184              	.LVL13:
 185              	.LVL14:
 186 00c6 F0BD     		pop	{r4, r5, r6, r7, pc}
 187              	.L19:
 188              		.align	2
 189              	.L18:
 190 00c8 00000000 		.word	Font_System5x8
 191 00cc 00000000 		.word	.LC1
 192              		.cfi_endproc
 193              	.LFE77:
 194              		.size	drawMenu, .-drawMenu
 195              		.section	.text.openMenu,"ax",%progbits
 196              		.align	1
 197              		.global	openMenu
 198              		.code	16
 199              		.thumb_func
 200              		.type	openMenu, %function
 201              	openMenu:
 202              	.LFB78:
 203              		.loc 1 75 0
 204              		.cfi_startproc
 205              	.LVL15:
 206 0000 70B5     		push	{r4, r5, r6, lr}
 207              	.LCFI2:
 208              		.cfi_def_cfa_offset 16
 209              		.cfi_offset 4, -16
 210              		.cfi_offset 5, -12
 211              		.cfi_offset 6, -8
 212              		.cfi_offset 14, -4
 213              		.loc 1 75 0
 214 0002 051C     		mov	r5, r0
 215              		.loc 1 78 0
 216 0004 FA20     		mov	r0, #250
 217              	.LVL16:
 218 0006 FFF7FEFF 		bl	chThdSleep
 219              	.LVL17:
 220              		.loc 1 79 0
 221 000a 281C     		mov	r0, r5
 222 000c 0021     		mov	r1, #0
 223 000e FFF7FEFF 		bl	drawMenu
 224              	.LVL18:
 225              		.loc 1 76 0
 226 0012 0024     		mov	r4, #0
 227              	.LVL19:
 228              	.L29:
ARM GAS  /tmp/ccmKV0BV.s 			page 5


 229              		.loc 1 82 0
 230 0014 1C4B     		ldr	r3, .L36
 231 0016 1A69     		ldr	r2, [r3, #16]
 232 0018 1104     		lsl	r1, r2, #16
 233 001a 07D4     		bmi	.L21
 234              		.loc 1 84 0
 235 001c 631E     		sub	r3, r4, #1
 236              	.LVL20:
 237              		.loc 1 85 0
 238 001e DCB2     		uxtb	r4, r3
 239 0020 1A06     		lsl	r2, r3, #24
 240 0022 11D5     		bpl	.L35
 241              		.loc 1 87 0
 242 0024 2E79     		ldrb	r6, [r5, #4]
 243 0026 0136     		add	r6, r6, #1
 244 0028 F4B2     		uxtb	r4, r6
 245              	.LVL21:
 246 002a 0DE0     		b	.L35
 247              	.LVL22:
 248              	.L21:
 249              		.loc 1 91 0
 250 002c 1869     		ldr	r0, [r3, #16]
 251 002e 4104     		lsl	r1, r0, #17
 252 0030 0CD4     		bmi	.L24
 253              		.loc 1 93 0
 254 0032 0134     		add	r4, r4, #1
 255              	.LVL23:
 256              		.loc 1 94 0
 257 0034 A988     		ldrh	r1, [r5, #4]
 258              		.loc 1 93 0
 259 0036 E6B2     		uxtb	r6, r4
 260              		.loc 1 94 0
 261 0038 72B2     		sxtb	r2, r6
 262 003a 0131     		add	r1, r1, #1
 263              		.loc 1 96 0
 264 003c D40F     		lsr	r4, r2, #31
 265              	.LVL24:
 266 003e C817     		asr	r0, r1, #31
 267 0040 9142     		cmp	r1, r2
 268 0042 4441     		adc	r4, r4, r0
 269 0044 6442     		neg	r4, r4
 270 0046 3440     		and	r4, r6
 271              	.L35:
 272              	.LVL25:
 273              		.loc 1 98 0
 274 0048 61B2     		sxtb	r1, r4
 275 004a 15E0     		b	.L34
 276              	.L24:
 277              		.loc 1 100 0
 278 004c 1969     		ldr	r1, [r3, #16]
 279 004e 8A04     		lsl	r2, r1, #18
 280 0050 15D4     		bmi	.L23
 281              		.loc 1 102 0
 282 0052 AB88     		ldrh	r3, [r5, #4]
 283 0054 66B2     		sxtb	r6, r4
 284 0056 9E42     		cmp	r6, r3
 285 0058 15DC     		bgt	.L20
ARM GAS  /tmp/ccmKV0BV.s 			page 6


 286              		.loc 1 106 0
 287 005a 0C22     		mov	r2, #12
 288 005c 7243     		mul	r2, r6
 289 005e A868     		ldr	r0, [r5, #8]
 290 0060 8118     		add	r1, r0, r2
 291 0062 4B68     		ldr	r3, [r1, #4]
 292 0064 002B     		cmp	r3, #0
 293 0066 01D0     		beq	.L27
 294              		.loc 1 108 0
 295 0068 9847     		blx	r3
 296              	.LVL26:
 297 006a 04E0     		b	.L28
 298              	.L27:
 299              		.loc 1 110 0
 300 006c 8868     		ldr	r0, [r1, #8]
 301 006e 0028     		cmp	r0, #0
 302 0070 01D0     		beq	.L28
 303              		.loc 1 112 0
 304 0072 FFF7FEFF 		bl	openMenu
 305              	.LVL27:
 306              	.L28:
 307              		.loc 1 114 0
 308 0076 311C     		mov	r1, r6
 309              	.LVL28:
 310              	.L34:
 311 0078 281C     		mov	r0, r5
 312 007a FFF7FEFF 		bl	drawMenu
 313              	.LVL29:
 314              	.L23:
 315              		.loc 1 116 0
 316 007e 0348     		ldr	r0, .L36+4
 317 0080 FFF7FEFF 		bl	chThdSleep
 318              	.LVL30:
 319              		.loc 1 117 0
 320 0084 C6E7     		b	.L29
 321              	.L20:
 322              		.loc 1 120 0
 323              		@ sp needed for prologue
 324              	.LVL31:
 325              	.LVL32:
 326 0086 70BD     		pop	{r4, r5, r6, pc}
 327              	.L37:
 328              		.align	2
 329              	.L36:
 330 0088 00080048 		.word	1207961600
 331 008c E2040000 		.word	1250
 332              		.cfi_endproc
 333              	.LFE78:
 334              		.size	openMenu, .-openMenu
 335              		.section	.rodata.str1.1,"aMS",%progbits,1
 336              	.LC1:
 337 0000 476F2042 		.ascii	"Go Back\000"
 337      61636B00 
 338              		.text
 339              	.Letext0:
 340              		.file 2 "./os/nil/include/nil.h"
 341              		.file 3 "/media/data/src/x-tools/gcc-arm-none-eabi-4_7-2013q1/bin/../lib/gcc/arm-none-eabi/4.7.3/.
ARM GAS  /tmp/ccmKV0BV.s 			page 7


 342              		.file 4 "./os/nil/ports/ARMCMx/compilers/GCC/niltypes.h"
 343              		.file 5 "./os/nil/ports/ARMCMx/nilcore.h"
 344              		.file 6 "./os/nil/ports/ARMCMx/nilcore_v6m.h"
 345              		.file 7 "inc/smallfonts.h"
 346              		.file 8 "./os/hal/ports/STM32/GPIOv2/pal_lld.h"
 347              		.file 9 "inc/menu.h"
 348              		.file 10 "inc/ssd1306.h"
 349              		.section	.debug_info,"",%progbits
 350              	.Ldebug_info0:
 351 0000 B2060000 		.4byte	0x6b2
 352 0004 0200     		.2byte	0x2
 353 0006 00000000 		.4byte	.Ldebug_abbrev0
 354 000a 04       		.byte	0x4
 355 000b 01       		.uleb128 0x1
 356 000c 79010000 		.4byte	.LASF72
 357 0010 01       		.byte	0x1
 358 0011 22030000 		.4byte	.LASF73
 359 0015 4E010000 		.4byte	.LASF74
 360 0019 00000000 		.4byte	.Ldebug_ranges0+0
 361 001d 00000000 		.4byte	0
 362 0021 00000000 		.4byte	0
 363 0025 00000000 		.4byte	.Ldebug_line0
 364 0029 02       		.uleb128 0x2
 365 002a 80000000 		.4byte	.LASF25
 366 002e 14       		.byte	0x14
 367 002f 02       		.byte	0x2
 368 0030 1E01     		.2byte	0x11e
 369 0032 81000000 		.4byte	0x81
 370 0036 03       		.uleb128 0x3
 371 0037 2B010000 		.4byte	.LASF0
 372 003b 02       		.byte	0x2
 373 003c 1F01     		.2byte	0x11f
 374 003e 78020000 		.4byte	0x278
 375 0042 02       		.byte	0x2
 376 0043 23       		.byte	0x23
 377 0044 00       		.uleb128 0
 378 0045 03       		.uleb128 0x3
 379 0046 26000000 		.4byte	.LASF1
 380 004a 02       		.byte	0x2
 381 004b 2001     		.2byte	0x120
 382 004d FE000000 		.4byte	0xfe
 383 0051 02       		.byte	0x2
 384 0052 23       		.byte	0x23
 385 0053 04       		.uleb128 0x4
 386 0054 04       		.uleb128 0x4
 387 0055 753100   		.ascii	"u1\000"
 388 0058 02       		.byte	0x2
 389 0059 2B01     		.2byte	0x12b
 390 005b 28020000 		.4byte	0x228
 391 005f 02       		.byte	0x2
 392 0060 23       		.byte	0x23
 393 0061 08       		.uleb128 0x8
 394 0062 03       		.uleb128 0x3
 395 0063 B2020000 		.4byte	.LASF2
 396 0067 02       		.byte	0x2
 397 0068 2C01     		.2byte	0x12c
 398 006a 7E020000 		.4byte	0x27e
ARM GAS  /tmp/ccmKV0BV.s 			page 8


 399 006e 02       		.byte	0x2
 400 006f 23       		.byte	0x23
 401 0070 0C       		.uleb128 0xc
 402 0071 03       		.uleb128 0x3
 403 0072 C3020000 		.4byte	.LASF3
 404 0076 02       		.byte	0x2
 405 0077 2F01     		.2byte	0x12f
 406 0079 14010000 		.4byte	0x114
 407 007d 02       		.byte	0x2
 408 007e 23       		.byte	0x23
 409 007f 10       		.uleb128 0x10
 410 0080 00       		.byte	0
 411 0081 05       		.uleb128 0x5
 412 0082 04       		.byte	0x4
 413 0083 05       		.byte	0x5
 414 0084 696E7400 		.ascii	"int\000"
 415 0088 06       		.uleb128 0x6
 416 0089 04       		.byte	0x4
 417 008a 07       		.byte	0x7
 418 008b 2E020000 		.4byte	.LASF4
 419 008f 07       		.uleb128 0x7
 420 0090 54000000 		.4byte	.LASF6
 421 0094 03       		.byte	0x3
 422 0095 29       		.byte	0x29
 423 0096 9A000000 		.4byte	0x9a
 424 009a 06       		.uleb128 0x6
 425 009b 01       		.byte	0x1
 426 009c 06       		.byte	0x6
 427 009d CF000000 		.4byte	.LASF5
 428 00a1 07       		.uleb128 0x7
 429 00a2 B4000000 		.4byte	.LASF7
 430 00a6 03       		.byte	0x3
 431 00a7 2A       		.byte	0x2a
 432 00a8 AC000000 		.4byte	0xac
 433 00ac 06       		.uleb128 0x6
 434 00ad 01       		.byte	0x1
 435 00ae 08       		.byte	0x8
 436 00af DE010000 		.4byte	.LASF8
 437 00b3 06       		.uleb128 0x6
 438 00b4 02       		.byte	0x2
 439 00b5 05       		.byte	0x5
 440 00b6 2C000000 		.4byte	.LASF9
 441 00ba 07       		.uleb128 0x7
 442 00bb 3B020000 		.4byte	.LASF10
 443 00bf 03       		.byte	0x3
 444 00c0 36       		.byte	0x36
 445 00c1 C5000000 		.4byte	0xc5
 446 00c5 06       		.uleb128 0x6
 447 00c6 02       		.byte	0x2
 448 00c7 07       		.byte	0x7
 449 00c8 67020000 		.4byte	.LASF11
 450 00cc 07       		.uleb128 0x7
 451 00cd 9E020000 		.4byte	.LASF12
 452 00d1 03       		.byte	0x3
 453 00d2 4F       		.byte	0x4f
 454 00d3 D7000000 		.4byte	0xd7
 455 00d7 06       		.uleb128 0x6
ARM GAS  /tmp/ccmKV0BV.s 			page 9


 456 00d8 04       		.byte	0x4
 457 00d9 05       		.byte	0x5
 458 00da 89020000 		.4byte	.LASF13
 459 00de 07       		.uleb128 0x7
 460 00df 25020000 		.4byte	.LASF14
 461 00e3 03       		.byte	0x3
 462 00e4 50       		.byte	0x50
 463 00e5 E9000000 		.4byte	0xe9
 464 00e9 06       		.uleb128 0x6
 465 00ea 04       		.byte	0x4
 466 00eb 07       		.byte	0x7
 467 00ec D2020000 		.4byte	.LASF15
 468 00f0 06       		.uleb128 0x6
 469 00f1 08       		.byte	0x8
 470 00f2 05       		.byte	0x5
 471 00f3 66000000 		.4byte	.LASF16
 472 00f7 06       		.uleb128 0x6
 473 00f8 08       		.byte	0x8
 474 00f9 07       		.byte	0x7
 475 00fa 0E020000 		.4byte	.LASF17
 476 00fe 07       		.uleb128 0x7
 477 00ff 19030000 		.4byte	.LASF18
 478 0103 04       		.byte	0x4
 479 0104 37       		.byte	0x37
 480 0105 A1000000 		.4byte	0xa1
 481 0109 07       		.uleb128 0x7
 482 010a 48030000 		.4byte	.LASF19
 483 010e 04       		.byte	0x4
 484 010f 38       		.byte	0x38
 485 0110 CC000000 		.4byte	0xcc
 486 0114 07       		.uleb128 0x7
 487 0115 74000000 		.4byte	.LASF20
 488 0119 04       		.byte	0x4
 489 011a 39       		.byte	0x39
 490 011b DE000000 		.4byte	0xde
 491 011f 07       		.uleb128 0x7
 492 0120 A6020000 		.4byte	.LASF21
 493 0124 04       		.byte	0x4
 494 0125 3A       		.byte	0x3a
 495 0126 CC000000 		.4byte	0xcc
 496 012a 06       		.uleb128 0x6
 497 012b 04       		.byte	0x4
 498 012c 07       		.byte	0x7
 499 012d 43000000 		.4byte	.LASF22
 500 0131 08       		.uleb128 0x8
 501 0132 DE000000 		.4byte	0xde
 502 0136 07       		.uleb128 0x7
 503 0137 7A020000 		.4byte	.LASF23
 504 013b 05       		.byte	0x5
 505 013c 77       		.byte	0x77
 506 013d BA000000 		.4byte	0xba
 507 0141 07       		.uleb128 0x7
 508 0142 AB000000 		.4byte	.LASF24
 509 0146 05       		.byte	0x5
 510 0147 7D       		.byte	0x7d
 511 0148 4C010000 		.4byte	0x14c
 512 014c 09       		.uleb128 0x9
ARM GAS  /tmp/ccmKV0BV.s 			page 10


 513 014d 04       		.byte	0x4
 514 014e 0A       		.uleb128 0xa
 515 014f F5020000 		.4byte	.LASF26
 516 0153 24       		.byte	0x24
 517 0154 06       		.byte	0x6
 518 0155 A4       		.byte	0xa4
 519 0156 D2010000 		.4byte	0x1d2
 520 015a 0B       		.uleb128 0xb
 521 015b 723800   		.ascii	"r8\000"
 522 015e 06       		.byte	0x6
 523 015f A5       		.byte	0xa5
 524 0160 41010000 		.4byte	0x141
 525 0164 02       		.byte	0x2
 526 0165 23       		.byte	0x23
 527 0166 00       		.uleb128 0
 528 0167 0B       		.uleb128 0xb
 529 0168 723900   		.ascii	"r9\000"
 530 016b 06       		.byte	0x6
 531 016c A6       		.byte	0xa6
 532 016d 41010000 		.4byte	0x141
 533 0171 02       		.byte	0x2
 534 0172 23       		.byte	0x23
 535 0173 04       		.uleb128 0x4
 536 0174 0B       		.uleb128 0xb
 537 0175 72313000 		.ascii	"r10\000"
 538 0179 06       		.byte	0x6
 539 017a A7       		.byte	0xa7
 540 017b 41010000 		.4byte	0x141
 541 017f 02       		.byte	0x2
 542 0180 23       		.byte	0x23
 543 0181 08       		.uleb128 0x8
 544 0182 0B       		.uleb128 0xb
 545 0183 72313100 		.ascii	"r11\000"
 546 0187 06       		.byte	0x6
 547 0188 A8       		.byte	0xa8
 548 0189 41010000 		.4byte	0x141
 549 018d 02       		.byte	0x2
 550 018e 23       		.byte	0x23
 551 018f 0C       		.uleb128 0xc
 552 0190 0B       		.uleb128 0xb
 553 0191 723400   		.ascii	"r4\000"
 554 0194 06       		.byte	0x6
 555 0195 A9       		.byte	0xa9
 556 0196 41010000 		.4byte	0x141
 557 019a 02       		.byte	0x2
 558 019b 23       		.byte	0x23
 559 019c 10       		.uleb128 0x10
 560 019d 0B       		.uleb128 0xb
 561 019e 723500   		.ascii	"r5\000"
 562 01a1 06       		.byte	0x6
 563 01a2 AA       		.byte	0xaa
 564 01a3 41010000 		.4byte	0x141
 565 01a7 02       		.byte	0x2
 566 01a8 23       		.byte	0x23
 567 01a9 14       		.uleb128 0x14
 568 01aa 0B       		.uleb128 0xb
 569 01ab 723600   		.ascii	"r6\000"
ARM GAS  /tmp/ccmKV0BV.s 			page 11


 570 01ae 06       		.byte	0x6
 571 01af AB       		.byte	0xab
 572 01b0 41010000 		.4byte	0x141
 573 01b4 02       		.byte	0x2
 574 01b5 23       		.byte	0x23
 575 01b6 18       		.uleb128 0x18
 576 01b7 0B       		.uleb128 0xb
 577 01b8 723700   		.ascii	"r7\000"
 578 01bb 06       		.byte	0x6
 579 01bc AC       		.byte	0xac
 580 01bd 41010000 		.4byte	0x141
 581 01c1 02       		.byte	0x2
 582 01c2 23       		.byte	0x23
 583 01c3 1C       		.uleb128 0x1c
 584 01c4 0B       		.uleb128 0xb
 585 01c5 6C7200   		.ascii	"lr\000"
 586 01c8 06       		.byte	0x6
 587 01c9 AD       		.byte	0xad
 588 01ca 41010000 		.4byte	0x141
 589 01ce 02       		.byte	0x2
 590 01cf 23       		.byte	0x23
 591 01d0 20       		.uleb128 0x20
 592 01d1 00       		.byte	0
 593 01d2 07       		.uleb128 0x7
 594 01d3 2D030000 		.4byte	.LASF27
 595 01d7 02       		.byte	0x2
 596 01d8 F3       		.byte	0xf3
 597 01d9 4E010000 		.4byte	0x14e
 598 01dd 0C       		.uleb128 0xc
 599 01de 04       		.byte	0x4
 600 01df 02       		.byte	0x2
 601 01e0 F8       		.byte	0xf8
 602 01e1 F4010000 		.4byte	0x1f4
 603 01e5 0B       		.uleb128 0xb
 604 01e6 636E7400 		.ascii	"cnt\000"
 605 01ea 02       		.byte	0x2
 606 01eb F9       		.byte	0xf9
 607 01ec F4010000 		.4byte	0x1f4
 608 01f0 02       		.byte	0x2
 609 01f1 23       		.byte	0x23
 610 01f2 00       		.uleb128 0
 611 01f3 00       		.byte	0
 612 01f4 08       		.uleb128 0x8
 613 01f5 1F010000 		.4byte	0x11f
 614 01f9 07       		.uleb128 0x7
 615 01fa BC000000 		.4byte	.LASF28
 616 01fe 02       		.byte	0x2
 617 01ff FA       		.byte	0xfa
 618 0200 DD010000 		.4byte	0x1dd
 619 0204 0D       		.uleb128 0xd
 620 0205 04       		.byte	0x4
 621 0206 0A020000 		.4byte	0x20a
 622 020a 0E       		.uleb128 0xe
 623 020b 0F020000 		.4byte	0x20f
 624 020f 06       		.uleb128 0x6
 625 0210 01       		.byte	0x1
 626 0211 08       		.byte	0x8
ARM GAS  /tmp/ccmKV0BV.s 			page 12


 627 0212 84020000 		.4byte	.LASF29
 628 0216 0F       		.uleb128 0xf
 629 0217 06030000 		.4byte	.LASF30
 630 021b 02       		.byte	0x2
 631 021c 1901     		.2byte	0x119
 632 021e 22020000 		.4byte	0x222
 633 0222 0D       		.uleb128 0xd
 634 0223 04       		.byte	0x4
 635 0224 29000000 		.4byte	0x29
 636 0228 10       		.uleb128 0x10
 637 0229 04       		.byte	0x4
 638 022a 02       		.byte	0x2
 639 022b 2301     		.2byte	0x123
 640 022d 6C020000 		.4byte	0x26c
 641 0231 11       		.uleb128 0x11
 642 0232 6D736700 		.ascii	"msg\000"
 643 0236 02       		.byte	0x2
 644 0237 2401     		.2byte	0x124
 645 0239 09010000 		.4byte	0x109
 646 023d 11       		.uleb128 0x11
 647 023e 7000     		.ascii	"p\000"
 648 0240 02       		.byte	0x2
 649 0241 2501     		.2byte	0x125
 650 0243 4C010000 		.4byte	0x14c
 651 0247 11       		.uleb128 0x11
 652 0248 74727000 		.ascii	"trp\000"
 653 024c 02       		.byte	0x2
 654 024d 2601     		.2byte	0x126
 655 024f 6C020000 		.4byte	0x26c
 656 0253 12       		.uleb128 0x12
 657 0254 01030000 		.4byte	.LASF31
 658 0258 02       		.byte	0x2
 659 0259 2701     		.2byte	0x127
 660 025b 72020000 		.4byte	0x272
 661 025f 12       		.uleb128 0x12
 662 0260 07020000 		.4byte	.LASF32
 663 0264 02       		.byte	0x2
 664 0265 2901     		.2byte	0x129
 665 0267 14010000 		.4byte	0x114
 666 026b 00       		.byte	0
 667 026c 0D       		.uleb128 0xd
 668 026d 04       		.byte	0x4
 669 026e 16020000 		.4byte	0x216
 670 0272 0D       		.uleb128 0xd
 671 0273 04       		.byte	0x4
 672 0274 F9010000 		.4byte	0x1f9
 673 0278 0D       		.uleb128 0xd
 674 0279 04       		.byte	0x4
 675 027a D2010000 		.4byte	0x1d2
 676 027e 08       		.uleb128 0x8
 677 027f 36010000 		.4byte	0x136
 678 0283 13       		.uleb128 0x13
 679 0284 98       		.byte	0x98
 680 0285 02       		.byte	0x2
 681 0286 3D01     		.2byte	0x13d
 682 0288 C9020000 		.4byte	0x2c9
 683 028c 03       		.uleb128 0x3
ARM GAS  /tmp/ccmKV0BV.s 			page 13


 684 028d 55020000 		.4byte	.LASF33
 685 0291 02       		.byte	0x2
 686 0292 4101     		.2byte	0x141
 687 0294 22020000 		.4byte	0x222
 688 0298 02       		.byte	0x2
 689 0299 23       		.byte	0x23
 690 029a 00       		.uleb128 0
 691 029b 03       		.uleb128 0x3
 692 029c 4E030000 		.4byte	.LASF34
 693 02a0 02       		.byte	0x2
 694 02a1 4701     		.2byte	0x147
 695 02a3 22020000 		.4byte	0x222
 696 02a7 02       		.byte	0x2
 697 02a8 23       		.byte	0x23
 698 02a9 04       		.uleb128 0x4
 699 02aa 03       		.uleb128 0x3
 700 02ab DB000000 		.4byte	.LASF35
 701 02af 02       		.byte	0x2
 702 02b0 4C01     		.2byte	0x14c
 703 02b2 36010000 		.4byte	0x136
 704 02b6 02       		.byte	0x2
 705 02b7 23       		.byte	0x23
 706 02b8 08       		.uleb128 0x8
 707 02b9 03       		.uleb128 0x3
 708 02ba E3000000 		.4byte	.LASF36
 709 02be 02       		.byte	0x2
 710 02bf 5B01     		.2byte	0x15b
 711 02c1 C9020000 		.4byte	0x2c9
 712 02c5 02       		.byte	0x2
 713 02c6 23       		.byte	0x23
 714 02c7 0C       		.uleb128 0xc
 715 02c8 00       		.byte	0
 716 02c9 14       		.uleb128 0x14
 717 02ca 29000000 		.4byte	0x29
 718 02ce D9020000 		.4byte	0x2d9
 719 02d2 15       		.uleb128 0x15
 720 02d3 2A010000 		.4byte	0x12a
 721 02d7 06       		.byte	0x6
 722 02d8 00       		.byte	0
 723 02d9 0F       		.uleb128 0xf
 724 02da F4000000 		.4byte	.LASF37
 725 02de 02       		.byte	0x2
 726 02df 6401     		.2byte	0x164
 727 02e1 83020000 		.4byte	0x283
 728 02e5 0A       		.uleb128 0xa
 729 02e6 EB000000 		.4byte	.LASF38
 730 02ea 08       		.byte	0x8
 731 02eb 07       		.byte	0x7
 732 02ec 2F       		.byte	0x2f
 733 02ed 38030000 		.4byte	0x338
 734 02f1 16       		.uleb128 0x16
 735 02f2 4C000000 		.4byte	.LASF39
 736 02f6 07       		.byte	0x7
 737 02f7 31       		.byte	0x31
 738 02f8 A1000000 		.4byte	0xa1
 739 02fc 02       		.byte	0x2
 740 02fd 23       		.byte	0x23
ARM GAS  /tmp/ccmKV0BV.s 			page 14


 741 02fe 00       		.uleb128 0
 742 02ff 16       		.uleb128 0x16
 743 0300 C2010000 		.4byte	.LASF40
 744 0304 07       		.byte	0x7
 745 0305 32       		.byte	0x32
 746 0306 A1000000 		.4byte	0xa1
 747 030a 02       		.byte	0x2
 748 030b 23       		.byte	0x23
 749 030c 01       		.uleb128 0x1
 750 030d 16       		.uleb128 0x16
 751 030e 1F010000 		.4byte	.LASF41
 752 0312 07       		.byte	0x7
 753 0313 33       		.byte	0x33
 754 0314 A1000000 		.4byte	0xa1
 755 0318 02       		.byte	0x2
 756 0319 23       		.byte	0x23
 757 031a 02       		.uleb128 0x2
 758 031b 16       		.uleb128 0x16
 759 031c 12000000 		.4byte	.LASF42
 760 0320 07       		.byte	0x7
 761 0321 34       		.byte	0x34
 762 0322 A1000000 		.4byte	0xa1
 763 0326 02       		.byte	0x2
 764 0327 23       		.byte	0x23
 765 0328 03       		.uleb128 0x3
 766 0329 16       		.uleb128 0x16
 767 032a 01010000 		.4byte	.LASF43
 768 032e 07       		.byte	0x7
 769 032f 35       		.byte	0x35
 770 0330 38030000 		.4byte	0x338
 771 0334 02       		.byte	0x2
 772 0335 23       		.byte	0x23
 773 0336 04       		.uleb128 0x4
 774 0337 00       		.byte	0
 775 0338 0D       		.uleb128 0xd
 776 0339 04       		.byte	0x4
 777 033a 3E030000 		.4byte	0x33e
 778 033e 0E       		.uleb128 0xe
 779 033f A1000000 		.4byte	0xa1
 780 0343 06       		.uleb128 0x6
 781 0344 01       		.byte	0x1
 782 0345 02       		.byte	0x2
 783 0346 AC020000 		.4byte	.LASF44
 784 034a 0C       		.uleb128 0xc
 785 034b 04       		.byte	0x4
 786 034c 08       		.byte	0x8
 787 034d A5       		.byte	0xa5
 788 034e 6F030000 		.4byte	0x36f
 789 0352 0B       		.uleb128 0xb
 790 0353 73657400 		.ascii	"set\000"
 791 0357 08       		.byte	0x8
 792 0358 A6       		.byte	0xa6
 793 0359 BA000000 		.4byte	0xba
 794 035d 02       		.byte	0x2
 795 035e 23       		.byte	0x23
 796 035f 00       		.uleb128 0
 797 0360 16       		.uleb128 0x16
ARM GAS  /tmp/ccmKV0BV.s 			page 15


 798 0361 48010000 		.4byte	.LASF45
 799 0365 08       		.byte	0x8
 800 0366 A7       		.byte	0xa7
 801 0367 BA000000 		.4byte	0xba
 802 036b 02       		.byte	0x2
 803 036c 23       		.byte	0x23
 804 036d 02       		.uleb128 0x2
 805 036e 00       		.byte	0
 806 036f 17       		.uleb128 0x17
 807 0370 04       		.byte	0x4
 808 0371 08       		.byte	0x8
 809 0372 A3       		.byte	0xa3
 810 0373 8A030000 		.4byte	0x38a
 811 0377 18       		.uleb128 0x18
 812 0378 5700     		.ascii	"W\000"
 813 037a 08       		.byte	0x8
 814 037b A4       		.byte	0xa4
 815 037c DE000000 		.4byte	0xde
 816 0380 18       		.uleb128 0x18
 817 0381 4800     		.ascii	"H\000"
 818 0383 08       		.byte	0x8
 819 0384 A8       		.byte	0xa8
 820 0385 4A030000 		.4byte	0x34a
 821 0389 00       		.byte	0
 822 038a 0C       		.uleb128 0xc
 823 038b 2C       		.byte	0x2c
 824 038c 08       		.byte	0x8
 825 038d 9B       		.byte	0x9b
 826 038e 2D040000 		.4byte	0x42d
 827 0392 16       		.uleb128 0x16
 828 0393 35010000 		.4byte	.LASF46
 829 0397 08       		.byte	0x8
 830 0398 9D       		.byte	0x9d
 831 0399 31010000 		.4byte	0x131
 832 039d 02       		.byte	0x2
 833 039e 23       		.byte	0x23
 834 039f 00       		.uleb128 0
 835 03a0 16       		.uleb128 0x16
 836 03a1 C8000000 		.4byte	.LASF47
 837 03a5 08       		.byte	0x8
 838 03a6 9E       		.byte	0x9e
 839 03a7 31010000 		.4byte	0x131
 840 03ab 02       		.byte	0x2
 841 03ac 23       		.byte	0x23
 842 03ad 04       		.uleb128 0x4
 843 03ae 16       		.uleb128 0x16
 844 03af CA020000 		.4byte	.LASF48
 845 03b3 08       		.byte	0x8
 846 03b4 9F       		.byte	0x9f
 847 03b5 31010000 		.4byte	0x131
 848 03b9 02       		.byte	0x2
 849 03ba 23       		.byte	0x23
 850 03bb 08       		.uleb128 0x8
 851 03bc 16       		.uleb128 0x16
 852 03bd 0E010000 		.4byte	.LASF49
 853 03c1 08       		.byte	0x8
 854 03c2 A0       		.byte	0xa0
ARM GAS  /tmp/ccmKV0BV.s 			page 16


 855 03c3 31010000 		.4byte	0x131
 856 03c7 02       		.byte	0x2
 857 03c8 23       		.byte	0x23
 858 03c9 0C       		.uleb128 0xc
 859 03ca 0B       		.uleb128 0xb
 860 03cb 49445200 		.ascii	"IDR\000"
 861 03cf 08       		.byte	0x8
 862 03d0 A1       		.byte	0xa1
 863 03d1 31010000 		.4byte	0x131
 864 03d5 02       		.byte	0x2
 865 03d6 23       		.byte	0x23
 866 03d7 10       		.uleb128 0x10
 867 03d8 0B       		.uleb128 0xb
 868 03d9 4F445200 		.ascii	"ODR\000"
 869 03dd 08       		.byte	0x8
 870 03de A2       		.byte	0xa2
 871 03df 31010000 		.4byte	0x131
 872 03e3 02       		.byte	0x2
 873 03e4 23       		.byte	0x23
 874 03e5 14       		.uleb128 0x14
 875 03e6 16       		.uleb128 0x16
 876 03e7 30010000 		.4byte	.LASF50
 877 03eb 08       		.byte	0x8
 878 03ec A9       		.byte	0xa9
 879 03ed 2D040000 		.4byte	0x42d
 880 03f1 02       		.byte	0x2
 881 03f2 23       		.byte	0x23
 882 03f3 18       		.uleb128 0x18
 883 03f4 16       		.uleb128 0x16
 884 03f5 36030000 		.4byte	.LASF51
 885 03f9 08       		.byte	0x8
 886 03fa AA       		.byte	0xaa
 887 03fb 31010000 		.4byte	0x131
 888 03ff 02       		.byte	0x2
 889 0400 23       		.byte	0x23
 890 0401 1C       		.uleb128 0x1c
 891 0402 16       		.uleb128 0x16
 892 0403 62020000 		.4byte	.LASF52
 893 0407 08       		.byte	0x8
 894 0408 AB       		.byte	0xab
 895 0409 31010000 		.4byte	0x131
 896 040d 02       		.byte	0x2
 897 040e 23       		.byte	0x23
 898 040f 20       		.uleb128 0x20
 899 0410 16       		.uleb128 0x16
 900 0411 5D020000 		.4byte	.LASF53
 901 0415 08       		.byte	0x8
 902 0416 AC       		.byte	0xac
 903 0417 31010000 		.4byte	0x131
 904 041b 02       		.byte	0x2
 905 041c 23       		.byte	0x23
 906 041d 24       		.uleb128 0x24
 907 041e 0B       		.uleb128 0xb
 908 041f 42525200 		.ascii	"BRR\000"
 909 0423 08       		.byte	0x8
 910 0424 AD       		.byte	0xad
 911 0425 31010000 		.4byte	0x131
ARM GAS  /tmp/ccmKV0BV.s 			page 17


 912 0429 02       		.byte	0x2
 913 042a 23       		.byte	0x23
 914 042b 28       		.uleb128 0x28
 915 042c 00       		.byte	0
 916 042d 08       		.uleb128 0x8
 917 042e 6F030000 		.4byte	0x36f
 918 0432 07       		.uleb128 0x7
 919 0433 36000000 		.4byte	.LASF54
 920 0437 08       		.byte	0x8
 921 0438 AE       		.byte	0xae
 922 0439 8A030000 		.4byte	0x38a
 923 043d 07       		.uleb128 0x7
 924 043e 3B010000 		.4byte	.LASF55
 925 0442 09       		.byte	0x9
 926 0443 05       		.byte	0x5
 927 0444 48040000 		.4byte	0x448
 928 0448 0E       		.uleb128 0xe
 929 0449 4D040000 		.4byte	0x44d
 930 044d 0A       		.uleb128 0xa
 931 044e 3B030000 		.4byte	.LASF56
 932 0452 0C       		.byte	0xc
 933 0453 09       		.byte	0x9
 934 0454 11       		.byte	0x11
 935 0455 84040000 		.4byte	0x484
 936 0459 16       		.uleb128 0x16
 937 045a A2000000 		.4byte	.LASF57
 938 045e 09       		.byte	0x9
 939 045f 13       		.byte	0x13
 940 0460 BB040000 		.4byte	0x4bb
 941 0464 02       		.byte	0x2
 942 0465 23       		.byte	0x23
 943 0466 00       		.uleb128 0
 944 0467 16       		.uleb128 0x16
 945 0468 92020000 		.4byte	.LASF58
 946 046c 09       		.byte	0x9
 947 046d 14       		.byte	0x14
 948 046e C5000000 		.4byte	0xc5
 949 0472 02       		.byte	0x2
 950 0473 23       		.byte	0x23
 951 0474 04       		.uleb128 0x4
 952 0475 16       		.uleb128 0x16
 953 0476 E4020000 		.4byte	.LASF59
 954 047a 09       		.byte	0x9
 955 047b 15       		.byte	0x15
 956 047c DF040000 		.4byte	0x4df
 957 0480 02       		.byte	0x2
 958 0481 23       		.byte	0x23
 959 0482 08       		.uleb128 0x8
 960 0483 00       		.byte	0
 961 0484 0A       		.uleb128 0xa
 962 0485 5B000000 		.4byte	.LASF60
 963 0489 0C       		.byte	0xc
 964 048a 09       		.byte	0x9
 965 048b 08       		.byte	0x8
 966 048c BB040000 		.4byte	0x4bb
 967 0490 16       		.uleb128 0x16
 968 0491 BA020000 		.4byte	.LASF61
ARM GAS  /tmp/ccmKV0BV.s 			page 18


 969 0495 09       		.byte	0x9
 970 0496 0A       		.byte	0xa
 971 0497 BB040000 		.4byte	0x4bb
 972 049b 02       		.byte	0x2
 973 049c 23       		.byte	0x23
 974 049d 00       		.uleb128 0
 975 049e 16       		.uleb128 0x16
 976 049f 9A000000 		.4byte	.LASF62
 977 04a3 09       		.byte	0x9
 978 04a4 0B       		.byte	0xb
 979 04a5 C3040000 		.4byte	0x4c3
 980 04a9 02       		.byte	0x2
 981 04aa 23       		.byte	0x23
 982 04ab 04       		.uleb128 0x4
 983 04ac 16       		.uleb128 0x16
 984 04ad 4D020000 		.4byte	.LASF63
 985 04b1 09       		.byte	0x9
 986 04b2 0C       		.byte	0xc
 987 04b3 C9040000 		.4byte	0x4c9
 988 04b7 02       		.byte	0x2
 989 04b8 23       		.byte	0x23
 990 04b9 08       		.uleb128 0x8
 991 04ba 00       		.byte	0
 992 04bb 0D       		.uleb128 0xd
 993 04bc 04       		.byte	0x4
 994 04bd 0F020000 		.4byte	0x20f
 995 04c1 19       		.uleb128 0x19
 996 04c2 01       		.byte	0x1
 997 04c3 0D       		.uleb128 0xd
 998 04c4 04       		.byte	0x4
 999 04c5 C1040000 		.4byte	0x4c1
 1000 04c9 0D       		.uleb128 0xd
 1001 04ca 04       		.byte	0x4
 1002 04cb 3D040000 		.4byte	0x43d
 1003 04cf 07       		.uleb128 0x7
 1004 04d0 EC010000 		.4byte	.LASF64
 1005 04d4 09       		.byte	0x9
 1006 04d5 0E       		.byte	0xe
 1007 04d6 DA040000 		.4byte	0x4da
 1008 04da 0E       		.uleb128 0xe
 1009 04db 84040000 		.4byte	0x484
 1010 04df 0D       		.uleb128 0xd
 1011 04e0 04       		.byte	0x4
 1012 04e1 CF040000 		.4byte	0x4cf
 1013 04e5 1A       		.uleb128 0x1a
 1014 04e6 01       		.byte	0x1
 1015 04e7 1D000000 		.4byte	.LASF67
 1016 04eb 01       		.byte	0x1
 1017 04ec 1E       		.byte	0x1e
 1018 04ed 01       		.byte	0x1
 1019 04ee 00000000 		.4byte	.LFB77
 1020 04f2 D0000000 		.4byte	.LFE77
 1021 04f6 00000000 		.4byte	.LLST0
 1022 04fa 01       		.byte	0x1
 1023 04fb A0050000 		.4byte	0x5a0
 1024 04ff 1B       		.uleb128 0x1b
 1025 0500 14010000 		.4byte	.LASF65
ARM GAS  /tmp/ccmKV0BV.s 			page 19


 1026 0504 01       		.byte	0x1
 1027 0505 1E       		.byte	0x1e
 1028 0506 C9040000 		.4byte	0x4c9
 1029 050a 2C000000 		.4byte	.LLST1
 1030 050e 1B       		.uleb128 0x1b
 1031 050f 6B010000 		.4byte	.LASF66
 1032 0513 01       		.byte	0x1
 1033 0514 1E       		.byte	0x1e
 1034 0515 B3000000 		.4byte	0xb3
 1035 0519 58000000 		.4byte	.LLST2
 1036 051d 1C       		.uleb128 0x1c
 1037 051e 6900     		.ascii	"i\000"
 1038 0520 01       		.byte	0x1
 1039 0521 20       		.byte	0x20
 1040 0522 A1000000 		.4byte	0xa1
 1041 0526 79000000 		.4byte	.LLST3
 1042 052a 1C       		.uleb128 0x1c
 1043 052b 7900     		.ascii	"y\000"
 1044 052d 01       		.byte	0x1
 1045 052e 20       		.byte	0x20
 1046 052f A1000000 		.4byte	0xa1
 1047 0533 B0000000 		.4byte	.LLST4
 1048 0537 1D       		.uleb128 0x1d
 1049 0538 0C000000 		.4byte	.LVL1
 1050 053c 54060000 		.4byte	0x654
 1051 0540 1E       		.uleb128 0x1e
 1052 0541 1E000000 		.4byte	.LVL2
 1053 0545 5E060000 		.4byte	0x65e
 1054 0549 58050000 		.4byte	0x558
 1055 054d 1F       		.uleb128 0x1f
 1056 054e 01       		.byte	0x1
 1057 054f 51       		.byte	0x51
 1058 0550 01       		.byte	0x1
 1059 0551 30       		.byte	0x30
 1060 0552 1F       		.uleb128 0x1f
 1061 0553 01       		.byte	0x1
 1062 0554 50       		.byte	0x50
 1063 0555 01       		.byte	0x1
 1064 0556 30       		.byte	0x30
 1065 0557 00       		.byte	0
 1066 0558 1E       		.uleb128 0x1e
 1067 0559 64000000 		.4byte	.LVL6
 1068 055d 81060000 		.4byte	0x681
 1069 0561 77050000 		.4byte	0x577
 1070 0565 1F       		.uleb128 0x1f
 1071 0566 01       		.byte	0x1
 1072 0567 52       		.byte	0x52
 1073 0568 02       		.byte	0x2
 1074 0569 08       		.byte	0x8
 1075 056a 3E       		.byte	0x3e
 1076 056b 1F       		.uleb128 0x1f
 1077 056c 01       		.byte	0x1
 1078 056d 51       		.byte	0x51
 1079 056e 02       		.byte	0x2
 1080 056f 77       		.byte	0x77
 1081 0570 00       		.sleb128 0
 1082 0571 1F       		.uleb128 0x1f
ARM GAS  /tmp/ccmKV0BV.s 			page 20


 1083 0572 01       		.byte	0x1
 1084 0573 50       		.byte	0x50
 1085 0574 01       		.byte	0x1
 1086 0575 30       		.byte	0x30
 1087 0576 00       		.byte	0
 1088 0577 1E       		.uleb128 0x1e
 1089 0578 90000000 		.4byte	.LVL7
 1090 057c 81060000 		.4byte	0x681
 1091 0580 96050000 		.4byte	0x596
 1092 0584 1F       		.uleb128 0x1f
 1093 0585 01       		.byte	0x1
 1094 0586 52       		.byte	0x52
 1095 0587 02       		.byte	0x2
 1096 0588 08       		.byte	0x8
 1097 0589 3E       		.byte	0x3e
 1098 058a 1F       		.uleb128 0x1f
 1099 058b 01       		.byte	0x1
 1100 058c 51       		.byte	0x51
 1101 058d 02       		.byte	0x2
 1102 058e 77       		.byte	0x77
 1103 058f 00       		.sleb128 0
 1104 0590 1F       		.uleb128 0x1f
 1105 0591 01       		.byte	0x1
 1106 0592 50       		.byte	0x50
 1107 0593 01       		.byte	0x1
 1108 0594 30       		.byte	0x30
 1109 0595 00       		.byte	0
 1110 0596 1D       		.uleb128 0x1d
 1111 0597 C0000000 		.4byte	.LVL10
 1112 059b 5E060000 		.4byte	0x65e
 1113 059f 00       		.byte	0
 1114 05a0 20       		.uleb128 0x20
 1115 05a1 01       		.byte	0x1
 1116 05a2 44020000 		.4byte	.LASF68
 1117 05a6 01       		.byte	0x1
 1118 05a7 4A       		.byte	0x4a
 1119 05a8 01       		.byte	0x1
 1120 05a9 00000000 		.4byte	.LFB78
 1121 05ad 90000000 		.4byte	.LFE78
 1122 05b1 E4000000 		.4byte	.LLST5
 1123 05b5 01       		.byte	0x1
 1124 05b6 34060000 		.4byte	0x634
 1125 05ba 1B       		.uleb128 0x1b
 1126 05bb 14010000 		.4byte	.LASF65
 1127 05bf 01       		.byte	0x1
 1128 05c0 4A       		.byte	0x4a
 1129 05c1 C9040000 		.4byte	0x4c9
 1130 05c5 04010000 		.4byte	.LLST6
 1131 05c9 21       		.uleb128 0x21
 1132 05ca 6B010000 		.4byte	.LASF66
 1133 05ce 01       		.byte	0x1
 1134 05cf 4C       		.byte	0x4c
 1135 05d0 8F000000 		.4byte	0x8f
 1136 05d4 30010000 		.4byte	.LLST7
 1137 05d8 1E       		.uleb128 0x1e
 1138 05d9 0A000000 		.4byte	.LVL17
 1139 05dd A4060000 		.4byte	0x6a4
ARM GAS  /tmp/ccmKV0BV.s 			page 21


 1140 05e1 EC050000 		.4byte	0x5ec
 1141 05e5 1F       		.uleb128 0x1f
 1142 05e6 01       		.byte	0x1
 1143 05e7 50       		.byte	0x50
 1144 05e8 02       		.byte	0x2
 1145 05e9 08       		.byte	0x8
 1146 05ea FA       		.byte	0xfa
 1147 05eb 00       		.byte	0
 1148 05ec 1E       		.uleb128 0x1e
 1149 05ed 12000000 		.4byte	.LVL18
 1150 05f1 E5040000 		.4byte	0x4e5
 1151 05f5 05060000 		.4byte	0x605
 1152 05f9 1F       		.uleb128 0x1f
 1153 05fa 01       		.byte	0x1
 1154 05fb 51       		.byte	0x51
 1155 05fc 01       		.byte	0x1
 1156 05fd 30       		.byte	0x30
 1157 05fe 1F       		.uleb128 0x1f
 1158 05ff 01       		.byte	0x1
 1159 0600 50       		.byte	0x50
 1160 0601 02       		.byte	0x2
 1161 0602 75       		.byte	0x75
 1162 0603 00       		.sleb128 0
 1163 0604 00       		.byte	0
 1164 0605 1D       		.uleb128 0x1d
 1165 0606 76000000 		.4byte	.LVL27
 1166 060a A0050000 		.4byte	0x5a0
 1167 060e 1E       		.uleb128 0x1e
 1168 060f 7E000000 		.4byte	.LVL29
 1169 0613 E5040000 		.4byte	0x4e5
 1170 0617 22060000 		.4byte	0x622
 1171 061b 1F       		.uleb128 0x1f
 1172 061c 01       		.byte	0x1
 1173 061d 50       		.byte	0x50
 1174 061e 02       		.byte	0x2
 1175 061f 75       		.byte	0x75
 1176 0620 00       		.sleb128 0
 1177 0621 00       		.byte	0
 1178 0622 22       		.uleb128 0x22
 1179 0623 84000000 		.4byte	.LVL30
 1180 0627 A4060000 		.4byte	0x6a4
 1181 062b 1F       		.uleb128 0x1f
 1182 062c 01       		.byte	0x1
 1183 062d 50       		.byte	0x50
 1184 062e 03       		.byte	0x3
 1185 062f 0A       		.byte	0xa
 1186 0630 E204     		.2byte	0x4e2
 1187 0632 00       		.byte	0
 1188 0633 00       		.byte	0
 1189 0634 23       		.uleb128 0x23
 1190 0635 6E696C00 		.ascii	"nil\000"
 1191 0639 02       		.byte	0x2
 1192 063a F602     		.2byte	0x2f6
 1193 063c D9020000 		.4byte	0x2d9
 1194 0640 01       		.byte	0x1
 1195 0641 01       		.byte	0x1
 1196 0642 24       		.uleb128 0x24
ARM GAS  /tmp/ccmKV0BV.s 			page 22


 1197 0643 8B000000 		.4byte	.LASF69
 1198 0647 07       		.byte	0x7
 1199 0648 39       		.byte	0x39
 1200 0649 4F060000 		.4byte	0x64f
 1201 064d 01       		.byte	0x1
 1202 064e 01       		.byte	0x1
 1203 064f 0E       		.uleb128 0xe
 1204 0650 E5020000 		.4byte	0x2e5
 1205 0654 25       		.uleb128 0x25
 1206 0655 01       		.byte	0x1
 1207 0656 CB010000 		.4byte	.LASF75
 1208 065a 0A       		.byte	0xa
 1209 065b 60       		.byte	0x60
 1210 065c 01       		.byte	0x1
 1211 065d 01       		.byte	0x1
 1212 065e 26       		.uleb128 0x26
 1213 065f 01       		.byte	0x1
 1214 0660 00000000 		.4byte	.LASF70
 1215 0664 0A       		.byte	0xa
 1216 0665 63       		.byte	0x63
 1217 0666 01       		.byte	0x1
 1218 0667 01       		.byte	0x1
 1219 0668 81060000 		.4byte	0x681
 1220 066c 27       		.uleb128 0x27
 1221 066d A1000000 		.4byte	0xa1
 1222 0671 27       		.uleb128 0x27
 1223 0672 A1000000 		.4byte	0xa1
 1224 0676 27       		.uleb128 0x27
 1225 0677 04020000 		.4byte	0x204
 1226 067b 27       		.uleb128 0x27
 1227 067c E5020000 		.4byte	0x2e5
 1228 0680 00       		.byte	0
 1229 0681 26       		.uleb128 0x26
 1230 0682 01       		.byte	0x1
 1231 0683 F7010000 		.4byte	.LASF71
 1232 0687 0A       		.byte	0xa
 1233 0688 62       		.byte	0x62
 1234 0689 01       		.byte	0x1
 1235 068a 01       		.byte	0x1
 1236 068b A4060000 		.4byte	0x6a4
 1237 068f 27       		.uleb128 0x27
 1238 0690 A1000000 		.4byte	0xa1
 1239 0694 27       		.uleb128 0x27
 1240 0695 A1000000 		.4byte	0xa1
 1241 0699 27       		.uleb128 0x27
 1242 069a A1000000 		.4byte	0xa1
 1243 069e 27       		.uleb128 0x27
 1244 069f E5020000 		.4byte	0x2e5
 1245 06a3 00       		.byte	0
 1246 06a4 28       		.uleb128 0x28
 1247 06a5 01       		.byte	0x1
 1248 06a6 EA020000 		.4byte	.LASF76
 1249 06aa 02       		.byte	0x2
 1250 06ab 0703     		.2byte	0x307
 1251 06ad 01       		.byte	0x1
 1252 06ae 01       		.byte	0x1
 1253 06af 27       		.uleb128 0x27
ARM GAS  /tmp/ccmKV0BV.s 			page 23


 1254 06b0 36010000 		.4byte	0x136
 1255 06b4 00       		.byte	0
 1256 06b5 00       		.byte	0
 1257              		.section	.debug_abbrev,"",%progbits
 1258              	.Ldebug_abbrev0:
 1259 0000 01       		.uleb128 0x1
 1260 0001 11       		.uleb128 0x11
 1261 0002 01       		.byte	0x1
 1262 0003 25       		.uleb128 0x25
 1263 0004 0E       		.uleb128 0xe
 1264 0005 13       		.uleb128 0x13
 1265 0006 0B       		.uleb128 0xb
 1266 0007 03       		.uleb128 0x3
 1267 0008 0E       		.uleb128 0xe
 1268 0009 1B       		.uleb128 0x1b
 1269 000a 0E       		.uleb128 0xe
 1270 000b 55       		.uleb128 0x55
 1271 000c 06       		.uleb128 0x6
 1272 000d 11       		.uleb128 0x11
 1273 000e 01       		.uleb128 0x1
 1274 000f 52       		.uleb128 0x52
 1275 0010 01       		.uleb128 0x1
 1276 0011 10       		.uleb128 0x10
 1277 0012 06       		.uleb128 0x6
 1278 0013 00       		.byte	0
 1279 0014 00       		.byte	0
 1280 0015 02       		.uleb128 0x2
 1281 0016 13       		.uleb128 0x13
 1282 0017 01       		.byte	0x1
 1283 0018 03       		.uleb128 0x3
 1284 0019 0E       		.uleb128 0xe
 1285 001a 0B       		.uleb128 0xb
 1286 001b 0B       		.uleb128 0xb
 1287 001c 3A       		.uleb128 0x3a
 1288 001d 0B       		.uleb128 0xb
 1289 001e 3B       		.uleb128 0x3b
 1290 001f 05       		.uleb128 0x5
 1291 0020 01       		.uleb128 0x1
 1292 0021 13       		.uleb128 0x13
 1293 0022 00       		.byte	0
 1294 0023 00       		.byte	0
 1295 0024 03       		.uleb128 0x3
 1296 0025 0D       		.uleb128 0xd
 1297 0026 00       		.byte	0
 1298 0027 03       		.uleb128 0x3
 1299 0028 0E       		.uleb128 0xe
 1300 0029 3A       		.uleb128 0x3a
 1301 002a 0B       		.uleb128 0xb
 1302 002b 3B       		.uleb128 0x3b
 1303 002c 05       		.uleb128 0x5
 1304 002d 49       		.uleb128 0x49
 1305 002e 13       		.uleb128 0x13
 1306 002f 38       		.uleb128 0x38
 1307 0030 0A       		.uleb128 0xa
 1308 0031 00       		.byte	0
 1309 0032 00       		.byte	0
 1310 0033 04       		.uleb128 0x4
ARM GAS  /tmp/ccmKV0BV.s 			page 24


 1311 0034 0D       		.uleb128 0xd
 1312 0035 00       		.byte	0
 1313 0036 03       		.uleb128 0x3
 1314 0037 08       		.uleb128 0x8
 1315 0038 3A       		.uleb128 0x3a
 1316 0039 0B       		.uleb128 0xb
 1317 003a 3B       		.uleb128 0x3b
 1318 003b 05       		.uleb128 0x5
 1319 003c 49       		.uleb128 0x49
 1320 003d 13       		.uleb128 0x13
 1321 003e 38       		.uleb128 0x38
 1322 003f 0A       		.uleb128 0xa
 1323 0040 00       		.byte	0
 1324 0041 00       		.byte	0
 1325 0042 05       		.uleb128 0x5
 1326 0043 24       		.uleb128 0x24
 1327 0044 00       		.byte	0
 1328 0045 0B       		.uleb128 0xb
 1329 0046 0B       		.uleb128 0xb
 1330 0047 3E       		.uleb128 0x3e
 1331 0048 0B       		.uleb128 0xb
 1332 0049 03       		.uleb128 0x3
 1333 004a 08       		.uleb128 0x8
 1334 004b 00       		.byte	0
 1335 004c 00       		.byte	0
 1336 004d 06       		.uleb128 0x6
 1337 004e 24       		.uleb128 0x24
 1338 004f 00       		.byte	0
 1339 0050 0B       		.uleb128 0xb
 1340 0051 0B       		.uleb128 0xb
 1341 0052 3E       		.uleb128 0x3e
 1342 0053 0B       		.uleb128 0xb
 1343 0054 03       		.uleb128 0x3
 1344 0055 0E       		.uleb128 0xe
 1345 0056 00       		.byte	0
 1346 0057 00       		.byte	0
 1347 0058 07       		.uleb128 0x7
 1348 0059 16       		.uleb128 0x16
 1349 005a 00       		.byte	0
 1350 005b 03       		.uleb128 0x3
 1351 005c 0E       		.uleb128 0xe
 1352 005d 3A       		.uleb128 0x3a
 1353 005e 0B       		.uleb128 0xb
 1354 005f 3B       		.uleb128 0x3b
 1355 0060 0B       		.uleb128 0xb
 1356 0061 49       		.uleb128 0x49
 1357 0062 13       		.uleb128 0x13
 1358 0063 00       		.byte	0
 1359 0064 00       		.byte	0
 1360 0065 08       		.uleb128 0x8
 1361 0066 35       		.uleb128 0x35
 1362 0067 00       		.byte	0
 1363 0068 49       		.uleb128 0x49
 1364 0069 13       		.uleb128 0x13
 1365 006a 00       		.byte	0
 1366 006b 00       		.byte	0
 1367 006c 09       		.uleb128 0x9
ARM GAS  /tmp/ccmKV0BV.s 			page 25


 1368 006d 0F       		.uleb128 0xf
 1369 006e 00       		.byte	0
 1370 006f 0B       		.uleb128 0xb
 1371 0070 0B       		.uleb128 0xb
 1372 0071 00       		.byte	0
 1373 0072 00       		.byte	0
 1374 0073 0A       		.uleb128 0xa
 1375 0074 13       		.uleb128 0x13
 1376 0075 01       		.byte	0x1
 1377 0076 03       		.uleb128 0x3
 1378 0077 0E       		.uleb128 0xe
 1379 0078 0B       		.uleb128 0xb
 1380 0079 0B       		.uleb128 0xb
 1381 007a 3A       		.uleb128 0x3a
 1382 007b 0B       		.uleb128 0xb
 1383 007c 3B       		.uleb128 0x3b
 1384 007d 0B       		.uleb128 0xb
 1385 007e 01       		.uleb128 0x1
 1386 007f 13       		.uleb128 0x13
 1387 0080 00       		.byte	0
 1388 0081 00       		.byte	0
 1389 0082 0B       		.uleb128 0xb
 1390 0083 0D       		.uleb128 0xd
 1391 0084 00       		.byte	0
 1392 0085 03       		.uleb128 0x3
 1393 0086 08       		.uleb128 0x8
 1394 0087 3A       		.uleb128 0x3a
 1395 0088 0B       		.uleb128 0xb
 1396 0089 3B       		.uleb128 0x3b
 1397 008a 0B       		.uleb128 0xb
 1398 008b 49       		.uleb128 0x49
 1399 008c 13       		.uleb128 0x13
 1400 008d 38       		.uleb128 0x38
 1401 008e 0A       		.uleb128 0xa
 1402 008f 00       		.byte	0
 1403 0090 00       		.byte	0
 1404 0091 0C       		.uleb128 0xc
 1405 0092 13       		.uleb128 0x13
 1406 0093 01       		.byte	0x1
 1407 0094 0B       		.uleb128 0xb
 1408 0095 0B       		.uleb128 0xb
 1409 0096 3A       		.uleb128 0x3a
 1410 0097 0B       		.uleb128 0xb
 1411 0098 3B       		.uleb128 0x3b
 1412 0099 0B       		.uleb128 0xb
 1413 009a 01       		.uleb128 0x1
 1414 009b 13       		.uleb128 0x13
 1415 009c 00       		.byte	0
 1416 009d 00       		.byte	0
 1417 009e 0D       		.uleb128 0xd
 1418 009f 0F       		.uleb128 0xf
 1419 00a0 00       		.byte	0
 1420 00a1 0B       		.uleb128 0xb
 1421 00a2 0B       		.uleb128 0xb
 1422 00a3 49       		.uleb128 0x49
 1423 00a4 13       		.uleb128 0x13
 1424 00a5 00       		.byte	0
ARM GAS  /tmp/ccmKV0BV.s 			page 26


 1425 00a6 00       		.byte	0
 1426 00a7 0E       		.uleb128 0xe
 1427 00a8 26       		.uleb128 0x26
 1428 00a9 00       		.byte	0
 1429 00aa 49       		.uleb128 0x49
 1430 00ab 13       		.uleb128 0x13
 1431 00ac 00       		.byte	0
 1432 00ad 00       		.byte	0
 1433 00ae 0F       		.uleb128 0xf
 1434 00af 16       		.uleb128 0x16
 1435 00b0 00       		.byte	0
 1436 00b1 03       		.uleb128 0x3
 1437 00b2 0E       		.uleb128 0xe
 1438 00b3 3A       		.uleb128 0x3a
 1439 00b4 0B       		.uleb128 0xb
 1440 00b5 3B       		.uleb128 0x3b
 1441 00b6 05       		.uleb128 0x5
 1442 00b7 49       		.uleb128 0x49
 1443 00b8 13       		.uleb128 0x13
 1444 00b9 00       		.byte	0
 1445 00ba 00       		.byte	0
 1446 00bb 10       		.uleb128 0x10
 1447 00bc 17       		.uleb128 0x17
 1448 00bd 01       		.byte	0x1
 1449 00be 0B       		.uleb128 0xb
 1450 00bf 0B       		.uleb128 0xb
 1451 00c0 3A       		.uleb128 0x3a
 1452 00c1 0B       		.uleb128 0xb
 1453 00c2 3B       		.uleb128 0x3b
 1454 00c3 05       		.uleb128 0x5
 1455 00c4 01       		.uleb128 0x1
 1456 00c5 13       		.uleb128 0x13
 1457 00c6 00       		.byte	0
 1458 00c7 00       		.byte	0
 1459 00c8 11       		.uleb128 0x11
 1460 00c9 0D       		.uleb128 0xd
 1461 00ca 00       		.byte	0
 1462 00cb 03       		.uleb128 0x3
 1463 00cc 08       		.uleb128 0x8
 1464 00cd 3A       		.uleb128 0x3a
 1465 00ce 0B       		.uleb128 0xb
 1466 00cf 3B       		.uleb128 0x3b
 1467 00d0 05       		.uleb128 0x5
 1468 00d1 49       		.uleb128 0x49
 1469 00d2 13       		.uleb128 0x13
 1470 00d3 00       		.byte	0
 1471 00d4 00       		.byte	0
 1472 00d5 12       		.uleb128 0x12
 1473 00d6 0D       		.uleb128 0xd
 1474 00d7 00       		.byte	0
 1475 00d8 03       		.uleb128 0x3
 1476 00d9 0E       		.uleb128 0xe
 1477 00da 3A       		.uleb128 0x3a
 1478 00db 0B       		.uleb128 0xb
 1479 00dc 3B       		.uleb128 0x3b
 1480 00dd 05       		.uleb128 0x5
 1481 00de 49       		.uleb128 0x49
ARM GAS  /tmp/ccmKV0BV.s 			page 27


 1482 00df 13       		.uleb128 0x13
 1483 00e0 00       		.byte	0
 1484 00e1 00       		.byte	0
 1485 00e2 13       		.uleb128 0x13
 1486 00e3 13       		.uleb128 0x13
 1487 00e4 01       		.byte	0x1
 1488 00e5 0B       		.uleb128 0xb
 1489 00e6 0B       		.uleb128 0xb
 1490 00e7 3A       		.uleb128 0x3a
 1491 00e8 0B       		.uleb128 0xb
 1492 00e9 3B       		.uleb128 0x3b
 1493 00ea 05       		.uleb128 0x5
 1494 00eb 01       		.uleb128 0x1
 1495 00ec 13       		.uleb128 0x13
 1496 00ed 00       		.byte	0
 1497 00ee 00       		.byte	0
 1498 00ef 14       		.uleb128 0x14
 1499 00f0 01       		.uleb128 0x1
 1500 00f1 01       		.byte	0x1
 1501 00f2 49       		.uleb128 0x49
 1502 00f3 13       		.uleb128 0x13
 1503 00f4 01       		.uleb128 0x1
 1504 00f5 13       		.uleb128 0x13
 1505 00f6 00       		.byte	0
 1506 00f7 00       		.byte	0
 1507 00f8 15       		.uleb128 0x15
 1508 00f9 21       		.uleb128 0x21
 1509 00fa 00       		.byte	0
 1510 00fb 49       		.uleb128 0x49
 1511 00fc 13       		.uleb128 0x13
 1512 00fd 2F       		.uleb128 0x2f
 1513 00fe 0B       		.uleb128 0xb
 1514 00ff 00       		.byte	0
 1515 0100 00       		.byte	0
 1516 0101 16       		.uleb128 0x16
 1517 0102 0D       		.uleb128 0xd
 1518 0103 00       		.byte	0
 1519 0104 03       		.uleb128 0x3
 1520 0105 0E       		.uleb128 0xe
 1521 0106 3A       		.uleb128 0x3a
 1522 0107 0B       		.uleb128 0xb
 1523 0108 3B       		.uleb128 0x3b
 1524 0109 0B       		.uleb128 0xb
 1525 010a 49       		.uleb128 0x49
 1526 010b 13       		.uleb128 0x13
 1527 010c 38       		.uleb128 0x38
 1528 010d 0A       		.uleb128 0xa
 1529 010e 00       		.byte	0
 1530 010f 00       		.byte	0
 1531 0110 17       		.uleb128 0x17
 1532 0111 17       		.uleb128 0x17
 1533 0112 01       		.byte	0x1
 1534 0113 0B       		.uleb128 0xb
 1535 0114 0B       		.uleb128 0xb
 1536 0115 3A       		.uleb128 0x3a
 1537 0116 0B       		.uleb128 0xb
 1538 0117 3B       		.uleb128 0x3b
ARM GAS  /tmp/ccmKV0BV.s 			page 28


 1539 0118 0B       		.uleb128 0xb
 1540 0119 01       		.uleb128 0x1
 1541 011a 13       		.uleb128 0x13
 1542 011b 00       		.byte	0
 1543 011c 00       		.byte	0
 1544 011d 18       		.uleb128 0x18
 1545 011e 0D       		.uleb128 0xd
 1546 011f 00       		.byte	0
 1547 0120 03       		.uleb128 0x3
 1548 0121 08       		.uleb128 0x8
 1549 0122 3A       		.uleb128 0x3a
 1550 0123 0B       		.uleb128 0xb
 1551 0124 3B       		.uleb128 0x3b
 1552 0125 0B       		.uleb128 0xb
 1553 0126 49       		.uleb128 0x49
 1554 0127 13       		.uleb128 0x13
 1555 0128 00       		.byte	0
 1556 0129 00       		.byte	0
 1557 012a 19       		.uleb128 0x19
 1558 012b 15       		.uleb128 0x15
 1559 012c 00       		.byte	0
 1560 012d 27       		.uleb128 0x27
 1561 012e 0C       		.uleb128 0xc
 1562 012f 00       		.byte	0
 1563 0130 00       		.byte	0
 1564 0131 1A       		.uleb128 0x1a
 1565 0132 2E       		.uleb128 0x2e
 1566 0133 01       		.byte	0x1
 1567 0134 3F       		.uleb128 0x3f
 1568 0135 0C       		.uleb128 0xc
 1569 0136 03       		.uleb128 0x3
 1570 0137 0E       		.uleb128 0xe
 1571 0138 3A       		.uleb128 0x3a
 1572 0139 0B       		.uleb128 0xb
 1573 013a 3B       		.uleb128 0x3b
 1574 013b 0B       		.uleb128 0xb
 1575 013c 27       		.uleb128 0x27
 1576 013d 0C       		.uleb128 0xc
 1577 013e 11       		.uleb128 0x11
 1578 013f 01       		.uleb128 0x1
 1579 0140 12       		.uleb128 0x12
 1580 0141 01       		.uleb128 0x1
 1581 0142 40       		.uleb128 0x40
 1582 0143 06       		.uleb128 0x6
 1583 0144 9742     		.uleb128 0x2117
 1584 0146 0C       		.uleb128 0xc
 1585 0147 01       		.uleb128 0x1
 1586 0148 13       		.uleb128 0x13
 1587 0149 00       		.byte	0
 1588 014a 00       		.byte	0
 1589 014b 1B       		.uleb128 0x1b
 1590 014c 05       		.uleb128 0x5
 1591 014d 00       		.byte	0
 1592 014e 03       		.uleb128 0x3
 1593 014f 0E       		.uleb128 0xe
 1594 0150 3A       		.uleb128 0x3a
 1595 0151 0B       		.uleb128 0xb
ARM GAS  /tmp/ccmKV0BV.s 			page 29


 1596 0152 3B       		.uleb128 0x3b
 1597 0153 0B       		.uleb128 0xb
 1598 0154 49       		.uleb128 0x49
 1599 0155 13       		.uleb128 0x13
 1600 0156 02       		.uleb128 0x2
 1601 0157 06       		.uleb128 0x6
 1602 0158 00       		.byte	0
 1603 0159 00       		.byte	0
 1604 015a 1C       		.uleb128 0x1c
 1605 015b 34       		.uleb128 0x34
 1606 015c 00       		.byte	0
 1607 015d 03       		.uleb128 0x3
 1608 015e 08       		.uleb128 0x8
 1609 015f 3A       		.uleb128 0x3a
 1610 0160 0B       		.uleb128 0xb
 1611 0161 3B       		.uleb128 0x3b
 1612 0162 0B       		.uleb128 0xb
 1613 0163 49       		.uleb128 0x49
 1614 0164 13       		.uleb128 0x13
 1615 0165 02       		.uleb128 0x2
 1616 0166 06       		.uleb128 0x6
 1617 0167 00       		.byte	0
 1618 0168 00       		.byte	0
 1619 0169 1D       		.uleb128 0x1d
 1620 016a 898201   		.uleb128 0x4109
 1621 016d 00       		.byte	0
 1622 016e 11       		.uleb128 0x11
 1623 016f 01       		.uleb128 0x1
 1624 0170 31       		.uleb128 0x31
 1625 0171 13       		.uleb128 0x13
 1626 0172 00       		.byte	0
 1627 0173 00       		.byte	0
 1628 0174 1E       		.uleb128 0x1e
 1629 0175 898201   		.uleb128 0x4109
 1630 0178 01       		.byte	0x1
 1631 0179 11       		.uleb128 0x11
 1632 017a 01       		.uleb128 0x1
 1633 017b 31       		.uleb128 0x31
 1634 017c 13       		.uleb128 0x13
 1635 017d 01       		.uleb128 0x1
 1636 017e 13       		.uleb128 0x13
 1637 017f 00       		.byte	0
 1638 0180 00       		.byte	0
 1639 0181 1F       		.uleb128 0x1f
 1640 0182 8A8201   		.uleb128 0x410a
 1641 0185 00       		.byte	0
 1642 0186 02       		.uleb128 0x2
 1643 0187 0A       		.uleb128 0xa
 1644 0188 9142     		.uleb128 0x2111
 1645 018a 0A       		.uleb128 0xa
 1646 018b 00       		.byte	0
 1647 018c 00       		.byte	0
 1648 018d 20       		.uleb128 0x20
 1649 018e 2E       		.uleb128 0x2e
 1650 018f 01       		.byte	0x1
 1651 0190 3F       		.uleb128 0x3f
 1652 0191 0C       		.uleb128 0xc
ARM GAS  /tmp/ccmKV0BV.s 			page 30


 1653 0192 03       		.uleb128 0x3
 1654 0193 0E       		.uleb128 0xe
 1655 0194 3A       		.uleb128 0x3a
 1656 0195 0B       		.uleb128 0xb
 1657 0196 3B       		.uleb128 0x3b
 1658 0197 0B       		.uleb128 0xb
 1659 0198 27       		.uleb128 0x27
 1660 0199 0C       		.uleb128 0xc
 1661 019a 11       		.uleb128 0x11
 1662 019b 01       		.uleb128 0x1
 1663 019c 12       		.uleb128 0x12
 1664 019d 01       		.uleb128 0x1
 1665 019e 40       		.uleb128 0x40
 1666 019f 06       		.uleb128 0x6
 1667 01a0 9642     		.uleb128 0x2116
 1668 01a2 0C       		.uleb128 0xc
 1669 01a3 01       		.uleb128 0x1
 1670 01a4 13       		.uleb128 0x13
 1671 01a5 00       		.byte	0
 1672 01a6 00       		.byte	0
 1673 01a7 21       		.uleb128 0x21
 1674 01a8 34       		.uleb128 0x34
 1675 01a9 00       		.byte	0
 1676 01aa 03       		.uleb128 0x3
 1677 01ab 0E       		.uleb128 0xe
 1678 01ac 3A       		.uleb128 0x3a
 1679 01ad 0B       		.uleb128 0xb
 1680 01ae 3B       		.uleb128 0x3b
 1681 01af 0B       		.uleb128 0xb
 1682 01b0 49       		.uleb128 0x49
 1683 01b1 13       		.uleb128 0x13
 1684 01b2 02       		.uleb128 0x2
 1685 01b3 06       		.uleb128 0x6
 1686 01b4 00       		.byte	0
 1687 01b5 00       		.byte	0
 1688 01b6 22       		.uleb128 0x22
 1689 01b7 898201   		.uleb128 0x4109
 1690 01ba 01       		.byte	0x1
 1691 01bb 11       		.uleb128 0x11
 1692 01bc 01       		.uleb128 0x1
 1693 01bd 31       		.uleb128 0x31
 1694 01be 13       		.uleb128 0x13
 1695 01bf 00       		.byte	0
 1696 01c0 00       		.byte	0
 1697 01c1 23       		.uleb128 0x23
 1698 01c2 34       		.uleb128 0x34
 1699 01c3 00       		.byte	0
 1700 01c4 03       		.uleb128 0x3
 1701 01c5 08       		.uleb128 0x8
 1702 01c6 3A       		.uleb128 0x3a
 1703 01c7 0B       		.uleb128 0xb
 1704 01c8 3B       		.uleb128 0x3b
 1705 01c9 05       		.uleb128 0x5
 1706 01ca 49       		.uleb128 0x49
 1707 01cb 13       		.uleb128 0x13
 1708 01cc 3F       		.uleb128 0x3f
 1709 01cd 0C       		.uleb128 0xc
ARM GAS  /tmp/ccmKV0BV.s 			page 31


 1710 01ce 3C       		.uleb128 0x3c
 1711 01cf 0C       		.uleb128 0xc
 1712 01d0 00       		.byte	0
 1713 01d1 00       		.byte	0
 1714 01d2 24       		.uleb128 0x24
 1715 01d3 34       		.uleb128 0x34
 1716 01d4 00       		.byte	0
 1717 01d5 03       		.uleb128 0x3
 1718 01d6 0E       		.uleb128 0xe
 1719 01d7 3A       		.uleb128 0x3a
 1720 01d8 0B       		.uleb128 0xb
 1721 01d9 3B       		.uleb128 0x3b
 1722 01da 0B       		.uleb128 0xb
 1723 01db 49       		.uleb128 0x49
 1724 01dc 13       		.uleb128 0x13
 1725 01dd 3F       		.uleb128 0x3f
 1726 01de 0C       		.uleb128 0xc
 1727 01df 3C       		.uleb128 0x3c
 1728 01e0 0C       		.uleb128 0xc
 1729 01e1 00       		.byte	0
 1730 01e2 00       		.byte	0
 1731 01e3 25       		.uleb128 0x25
 1732 01e4 2E       		.uleb128 0x2e
 1733 01e5 00       		.byte	0
 1734 01e6 3F       		.uleb128 0x3f
 1735 01e7 0C       		.uleb128 0xc
 1736 01e8 03       		.uleb128 0x3
 1737 01e9 0E       		.uleb128 0xe
 1738 01ea 3A       		.uleb128 0x3a
 1739 01eb 0B       		.uleb128 0xb
 1740 01ec 3B       		.uleb128 0x3b
 1741 01ed 0B       		.uleb128 0xb
 1742 01ee 27       		.uleb128 0x27
 1743 01ef 0C       		.uleb128 0xc
 1744 01f0 3C       		.uleb128 0x3c
 1745 01f1 0C       		.uleb128 0xc
 1746 01f2 00       		.byte	0
 1747 01f3 00       		.byte	0
 1748 01f4 26       		.uleb128 0x26
 1749 01f5 2E       		.uleb128 0x2e
 1750 01f6 01       		.byte	0x1
 1751 01f7 3F       		.uleb128 0x3f
 1752 01f8 0C       		.uleb128 0xc
 1753 01f9 03       		.uleb128 0x3
 1754 01fa 0E       		.uleb128 0xe
 1755 01fb 3A       		.uleb128 0x3a
 1756 01fc 0B       		.uleb128 0xb
 1757 01fd 3B       		.uleb128 0x3b
 1758 01fe 0B       		.uleb128 0xb
 1759 01ff 27       		.uleb128 0x27
 1760 0200 0C       		.uleb128 0xc
 1761 0201 3C       		.uleb128 0x3c
 1762 0202 0C       		.uleb128 0xc
 1763 0203 01       		.uleb128 0x1
 1764 0204 13       		.uleb128 0x13
 1765 0205 00       		.byte	0
 1766 0206 00       		.byte	0
ARM GAS  /tmp/ccmKV0BV.s 			page 32


 1767 0207 27       		.uleb128 0x27
 1768 0208 05       		.uleb128 0x5
 1769 0209 00       		.byte	0
 1770 020a 49       		.uleb128 0x49
 1771 020b 13       		.uleb128 0x13
 1772 020c 00       		.byte	0
 1773 020d 00       		.byte	0
 1774 020e 28       		.uleb128 0x28
 1775 020f 2E       		.uleb128 0x2e
 1776 0210 01       		.byte	0x1
 1777 0211 3F       		.uleb128 0x3f
 1778 0212 0C       		.uleb128 0xc
 1779 0213 03       		.uleb128 0x3
 1780 0214 0E       		.uleb128 0xe
 1781 0215 3A       		.uleb128 0x3a
 1782 0216 0B       		.uleb128 0xb
 1783 0217 3B       		.uleb128 0x3b
 1784 0218 05       		.uleb128 0x5
 1785 0219 27       		.uleb128 0x27
 1786 021a 0C       		.uleb128 0xc
 1787 021b 3C       		.uleb128 0x3c
 1788 021c 0C       		.uleb128 0xc
 1789 021d 00       		.byte	0
 1790 021e 00       		.byte	0
 1791 021f 00       		.byte	0
 1792              		.section	.debug_loc,"",%progbits
 1793              	.Ldebug_loc0:
 1794              	.LLST0:
 1795 0000 00000000 		.4byte	.LFB77
 1796 0004 02000000 		.4byte	.LCFI0
 1797 0008 0200     		.2byte	0x2
 1798 000a 7D       		.byte	0x7d
 1799 000b 00       		.sleb128 0
 1800 000c 02000000 		.4byte	.LCFI0
 1801 0010 04000000 		.4byte	.LCFI1
 1802 0014 0200     		.2byte	0x2
 1803 0016 7D       		.byte	0x7d
 1804 0017 14       		.sleb128 20
 1805 0018 04000000 		.4byte	.LCFI1
 1806 001c D0000000 		.4byte	.LFE77
 1807 0020 0200     		.2byte	0x2
 1808 0022 7D       		.byte	0x7d
 1809 0023 30       		.sleb128 48
 1810 0024 00000000 		.4byte	0
 1811 0028 00000000 		.4byte	0
 1812              	.LLST1:
 1813 002c 00000000 		.4byte	.LVL0
 1814 0030 0B000000 		.4byte	.LVL1-1
 1815 0034 0100     		.2byte	0x1
 1816 0036 50       		.byte	0x50
 1817 0037 0B000000 		.4byte	.LVL1-1
 1818 003b C6000000 		.4byte	.LVL14
 1819 003f 0100     		.2byte	0x1
 1820 0041 56       		.byte	0x56
 1821 0042 C6000000 		.4byte	.LVL14
 1822 0046 D0000000 		.4byte	.LFE77
 1823 004a 0400     		.2byte	0x4
ARM GAS  /tmp/ccmKV0BV.s 			page 33


 1824 004c F3       		.byte	0xf3
 1825 004d 01       		.uleb128 0x1
 1826 004e 50       		.byte	0x50
 1827 004f 9F       		.byte	0x9f
 1828 0050 00000000 		.4byte	0
 1829 0054 00000000 		.4byte	0
 1830              	.LLST2:
 1831 0058 00000000 		.4byte	.LVL0
 1832 005c 0B000000 		.4byte	.LVL1-1
 1833 0060 0100     		.2byte	0x1
 1834 0062 51       		.byte	0x51
 1835 0063 0B000000 		.4byte	.LVL1-1
 1836 0067 D0000000 		.4byte	.LFE77
 1837 006b 0400     		.2byte	0x4
 1838 006d F3       		.byte	0xf3
 1839 006e 01       		.uleb128 0x1
 1840 006f 51       		.byte	0x51
 1841 0070 9F       		.byte	0x9f
 1842 0071 00000000 		.4byte	0
 1843 0075 00000000 		.4byte	0
 1844              	.LLST3:
 1845 0079 1E000000 		.4byte	.LVL2
 1846 007d 20000000 		.4byte	.LVL3
 1847 0081 0200     		.2byte	0x2
 1848 0083 30       		.byte	0x30
 1849 0084 9F       		.byte	0x9f
 1850 0085 20000000 		.4byte	.LVL3
 1851 0089 BC000000 		.4byte	.LVL9
 1852 008d 0100     		.2byte	0x1
 1853 008f 55       		.byte	0x55
 1854 0090 BC000000 		.4byte	.LVL9
 1855 0094 C2000000 		.4byte	.LVL11
 1856 0098 0300     		.2byte	0x3
 1857 009a 75       		.byte	0x75
 1858 009b 7F       		.sleb128 -1
 1859 009c 9F       		.byte	0x9f
 1860 009d C2000000 		.4byte	.LVL11
 1861 00a1 C6000000 		.4byte	.LVL13
 1862 00a5 0100     		.2byte	0x1
 1863 00a7 55       		.byte	0x55
 1864 00a8 00000000 		.4byte	0
 1865 00ac 00000000 		.4byte	0
 1866              	.LLST4:
 1867 00b0 3C000000 		.4byte	.LVL4
 1868 00b4 3E000000 		.4byte	.LVL5
 1869 00b8 0100     		.2byte	0x1
 1870 00ba 50       		.byte	0x50
 1871 00bb 3E000000 		.4byte	.LVL5
 1872 00bf BA000000 		.4byte	.LVL8
 1873 00c3 0100     		.2byte	0x1
 1874 00c5 57       		.byte	0x57
 1875 00c6 BA000000 		.4byte	.LVL8
 1876 00ca BF000000 		.4byte	.LVL10-1
 1877 00ce 0100     		.2byte	0x1
 1878 00d0 51       		.byte	0x51
 1879 00d1 BF000000 		.4byte	.LVL10-1
 1880 00d5 C4000000 		.4byte	.LVL12
ARM GAS  /tmp/ccmKV0BV.s 			page 34


 1881 00d9 0100     		.2byte	0x1
 1882 00db 57       		.byte	0x57
 1883 00dc 00000000 		.4byte	0
 1884 00e0 00000000 		.4byte	0
 1885              	.LLST5:
 1886 00e4 00000000 		.4byte	.LFB78
 1887 00e8 02000000 		.4byte	.LCFI2
 1888 00ec 0200     		.2byte	0x2
 1889 00ee 7D       		.byte	0x7d
 1890 00ef 00       		.sleb128 0
 1891 00f0 02000000 		.4byte	.LCFI2
 1892 00f4 90000000 		.4byte	.LFE78
 1893 00f8 0200     		.2byte	0x2
 1894 00fa 7D       		.byte	0x7d
 1895 00fb 10       		.sleb128 16
 1896 00fc 00000000 		.4byte	0
 1897 0100 00000000 		.4byte	0
 1898              	.LLST6:
 1899 0104 00000000 		.4byte	.LVL15
 1900 0108 06000000 		.4byte	.LVL16
 1901 010c 0100     		.2byte	0x1
 1902 010e 50       		.byte	0x50
 1903 010f 06000000 		.4byte	.LVL16
 1904 0113 86000000 		.4byte	.LVL32
 1905 0117 0100     		.2byte	0x1
 1906 0119 55       		.byte	0x55
 1907 011a 86000000 		.4byte	.LVL32
 1908 011e 90000000 		.4byte	.LFE78
 1909 0122 0400     		.2byte	0x4
 1910 0124 F3       		.byte	0xf3
 1911 0125 01       		.uleb128 0x1
 1912 0126 50       		.byte	0x50
 1913 0127 9F       		.byte	0x9f
 1914 0128 00000000 		.4byte	0
 1915 012c 00000000 		.4byte	0
 1916              	.LLST7:
 1917 0130 00000000 		.4byte	.LVL15
 1918 0134 14000000 		.4byte	.LVL19
 1919 0138 0200     		.2byte	0x2
 1920 013a 30       		.byte	0x30
 1921 013b 9F       		.byte	0x9f
 1922 013c 14000000 		.4byte	.LVL19
 1923 0140 1E000000 		.4byte	.LVL20
 1924 0144 0100     		.2byte	0x1
 1925 0146 54       		.byte	0x54
 1926 0147 1E000000 		.4byte	.LVL20
 1927 014b 2A000000 		.4byte	.LVL21
 1928 014f 0100     		.2byte	0x1
 1929 0151 53       		.byte	0x53
 1930 0152 2A000000 		.4byte	.LVL21
 1931 0156 2C000000 		.4byte	.LVL22
 1932 015a 0100     		.2byte	0x1
 1933 015c 56       		.byte	0x56
 1934 015d 2C000000 		.4byte	.LVL22
 1935 0161 34000000 		.4byte	.LVL23
 1936 0165 0100     		.2byte	0x1
 1937 0167 54       		.byte	0x54
ARM GAS  /tmp/ccmKV0BV.s 			page 35


 1938 0168 34000000 		.4byte	.LVL23
 1939 016c 3E000000 		.4byte	.LVL24
 1940 0170 0300     		.2byte	0x3
 1941 0172 74       		.byte	0x74
 1942 0173 7F       		.sleb128 -1
 1943 0174 9F       		.byte	0x9f
 1944 0175 48000000 		.4byte	.LVL25
 1945 0179 78000000 		.4byte	.LVL28
 1946 017d 0100     		.2byte	0x1
 1947 017f 54       		.byte	0x54
 1948 0180 7E000000 		.4byte	.LVL29
 1949 0184 86000000 		.4byte	.LVL31
 1950 0188 0100     		.2byte	0x1
 1951 018a 54       		.byte	0x54
 1952 018b 00000000 		.4byte	0
 1953 018f 00000000 		.4byte	0
 1954              		.section	.debug_aranges,"",%progbits
 1955 0000 24000000 		.4byte	0x24
 1956 0004 0200     		.2byte	0x2
 1957 0006 00000000 		.4byte	.Ldebug_info0
 1958 000a 04       		.byte	0x4
 1959 000b 00       		.byte	0
 1960 000c 0000     		.2byte	0
 1961 000e 0000     		.2byte	0
 1962 0010 00000000 		.4byte	.LFB77
 1963 0014 D0000000 		.4byte	.LFE77-.LFB77
 1964 0018 00000000 		.4byte	.LFB78
 1965 001c 90000000 		.4byte	.LFE78-.LFB78
 1966 0020 00000000 		.4byte	0
 1967 0024 00000000 		.4byte	0
 1968              		.section	.debug_ranges,"",%progbits
 1969              	.Ldebug_ranges0:
 1970 0000 00000000 		.4byte	.LFB77
 1971 0004 D0000000 		.4byte	.LFE77
 1972 0008 00000000 		.4byte	.LFB78
 1973 000c 90000000 		.4byte	.LFE78
 1974 0010 00000000 		.4byte	0
 1975 0014 00000000 		.4byte	0
 1976              		.section	.debug_line,"",%progbits
 1977              	.Ldebug_line0:
 1978 0000 FD010000 		.section	.debug_str,"MS",%progbits,1
 1978      02007B01 
 1978      00000201 
 1978      FB0E0D00 
 1978      01010101 
 1979              	.LASF70:
 1980 0000 73736431 		.ascii	"ssd1306DrawString\000"
 1980      33303644 
 1980      72617753 
 1980      7472696E 
 1980      6700
 1981              	.LASF42:
 1982 0012 75384C61 		.ascii	"u8LastChar\000"
 1982      73744368 
 1982      617200
 1983              	.LASF67:
 1984 001d 64726177 		.ascii	"drawMenu\000"
ARM GAS  /tmp/ccmKV0BV.s 			page 36


 1984      4D656E75 
 1984      00
 1985              	.LASF1:
 1986 0026 73746174 		.ascii	"state\000"
 1986      6500
 1987              	.LASF9:
 1988 002c 73686F72 		.ascii	"short int\000"
 1988      7420696E 
 1988      7400
 1989              	.LASF54:
 1990 0036 73746D33 		.ascii	"stm32_gpio_t\000"
 1990      325F6770 
 1990      696F5F74 
 1990      00
 1991              	.LASF22:
 1992 0043 73697A65 		.ascii	"sizetype\000"
 1992      74797065 
 1992      00
 1993              	.LASF39:
 1994 004c 75385769 		.ascii	"u8Width\000"
 1994      64746800 
 1995              	.LASF6:
 1996 0054 696E7438 		.ascii	"int8_t\000"
 1996      5F7400
 1997              	.LASF60:
 1998 005b 5F5F6D65 		.ascii	"__menuItem\000"
 1998      6E754974 
 1998      656D00
 1999              	.LASF16:
 2000 0066 6C6F6E67 		.ascii	"long long int\000"
 2000      206C6F6E 
 2000      6720696E 
 2000      7400
 2001              	.LASF20:
 2002 0074 6576656E 		.ascii	"eventmask_t\000"
 2002      746D6173 
 2002      6B5F7400 
 2003              	.LASF25:
 2004 0080 6E696C5F 		.ascii	"nil_thread\000"
 2004      74687265 
 2004      616400
 2005              	.LASF69:
 2006 008b 466F6E74 		.ascii	"Font_System5x8\000"
 2006      5F537973 
 2006      74656D35 
 2006      783800
 2007              	.LASF62:
 2008 009a 68616E64 		.ascii	"handler\000"
 2008      6C657200 
 2009              	.LASF57:
 2010 00a2 6D656E75 		.ascii	"menuName\000"
 2010      4E616D65 
 2010      00
 2011              	.LASF24:
 2012 00ab 72656761 		.ascii	"regarm_t\000"
 2012      726D5F74 
 2012      00
ARM GAS  /tmp/ccmKV0BV.s 			page 37


 2013              	.LASF7:
 2014 00b4 75696E74 		.ascii	"uint8_t\000"
 2014      385F7400 
 2015              	.LASF28:
 2016 00bc 73656D61 		.ascii	"semaphore_t\000"
 2016      70686F72 
 2016      655F7400 
 2017              	.LASF47:
 2018 00c8 4F545950 		.ascii	"OTYPER\000"
 2018      455200
 2019              	.LASF5:
 2020 00cf 7369676E 		.ascii	"signed char\000"
 2020      65642063 
 2020      68617200 
 2021              	.LASF35:
 2022 00db 73797374 		.ascii	"systime\000"
 2022      696D6500 
 2023              	.LASF36:
 2024 00e3 74687265 		.ascii	"threads\000"
 2024      61647300 
 2025              	.LASF38:
 2026 00eb 464F4E54 		.ascii	"FONT_DEF\000"
 2026      5F444546 
 2026      00
 2027              	.LASF37:
 2028 00f4 6E696C5F 		.ascii	"nil_system_t\000"
 2028      73797374 
 2028      656D5F74 
 2028      00
 2029              	.LASF43:
 2030 0101 61753846 		.ascii	"au8FontTable\000"
 2030      6F6E7454 
 2030      61626C65 
 2030      00
 2031              	.LASF49:
 2032 010e 50555044 		.ascii	"PUPDR\000"
 2032      5200
 2033              	.LASF65:
 2034 0114 6D656E75 		.ascii	"menuToShow\000"
 2034      546F5368 
 2034      6F7700
 2035              	.LASF41:
 2036 011f 75384669 		.ascii	"u8FirstChar\000"
 2036      72737443 
 2036      68617200 
 2037              	.LASF0:
 2038 012b 63747870 		.ascii	"ctxp\000"
 2038      00
 2039              	.LASF50:
 2040 0130 42535252 		.ascii	"BSRR\000"
 2040      00
 2041              	.LASF46:
 2042 0135 4D4F4445 		.ascii	"MODER\000"
 2042      5200
 2043              	.LASF55:
 2044 013b 6D656E75 		.ascii	"menuStruct_t\000"
 2044      53747275 
ARM GAS  /tmp/ccmKV0BV.s 			page 38


 2044      63745F74 
 2044      00
 2045              	.LASF45:
 2046 0148 636C6561 		.ascii	"clear\000"
 2046      7200
 2047              	.LASF74:
 2048 014e 2F6D6564 		.ascii	"/media/data/src/OpenTCS/code\000"
 2048      69612F64 
 2048      6174612F 
 2048      7372632F 
 2048      4F70656E 
 2049              	.LASF66:
 2050 016b 73656C65 		.ascii	"selectedIndex\000"
 2050      63746564 
 2050      496E6465 
 2050      7800
 2051              	.LASF72:
 2052 0179 474E5520 		.ascii	"GNU C 4.7.3 20130312 (release) [ARM/embedded-4_7-br"
 2052      4320342E 
 2052      372E3320 
 2052      32303133 
 2052      30333132 
 2053 01ac 616E6368 		.ascii	"anch revision 196615]\000"
 2053      20726576 
 2053      6973696F 
 2053      6E203139 
 2053      36363135 
 2054              	.LASF40:
 2055 01c2 75384865 		.ascii	"u8Height\000"
 2055      69676874 
 2055      00
 2056              	.LASF75:
 2057 01cb 73736431 		.ascii	"ssd1306ClearScreen\000"
 2057      33303643 
 2057      6C656172 
 2057      53637265 
 2057      656E00
 2058              	.LASF8:
 2059 01de 756E7369 		.ascii	"unsigned char\000"
 2059      676E6564 
 2059      20636861 
 2059      7200
 2060              	.LASF64:
 2061 01ec 6D656E75 		.ascii	"menuItem_t\000"
 2061      4974656D 
 2061      5F7400
 2062              	.LASF71:
 2063 01f7 73736431 		.ascii	"ssd1306DrawChar\000"
 2063      33303644 
 2063      72617743 
 2063      68617200 
 2064              	.LASF32:
 2065 0207 65776D61 		.ascii	"ewmask\000"
 2065      736B00
 2066              	.LASF17:
 2067 020e 6C6F6E67 		.ascii	"long long unsigned int\000"
 2067      206C6F6E 
ARM GAS  /tmp/ccmKV0BV.s 			page 39


 2067      6720756E 
 2067      7369676E 
 2067      65642069 
 2068              	.LASF14:
 2069 0225 75696E74 		.ascii	"uint32_t\000"
 2069      33325F74 
 2069      00
 2070              	.LASF4:
 2071 022e 756E7369 		.ascii	"unsigned int\000"
 2071      676E6564 
 2071      20696E74 
 2071      00
 2072              	.LASF10:
 2073 023b 75696E74 		.ascii	"uint16_t\000"
 2073      31365F74 
 2073      00
 2074              	.LASF68:
 2075 0244 6F70656E 		.ascii	"openMenu\000"
 2075      4D656E75 
 2075      00
 2076              	.LASF63:
 2077 024d 7375624D 		.ascii	"subMenu\000"
 2077      656E7500 
 2078              	.LASF33:
 2079 0255 63757272 		.ascii	"current\000"
 2079      656E7400 
 2080              	.LASF53:
 2081 025d 41465248 		.ascii	"AFRH\000"
 2081      00
 2082              	.LASF52:
 2083 0262 4146524C 		.ascii	"AFRL\000"
 2083      00
 2084              	.LASF11:
 2085 0267 73686F72 		.ascii	"short unsigned int\000"
 2085      7420756E 
 2085      7369676E 
 2085      65642069 
 2085      6E7400
 2086              	.LASF23:
 2087 027a 73797374 		.ascii	"systime_t\000"
 2087      696D655F 
 2087      7400
 2088              	.LASF29:
 2089 0284 63686172 		.ascii	"char\000"
 2089      00
 2090              	.LASF13:
 2091 0289 6C6F6E67 		.ascii	"long int\000"
 2091      20696E74 
 2091      00
 2092              	.LASF58:
 2093 0292 6E756D62 		.ascii	"numberItems\000"
 2093      65724974 
 2093      656D7300 
 2094              	.LASF12:
 2095 029e 696E7433 		.ascii	"int32_t\000"
 2095      325F7400 
 2096              	.LASF21:
ARM GAS  /tmp/ccmKV0BV.s 			page 40


 2097 02a6 636E745F 		.ascii	"cnt_t\000"
 2097      7400
 2098              	.LASF44:
 2099 02ac 5F426F6F 		.ascii	"_Bool\000"
 2099      6C00
 2100              	.LASF2:
 2101 02b2 74696D65 		.ascii	"timeout\000"
 2101      6F757400 
 2102              	.LASF61:
 2103 02ba 6974656D 		.ascii	"itemName\000"
 2103      4E616D65 
 2103      00
 2104              	.LASF3:
 2105 02c3 65706D61 		.ascii	"epmask\000"
 2105      736B00
 2106              	.LASF48:
 2107 02ca 4F535045 		.ascii	"OSPEEDR\000"
 2107      45445200 
 2108              	.LASF15:
 2109 02d2 6C6F6E67 		.ascii	"long unsigned int\000"
 2109      20756E73 
 2109      69676E65 
 2109      6420696E 
 2109      7400
 2110              	.LASF59:
 2111 02e4 6974656D 		.ascii	"items\000"
 2111      7300
 2112              	.LASF76:
 2113 02ea 63685468 		.ascii	"chThdSleep\000"
 2113      64536C65 
 2113      657000
 2114              	.LASF26:
 2115 02f5 706F7274 		.ascii	"port_intctx\000"
 2115      5F696E74 
 2115      63747800 
 2116              	.LASF31:
 2117 0301 73656D70 		.ascii	"semp\000"
 2117      00
 2118              	.LASF30:
 2119 0306 74687265 		.ascii	"thread_reference_t\000"
 2119      61645F72 
 2119      65666572 
 2119      656E6365 
 2119      5F7400
 2120              	.LASF18:
 2121 0319 74737461 		.ascii	"tstate_t\000"
 2121      74655F74 
 2121      00
 2122              	.LASF73:
 2123 0322 7372632F 		.ascii	"src/menu.c\000"
 2123      6D656E75 
 2123      2E6300
 2124              	.LASF27:
 2125 032d 696E7463 		.ascii	"intctx_t\000"
 2125      74785F74 
 2125      00
 2126              	.LASF51:
ARM GAS  /tmp/ccmKV0BV.s 			page 41


 2127 0336 4C434B52 		.ascii	"LCKR\000"
 2127      00
 2128              	.LASF56:
 2129 033b 5F5F6D65 		.ascii	"__menuStruct\000"
 2129      6E755374 
 2129      72756374 
 2129      00
 2130              	.LASF19:
 2131 0348 6D73675F 		.ascii	"msg_t\000"
 2131      7400
 2132              	.LASF34:
 2133 034e 6E657874 		.ascii	"next\000"
 2133      00
 2134              		.ident	"GCC: (GNU Tools for ARM Embedded Processors) 4.7.3 20130312 (release) [ARM/embedded-4_7-br
ARM GAS  /tmp/ccmKV0BV.s 			page 42


DEFINED SYMBOLS
                            *ABS*:00000000 menu.c
     /tmp/ccmKV0BV.s:18     .text.drawMenu:00000000 $t
     /tmp/ccmKV0BV.s:23     .text.drawMenu:00000000 drawMenu
     /tmp/ccmKV0BV.s:190    .text.drawMenu:000000c8 $d
     /tmp/ccmKV0BV.s:196    .text.openMenu:00000000 $t
     /tmp/ccmKV0BV.s:201    .text.openMenu:00000000 openMenu
     /tmp/ccmKV0BV.s:330    .text.openMenu:00000088 $d
                     .debug_frame:00000010 $d

UNDEFINED SYMBOLS
ssd1306ClearScreen
ssd1306DrawString
ssd1306DrawChar
Font_System5x8
chThdSleep
