ARM GAS  /tmp/cc4YyfPR.s 			page 1


   1              		.cpu cortex-m0
   2              		.fpu softvfp
   3              		.eabi_attribute 20, 1
   4              		.eabi_attribute 21, 1
   5              		.eabi_attribute 23, 3
   6              		.eabi_attribute 24, 1
   7              		.eabi_attribute 25, 1
   8              		.eabi_attribute 26, 1
   9              		.eabi_attribute 30, 4
  10              		.eabi_attribute 34, 0
  11              		.eabi_attribute 18, 4
  12              		.code	16
  13              		.file	"settings.c"
  14              		.text
  15              	.Ltext0:
  16              		.cfi_sections	.debug_frame
  17              		.section	.text.readSettings,"ax",%progbits
  18              		.align	1
  19              		.global	readSettings
  20              		.code	16
  21              		.thumb_func
  22              		.type	readSettings, %function
  23              	readSettings:
  24              	.LFB78:
  25              		.file 1 "src/settings.c"
  26              		.loc 1 31 0
  27              		.cfi_startproc
  28              	.LVL0:
  29 0000 F0B5     		push	{r4, r5, r6, r7, lr}
  30              	.LCFI0:
  31              		.cfi_def_cfa_offset 20
  32              		.cfi_offset 4, -20
  33              		.cfi_offset 5, -16
  34              		.cfi_offset 6, -12
  35              		.cfi_offset 7, -8
  36              		.cfi_offset 14, -4
  37              		.loc 1 35 0
  38 0002 264D     		ldr	r5, .L5
  39              		.loc 1 31 0
  40 0004 8FB0     		sub	sp, sp, #60
  41              	.LCFI1:
  42              		.cfi_def_cfa_offset 80
  43              		.loc 1 35 0
  44 0006 2421     		mov	r1, #36
  45              		.loc 1 31 0
  46 0008 041C     		mov	r4, r0
  47              		.loc 1 35 0
  48 000a 281C     		mov	r0, r5
  49              	.LVL1:
  50 000c FFF7FEFF 		bl	CRC_CalcBlockCRC
  51              	.LVL2:
  52              		.loc 1 37 0
  53 0010 04A9     		add	r1, sp, #16
  54 0012 2A1C     		mov	r2, r5
  55 0014 8C46     		mov	ip, r1
  56 0016 C8CA     		ldmia	r2!, {r3, r6, r7}
  57 0018 C8C1     		stmia	r1!, {r3, r6, r7}
ARM GAS  /tmp/cc4YyfPR.s 			page 2


  58 001a 0391     		str	r1, [sp, #12]
  59 001c C8CA     		ldmia	r2!, {r3, r6, r7}
  60 001e C8C1     		stmia	r1!, {r3, r6, r7}
  61 0020 0192     		str	r2, [sp, #4]
  62 0022 0291     		str	r1, [sp, #8]
  63 0024 0F1C     		mov	r7, r1
  64 0026 161C     		mov	r6, r2
  65 0028 0ECE     		ldmia	r6!, {r1, r2, r3}
  66 002a 0EC7     		stmia	r7!, {r1, r2, r3}
  67 002c 3668     		ldr	r6, [r6]
  68 002e 3E60     		str	r6, [r7]
  69              		.loc 1 40 0
  70 0030 6B6A     		ldr	r3, [r5, #36]
  71 0032 9842     		cmp	r0, r3
  72 0034 23D0     		beq	.L2
  73              		.loc 1 42 0
  74 0036 0021     		mov	r1, #0
  75 0038 2822     		mov	r2, #40
  76 003a 201C     		mov	r0, r4
  77              	.LVL3:
  78 003c FFF7FEFF 		bl	memset
  79              	.LVL4:
  80 0040 0625     		mov	r5, #6
  81 0042 FA22     		mov	r2, #250
  82 0044 3227     		mov	r7, #50
  83 0046 1E20     		mov	r0, #30
  84 0048 1101     		lsl	r1, r2, #4
  85 004a 0A26     		mov	r6, #10
  86 004c 2570     		strb	r5, [r4]
  87 004e 3C25     		mov	r5, #60
  88 0050 4623     		mov	r3, #70
  89 0052 6780     		strh	r7, [r4, #2]
  90 0054 A680     		strh	r6, [r4, #4]
  91 0056 A071     		strb	r0, [r4, #6]
  92 0058 2081     		strh	r0, [r4, #8]
  93 005a 6181     		strh	r1, [r4, #10]
  94 005c 6576     		strb	r5, [r4, #25]
  95 005e A576     		strb	r5, [r4, #26]
  96 0060 3726     		mov	r6, #55
  97 0062 2777     		strb	r7, [r4, #28]
  98 0064 6420     		mov	r0, #100
  99 0066 7827     		mov	r7, #120
 100 0068 5522     		mov	r2, #85
 101 006a 611C     		add	r1, r4, #1
 102 006c A51C     		add	r5, r4, #2
 103 006e 2376     		strb	r3, [r4, #24]
 104 0070 E676     		strb	r6, [r4, #27]
 105 0072 6777     		strb	r7, [r4, #29]
 106 0074 A077     		strb	r0, [r4, #30]
 107 0076 E277     		strb	r2, [r4, #31]
 108 0078 CB77     		strb	r3, [r1, #31]
 109 007a EB77     		strb	r3, [r5, #31]
 110 007c 0BE0     		b	.L1
 111              	.LVL5:
 112              	.L2:
 113              		.loc 1 44 0
 114 007e 201C     		mov	r0, r4
ARM GAS  /tmp/cc4YyfPR.s 			page 3


 115              	.LVL6:
 116 0080 6146     		mov	r1, ip
 117 0082 A4C9     		ldmia	r1!, {r2, r5, r7}
 118 0084 A4C0     		stmia	r0!, {r2, r5, r7}
 119 0086 039A     		ldr	r2, [sp, #12]
 120 0088 A8CA     		ldmia	r2!, {r3, r5, r7}
 121 008a A8C0     		stmia	r0!, {r3, r5, r7}
 122 008c 029B     		ldr	r3, [sp, #8]
 123 008e 011C     		mov	r1, r0
 124 0090 A1CB     		ldmia	r3!, {r0, r5, r7}
 125 0092 A1C1     		stmia	r1!, {r0, r5, r7}
 126 0094 0E60     		str	r6, [r1]
 127              	.L1:
 128              		.loc 1 45 0
 129 0096 201C     		mov	r0, r4
 130 0098 0FB0     		add	sp, sp, #60
 131              		@ sp needed for prologue
 132              	.LVL7:
 133 009a F0BD     		pop	{r4, r5, r6, r7, pc}
 134              	.L6:
 135              		.align	2
 136              	.L5:
 137 009c 007C0008 		.word	134249472
 138              		.cfi_endproc
 139              	.LFE78:
 140              		.size	readSettings, .-readSettings
 141              		.section	.text.settingsInit,"ax",%progbits
 142              		.align	1
 143              		.global	settingsInit
 144              		.code	16
 145              		.thumb_func
 146              		.type	settingsInit, %function
 147              	settingsInit:
 148              	.LFB77:
 149              		.loc 1 26 0
 150              		.cfi_startproc
 151 0000 30B5     		push	{r4, r5, lr}
 152              	.LCFI2:
 153              		.cfi_def_cfa_offset 12
 154              		.cfi_offset 4, -12
 155              		.cfi_offset 5, -8
 156              		.cfi_offset 14, -4
 157 0002 8BB0     		sub	sp, sp, #44
 158              	.LCFI3:
 159              		.cfi_def_cfa_offset 56
 160              		.loc 1 27 0
 161 0004 6846     		mov	r0, sp
 162 0006 084D     		ldr	r5, .L8
 163 0008 FFF7FEFF 		bl	readSettings
 164              	.LVL8:
 165 000c 6C46     		mov	r4, sp
 166 000e 2A1C     		mov	r2, r5
 167 0010 0BCC     		ldmia	r4!, {r0, r1, r3}
 168 0012 0BC2     		stmia	r2!, {r0, r1, r3}
 169 0014 131C     		mov	r3, r2
 170 0016 23CC     		ldmia	r4!, {r0, r1, r5}
 171 0018 23C3     		stmia	r3!, {r0, r1, r5}
ARM GAS  /tmp/cc4YyfPR.s 			page 4


 172 001a 1A1C     		mov	r2, r3
 173 001c 23CC     		ldmia	r4!, {r0, r1, r5}
 174 001e 23C2     		stmia	r2!, {r0, r1, r5}
 175 0020 2068     		ldr	r0, [r4]
 176 0022 1060     		str	r0, [r2]
 177              		.loc 1 28 0
 178 0024 0BB0     		add	sp, sp, #44
 179              		@ sp needed for prologue
 180 0026 30BD     		pop	{r4, r5, pc}
 181              	.L9:
 182              		.align	2
 183              	.L8:
 184 0028 00000000 		.word	.LANCHOR0
 185              		.cfi_endproc
 186              	.LFE77:
 187              		.size	settingsInit, .-settingsInit
 188              		.section	.text.writeSettings,"ax",%progbits
 189              		.align	1
 190              		.global	writeSettings
 191              		.code	16
 192              		.thumb_func
 193              		.type	writeSettings, %function
 194              	writeSettings:
 195              	.LFB79:
 196              		.loc 1 48 0
 197              		.cfi_startproc
 198              	.LVL9:
 199 0000 38B5     		push	{r3, r4, r5, lr}
 200              	.LCFI4:
 201              		.cfi_def_cfa_offset 16
 202              		.cfi_offset 3, -16
 203              		.cfi_offset 4, -12
 204              		.cfi_offset 5, -8
 205              		.cfi_offset 14, -4
 206              		.loc 1 48 0
 207 0002 051C     		mov	r5, r0
 208              		.loc 1 54 0
 209 0004 FFF7FEFF 		bl	FLASH_Unlock
 210              	.LVL10:
 211              		.loc 1 57 0
 212 0008 3420     		mov	r0, #52
 213 000a FFF7FEFF 		bl	FLASH_ClearFlag
 214              	.LVL11:
 215              		.loc 1 60 0
 216 000e 0F48     		ldr	r0, .L16
 217 0010 FFF7FEFF 		bl	FLASH_ErasePage
 218              	.LVL12:
 219 0014 0428     		cmp	r0, #4
 220 0016 03D0     		beq	.L11
 221              	.LVL13:
 222              	.L13:
 223              		.loc 1 64 0
 224 0018 FFF7FEFF 		bl	FLASH_Lock
 225              	.LVL14:
 226              		.loc 1 65 0
 227 001c 0120     		mov	r0, #1
 228 001e 14E0     		b	.L12
ARM GAS  /tmp/cc4YyfPR.s 			page 5


 229              	.LVL15:
 230              	.L11:
 231              		.loc 1 68 0
 232 0020 281C     		mov	r0, r5
 233 0022 2421     		mov	r1, #36
 234 0024 FFF7FEFF 		bl	CRC_CalcBlockCRC
 235              	.LVL16:
 236              		.loc 1 49 0
 237 0028 0024     		mov	r4, #0
 238              		.loc 1 68 0
 239 002a 6862     		str	r0, [r5, #36]
 240              	.LVL17:
 241              	.L14:
 242              		.loc 1 72 0
 243 002c E3B2     		uxtb	r3, r4
 244              		.loc 1 73 0
 245 002e 9800     		lsl	r0, r3, #2
 246 0030 4159     		ldr	r1, [r0, r5]
 247 0032 201C     		mov	r0, r4
 248 0034 FFF7FEFF 		bl	FLASH_ProgramWord
 249              	.LVL18:
 250 0038 0428     		cmp	r0, #4
 251 003a EDD1     		bne	.L13
 252              		.loc 1 70 0
 253 003c 0449     		ldr	r1, .L16+4
 254              		.loc 1 75 0
 255 003e 0434     		add	r4, r4, #4
 256              	.LVL19:
 257              		.loc 1 70 0
 258 0040 8C42     		cmp	r4, r1
 259 0042 F3D1     		bne	.L14
 260              		.loc 1 87 0
 261 0044 FFF7FEFF 		bl	FLASH_Lock
 262              	.LVL20:
 263              		.loc 1 88 0
 264 0048 0020     		mov	r0, #0
 265              	.LVL21:
 266              	.L12:
 267              		.loc 1 89 0
 268              		@ sp needed for prologue
 269              	.LVL22:
 270 004a 38BD     		pop	{r3, r4, r5, pc}
 271              	.L17:
 272              		.align	2
 273              	.L16:
 274 004c 007C0008 		.word	134249472
 275 0050 047C0008 		.word	134249476
 276              		.cfi_endproc
 277              	.LFE79:
 278              		.size	writeSettings, .-writeSettings
 279              		.global	default_settings
 280              		.global	settings
 281              		.section	.rodata.default_settings,"a",%progbits
 282              		.align	2
 283              		.type	default_settings, %object
 284              		.size	default_settings, 40
 285              	default_settings:
ARM GAS  /tmp/cc4YyfPR.s 			page 6


 286 0000 06       		.byte	6
 287 0001 00       		.byte	0
 288 0002 3200     		.short	50
 289 0004 0A00     		.short	10
 290 0006 1E       		.byte	30
 291 0007 00       		.byte	0
 292 0008 1E00     		.short	30
 293 000a A00F     		.short	4000
 294 000c 0000     		.short	0
 295 000e 0000     		.short	0
 296 0010 0000     		.short	0
 297 0012 0000     		.short	0
 298 0014 0000     		.short	0
 299 0016 0000     		.short	0
 300 0018 46       		.byte	70
 301 0019 3C       		.byte	60
 302 001a 3C       		.byte	60
 303 001b 37       		.byte	55
 304 001c 32       		.byte	50
 305 001d 78       		.byte	120
 306 001e 64       		.byte	100
 307 001f 55       		.byte	85
 308 0020 46       		.byte	70
 309 0021 46       		.byte	70
 310 0022 00       		.space	1
 311 0023 00       		.space	1
 312 0024 00000000 		.word	0
 313              		.section	.bss.settings,"aw",%nobits
 314              		.align	2
 315              		.set	.LANCHOR0,. + 0
 316              		.type	settings, %object
 317              		.size	settings, 40
 318              	settings:
 319 0000 00000000 		.space	40
 319      00000000 
 319      00000000 
 319      00000000 
 319      00000000 
 320              		.text
 321              	.Letext0:
 322              		.file 2 "/media/data/src/x-tools/gcc-arm-none-eabi-4_7-2013q1/bin/../lib/gcc/arm-none-eabi/4.7.3/.
 323              		.file 3 "./os/nil/include/nil.h"
 324              		.file 4 "./os/nil/ports/ARMCMx/compilers/GCC/niltypes.h"
 325              		.file 5 "lib/STM32F0xx_StdPeriph_Driver/inc/stm32f0xx_flash.h"
 326              		.file 6 "./os/nil/ports/ARMCMx/nilcore.h"
 327              		.file 7 "./os/nil/ports/ARMCMx/nilcore_v6m.h"
 328              		.file 8 "inc/threads.h"
 329              		.file 9 "lib/STM32F0xx_StdPeriph_Driver/inc/stm32f0xx_crc.h"
 330              		.section	.debug_info,"",%progbits
 331              	.Ldebug_info0:
 332 0000 6C060000 		.4byte	0x66c
 333 0004 0200     		.2byte	0x2
 334 0006 00000000 		.4byte	.Ldebug_abbrev0
 335 000a 04       		.byte	0x4
 336 000b 01       		.uleb128 0x1
 337 000c 21020000 		.4byte	.LASF73
 338 0010 01       		.byte	0x1
ARM GAS  /tmp/cc4YyfPR.s 			page 7


 339 0011 3C000000 		.4byte	.LASF74
 340 0015 44010000 		.4byte	.LASF75
 341 0019 00000000 		.4byte	.Ldebug_ranges0+0
 342 001d 00000000 		.4byte	0
 343 0021 00000000 		.4byte	0
 344 0025 00000000 		.4byte	.Ldebug_line0
 345 0029 02       		.uleb128 0x2
 346 002a 04       		.byte	0x4
 347 002b 05       		.byte	0x5
 348 002c 696E7400 		.ascii	"int\000"
 349 0030 03       		.uleb128 0x3
 350 0031 04       		.byte	0x4
 351 0032 07       		.byte	0x7
 352 0033 D5010000 		.4byte	.LASF0
 353 0037 03       		.uleb128 0x3
 354 0038 01       		.byte	0x1
 355 0039 06       		.byte	0x6
 356 003a 88010000 		.4byte	.LASF1
 357 003e 04       		.uleb128 0x4
 358 003f 93000000 		.4byte	.LASF4
 359 0043 02       		.byte	0x2
 360 0044 2A       		.byte	0x2a
 361 0045 49000000 		.4byte	0x49
 362 0049 03       		.uleb128 0x3
 363 004a 01       		.byte	0x1
 364 004b 08       		.byte	0x8
 365 004c 73010000 		.4byte	.LASF2
 366 0050 03       		.uleb128 0x3
 367 0051 02       		.byte	0x2
 368 0052 05       		.byte	0x5
 369 0053 6A000000 		.4byte	.LASF3
 370 0057 04       		.uleb128 0x4
 371 0058 99020000 		.4byte	.LASF5
 372 005c 02       		.byte	0x2
 373 005d 36       		.byte	0x36
 374 005e 62000000 		.4byte	0x62
 375 0062 03       		.uleb128 0x3
 376 0063 02       		.byte	0x2
 377 0064 07       		.byte	0x7
 378 0065 6A020000 		.4byte	.LASF6
 379 0069 04       		.uleb128 0x4
 380 006a AD020000 		.4byte	.LASF7
 381 006e 02       		.byte	0x2
 382 006f 4F       		.byte	0x4f
 383 0070 74000000 		.4byte	0x74
 384 0074 03       		.uleb128 0x3
 385 0075 04       		.byte	0x4
 386 0076 05       		.byte	0x5
 387 0077 36010000 		.4byte	.LASF8
 388 007b 04       		.uleb128 0x4
 389 007c AB010000 		.4byte	.LASF9
 390 0080 02       		.byte	0x2
 391 0081 50       		.byte	0x50
 392 0082 86000000 		.4byte	0x86
 393 0086 03       		.uleb128 0x3
 394 0087 04       		.byte	0x4
 395 0088 07       		.byte	0x7
ARM GAS  /tmp/cc4YyfPR.s 			page 8


 396 0089 E6020000 		.4byte	.LASF10
 397 008d 03       		.uleb128 0x3
 398 008e 08       		.byte	0x8
 399 008f 05       		.byte	0x5
 400 0090 F5000000 		.4byte	.LASF11
 401 0094 03       		.uleb128 0x3
 402 0095 08       		.byte	0x8
 403 0096 07       		.byte	0x7
 404 0097 94010000 		.4byte	.LASF12
 405 009b 05       		.uleb128 0x5
 406 009c 57000000 		.4byte	.LASF30
 407 00a0 14       		.byte	0x14
 408 00a1 03       		.byte	0x3
 409 00a2 1E01     		.2byte	0x11e
 410 00a4 F3000000 		.4byte	0xf3
 411 00a8 06       		.uleb128 0x6
 412 00a9 3F010000 		.4byte	.LASF13
 413 00ad 03       		.byte	0x3
 414 00ae 1F01     		.2byte	0x11f
 415 00b0 8F020000 		.4byte	0x28f
 416 00b4 02       		.byte	0x2
 417 00b5 23       		.byte	0x23
 418 00b6 00       		.uleb128 0
 419 00b7 06       		.uleb128 0x6
 420 00b8 0C030000 		.4byte	.LASF14
 421 00bc 03       		.byte	0x3
 422 00bd 2001     		.2byte	0x120
 423 00bf F3000000 		.4byte	0xf3
 424 00c3 02       		.byte	0x2
 425 00c4 23       		.byte	0x23
 426 00c5 04       		.uleb128 0x4
 427 00c6 07       		.uleb128 0x7
 428 00c7 753100   		.ascii	"u1\000"
 429 00ca 03       		.byte	0x3
 430 00cb 2B01     		.2byte	0x12b
 431 00cd 3F020000 		.4byte	0x23f
 432 00d1 02       		.byte	0x2
 433 00d2 23       		.byte	0x23
 434 00d3 08       		.uleb128 0x8
 435 00d4 06       		.uleb128 0x6
 436 00d5 9A030000 		.4byte	.LASF15
 437 00d9 03       		.byte	0x3
 438 00da 2C01     		.2byte	0x12c
 439 00dc 95020000 		.4byte	0x295
 440 00e0 02       		.byte	0x2
 441 00e1 23       		.byte	0x23
 442 00e2 0C       		.uleb128 0xc
 443 00e3 06       		.uleb128 0x6
 444 00e4 0F000000 		.4byte	.LASF16
 445 00e8 03       		.byte	0x3
 446 00e9 2F01     		.2byte	0x12f
 447 00eb 09010000 		.4byte	0x109
 448 00ef 02       		.byte	0x2
 449 00f0 23       		.byte	0x23
 450 00f1 10       		.uleb128 0x10
 451 00f2 00       		.byte	0
 452 00f3 04       		.uleb128 0x4
ARM GAS  /tmp/cc4YyfPR.s 			page 9


 453 00f4 56030000 		.4byte	.LASF17
 454 00f8 04       		.byte	0x4
 455 00f9 37       		.byte	0x37
 456 00fa 3E000000 		.4byte	0x3e
 457 00fe 04       		.uleb128 0x4
 458 00ff 94030000 		.4byte	.LASF18
 459 0103 04       		.byte	0x4
 460 0104 38       		.byte	0x38
 461 0105 69000000 		.4byte	0x69
 462 0109 04       		.uleb128 0x4
 463 010a 4B000000 		.4byte	.LASF19
 464 010e 04       		.byte	0x4
 465 010f 39       		.byte	0x39
 466 0110 7B000000 		.4byte	0x7b
 467 0114 04       		.uleb128 0x4
 468 0115 B5020000 		.4byte	.LASF20
 469 0119 04       		.byte	0x4
 470 011a 3A       		.byte	0x3a
 471 011b 69000000 		.4byte	0x69
 472 011f 03       		.uleb128 0x3
 473 0120 04       		.byte	0x4
 474 0121 07       		.byte	0x7
 475 0122 26000000 		.4byte	.LASF21
 476 0126 08       		.uleb128 0x8
 477 0127 01       		.byte	0x1
 478 0128 05       		.byte	0x5
 479 0129 36       		.byte	0x36
 480 012a 4D010000 		.4byte	0x14d
 481 012e 09       		.uleb128 0x9
 482 012f 01030000 		.4byte	.LASF22
 483 0133 01       		.sleb128 1
 484 0134 09       		.uleb128 0x9
 485 0135 16000000 		.4byte	.LASF23
 486 0139 02       		.sleb128 2
 487 013a 09       		.uleb128 0x9
 488 013b 42030000 		.4byte	.LASF24
 489 013f 03       		.sleb128 3
 490 0140 09       		.uleb128 0x9
 491 0141 E2010000 		.4byte	.LASF25
 492 0145 04       		.sleb128 4
 493 0146 09       		.uleb128 0x9
 494 0147 FA010000 		.4byte	.LASF26
 495 014b 05       		.sleb128 5
 496 014c 00       		.byte	0
 497 014d 04       		.uleb128 0x4
 498 014e 9B000000 		.4byte	.LASF27
 499 0152 05       		.byte	0x5
 500 0153 3C       		.byte	0x3c
 501 0154 26010000 		.4byte	0x126
 502 0158 04       		.uleb128 0x4
 503 0159 8A020000 		.4byte	.LASF28
 504 015d 06       		.byte	0x6
 505 015e 77       		.byte	0x77
 506 015f 57000000 		.4byte	0x57
 507 0163 04       		.uleb128 0x4
 508 0164 81000000 		.4byte	.LASF29
 509 0168 06       		.byte	0x6
ARM GAS  /tmp/cc4YyfPR.s 			page 10


 510 0169 7D       		.byte	0x7d
 511 016a 6E010000 		.4byte	0x16e
 512 016e 0A       		.uleb128 0xa
 513 016f 04       		.byte	0x4
 514 0170 0B       		.uleb128 0xb
 515 0171 12030000 		.4byte	.LASF31
 516 0175 24       		.byte	0x24
 517 0176 07       		.byte	0x7
 518 0177 A4       		.byte	0xa4
 519 0178 F4010000 		.4byte	0x1f4
 520 017c 0C       		.uleb128 0xc
 521 017d 723800   		.ascii	"r8\000"
 522 0180 07       		.byte	0x7
 523 0181 A5       		.byte	0xa5
 524 0182 63010000 		.4byte	0x163
 525 0186 02       		.byte	0x2
 526 0187 23       		.byte	0x23
 527 0188 00       		.uleb128 0
 528 0189 0C       		.uleb128 0xc
 529 018a 723900   		.ascii	"r9\000"
 530 018d 07       		.byte	0x7
 531 018e A6       		.byte	0xa6
 532 018f 63010000 		.4byte	0x163
 533 0193 02       		.byte	0x2
 534 0194 23       		.byte	0x23
 535 0195 04       		.uleb128 0x4
 536 0196 0C       		.uleb128 0xc
 537 0197 72313000 		.ascii	"r10\000"
 538 019b 07       		.byte	0x7
 539 019c A7       		.byte	0xa7
 540 019d 63010000 		.4byte	0x163
 541 01a1 02       		.byte	0x2
 542 01a2 23       		.byte	0x23
 543 01a3 08       		.uleb128 0x8
 544 01a4 0C       		.uleb128 0xc
 545 01a5 72313100 		.ascii	"r11\000"
 546 01a9 07       		.byte	0x7
 547 01aa A8       		.byte	0xa8
 548 01ab 63010000 		.4byte	0x163
 549 01af 02       		.byte	0x2
 550 01b0 23       		.byte	0x23
 551 01b1 0C       		.uleb128 0xc
 552 01b2 0C       		.uleb128 0xc
 553 01b3 723400   		.ascii	"r4\000"
 554 01b6 07       		.byte	0x7
 555 01b7 A9       		.byte	0xa9
 556 01b8 63010000 		.4byte	0x163
 557 01bc 02       		.byte	0x2
 558 01bd 23       		.byte	0x23
 559 01be 10       		.uleb128 0x10
 560 01bf 0C       		.uleb128 0xc
 561 01c0 723500   		.ascii	"r5\000"
 562 01c3 07       		.byte	0x7
 563 01c4 AA       		.byte	0xaa
 564 01c5 63010000 		.4byte	0x163
 565 01c9 02       		.byte	0x2
 566 01ca 23       		.byte	0x23
ARM GAS  /tmp/cc4YyfPR.s 			page 11


 567 01cb 14       		.uleb128 0x14
 568 01cc 0C       		.uleb128 0xc
 569 01cd 723600   		.ascii	"r6\000"
 570 01d0 07       		.byte	0x7
 571 01d1 AB       		.byte	0xab
 572 01d2 63010000 		.4byte	0x163
 573 01d6 02       		.byte	0x2
 574 01d7 23       		.byte	0x23
 575 01d8 18       		.uleb128 0x18
 576 01d9 0C       		.uleb128 0xc
 577 01da 723700   		.ascii	"r7\000"
 578 01dd 07       		.byte	0x7
 579 01de AC       		.byte	0xac
 580 01df 63010000 		.4byte	0x163
 581 01e3 02       		.byte	0x2
 582 01e4 23       		.byte	0x23
 583 01e5 1C       		.uleb128 0x1c
 584 01e6 0C       		.uleb128 0xc
 585 01e7 6C7200   		.ascii	"lr\000"
 586 01ea 07       		.byte	0x7
 587 01eb AD       		.byte	0xad
 588 01ec 63010000 		.4byte	0x163
 589 01f0 02       		.byte	0x2
 590 01f1 23       		.byte	0x23
 591 01f2 20       		.uleb128 0x20
 592 01f3 00       		.byte	0
 593 01f4 04       		.uleb128 0x4
 594 01f5 5F030000 		.4byte	.LASF32
 595 01f9 03       		.byte	0x3
 596 01fa F3       		.byte	0xf3
 597 01fb 70010000 		.4byte	0x170
 598 01ff 0D       		.uleb128 0xd
 599 0200 04       		.byte	0x4
 600 0201 03       		.byte	0x3
 601 0202 F8       		.byte	0xf8
 602 0203 16020000 		.4byte	0x216
 603 0207 0C       		.uleb128 0xc
 604 0208 636E7400 		.ascii	"cnt\000"
 605 020c 03       		.byte	0x3
 606 020d F9       		.byte	0xf9
 607 020e 16020000 		.4byte	0x216
 608 0212 02       		.byte	0x2
 609 0213 23       		.byte	0x23
 610 0214 00       		.uleb128 0
 611 0215 00       		.byte	0
 612 0216 0E       		.uleb128 0xe
 613 0217 14010000 		.4byte	0x114
 614 021b 04       		.uleb128 0x4
 615 021c BC000000 		.4byte	.LASF33
 616 0220 03       		.byte	0x3
 617 0221 FA       		.byte	0xfa
 618 0222 FF010000 		.4byte	0x1ff
 619 0226 03       		.uleb128 0x3
 620 0227 01       		.byte	0x1
 621 0228 08       		.byte	0x8
 622 0229 94020000 		.4byte	.LASF34
 623 022d 0F       		.uleb128 0xf
ARM GAS  /tmp/cc4YyfPR.s 			page 12


 624 022e 2F030000 		.4byte	.LASF35
 625 0232 03       		.byte	0x3
 626 0233 1901     		.2byte	0x119
 627 0235 39020000 		.4byte	0x239
 628 0239 10       		.uleb128 0x10
 629 023a 04       		.byte	0x4
 630 023b 9B000000 		.4byte	0x9b
 631 023f 11       		.uleb128 0x11
 632 0240 04       		.byte	0x4
 633 0241 03       		.byte	0x3
 634 0242 2301     		.2byte	0x123
 635 0244 83020000 		.4byte	0x283
 636 0248 12       		.uleb128 0x12
 637 0249 6D736700 		.ascii	"msg\000"
 638 024d 03       		.byte	0x3
 639 024e 2401     		.2byte	0x124
 640 0250 FE000000 		.4byte	0xfe
 641 0254 12       		.uleb128 0x12
 642 0255 7000     		.ascii	"p\000"
 643 0257 03       		.byte	0x3
 644 0258 2501     		.2byte	0x125
 645 025a 6E010000 		.4byte	0x16e
 646 025e 12       		.uleb128 0x12
 647 025f 74727000 		.ascii	"trp\000"
 648 0263 03       		.byte	0x3
 649 0264 2601     		.2byte	0x126
 650 0266 83020000 		.4byte	0x283
 651 026a 13       		.uleb128 0x13
 652 026b 1E030000 		.4byte	.LASF36
 653 026f 03       		.byte	0x3
 654 0270 2701     		.2byte	0x127
 655 0272 89020000 		.4byte	0x289
 656 0276 13       		.uleb128 0x13
 657 0277 81010000 		.4byte	.LASF37
 658 027b 03       		.byte	0x3
 659 027c 2901     		.2byte	0x129
 660 027e 09010000 		.4byte	0x109
 661 0282 00       		.byte	0
 662 0283 10       		.uleb128 0x10
 663 0284 04       		.byte	0x4
 664 0285 2D020000 		.4byte	0x22d
 665 0289 10       		.uleb128 0x10
 666 028a 04       		.byte	0x4
 667 028b 1B020000 		.4byte	0x21b
 668 028f 10       		.uleb128 0x10
 669 0290 04       		.byte	0x4
 670 0291 F4010000 		.4byte	0x1f4
 671 0295 0E       		.uleb128 0xe
 672 0296 58010000 		.4byte	0x158
 673 029a 14       		.uleb128 0x14
 674 029b 98       		.byte	0x98
 675 029c 03       		.byte	0x3
 676 029d 3D01     		.2byte	0x13d
 677 029f E0020000 		.4byte	0x2e0
 678 02a3 06       		.uleb128 0x6
 679 02a4 08020000 		.4byte	.LASF38
 680 02a8 03       		.byte	0x3
ARM GAS  /tmp/cc4YyfPR.s 			page 13


 681 02a9 4101     		.2byte	0x141
 682 02ab 39020000 		.4byte	0x239
 683 02af 02       		.byte	0x2
 684 02b0 23       		.byte	0x23
 685 02b1 00       		.uleb128 0
 686 02b2 06       		.uleb128 0x6
 687 02b3 A2030000 		.4byte	.LASF39
 688 02b7 03       		.byte	0x3
 689 02b8 4701     		.2byte	0x147
 690 02ba 39020000 		.4byte	0x239
 691 02be 02       		.byte	0x2
 692 02bf 23       		.byte	0x23
 693 02c0 04       		.uleb128 0x4
 694 02c1 06       		.uleb128 0x6
 695 02c2 E5000000 		.4byte	.LASF40
 696 02c6 03       		.byte	0x3
 697 02c7 4C01     		.2byte	0x14c
 698 02c9 58010000 		.4byte	0x158
 699 02cd 02       		.byte	0x2
 700 02ce 23       		.byte	0x23
 701 02cf 08       		.uleb128 0x8
 702 02d0 06       		.uleb128 0x6
 703 02d1 ED000000 		.4byte	.LASF41
 704 02d5 03       		.byte	0x3
 705 02d6 5B01     		.2byte	0x15b
 706 02d8 E0020000 		.4byte	0x2e0
 707 02dc 02       		.byte	0x2
 708 02dd 23       		.byte	0x23
 709 02de 0C       		.uleb128 0xc
 710 02df 00       		.byte	0
 711 02e0 15       		.uleb128 0x15
 712 02e1 9B000000 		.4byte	0x9b
 713 02e5 F0020000 		.4byte	0x2f0
 714 02e9 16       		.uleb128 0x16
 715 02ea 1F010000 		.4byte	0x11f
 716 02ee 06       		.byte	0x6
 717 02ef 00       		.byte	0
 718 02f0 0F       		.uleb128 0xf
 719 02f1 2F000000 		.4byte	.LASF42
 720 02f5 03       		.byte	0x3
 721 02f6 6401     		.2byte	0x164
 722 02f8 9A020000 		.4byte	0x29a
 723 02fc 03       		.uleb128 0x3
 724 02fd 01       		.byte	0x1
 725 02fe 02       		.byte	0x2
 726 02ff CE020000 		.4byte	.LASF43
 727 0303 0D       		.uleb128 0xd
 728 0304 24       		.byte	0x24
 729 0305 08       		.byte	0x8
 730 0306 65       		.byte	0x65
 731 0307 A6030000 		.4byte	0x3a6
 732 030b 17       		.uleb128 0x17
 733 030c 2C010000 		.4byte	.LASF44
 734 0310 08       		.byte	0x8
 735 0311 66       		.byte	0x66
 736 0312 3E000000 		.4byte	0x3e
 737 0316 02       		.byte	0x2
ARM GAS  /tmp/cc4YyfPR.s 			page 14


 738 0317 23       		.byte	0x23
 739 0318 00       		.uleb128 0
 740 0319 17       		.uleb128 0x17
 741 031a F1010000 		.4byte	.LASF45
 742 031e 08       		.byte	0x8
 743 031f 67       		.byte	0x67
 744 0320 3E000000 		.4byte	0x3e
 745 0324 02       		.byte	0x2
 746 0325 23       		.byte	0x23
 747 0326 01       		.uleb128 0x1
 748 0327 17       		.uleb128 0x17
 749 0328 B4010000 		.4byte	.LASF46
 750 032c 08       		.byte	0x8
 751 032d 68       		.byte	0x68
 752 032e 57000000 		.4byte	0x57
 753 0332 02       		.byte	0x2
 754 0333 23       		.byte	0x23
 755 0334 02       		.uleb128 0x2
 756 0335 17       		.uleb128 0x17
 757 0336 00000000 		.4byte	.LASF47
 758 033a 08       		.byte	0x8
 759 033b 69       		.byte	0x69
 760 033c 57000000 		.4byte	0x57
 761 0340 02       		.byte	0x2
 762 0341 23       		.byte	0x23
 763 0342 04       		.uleb128 0x4
 764 0343 17       		.uleb128 0x17
 765 0344 A8000000 		.4byte	.LASF48
 766 0348 08       		.byte	0x8
 767 0349 6A       		.byte	0x6a
 768 034a 3E000000 		.4byte	0x3e
 769 034e 02       		.byte	0x2
 770 034f 23       		.byte	0x23
 771 0350 06       		.uleb128 0x6
 772 0351 17       		.uleb128 0x17
 773 0352 03010000 		.4byte	.LASF49
 774 0356 08       		.byte	0x8
 775 0357 6B       		.byte	0x6b
 776 0358 3E000000 		.4byte	0x3e
 777 035c 02       		.byte	0x2
 778 035d 23       		.byte	0x23
 779 035e 07       		.uleb128 0x7
 780 035f 17       		.uleb128 0x17
 781 0360 C4020000 		.4byte	.LASF50
 782 0364 08       		.byte	0x8
 783 0365 6C       		.byte	0x6c
 784 0366 57000000 		.4byte	0x57
 785 036a 02       		.byte	0x2
 786 036b 23       		.byte	0x23
 787 036c 08       		.uleb128 0x8
 788 036d 17       		.uleb128 0x17
 789 036e B4000000 		.4byte	.LASF51
 790 0372 08       		.byte	0x8
 791 0373 6D       		.byte	0x6d
 792 0374 57000000 		.4byte	0x57
 793 0378 02       		.byte	0x2
 794 0379 23       		.byte	0x23
ARM GAS  /tmp/cc4YyfPR.s 			page 15


 795 037a 0A       		.uleb128 0xa
 796 037b 17       		.uleb128 0x17
 797 037c 23030000 		.4byte	.LASF52
 798 0380 08       		.byte	0x8
 799 0381 6E       		.byte	0x6e
 800 0382 A6030000 		.4byte	0x3a6
 801 0386 02       		.byte	0x2
 802 0387 23       		.byte	0x23
 803 0388 0C       		.uleb128 0xc
 804 0389 17       		.uleb128 0x17
 805 038a 68030000 		.4byte	.LASF53
 806 038e 08       		.byte	0x8
 807 038f 6F       		.byte	0x6f
 808 0390 B6030000 		.4byte	0x3b6
 809 0394 02       		.byte	0x2
 810 0395 23       		.byte	0x23
 811 0396 18       		.uleb128 0x18
 812 0397 17       		.uleb128 0x17
 813 0398 D9020000 		.4byte	.LASF54
 814 039c 08       		.byte	0x8
 815 039d 70       		.byte	0x70
 816 039e C6030000 		.4byte	0x3c6
 817 03a2 02       		.byte	0x2
 818 03a3 23       		.byte	0x23
 819 03a4 1D       		.uleb128 0x1d
 820 03a5 00       		.byte	0
 821 03a6 15       		.uleb128 0x15
 822 03a7 57000000 		.4byte	0x57
 823 03ab B6030000 		.4byte	0x3b6
 824 03af 16       		.uleb128 0x16
 825 03b0 1F010000 		.4byte	0x11f
 826 03b4 05       		.byte	0x5
 827 03b5 00       		.byte	0
 828 03b6 15       		.uleb128 0x15
 829 03b7 3E000000 		.4byte	0x3e
 830 03bb C6030000 		.4byte	0x3c6
 831 03bf 16       		.uleb128 0x16
 832 03c0 1F010000 		.4byte	0x11f
 833 03c4 04       		.byte	0x4
 834 03c5 00       		.byte	0
 835 03c6 15       		.uleb128 0x15
 836 03c7 3E000000 		.4byte	0x3e
 837 03cb D6030000 		.4byte	0x3d6
 838 03cf 16       		.uleb128 0x16
 839 03d0 1F010000 		.4byte	0x11f
 840 03d4 05       		.byte	0x5
 841 03d5 00       		.byte	0
 842 03d6 0B       		.uleb128 0xb
 843 03d7 68010000 		.4byte	.LASF55
 844 03db 28       		.byte	0x28
 845 03dc 08       		.byte	0x8
 846 03dd 63       		.byte	0x63
 847 03de FF030000 		.4byte	0x3ff
 848 03e2 17       		.uleb128 0x17
 849 03e3 D4020000 		.4byte	.LASF56
 850 03e7 08       		.byte	0x8
 851 03e8 71       		.byte	0x71
ARM GAS  /tmp/cc4YyfPR.s 			page 16


 852 03e9 03030000 		.4byte	0x303
 853 03ed 02       		.byte	0x2
 854 03ee 23       		.byte	0x23
 855 03ef 00       		.uleb128 0
 856 03f0 17       		.uleb128 0x17
 857 03f1 BB020000 		.4byte	.LASF57
 858 03f5 08       		.byte	0x8
 859 03f6 72       		.byte	0x72
 860 03f7 7B000000 		.4byte	0x7b
 861 03fb 02       		.byte	0x2
 862 03fc 23       		.byte	0x23
 863 03fd 24       		.uleb128 0x24
 864 03fe 00       		.byte	0
 865 03ff 04       		.uleb128 0x4
 866 0400 89030000 		.4byte	.LASF58
 867 0404 08       		.byte	0x8
 868 0405 74       		.byte	0x74
 869 0406 D6030000 		.4byte	0x3d6
 870 040a 18       		.uleb128 0x18
 871 040b 01       		.byte	0x1
 872 040c 7D020000 		.4byte	.LASF60
 873 0410 01       		.byte	0x1
 874 0411 1E       		.byte	0x1e
 875 0412 01       		.byte	0x1
 876 0413 FF030000 		.4byte	0x3ff
 877 0417 00000000 		.4byte	.LFB78
 878 041b A0000000 		.4byte	.LFE78
 879 041f 00000000 		.4byte	.LLST0
 880 0423 01       		.byte	0x1
 881 0424 89040000 		.4byte	0x489
 882 0428 19       		.uleb128 0x19
 883 0429 61010000 		.4byte	.LASF59
 884 042d 01       		.byte	0x1
 885 042e 20       		.byte	0x20
 886 042f FF030000 		.4byte	0x3ff
 887 0433 02       		.byte	0x2
 888 0434 91       		.byte	0x91
 889 0435 40       		.sleb128 -64
 890 0436 1A       		.uleb128 0x1a
 891 0437 737400   		.ascii	"st\000"
 892 043a 01       		.byte	0x1
 893 043b 21       		.byte	0x21
 894 043c 89040000 		.4byte	0x489
 895 0440 007C0008 		.4byte	0x8007c00
 896 0444 1B       		.uleb128 0x1b
 897 0445 BB020000 		.4byte	.LASF57
 898 0449 01       		.byte	0x1
 899 044a 23       		.byte	0x23
 900 044b 99040000 		.4byte	0x499
 901 044f 2D000000 		.4byte	.LLST1
 902 0453 1C       		.uleb128 0x1c
 903 0454 10000000 		.4byte	.LVL2
 904 0458 D3050000 		.4byte	0x5d3
 905 045c 6D040000 		.4byte	0x46d
 906 0460 1D       		.uleb128 0x1d
 907 0461 01       		.byte	0x1
 908 0462 51       		.byte	0x51
ARM GAS  /tmp/cc4YyfPR.s 			page 17


 909 0463 02       		.byte	0x2
 910 0464 08       		.byte	0x8
 911 0465 24       		.byte	0x24
 912 0466 1D       		.uleb128 0x1d
 913 0467 01       		.byte	0x1
 914 0468 50       		.byte	0x50
 915 0469 02       		.byte	0x2
 916 046a 75       		.byte	0x75
 917 046b 00       		.sleb128 0
 918 046c 00       		.byte	0
 919 046d 1E       		.uleb128 0x1e
 920 046e 40000000 		.4byte	.LVL4
 921 0472 F0050000 		.4byte	0x5f0
 922 0476 1D       		.uleb128 0x1d
 923 0477 01       		.byte	0x1
 924 0478 52       		.byte	0x52
 925 0479 02       		.byte	0x2
 926 047a 08       		.byte	0x8
 927 047b 28       		.byte	0x28
 928 047c 1D       		.uleb128 0x1d
 929 047d 01       		.byte	0x1
 930 047e 51       		.byte	0x51
 931 047f 01       		.byte	0x1
 932 0480 30       		.byte	0x30
 933 0481 1D       		.uleb128 0x1d
 934 0482 01       		.byte	0x1
 935 0483 50       		.byte	0x50
 936 0484 02       		.byte	0x2
 937 0485 74       		.byte	0x74
 938 0486 00       		.sleb128 0
 939 0487 00       		.byte	0
 940 0488 00       		.byte	0
 941 0489 1F       		.uleb128 0x1f
 942 048a 8E040000 		.4byte	0x48e
 943 048e 10       		.uleb128 0x10
 944 048f 04       		.byte	0x4
 945 0490 94040000 		.4byte	0x494
 946 0494 1F       		.uleb128 0x1f
 947 0495 FF030000 		.4byte	0x3ff
 948 0499 1F       		.uleb128 0x1f
 949 049a 7B000000 		.4byte	0x7b
 950 049e 20       		.uleb128 0x20
 951 049f 01       		.byte	0x1
 952 04a0 D8000000 		.4byte	.LASF76
 953 04a4 01       		.byte	0x1
 954 04a5 19       		.byte	0x19
 955 04a6 01       		.byte	0x1
 956 04a7 00000000 		.4byte	.LFB77
 957 04ab 2C000000 		.4byte	.LFE77
 958 04af 4B000000 		.4byte	.LLST2
 959 04b3 01       		.byte	0x1
 960 04b4 C9040000 		.4byte	0x4c9
 961 04b8 1E       		.uleb128 0x1e
 962 04b9 0C000000 		.4byte	.LVL8
 963 04bd 0A040000 		.4byte	0x40a
 964 04c1 1D       		.uleb128 0x1d
 965 04c2 01       		.byte	0x1
ARM GAS  /tmp/cc4YyfPR.s 			page 18


 966 04c3 50       		.byte	0x50
 967 04c4 02       		.byte	0x2
 968 04c5 7D       		.byte	0x7d
 969 04c6 00       		.sleb128 0
 970 04c7 00       		.byte	0
 971 04c8 00       		.byte	0
 972 04c9 18       		.uleb128 0x18
 973 04ca 01       		.byte	0x1
 974 04cb A7030000 		.4byte	.LASF61
 975 04cf 01       		.byte	0x1
 976 04d0 2F       		.byte	0x2f
 977 04d1 01       		.byte	0x1
 978 04d2 3E000000 		.4byte	0x3e
 979 04d6 00000000 		.4byte	.LFB79
 980 04da 54000000 		.4byte	.LFE79
 981 04de 77000000 		.4byte	.LLST3
 982 04e2 01       		.byte	0x1
 983 04e3 95050000 		.4byte	0x595
 984 04e7 21       		.uleb128 0x21
 985 04e8 737400   		.ascii	"st\000"
 986 04eb 01       		.byte	0x1
 987 04ec 2F       		.byte	0x2f
 988 04ed 95050000 		.4byte	0x595
 989 04f1 97000000 		.4byte	.LLST4
 990 04f5 1B       		.uleb128 0x1b
 991 04f6 62000000 		.4byte	.LASF62
 992 04fa 01       		.byte	0x1
 993 04fb 31       		.byte	0x31
 994 04fc 7B000000 		.4byte	0x7b
 995 0500 C3000000 		.4byte	.LLST5
 996 0504 1B       		.uleb128 0x1b
 997 0505 F8020000 		.4byte	.LASF63
 998 0509 01       		.byte	0x1
 999 050a 32       		.byte	0x32
 1000 050b 9B050000 		.4byte	0x59b
 1001 050f EE000000 		.4byte	.LLST6
 1002 0513 22       		.uleb128 0x22
 1003 0514 6900     		.ascii	"i\000"
 1004 0516 01       		.byte	0x1
 1005 0517 33       		.byte	0x33
 1006 0518 3E000000 		.4byte	0x3e
 1007 051c 20010000 		.4byte	.LLST7
 1008 0520 23       		.uleb128 0x23
 1009 0521 08000000 		.4byte	.LVL10
 1010 0525 11060000 		.4byte	0x611
 1011 0529 1C       		.uleb128 0x1c
 1012 052a 0E000000 		.4byte	.LVL11
 1013 052e 1C060000 		.4byte	0x61c
 1014 0532 3D050000 		.4byte	0x53d
 1015 0536 1D       		.uleb128 0x1d
 1016 0537 01       		.byte	0x1
 1017 0538 50       		.byte	0x50
 1018 0539 02       		.byte	0x2
 1019 053a 08       		.byte	0x8
 1020 053b 34       		.byte	0x34
 1021 053c 00       		.byte	0
 1022 053d 1C       		.uleb128 0x1c
ARM GAS  /tmp/cc4YyfPR.s 			page 19


 1023 053e 14000000 		.4byte	.LVL12
 1024 0542 31060000 		.4byte	0x631
 1025 0546 54050000 		.4byte	0x554
 1026 054a 1D       		.uleb128 0x1d
 1027 054b 01       		.byte	0x1
 1028 054c 50       		.byte	0x50
 1029 054d 05       		.byte	0x5
 1030 054e 0C       		.byte	0xc
 1031 054f 007C0008 		.4byte	0x8007c00
 1032 0553 00       		.byte	0
 1033 0554 23       		.uleb128 0x23
 1034 0555 1C000000 		.4byte	.LVL14
 1035 0559 4A060000 		.4byte	0x64a
 1036 055d 1C       		.uleb128 0x1c
 1037 055e 28000000 		.4byte	.LVL16
 1038 0562 D3050000 		.4byte	0x5d3
 1039 0566 77050000 		.4byte	0x577
 1040 056a 1D       		.uleb128 0x1d
 1041 056b 01       		.byte	0x1
 1042 056c 51       		.byte	0x51
 1043 056d 02       		.byte	0x2
 1044 056e 08       		.byte	0x8
 1045 056f 24       		.byte	0x24
 1046 0570 1D       		.uleb128 0x1d
 1047 0571 01       		.byte	0x1
 1048 0572 50       		.byte	0x50
 1049 0573 02       		.byte	0x2
 1050 0574 75       		.byte	0x75
 1051 0575 00       		.sleb128 0
 1052 0576 00       		.byte	0
 1053 0577 1C       		.uleb128 0x1c
 1054 0578 38000000 		.4byte	.LVL18
 1055 057c 55060000 		.4byte	0x655
 1056 0580 8B050000 		.4byte	0x58b
 1057 0584 1D       		.uleb128 0x1d
 1058 0585 01       		.byte	0x1
 1059 0586 50       		.byte	0x50
 1060 0587 02       		.byte	0x2
 1061 0588 74       		.byte	0x74
 1062 0589 00       		.sleb128 0
 1063 058a 00       		.byte	0
 1064 058b 23       		.uleb128 0x23
 1065 058c 48000000 		.4byte	.LVL20
 1066 0590 4A060000 		.4byte	0x64a
 1067 0594 00       		.byte	0
 1068 0595 10       		.uleb128 0x10
 1069 0596 04       		.byte	0x4
 1070 0597 FF030000 		.4byte	0x3ff
 1071 059b 10       		.uleb128 0x10
 1072 059c 04       		.byte	0x4
 1073 059d 7B000000 		.4byte	0x7b
 1074 05a1 24       		.uleb128 0x24
 1075 05a2 6E696C00 		.ascii	"nil\000"
 1076 05a6 03       		.byte	0x3
 1077 05a7 F602     		.2byte	0x2f6
 1078 05a9 F0020000 		.4byte	0x2f0
 1079 05ad 01       		.byte	0x1
ARM GAS  /tmp/cc4YyfPR.s 			page 20


 1080 05ae 01       		.byte	0x1
 1081 05af 25       		.uleb128 0x25
 1082 05b0 8A000000 		.4byte	.LASF64
 1083 05b4 01       		.byte	0x1
 1084 05b5 09       		.byte	0x9
 1085 05b6 FF030000 		.4byte	0x3ff
 1086 05ba 01       		.byte	0x1
 1087 05bb 05       		.byte	0x5
 1088 05bc 03       		.byte	0x3
 1089 05bd 00000000 		.4byte	settings
 1090 05c1 25       		.uleb128 0x25
 1091 05c2 10020000 		.4byte	.LASF65
 1092 05c6 01       		.byte	0x1
 1093 05c7 0A       		.byte	0xa
 1094 05c8 94040000 		.4byte	0x494
 1095 05cc 01       		.byte	0x1
 1096 05cd 05       		.byte	0x5
 1097 05ce 03       		.byte	0x3
 1098 05cf 00000000 		.4byte	default_settings
 1099 05d3 26       		.uleb128 0x26
 1100 05d4 01       		.byte	0x1
 1101 05d5 14010000 		.4byte	.LASF68
 1102 05d9 09       		.byte	0x9
 1103 05da 4F       		.byte	0x4f
 1104 05db 01       		.byte	0x1
 1105 05dc 7B000000 		.4byte	0x7b
 1106 05e0 01       		.byte	0x1
 1107 05e1 F0050000 		.4byte	0x5f0
 1108 05e5 27       		.uleb128 0x27
 1109 05e6 9B050000 		.4byte	0x59b
 1110 05ea 27       		.uleb128 0x27
 1111 05eb 7B000000 		.4byte	0x7b
 1112 05ef 00       		.byte	0
 1113 05f0 28       		.uleb128 0x28
 1114 05f1 01       		.byte	0x1
 1115 05f2 25010000 		.4byte	.LASF66
 1116 05f6 01       		.byte	0x1
 1117 05f7 6E010000 		.4byte	0x16e
 1118 05fb 01       		.byte	0x1
 1119 05fc 01       		.byte	0x1
 1120 05fd 11060000 		.4byte	0x611
 1121 0601 27       		.uleb128 0x27
 1122 0602 6E010000 		.4byte	0x16e
 1123 0606 27       		.uleb128 0x27
 1124 0607 29000000 		.4byte	0x29
 1125 060b 27       		.uleb128 0x27
 1126 060c 1F010000 		.4byte	0x11f
 1127 0610 00       		.byte	0
 1128 0611 29       		.uleb128 0x29
 1129 0612 01       		.byte	0x1
 1130 0613 74000000 		.4byte	.LASF70
 1131 0617 05       		.byte	0x5
 1132 0618 1301     		.2byte	0x113
 1133 061a 01       		.byte	0x1
 1134 061b 01       		.byte	0x1
 1135 061c 2A       		.uleb128 0x2a
 1136 061d 01       		.byte	0x1
ARM GAS  /tmp/cc4YyfPR.s 			page 21


 1137 061e C5010000 		.4byte	.LASF67
 1138 0622 05       		.byte	0x5
 1139 0623 2E01     		.2byte	0x12e
 1140 0625 01       		.byte	0x1
 1141 0626 01       		.byte	0x1
 1142 0627 31060000 		.4byte	0x631
 1143 062b 27       		.uleb128 0x27
 1144 062c 7B000000 		.4byte	0x7b
 1145 0630 00       		.byte	0
 1146 0631 2B       		.uleb128 0x2b
 1147 0632 01       		.byte	0x1
 1148 0633 C8000000 		.4byte	.LASF69
 1149 0637 05       		.byte	0x5
 1150 0638 1501     		.2byte	0x115
 1151 063a 01       		.byte	0x1
 1152 063b 4D010000 		.4byte	0x14d
 1153 063f 01       		.byte	0x1
 1154 0640 4A060000 		.4byte	0x64a
 1155 0644 27       		.uleb128 0x27
 1156 0645 7B000000 		.4byte	0x7b
 1157 0649 00       		.byte	0
 1158 064a 29       		.uleb128 0x29
 1159 064b 01       		.byte	0x1
 1160 064c A2020000 		.4byte	.LASF71
 1161 0650 05       		.byte	0x5
 1162 0651 1401     		.2byte	0x114
 1163 0653 01       		.byte	0x1
 1164 0654 01       		.byte	0x1
 1165 0655 2C       		.uleb128 0x2c
 1166 0656 01       		.byte	0x1
 1167 0657 77030000 		.4byte	.LASF72
 1168 065b 05       		.byte	0x5
 1169 065c 1701     		.2byte	0x117
 1170 065e 01       		.byte	0x1
 1171 065f 4D010000 		.4byte	0x14d
 1172 0663 01       		.byte	0x1
 1173 0664 27       		.uleb128 0x27
 1174 0665 7B000000 		.4byte	0x7b
 1175 0669 27       		.uleb128 0x27
 1176 066a 7B000000 		.4byte	0x7b
 1177 066e 00       		.byte	0
 1178 066f 00       		.byte	0
 1179              		.section	.debug_abbrev,"",%progbits
 1180              	.Ldebug_abbrev0:
 1181 0000 01       		.uleb128 0x1
 1182 0001 11       		.uleb128 0x11
 1183 0002 01       		.byte	0x1
 1184 0003 25       		.uleb128 0x25
 1185 0004 0E       		.uleb128 0xe
 1186 0005 13       		.uleb128 0x13
 1187 0006 0B       		.uleb128 0xb
 1188 0007 03       		.uleb128 0x3
 1189 0008 0E       		.uleb128 0xe
 1190 0009 1B       		.uleb128 0x1b
 1191 000a 0E       		.uleb128 0xe
 1192 000b 55       		.uleb128 0x55
 1193 000c 06       		.uleb128 0x6
ARM GAS  /tmp/cc4YyfPR.s 			page 22


 1194 000d 11       		.uleb128 0x11
 1195 000e 01       		.uleb128 0x1
 1196 000f 52       		.uleb128 0x52
 1197 0010 01       		.uleb128 0x1
 1198 0011 10       		.uleb128 0x10
 1199 0012 06       		.uleb128 0x6
 1200 0013 00       		.byte	0
 1201 0014 00       		.byte	0
 1202 0015 02       		.uleb128 0x2
 1203 0016 24       		.uleb128 0x24
 1204 0017 00       		.byte	0
 1205 0018 0B       		.uleb128 0xb
 1206 0019 0B       		.uleb128 0xb
 1207 001a 3E       		.uleb128 0x3e
 1208 001b 0B       		.uleb128 0xb
 1209 001c 03       		.uleb128 0x3
 1210 001d 08       		.uleb128 0x8
 1211 001e 00       		.byte	0
 1212 001f 00       		.byte	0
 1213 0020 03       		.uleb128 0x3
 1214 0021 24       		.uleb128 0x24
 1215 0022 00       		.byte	0
 1216 0023 0B       		.uleb128 0xb
 1217 0024 0B       		.uleb128 0xb
 1218 0025 3E       		.uleb128 0x3e
 1219 0026 0B       		.uleb128 0xb
 1220 0027 03       		.uleb128 0x3
 1221 0028 0E       		.uleb128 0xe
 1222 0029 00       		.byte	0
 1223 002a 00       		.byte	0
 1224 002b 04       		.uleb128 0x4
 1225 002c 16       		.uleb128 0x16
 1226 002d 00       		.byte	0
 1227 002e 03       		.uleb128 0x3
 1228 002f 0E       		.uleb128 0xe
 1229 0030 3A       		.uleb128 0x3a
 1230 0031 0B       		.uleb128 0xb
 1231 0032 3B       		.uleb128 0x3b
 1232 0033 0B       		.uleb128 0xb
 1233 0034 49       		.uleb128 0x49
 1234 0035 13       		.uleb128 0x13
 1235 0036 00       		.byte	0
 1236 0037 00       		.byte	0
 1237 0038 05       		.uleb128 0x5
 1238 0039 13       		.uleb128 0x13
 1239 003a 01       		.byte	0x1
 1240 003b 03       		.uleb128 0x3
 1241 003c 0E       		.uleb128 0xe
 1242 003d 0B       		.uleb128 0xb
 1243 003e 0B       		.uleb128 0xb
 1244 003f 3A       		.uleb128 0x3a
 1245 0040 0B       		.uleb128 0xb
 1246 0041 3B       		.uleb128 0x3b
 1247 0042 05       		.uleb128 0x5
 1248 0043 01       		.uleb128 0x1
 1249 0044 13       		.uleb128 0x13
 1250 0045 00       		.byte	0
ARM GAS  /tmp/cc4YyfPR.s 			page 23


 1251 0046 00       		.byte	0
 1252 0047 06       		.uleb128 0x6
 1253 0048 0D       		.uleb128 0xd
 1254 0049 00       		.byte	0
 1255 004a 03       		.uleb128 0x3
 1256 004b 0E       		.uleb128 0xe
 1257 004c 3A       		.uleb128 0x3a
 1258 004d 0B       		.uleb128 0xb
 1259 004e 3B       		.uleb128 0x3b
 1260 004f 05       		.uleb128 0x5
 1261 0050 49       		.uleb128 0x49
 1262 0051 13       		.uleb128 0x13
 1263 0052 38       		.uleb128 0x38
 1264 0053 0A       		.uleb128 0xa
 1265 0054 00       		.byte	0
 1266 0055 00       		.byte	0
 1267 0056 07       		.uleb128 0x7
 1268 0057 0D       		.uleb128 0xd
 1269 0058 00       		.byte	0
 1270 0059 03       		.uleb128 0x3
 1271 005a 08       		.uleb128 0x8
 1272 005b 3A       		.uleb128 0x3a
 1273 005c 0B       		.uleb128 0xb
 1274 005d 3B       		.uleb128 0x3b
 1275 005e 05       		.uleb128 0x5
 1276 005f 49       		.uleb128 0x49
 1277 0060 13       		.uleb128 0x13
 1278 0061 38       		.uleb128 0x38
 1279 0062 0A       		.uleb128 0xa
 1280 0063 00       		.byte	0
 1281 0064 00       		.byte	0
 1282 0065 08       		.uleb128 0x8
 1283 0066 04       		.uleb128 0x4
 1284 0067 01       		.byte	0x1
 1285 0068 0B       		.uleb128 0xb
 1286 0069 0B       		.uleb128 0xb
 1287 006a 3A       		.uleb128 0x3a
 1288 006b 0B       		.uleb128 0xb
 1289 006c 3B       		.uleb128 0x3b
 1290 006d 0B       		.uleb128 0xb
 1291 006e 01       		.uleb128 0x1
 1292 006f 13       		.uleb128 0x13
 1293 0070 00       		.byte	0
 1294 0071 00       		.byte	0
 1295 0072 09       		.uleb128 0x9
 1296 0073 28       		.uleb128 0x28
 1297 0074 00       		.byte	0
 1298 0075 03       		.uleb128 0x3
 1299 0076 0E       		.uleb128 0xe
 1300 0077 1C       		.uleb128 0x1c
 1301 0078 0D       		.uleb128 0xd
 1302 0079 00       		.byte	0
 1303 007a 00       		.byte	0
 1304 007b 0A       		.uleb128 0xa
 1305 007c 0F       		.uleb128 0xf
 1306 007d 00       		.byte	0
 1307 007e 0B       		.uleb128 0xb
ARM GAS  /tmp/cc4YyfPR.s 			page 24


 1308 007f 0B       		.uleb128 0xb
 1309 0080 00       		.byte	0
 1310 0081 00       		.byte	0
 1311 0082 0B       		.uleb128 0xb
 1312 0083 13       		.uleb128 0x13
 1313 0084 01       		.byte	0x1
 1314 0085 03       		.uleb128 0x3
 1315 0086 0E       		.uleb128 0xe
 1316 0087 0B       		.uleb128 0xb
 1317 0088 0B       		.uleb128 0xb
 1318 0089 3A       		.uleb128 0x3a
 1319 008a 0B       		.uleb128 0xb
 1320 008b 3B       		.uleb128 0x3b
 1321 008c 0B       		.uleb128 0xb
 1322 008d 01       		.uleb128 0x1
 1323 008e 13       		.uleb128 0x13
 1324 008f 00       		.byte	0
 1325 0090 00       		.byte	0
 1326 0091 0C       		.uleb128 0xc
 1327 0092 0D       		.uleb128 0xd
 1328 0093 00       		.byte	0
 1329 0094 03       		.uleb128 0x3
 1330 0095 08       		.uleb128 0x8
 1331 0096 3A       		.uleb128 0x3a
 1332 0097 0B       		.uleb128 0xb
 1333 0098 3B       		.uleb128 0x3b
 1334 0099 0B       		.uleb128 0xb
 1335 009a 49       		.uleb128 0x49
 1336 009b 13       		.uleb128 0x13
 1337 009c 38       		.uleb128 0x38
 1338 009d 0A       		.uleb128 0xa
 1339 009e 00       		.byte	0
 1340 009f 00       		.byte	0
 1341 00a0 0D       		.uleb128 0xd
 1342 00a1 13       		.uleb128 0x13
 1343 00a2 01       		.byte	0x1
 1344 00a3 0B       		.uleb128 0xb
 1345 00a4 0B       		.uleb128 0xb
 1346 00a5 3A       		.uleb128 0x3a
 1347 00a6 0B       		.uleb128 0xb
 1348 00a7 3B       		.uleb128 0x3b
 1349 00a8 0B       		.uleb128 0xb
 1350 00a9 01       		.uleb128 0x1
 1351 00aa 13       		.uleb128 0x13
 1352 00ab 00       		.byte	0
 1353 00ac 00       		.byte	0
 1354 00ad 0E       		.uleb128 0xe
 1355 00ae 35       		.uleb128 0x35
 1356 00af 00       		.byte	0
 1357 00b0 49       		.uleb128 0x49
 1358 00b1 13       		.uleb128 0x13
 1359 00b2 00       		.byte	0
 1360 00b3 00       		.byte	0
 1361 00b4 0F       		.uleb128 0xf
 1362 00b5 16       		.uleb128 0x16
 1363 00b6 00       		.byte	0
 1364 00b7 03       		.uleb128 0x3
ARM GAS  /tmp/cc4YyfPR.s 			page 25


 1365 00b8 0E       		.uleb128 0xe
 1366 00b9 3A       		.uleb128 0x3a
 1367 00ba 0B       		.uleb128 0xb
 1368 00bb 3B       		.uleb128 0x3b
 1369 00bc 05       		.uleb128 0x5
 1370 00bd 49       		.uleb128 0x49
 1371 00be 13       		.uleb128 0x13
 1372 00bf 00       		.byte	0
 1373 00c0 00       		.byte	0
 1374 00c1 10       		.uleb128 0x10
 1375 00c2 0F       		.uleb128 0xf
 1376 00c3 00       		.byte	0
 1377 00c4 0B       		.uleb128 0xb
 1378 00c5 0B       		.uleb128 0xb
 1379 00c6 49       		.uleb128 0x49
 1380 00c7 13       		.uleb128 0x13
 1381 00c8 00       		.byte	0
 1382 00c9 00       		.byte	0
 1383 00ca 11       		.uleb128 0x11
 1384 00cb 17       		.uleb128 0x17
 1385 00cc 01       		.byte	0x1
 1386 00cd 0B       		.uleb128 0xb
 1387 00ce 0B       		.uleb128 0xb
 1388 00cf 3A       		.uleb128 0x3a
 1389 00d0 0B       		.uleb128 0xb
 1390 00d1 3B       		.uleb128 0x3b
 1391 00d2 05       		.uleb128 0x5
 1392 00d3 01       		.uleb128 0x1
 1393 00d4 13       		.uleb128 0x13
 1394 00d5 00       		.byte	0
 1395 00d6 00       		.byte	0
 1396 00d7 12       		.uleb128 0x12
 1397 00d8 0D       		.uleb128 0xd
 1398 00d9 00       		.byte	0
 1399 00da 03       		.uleb128 0x3
 1400 00db 08       		.uleb128 0x8
 1401 00dc 3A       		.uleb128 0x3a
 1402 00dd 0B       		.uleb128 0xb
 1403 00de 3B       		.uleb128 0x3b
 1404 00df 05       		.uleb128 0x5
 1405 00e0 49       		.uleb128 0x49
 1406 00e1 13       		.uleb128 0x13
 1407 00e2 00       		.byte	0
 1408 00e3 00       		.byte	0
 1409 00e4 13       		.uleb128 0x13
 1410 00e5 0D       		.uleb128 0xd
 1411 00e6 00       		.byte	0
 1412 00e7 03       		.uleb128 0x3
 1413 00e8 0E       		.uleb128 0xe
 1414 00e9 3A       		.uleb128 0x3a
 1415 00ea 0B       		.uleb128 0xb
 1416 00eb 3B       		.uleb128 0x3b
 1417 00ec 05       		.uleb128 0x5
 1418 00ed 49       		.uleb128 0x49
 1419 00ee 13       		.uleb128 0x13
 1420 00ef 00       		.byte	0
 1421 00f0 00       		.byte	0
ARM GAS  /tmp/cc4YyfPR.s 			page 26


 1422 00f1 14       		.uleb128 0x14
 1423 00f2 13       		.uleb128 0x13
 1424 00f3 01       		.byte	0x1
 1425 00f4 0B       		.uleb128 0xb
 1426 00f5 0B       		.uleb128 0xb
 1427 00f6 3A       		.uleb128 0x3a
 1428 00f7 0B       		.uleb128 0xb
 1429 00f8 3B       		.uleb128 0x3b
 1430 00f9 05       		.uleb128 0x5
 1431 00fa 01       		.uleb128 0x1
 1432 00fb 13       		.uleb128 0x13
 1433 00fc 00       		.byte	0
 1434 00fd 00       		.byte	0
 1435 00fe 15       		.uleb128 0x15
 1436 00ff 01       		.uleb128 0x1
 1437 0100 01       		.byte	0x1
 1438 0101 49       		.uleb128 0x49
 1439 0102 13       		.uleb128 0x13
 1440 0103 01       		.uleb128 0x1
 1441 0104 13       		.uleb128 0x13
 1442 0105 00       		.byte	0
 1443 0106 00       		.byte	0
 1444 0107 16       		.uleb128 0x16
 1445 0108 21       		.uleb128 0x21
 1446 0109 00       		.byte	0
 1447 010a 49       		.uleb128 0x49
 1448 010b 13       		.uleb128 0x13
 1449 010c 2F       		.uleb128 0x2f
 1450 010d 0B       		.uleb128 0xb
 1451 010e 00       		.byte	0
 1452 010f 00       		.byte	0
 1453 0110 17       		.uleb128 0x17
 1454 0111 0D       		.uleb128 0xd
 1455 0112 00       		.byte	0
 1456 0113 03       		.uleb128 0x3
 1457 0114 0E       		.uleb128 0xe
 1458 0115 3A       		.uleb128 0x3a
 1459 0116 0B       		.uleb128 0xb
 1460 0117 3B       		.uleb128 0x3b
 1461 0118 0B       		.uleb128 0xb
 1462 0119 49       		.uleb128 0x49
 1463 011a 13       		.uleb128 0x13
 1464 011b 38       		.uleb128 0x38
 1465 011c 0A       		.uleb128 0xa
 1466 011d 00       		.byte	0
 1467 011e 00       		.byte	0
 1468 011f 18       		.uleb128 0x18
 1469 0120 2E       		.uleb128 0x2e
 1470 0121 01       		.byte	0x1
 1471 0122 3F       		.uleb128 0x3f
 1472 0123 0C       		.uleb128 0xc
 1473 0124 03       		.uleb128 0x3
 1474 0125 0E       		.uleb128 0xe
 1475 0126 3A       		.uleb128 0x3a
 1476 0127 0B       		.uleb128 0xb
 1477 0128 3B       		.uleb128 0x3b
 1478 0129 0B       		.uleb128 0xb
ARM GAS  /tmp/cc4YyfPR.s 			page 27


 1479 012a 27       		.uleb128 0x27
 1480 012b 0C       		.uleb128 0xc
 1481 012c 49       		.uleb128 0x49
 1482 012d 13       		.uleb128 0x13
 1483 012e 11       		.uleb128 0x11
 1484 012f 01       		.uleb128 0x1
 1485 0130 12       		.uleb128 0x12
 1486 0131 01       		.uleb128 0x1
 1487 0132 40       		.uleb128 0x40
 1488 0133 06       		.uleb128 0x6
 1489 0134 9742     		.uleb128 0x2117
 1490 0136 0C       		.uleb128 0xc
 1491 0137 01       		.uleb128 0x1
 1492 0138 13       		.uleb128 0x13
 1493 0139 00       		.byte	0
 1494 013a 00       		.byte	0
 1495 013b 19       		.uleb128 0x19
 1496 013c 34       		.uleb128 0x34
 1497 013d 00       		.byte	0
 1498 013e 03       		.uleb128 0x3
 1499 013f 0E       		.uleb128 0xe
 1500 0140 3A       		.uleb128 0x3a
 1501 0141 0B       		.uleb128 0xb
 1502 0142 3B       		.uleb128 0x3b
 1503 0143 0B       		.uleb128 0xb
 1504 0144 49       		.uleb128 0x49
 1505 0145 13       		.uleb128 0x13
 1506 0146 02       		.uleb128 0x2
 1507 0147 0A       		.uleb128 0xa
 1508 0148 00       		.byte	0
 1509 0149 00       		.byte	0
 1510 014a 1A       		.uleb128 0x1a
 1511 014b 34       		.uleb128 0x34
 1512 014c 00       		.byte	0
 1513 014d 03       		.uleb128 0x3
 1514 014e 08       		.uleb128 0x8
 1515 014f 3A       		.uleb128 0x3a
 1516 0150 0B       		.uleb128 0xb
 1517 0151 3B       		.uleb128 0x3b
 1518 0152 0B       		.uleb128 0xb
 1519 0153 49       		.uleb128 0x49
 1520 0154 13       		.uleb128 0x13
 1521 0155 1C       		.uleb128 0x1c
 1522 0156 06       		.uleb128 0x6
 1523 0157 00       		.byte	0
 1524 0158 00       		.byte	0
 1525 0159 1B       		.uleb128 0x1b
 1526 015a 34       		.uleb128 0x34
 1527 015b 00       		.byte	0
 1528 015c 03       		.uleb128 0x3
 1529 015d 0E       		.uleb128 0xe
 1530 015e 3A       		.uleb128 0x3a
 1531 015f 0B       		.uleb128 0xb
 1532 0160 3B       		.uleb128 0x3b
 1533 0161 0B       		.uleb128 0xb
 1534 0162 49       		.uleb128 0x49
 1535 0163 13       		.uleb128 0x13
ARM GAS  /tmp/cc4YyfPR.s 			page 28


 1536 0164 02       		.uleb128 0x2
 1537 0165 06       		.uleb128 0x6
 1538 0166 00       		.byte	0
 1539 0167 00       		.byte	0
 1540 0168 1C       		.uleb128 0x1c
 1541 0169 898201   		.uleb128 0x4109
 1542 016c 01       		.byte	0x1
 1543 016d 11       		.uleb128 0x11
 1544 016e 01       		.uleb128 0x1
 1545 016f 31       		.uleb128 0x31
 1546 0170 13       		.uleb128 0x13
 1547 0171 01       		.uleb128 0x1
 1548 0172 13       		.uleb128 0x13
 1549 0173 00       		.byte	0
 1550 0174 00       		.byte	0
 1551 0175 1D       		.uleb128 0x1d
 1552 0176 8A8201   		.uleb128 0x410a
 1553 0179 00       		.byte	0
 1554 017a 02       		.uleb128 0x2
 1555 017b 0A       		.uleb128 0xa
 1556 017c 9142     		.uleb128 0x2111
 1557 017e 0A       		.uleb128 0xa
 1558 017f 00       		.byte	0
 1559 0180 00       		.byte	0
 1560 0181 1E       		.uleb128 0x1e
 1561 0182 898201   		.uleb128 0x4109
 1562 0185 01       		.byte	0x1
 1563 0186 11       		.uleb128 0x11
 1564 0187 01       		.uleb128 0x1
 1565 0188 31       		.uleb128 0x31
 1566 0189 13       		.uleb128 0x13
 1567 018a 00       		.byte	0
 1568 018b 00       		.byte	0
 1569 018c 1F       		.uleb128 0x1f
 1570 018d 26       		.uleb128 0x26
 1571 018e 00       		.byte	0
 1572 018f 49       		.uleb128 0x49
 1573 0190 13       		.uleb128 0x13
 1574 0191 00       		.byte	0
 1575 0192 00       		.byte	0
 1576 0193 20       		.uleb128 0x20
 1577 0194 2E       		.uleb128 0x2e
 1578 0195 01       		.byte	0x1
 1579 0196 3F       		.uleb128 0x3f
 1580 0197 0C       		.uleb128 0xc
 1581 0198 03       		.uleb128 0x3
 1582 0199 0E       		.uleb128 0xe
 1583 019a 3A       		.uleb128 0x3a
 1584 019b 0B       		.uleb128 0xb
 1585 019c 3B       		.uleb128 0x3b
 1586 019d 0B       		.uleb128 0xb
 1587 019e 27       		.uleb128 0x27
 1588 019f 0C       		.uleb128 0xc
 1589 01a0 11       		.uleb128 0x11
 1590 01a1 01       		.uleb128 0x1
 1591 01a2 12       		.uleb128 0x12
 1592 01a3 01       		.uleb128 0x1
ARM GAS  /tmp/cc4YyfPR.s 			page 29


 1593 01a4 40       		.uleb128 0x40
 1594 01a5 06       		.uleb128 0x6
 1595 01a6 9742     		.uleb128 0x2117
 1596 01a8 0C       		.uleb128 0xc
 1597 01a9 01       		.uleb128 0x1
 1598 01aa 13       		.uleb128 0x13
 1599 01ab 00       		.byte	0
 1600 01ac 00       		.byte	0
 1601 01ad 21       		.uleb128 0x21
 1602 01ae 05       		.uleb128 0x5
 1603 01af 00       		.byte	0
 1604 01b0 03       		.uleb128 0x3
 1605 01b1 08       		.uleb128 0x8
 1606 01b2 3A       		.uleb128 0x3a
 1607 01b3 0B       		.uleb128 0xb
 1608 01b4 3B       		.uleb128 0x3b
 1609 01b5 0B       		.uleb128 0xb
 1610 01b6 49       		.uleb128 0x49
 1611 01b7 13       		.uleb128 0x13
 1612 01b8 02       		.uleb128 0x2
 1613 01b9 06       		.uleb128 0x6
 1614 01ba 00       		.byte	0
 1615 01bb 00       		.byte	0
 1616 01bc 22       		.uleb128 0x22
 1617 01bd 34       		.uleb128 0x34
 1618 01be 00       		.byte	0
 1619 01bf 03       		.uleb128 0x3
 1620 01c0 08       		.uleb128 0x8
 1621 01c1 3A       		.uleb128 0x3a
 1622 01c2 0B       		.uleb128 0xb
 1623 01c3 3B       		.uleb128 0x3b
 1624 01c4 0B       		.uleb128 0xb
 1625 01c5 49       		.uleb128 0x49
 1626 01c6 13       		.uleb128 0x13
 1627 01c7 02       		.uleb128 0x2
 1628 01c8 06       		.uleb128 0x6
 1629 01c9 00       		.byte	0
 1630 01ca 00       		.byte	0
 1631 01cb 23       		.uleb128 0x23
 1632 01cc 898201   		.uleb128 0x4109
 1633 01cf 00       		.byte	0
 1634 01d0 11       		.uleb128 0x11
 1635 01d1 01       		.uleb128 0x1
 1636 01d2 31       		.uleb128 0x31
 1637 01d3 13       		.uleb128 0x13
 1638 01d4 00       		.byte	0
 1639 01d5 00       		.byte	0
 1640 01d6 24       		.uleb128 0x24
 1641 01d7 34       		.uleb128 0x34
 1642 01d8 00       		.byte	0
 1643 01d9 03       		.uleb128 0x3
 1644 01da 08       		.uleb128 0x8
 1645 01db 3A       		.uleb128 0x3a
 1646 01dc 0B       		.uleb128 0xb
 1647 01dd 3B       		.uleb128 0x3b
 1648 01de 05       		.uleb128 0x5
 1649 01df 49       		.uleb128 0x49
ARM GAS  /tmp/cc4YyfPR.s 			page 30


 1650 01e0 13       		.uleb128 0x13
 1651 01e1 3F       		.uleb128 0x3f
 1652 01e2 0C       		.uleb128 0xc
 1653 01e3 3C       		.uleb128 0x3c
 1654 01e4 0C       		.uleb128 0xc
 1655 01e5 00       		.byte	0
 1656 01e6 00       		.byte	0
 1657 01e7 25       		.uleb128 0x25
 1658 01e8 34       		.uleb128 0x34
 1659 01e9 00       		.byte	0
 1660 01ea 03       		.uleb128 0x3
 1661 01eb 0E       		.uleb128 0xe
 1662 01ec 3A       		.uleb128 0x3a
 1663 01ed 0B       		.uleb128 0xb
 1664 01ee 3B       		.uleb128 0x3b
 1665 01ef 0B       		.uleb128 0xb
 1666 01f0 49       		.uleb128 0x49
 1667 01f1 13       		.uleb128 0x13
 1668 01f2 3F       		.uleb128 0x3f
 1669 01f3 0C       		.uleb128 0xc
 1670 01f4 02       		.uleb128 0x2
 1671 01f5 0A       		.uleb128 0xa
 1672 01f6 00       		.byte	0
 1673 01f7 00       		.byte	0
 1674 01f8 26       		.uleb128 0x26
 1675 01f9 2E       		.uleb128 0x2e
 1676 01fa 01       		.byte	0x1
 1677 01fb 3F       		.uleb128 0x3f
 1678 01fc 0C       		.uleb128 0xc
 1679 01fd 03       		.uleb128 0x3
 1680 01fe 0E       		.uleb128 0xe
 1681 01ff 3A       		.uleb128 0x3a
 1682 0200 0B       		.uleb128 0xb
 1683 0201 3B       		.uleb128 0x3b
 1684 0202 0B       		.uleb128 0xb
 1685 0203 27       		.uleb128 0x27
 1686 0204 0C       		.uleb128 0xc
 1687 0205 49       		.uleb128 0x49
 1688 0206 13       		.uleb128 0x13
 1689 0207 3C       		.uleb128 0x3c
 1690 0208 0C       		.uleb128 0xc
 1691 0209 01       		.uleb128 0x1
 1692 020a 13       		.uleb128 0x13
 1693 020b 00       		.byte	0
 1694 020c 00       		.byte	0
 1695 020d 27       		.uleb128 0x27
 1696 020e 05       		.uleb128 0x5
 1697 020f 00       		.byte	0
 1698 0210 49       		.uleb128 0x49
 1699 0211 13       		.uleb128 0x13
 1700 0212 00       		.byte	0
 1701 0213 00       		.byte	0
 1702 0214 28       		.uleb128 0x28
 1703 0215 2E       		.uleb128 0x2e
 1704 0216 01       		.byte	0x1
 1705 0217 3F       		.uleb128 0x3f
 1706 0218 0C       		.uleb128 0xc
ARM GAS  /tmp/cc4YyfPR.s 			page 31


 1707 0219 03       		.uleb128 0x3
 1708 021a 0E       		.uleb128 0xe
 1709 021b 27       		.uleb128 0x27
 1710 021c 0C       		.uleb128 0xc
 1711 021d 49       		.uleb128 0x49
 1712 021e 13       		.uleb128 0x13
 1713 021f 34       		.uleb128 0x34
 1714 0220 0C       		.uleb128 0xc
 1715 0221 3C       		.uleb128 0x3c
 1716 0222 0C       		.uleb128 0xc
 1717 0223 01       		.uleb128 0x1
 1718 0224 13       		.uleb128 0x13
 1719 0225 00       		.byte	0
 1720 0226 00       		.byte	0
 1721 0227 29       		.uleb128 0x29
 1722 0228 2E       		.uleb128 0x2e
 1723 0229 00       		.byte	0
 1724 022a 3F       		.uleb128 0x3f
 1725 022b 0C       		.uleb128 0xc
 1726 022c 03       		.uleb128 0x3
 1727 022d 0E       		.uleb128 0xe
 1728 022e 3A       		.uleb128 0x3a
 1729 022f 0B       		.uleb128 0xb
 1730 0230 3B       		.uleb128 0x3b
 1731 0231 05       		.uleb128 0x5
 1732 0232 27       		.uleb128 0x27
 1733 0233 0C       		.uleb128 0xc
 1734 0234 3C       		.uleb128 0x3c
 1735 0235 0C       		.uleb128 0xc
 1736 0236 00       		.byte	0
 1737 0237 00       		.byte	0
 1738 0238 2A       		.uleb128 0x2a
 1739 0239 2E       		.uleb128 0x2e
 1740 023a 01       		.byte	0x1
 1741 023b 3F       		.uleb128 0x3f
 1742 023c 0C       		.uleb128 0xc
 1743 023d 03       		.uleb128 0x3
 1744 023e 0E       		.uleb128 0xe
 1745 023f 3A       		.uleb128 0x3a
 1746 0240 0B       		.uleb128 0xb
 1747 0241 3B       		.uleb128 0x3b
 1748 0242 05       		.uleb128 0x5
 1749 0243 27       		.uleb128 0x27
 1750 0244 0C       		.uleb128 0xc
 1751 0245 3C       		.uleb128 0x3c
 1752 0246 0C       		.uleb128 0xc
 1753 0247 01       		.uleb128 0x1
 1754 0248 13       		.uleb128 0x13
 1755 0249 00       		.byte	0
 1756 024a 00       		.byte	0
 1757 024b 2B       		.uleb128 0x2b
 1758 024c 2E       		.uleb128 0x2e
 1759 024d 01       		.byte	0x1
 1760 024e 3F       		.uleb128 0x3f
 1761 024f 0C       		.uleb128 0xc
 1762 0250 03       		.uleb128 0x3
 1763 0251 0E       		.uleb128 0xe
ARM GAS  /tmp/cc4YyfPR.s 			page 32


 1764 0252 3A       		.uleb128 0x3a
 1765 0253 0B       		.uleb128 0xb
 1766 0254 3B       		.uleb128 0x3b
 1767 0255 05       		.uleb128 0x5
 1768 0256 27       		.uleb128 0x27
 1769 0257 0C       		.uleb128 0xc
 1770 0258 49       		.uleb128 0x49
 1771 0259 13       		.uleb128 0x13
 1772 025a 3C       		.uleb128 0x3c
 1773 025b 0C       		.uleb128 0xc
 1774 025c 01       		.uleb128 0x1
 1775 025d 13       		.uleb128 0x13
 1776 025e 00       		.byte	0
 1777 025f 00       		.byte	0
 1778 0260 2C       		.uleb128 0x2c
 1779 0261 2E       		.uleb128 0x2e
 1780 0262 01       		.byte	0x1
 1781 0263 3F       		.uleb128 0x3f
 1782 0264 0C       		.uleb128 0xc
 1783 0265 03       		.uleb128 0x3
 1784 0266 0E       		.uleb128 0xe
 1785 0267 3A       		.uleb128 0x3a
 1786 0268 0B       		.uleb128 0xb
 1787 0269 3B       		.uleb128 0x3b
 1788 026a 05       		.uleb128 0x5
 1789 026b 27       		.uleb128 0x27
 1790 026c 0C       		.uleb128 0xc
 1791 026d 49       		.uleb128 0x49
 1792 026e 13       		.uleb128 0x13
 1793 026f 3C       		.uleb128 0x3c
 1794 0270 0C       		.uleb128 0xc
 1795 0271 00       		.byte	0
 1796 0272 00       		.byte	0
 1797 0273 00       		.byte	0
 1798              		.section	.debug_loc,"",%progbits
 1799              	.Ldebug_loc0:
 1800              	.LLST0:
 1801 0000 00000000 		.4byte	.LFB78
 1802 0004 02000000 		.4byte	.LCFI0
 1803 0008 0200     		.2byte	0x2
 1804 000a 7D       		.byte	0x7d
 1805 000b 00       		.sleb128 0
 1806 000c 02000000 		.4byte	.LCFI0
 1807 0010 06000000 		.4byte	.LCFI1
 1808 0014 0200     		.2byte	0x2
 1809 0016 7D       		.byte	0x7d
 1810 0017 14       		.sleb128 20
 1811 0018 06000000 		.4byte	.LCFI1
 1812 001c A0000000 		.4byte	.LFE78
 1813 0020 0300     		.2byte	0x3
 1814 0022 7D       		.byte	0x7d
 1815 0023 D000     		.sleb128 80
 1816 0025 00000000 		.4byte	0
 1817 0029 00000000 		.4byte	0
 1818              	.LLST1:
 1819 002d 10000000 		.4byte	.LVL2
 1820 0031 3C000000 		.4byte	.LVL3
ARM GAS  /tmp/cc4YyfPR.s 			page 33


 1821 0035 0100     		.2byte	0x1
 1822 0037 50       		.byte	0x50
 1823 0038 7E000000 		.4byte	.LVL5
 1824 003c 80000000 		.4byte	.LVL6
 1825 0040 0100     		.2byte	0x1
 1826 0042 50       		.byte	0x50
 1827 0043 00000000 		.4byte	0
 1828 0047 00000000 		.4byte	0
 1829              	.LLST2:
 1830 004b 00000000 		.4byte	.LFB77
 1831 004f 02000000 		.4byte	.LCFI2
 1832 0053 0200     		.2byte	0x2
 1833 0055 7D       		.byte	0x7d
 1834 0056 00       		.sleb128 0
 1835 0057 02000000 		.4byte	.LCFI2
 1836 005b 04000000 		.4byte	.LCFI3
 1837 005f 0200     		.2byte	0x2
 1838 0061 7D       		.byte	0x7d
 1839 0062 0C       		.sleb128 12
 1840 0063 04000000 		.4byte	.LCFI3
 1841 0067 2C000000 		.4byte	.LFE77
 1842 006b 0200     		.2byte	0x2
 1843 006d 7D       		.byte	0x7d
 1844 006e 38       		.sleb128 56
 1845 006f 00000000 		.4byte	0
 1846 0073 00000000 		.4byte	0
 1847              	.LLST3:
 1848 0077 00000000 		.4byte	.LFB79
 1849 007b 02000000 		.4byte	.LCFI4
 1850 007f 0200     		.2byte	0x2
 1851 0081 7D       		.byte	0x7d
 1852 0082 00       		.sleb128 0
 1853 0083 02000000 		.4byte	.LCFI4
 1854 0087 54000000 		.4byte	.LFE79
 1855 008b 0200     		.2byte	0x2
 1856 008d 7D       		.byte	0x7d
 1857 008e 10       		.sleb128 16
 1858 008f 00000000 		.4byte	0
 1859 0093 00000000 		.4byte	0
 1860              	.LLST4:
 1861 0097 00000000 		.4byte	.LVL9
 1862 009b 07000000 		.4byte	.LVL10-1
 1863 009f 0100     		.2byte	0x1
 1864 00a1 50       		.byte	0x50
 1865 00a2 07000000 		.4byte	.LVL10-1
 1866 00a6 4A000000 		.4byte	.LVL22
 1867 00aa 0100     		.2byte	0x1
 1868 00ac 55       		.byte	0x55
 1869 00ad 4A000000 		.4byte	.LVL22
 1870 00b1 54000000 		.4byte	.LFE79
 1871 00b5 0400     		.2byte	0x4
 1872 00b7 F3       		.byte	0xf3
 1873 00b8 01       		.uleb128 0x1
 1874 00b9 50       		.byte	0x50
 1875 00ba 9F       		.byte	0x9f
 1876 00bb 00000000 		.4byte	0
 1877 00bf 00000000 		.4byte	0
ARM GAS  /tmp/cc4YyfPR.s 			page 34


 1878              	.LLST5:
 1879 00c3 00000000 		.4byte	.LVL9
 1880 00c7 18000000 		.4byte	.LVL13
 1881 00cb 0200     		.2byte	0x2
 1882 00cd 30       		.byte	0x30
 1883 00ce 9F       		.byte	0x9f
 1884 00cf 20000000 		.4byte	.LVL15
 1885 00d3 2C000000 		.4byte	.LVL17
 1886 00d7 0200     		.2byte	0x2
 1887 00d9 30       		.byte	0x30
 1888 00da 9F       		.byte	0x9f
 1889 00db 40000000 		.4byte	.LVL19
 1890 00df 4A000000 		.4byte	.LVL21
 1891 00e3 0100     		.2byte	0x1
 1892 00e5 54       		.byte	0x54
 1893 00e6 00000000 		.4byte	0
 1894 00ea 00000000 		.4byte	0
 1895              	.LLST6:
 1896 00ee 2C000000 		.4byte	.LVL17
 1897 00f2 40000000 		.4byte	.LVL19
 1898 00f6 0B00     		.2byte	0xb
 1899 00f8 74       		.byte	0x74
 1900 00f9 00       		.sleb128 0
 1901 00fa 08       		.byte	0x8
 1902 00fb FF       		.byte	0xff
 1903 00fc 1A       		.byte	0x1a
 1904 00fd 32       		.byte	0x32
 1905 00fe 24       		.byte	0x24
 1906 00ff 75       		.byte	0x75
 1907 0100 00       		.sleb128 0
 1908 0101 22       		.byte	0x22
 1909 0102 9F       		.byte	0x9f
 1910 0103 40000000 		.4byte	.LVL19
 1911 0107 4A000000 		.4byte	.LVL21
 1912 010b 0B00     		.2byte	0xb
 1913 010d 74       		.byte	0x74
 1914 010e 7C       		.sleb128 -4
 1915 010f 08       		.byte	0x8
 1916 0110 FF       		.byte	0xff
 1917 0111 1A       		.byte	0x1a
 1918 0112 32       		.byte	0x32
 1919 0113 24       		.byte	0x24
 1920 0114 75       		.byte	0x75
 1921 0115 00       		.sleb128 0
 1922 0116 22       		.byte	0x22
 1923 0117 9F       		.byte	0x9f
 1924 0118 00000000 		.4byte	0
 1925 011c 00000000 		.4byte	0
 1926              	.LLST7:
 1927 0120 00000000 		.4byte	.LVL9
 1928 0124 18000000 		.4byte	.LVL13
 1929 0128 0200     		.2byte	0x2
 1930 012a 30       		.byte	0x30
 1931 012b 9F       		.byte	0x9f
 1932 012c 20000000 		.4byte	.LVL15
 1933 0130 2C000000 		.4byte	.LVL17
 1934 0134 0200     		.2byte	0x2
ARM GAS  /tmp/cc4YyfPR.s 			page 35


 1935 0136 30       		.byte	0x30
 1936 0137 9F       		.byte	0x9f
 1937 0138 40000000 		.4byte	.LVL19
 1938 013c 4A000000 		.4byte	.LVL21
 1939 0140 0300     		.2byte	0x3
 1940 0142 74       		.byte	0x74
 1941 0143 00       		.sleb128 0
 1942 0144 9F       		.byte	0x9f
 1943 0145 00000000 		.4byte	0
 1944 0149 00000000 		.4byte	0
 1945              		.section	.debug_aranges,"",%progbits
 1946 0000 2C000000 		.4byte	0x2c
 1947 0004 0200     		.2byte	0x2
 1948 0006 00000000 		.4byte	.Ldebug_info0
 1949 000a 04       		.byte	0x4
 1950 000b 00       		.byte	0
 1951 000c 0000     		.2byte	0
 1952 000e 0000     		.2byte	0
 1953 0010 00000000 		.4byte	.LFB78
 1954 0014 A0000000 		.4byte	.LFE78-.LFB78
 1955 0018 00000000 		.4byte	.LFB77
 1956 001c 2C000000 		.4byte	.LFE77-.LFB77
 1957 0020 00000000 		.4byte	.LFB79
 1958 0024 54000000 		.4byte	.LFE79-.LFB79
 1959 0028 00000000 		.4byte	0
 1960 002c 00000000 		.4byte	0
 1961              		.section	.debug_ranges,"",%progbits
 1962              	.Ldebug_ranges0:
 1963 0000 00000000 		.4byte	.LFB78
 1964 0004 A0000000 		.4byte	.LFE78
 1965 0008 00000000 		.4byte	.LFB77
 1966 000c 2C000000 		.4byte	.LFE77
 1967 0010 00000000 		.4byte	.LFB79
 1968 0014 54000000 		.4byte	.LFE79
 1969 0018 00000000 		.4byte	0
 1970 001c 00000000 		.4byte	0
 1971              		.section	.debug_line,"",%progbits
 1972              	.Ldebug_line0:
 1973 0000 DF010000 		.section	.debug_str,"MS",%progbits,1
 1973      02008701 
 1973      00000201 
 1973      FB0E0D00 
 1973      01010101 
 1974              	.LASF47:
 1975 0000 736C6970 		.ascii	"slip_threshold\000"
 1975      5F746872 
 1975      6573686F 
 1975      6C6400
 1976              	.LASF16:
 1977 000f 65706D61 		.ascii	"epmask\000"
 1977      736B00
 1978              	.LASF23:
 1979 0016 464C4153 		.ascii	"FLASH_ERROR_WRP\000"
 1979      485F4552 
 1979      524F525F 
 1979      57525000 
 1980              	.LASF21:
ARM GAS  /tmp/cc4YyfPR.s 			page 36


 1981 0026 73697A65 		.ascii	"sizetype\000"
 1981      74797065 
 1981      00
 1982              	.LASF42:
 1983 002f 6E696C5F 		.ascii	"nil_system_t\000"
 1983      73797374 
 1983      656D5F74 
 1983      00
 1984              	.LASF74:
 1985 003c 7372632F 		.ascii	"src/settings.c\000"
 1985      73657474 
 1985      696E6773 
 1985      2E6300
 1986              	.LASF19:
 1987 004b 6576656E 		.ascii	"eventmask_t\000"
 1987      746D6173 
 1987      6B5F7400 
 1988              	.LASF30:
 1989 0057 6E696C5F 		.ascii	"nil_thread\000"
 1989      74687265 
 1989      616400
 1990              	.LASF62:
 1991 0062 41646472 		.ascii	"Address\000"
 1991      65737300 
 1992              	.LASF3:
 1993 006a 73686F72 		.ascii	"short int\000"
 1993      7420696E 
 1993      7400
 1994              	.LASF70:
 1995 0074 464C4153 		.ascii	"FLASH_Unlock\000"
 1995      485F556E 
 1995      6C6F636B 
 1995      00
 1996              	.LASF29:
 1997 0081 72656761 		.ascii	"regarm_t\000"
 1997      726D5F74 
 1997      00
 1998              	.LASF64:
 1999 008a 73657474 		.ascii	"settings\000"
 1999      696E6773 
 1999      00
 2000              	.LASF4:
 2001 0093 75696E74 		.ascii	"uint8_t\000"
 2001      385F7400 
 2002              	.LASF27:
 2003 009b 464C4153 		.ascii	"FLASH_Status\000"
 2003      485F5374 
 2003      61747573 
 2003      00
 2004              	.LASF48:
 2005 00a8 73656E73 		.ascii	"sensor_gain\000"
 2005      6F725F67 
 2005      61696E00 
 2006              	.LASF51:
 2007 00b4 6D696E5F 		.ascii	"min_rpm\000"
 2007      72706D00 
 2008              	.LASF33:
ARM GAS  /tmp/cc4YyfPR.s 			page 37


 2009 00bc 73656D61 		.ascii	"semaphore_t\000"
 2009      70686F72 
 2009      655F7400 
 2010              	.LASF69:
 2011 00c8 464C4153 		.ascii	"FLASH_ErasePage\000"
 2011      485F4572 
 2011      61736550 
 2011      61676500 
 2012              	.LASF76:
 2013 00d8 73657474 		.ascii	"settingsInit\000"
 2013      696E6773 
 2013      496E6974 
 2013      00
 2014              	.LASF40:
 2015 00e5 73797374 		.ascii	"systime\000"
 2015      696D6500 
 2016              	.LASF41:
 2017 00ed 74687265 		.ascii	"threads\000"
 2017      61647300 
 2018              	.LASF11:
 2019 00f5 6C6F6E67 		.ascii	"long long int\000"
 2019      206C6F6E 
 2019      6720696E 
 2019      7400
 2020              	.LASF49:
 2021 0103 73656E73 		.ascii	"sensor_direction\000"
 2021      6F725F64 
 2021      69726563 
 2021      74696F6E 
 2021      00
 2022              	.LASF68:
 2023 0114 4352435F 		.ascii	"CRC_CalcBlockCRC\000"
 2023      43616C63 
 2023      426C6F63 
 2023      6B435243 
 2023      00
 2024              	.LASF66:
 2025 0125 6D656D73 		.ascii	"memset\000"
 2025      657400
 2026              	.LASF44:
 2027 012c 66756E63 		.ascii	"functions\000"
 2027      74696F6E 
 2027      7300
 2028              	.LASF8:
 2029 0136 6C6F6E67 		.ascii	"long int\000"
 2029      20696E74 
 2029      00
 2030              	.LASF13:
 2031 013f 63747870 		.ascii	"ctxp\000"
 2031      00
 2032              	.LASF75:
 2033 0144 2F6D6564 		.ascii	"/media/data/src/OpenTCS/code\000"
 2033      69612F64 
 2033      6174612F 
 2033      7372632F 
 2033      4F70656E 
 2034              	.LASF59:
ARM GAS  /tmp/cc4YyfPR.s 			page 38


 2035 0161 746D705F 		.ascii	"tmp_st\000"
 2035      737400
 2036              	.LASF55:
 2037 0168 5F5F7365 		.ascii	"__settings\000"
 2037      7474696E 
 2037      677300
 2038              	.LASF2:
 2039 0173 756E7369 		.ascii	"unsigned char\000"
 2039      676E6564 
 2039      20636861 
 2039      7200
 2040              	.LASF37:
 2041 0181 65776D61 		.ascii	"ewmask\000"
 2041      736B00
 2042              	.LASF1:
 2043 0188 7369676E 		.ascii	"signed char\000"
 2043      65642063 
 2043      68617200 
 2044              	.LASF12:
 2045 0194 6C6F6E67 		.ascii	"long long unsigned int\000"
 2045      206C6F6E 
 2045      6720756E 
 2045      7369676E 
 2045      65642069 
 2046              	.LASF9:
 2047 01ab 75696E74 		.ascii	"uint32_t\000"
 2047      33325F74 
 2047      00
 2048              	.LASF46:
 2049 01b4 73656E73 		.ascii	"sensor_threshold\000"
 2049      6F725F74 
 2049      68726573 
 2049      686F6C64 
 2049      00
 2050              	.LASF67:
 2051 01c5 464C4153 		.ascii	"FLASH_ClearFlag\000"
 2051      485F436C 
 2051      65617246 
 2051      6C616700 
 2052              	.LASF0:
 2053 01d5 756E7369 		.ascii	"unsigned int\000"
 2053      676E6564 
 2053      20696E74 
 2053      00
 2054              	.LASF25:
 2055 01e2 464C4153 		.ascii	"FLASH_COMPLETE\000"
 2055      485F434F 
 2055      4D504C45 
 2055      544500
 2056              	.LASF45:
 2057 01f1 6375745F 		.ascii	"cut_type\000"
 2057      74797065 
 2057      00
 2058              	.LASF26:
 2059 01fa 464C4153 		.ascii	"FLASH_TIMEOUT\000"
 2059      485F5449 
 2059      4D454F55 
ARM GAS  /tmp/cc4YyfPR.s 			page 39


 2059      5400
 2060              	.LASF38:
 2061 0208 63757272 		.ascii	"current\000"
 2061      656E7400 
 2062              	.LASF65:
 2063 0210 64656661 		.ascii	"default_settings\000"
 2063      756C745F 
 2063      73657474 
 2063      696E6773 
 2063      00
 2064              	.LASF73:
 2065 0221 474E5520 		.ascii	"GNU C 4.7.3 20130312 (release) [ARM/embedded-4_7-br"
 2065      4320342E 
 2065      372E3320 
 2065      32303133 
 2065      30333132 
 2066 0254 616E6368 		.ascii	"anch revision 196615]\000"
 2066      20726576 
 2066      6973696F 
 2066      6E203139 
 2066      36363135 
 2067              	.LASF6:
 2068 026a 73686F72 		.ascii	"short unsigned int\000"
 2068      7420756E 
 2068      7369676E 
 2068      65642069 
 2068      6E7400
 2069              	.LASF60:
 2070 027d 72656164 		.ascii	"readSettings\000"
 2070      53657474 
 2070      696E6773 
 2070      00
 2071              	.LASF28:
 2072 028a 73797374 		.ascii	"systime_t\000"
 2072      696D655F 
 2072      7400
 2073              	.LASF34:
 2074 0294 63686172 		.ascii	"char\000"
 2074      00
 2075              	.LASF5:
 2076 0299 75696E74 		.ascii	"uint16_t\000"
 2076      31365F74 
 2076      00
 2077              	.LASF71:
 2078 02a2 464C4153 		.ascii	"FLASH_Lock\000"
 2078      485F4C6F 
 2078      636B00
 2079              	.LASF7:
 2080 02ad 696E7433 		.ascii	"int32_t\000"
 2080      325F7400 
 2081              	.LASF20:
 2082 02b5 636E745F 		.ascii	"cnt_t\000"
 2082      7400
 2083              	.LASF57:
 2084 02bb 43524356 		.ascii	"CRCValue\000"
 2084      616C7565 
 2084      00
ARM GAS  /tmp/cc4YyfPR.s 			page 40


 2085              	.LASF50:
 2086 02c4 6D696E5F 		.ascii	"min_speed\000"
 2086      73706565 
 2086      6400
 2087              	.LASF43:
 2088 02ce 5F426F6F 		.ascii	"_Bool\000"
 2088      6C00
 2089              	.LASF56:
 2090 02d4 64617461 		.ascii	"data\000"
 2090      00
 2091              	.LASF54:
 2092 02d9 74635F67 		.ascii	"tc_gear_trim\000"
 2092      6561725F 
 2092      7472696D 
 2092      00
 2093              	.LASF10:
 2094 02e6 6C6F6E67 		.ascii	"long unsigned int\000"
 2094      20756E73 
 2094      69676E65 
 2094      6420696E 
 2094      7400
 2095              	.LASF63:
 2096 02f8 746D705F 		.ascii	"tmp_data\000"
 2096      64617461 
 2096      00
 2097              	.LASF22:
 2098 0301 464C4153 		.ascii	"FLASH_BUSY\000"
 2098      485F4255 
 2098      535900
 2099              	.LASF14:
 2100 030c 73746174 		.ascii	"state\000"
 2100      6500
 2101              	.LASF31:
 2102 0312 706F7274 		.ascii	"port_intctx\000"
 2102      5F696E74 
 2102      63747800 
 2103              	.LASF36:
 2104 031e 73656D70 		.ascii	"semp\000"
 2104      00
 2105              	.LASF52:
 2106 0323 67656172 		.ascii	"gears_ratio\000"
 2106      735F7261 
 2106      74696F00 
 2107              	.LASF35:
 2108 032f 74687265 		.ascii	"thread_reference_t\000"
 2108      61645F72 
 2108      65666572 
 2108      656E6365 
 2108      5F7400
 2109              	.LASF24:
 2110 0342 464C4153 		.ascii	"FLASH_ERROR_PROGRAM\000"
 2110      485F4552 
 2110      524F525F 
 2110      50524F47 
 2110      52414D00 
 2111              	.LASF17:
 2112 0356 74737461 		.ascii	"tstate_t\000"
ARM GAS  /tmp/cc4YyfPR.s 			page 41


 2112      74655F74 
 2112      00
 2113              	.LASF32:
 2114 035f 696E7463 		.ascii	"intctx_t\000"
 2114      74785F74 
 2114      00
 2115              	.LASF53:
 2116 0368 67656172 		.ascii	"gears_cut_time\000"
 2116      735F6375 
 2116      745F7469 
 2116      6D6500
 2117              	.LASF72:
 2118 0377 464C4153 		.ascii	"FLASH_ProgramWord\000"
 2118      485F5072 
 2118      6F677261 
 2118      6D576F72 
 2118      6400
 2119              	.LASF58:
 2120 0389 73657474 		.ascii	"settings_t\000"
 2120      696E6773 
 2120      5F7400
 2121              	.LASF18:
 2122 0394 6D73675F 		.ascii	"msg_t\000"
 2122      7400
 2123              	.LASF15:
 2124 039a 74696D65 		.ascii	"timeout\000"
 2124      6F757400 
 2125              	.LASF39:
 2126 03a2 6E657874 		.ascii	"next\000"
 2126      00
 2127              	.LASF61:
 2128 03a7 77726974 		.ascii	"writeSettings\000"
 2128      65536574 
 2128      74696E67 
 2128      7300
 2129              		.ident	"GCC: (GNU Tools for ARM Embedded Processors) 4.7.3 20130312 (release) [ARM/embedded-4_7-br
ARM GAS  /tmp/cc4YyfPR.s 			page 42


DEFINED SYMBOLS
                            *ABS*:00000000 settings.c
     /tmp/cc4YyfPR.s:18     .text.readSettings:00000000 $t
     /tmp/cc4YyfPR.s:23     .text.readSettings:00000000 readSettings
     /tmp/cc4YyfPR.s:137    .text.readSettings:0000009c $d
     /tmp/cc4YyfPR.s:142    .text.settingsInit:00000000 $t
     /tmp/cc4YyfPR.s:147    .text.settingsInit:00000000 settingsInit
     /tmp/cc4YyfPR.s:184    .text.settingsInit:00000028 $d
     /tmp/cc4YyfPR.s:189    .text.writeSettings:00000000 $t
     /tmp/cc4YyfPR.s:194    .text.writeSettings:00000000 writeSettings
     /tmp/cc4YyfPR.s:274    .text.writeSettings:0000004c $d
     /tmp/cc4YyfPR.s:285    .rodata.default_settings:00000000 default_settings
     /tmp/cc4YyfPR.s:318    .bss.settings:00000000 settings
     /tmp/cc4YyfPR.s:282    .rodata.default_settings:00000000 $d
     /tmp/cc4YyfPR.s:314    .bss.settings:00000000 $d
                     .debug_frame:00000010 $d

UNDEFINED SYMBOLS
CRC_CalcBlockCRC
memset
FLASH_Unlock
FLASH_ClearFlag
FLASH_ErasePage
FLASH_Lock
FLASH_ProgramWord
