ARM GAS  /tmp/ccHo7dLT.s 			page 1


   1              		.cpu cortex-m0
   2              		.fpu softvfp
   3              		.eabi_attribute 20, 1
   4              		.eabi_attribute 21, 1
   5              		.eabi_attribute 23, 3
   6              		.eabi_attribute 24, 1
   7              		.eabi_attribute 25, 1
   8              		.eabi_attribute 26, 1
   9              		.eabi_attribute 30, 4
  10              		.eabi_attribute 34, 0
  11              		.eabi_attribute 18, 4
  12              		.code	16
  13              		.file	"st.c"
  14              		.text
  15              	.Ltext0:
  16              		.cfi_sections	.debug_frame
  17              		.section	.text.stInit,"ax",%progbits
  18              		.align	1
  19              		.global	stInit
  20              		.code	16
  21              		.thumb_func
  22              		.type	stInit, %function
  23              	stInit:
  24              	.LFB77:
  25              		.file 1 "./os/hal/src/st.c"
  26              		.loc 1 64 0
  27              		.cfi_startproc
  28 0000 08B5     		push	{r3, lr}
  29              	.LCFI0:
  30              		.cfi_def_cfa_offset 8
  31              		.cfi_offset 3, -8
  32              		.cfi_offset 14, -4
  33              		.loc 1 66 0
  34 0002 FFF7FEFF 		bl	st_lld_init
  35              	.LVL0:
  36              		.loc 1 67 0
  37              		@ sp needed for prologue
  38 0006 08BD     		pop	{r3, pc}
  39              		.cfi_endproc
  40              	.LFE77:
  41              		.size	stInit, .-stInit
  42              		.text
  43              	.Letext0:
  44              		.file 2 "/media/data/src/x-tools/gcc-arm-none-eabi-4_7-2013q1/bin/../lib/gcc/arm-none-eabi/4.7.3/.
  45              		.file 3 "./os/nil/include/nil.h"
  46              		.file 4 "./os/nil/ports/ARMCMx/compilers/GCC/niltypes.h"
  47              		.file 5 "./os/nil/ports/ARMCMx/nilcore.h"
  48              		.file 6 "./os/nil/ports/ARMCMx/nilcore_v6m.h"
  49              		.file 7 "./os/hal/ports/STM32/TIMv1/st_lld.h"
  50              		.section	.debug_info,"",%progbits
  51              	.Ldebug_info0:
  52 0000 0A030000 		.4byte	0x30a
  53 0004 0200     		.2byte	0x2
  54 0006 00000000 		.4byte	.Ldebug_abbrev0
  55 000a 04       		.byte	0x4
  56 000b 01       		.uleb128 0x1
  57 000c 72010000 		.4byte	.LASF38
ARM GAS  /tmp/ccHo7dLT.s 			page 2


  58 0010 01       		.byte	0x1
  59 0011 CB010000 		.4byte	.LASF39
  60 0015 2E000000 		.4byte	.LASF40
  61 0019 00000000 		.4byte	.Ldebug_ranges0+0
  62 001d 00000000 		.4byte	0
  63 0021 00000000 		.4byte	0
  64 0025 00000000 		.4byte	.Ldebug_line0
  65 0029 02       		.uleb128 0x2
  66 002a 04       		.byte	0x4
  67 002b 05       		.byte	0x5
  68 002c 696E7400 		.ascii	"int\000"
  69 0030 03       		.uleb128 0x3
  70 0031 04       		.byte	0x4
  71 0032 07       		.byte	0x7
  72 0033 E9000000 		.4byte	.LASF0
  73 0037 03       		.uleb128 0x3
  74 0038 01       		.byte	0x1
  75 0039 06       		.byte	0x6
  76 003a DD010000 		.4byte	.LASF1
  77 003e 04       		.uleb128 0x4
  78 003f 59000000 		.4byte	.LASF4
  79 0043 02       		.byte	0x2
  80 0044 2A       		.byte	0x2a
  81 0045 49000000 		.4byte	0x49
  82 0049 03       		.uleb128 0x3
  83 004a 01       		.byte	0x1
  84 004b 08       		.byte	0x8
  85 004c 8C000000 		.4byte	.LASF2
  86 0050 03       		.uleb128 0x3
  87 0051 02       		.byte	0x2
  88 0052 05       		.byte	0x5
  89 0053 D7000000 		.4byte	.LASF3
  90 0057 04       		.uleb128 0x4
  91 0058 5D010000 		.4byte	.LASF5
  92 005c 02       		.byte	0x2
  93 005d 36       		.byte	0x36
  94 005e 62000000 		.4byte	0x62
  95 0062 03       		.uleb128 0x3
  96 0063 02       		.byte	0x2
  97 0064 07       		.byte	0x7
  98 0065 B3000000 		.4byte	.LASF6
  99 0069 04       		.uleb128 0x4
 100 006a 2F010000 		.4byte	.LASF7
 101 006e 02       		.byte	0x2
 102 006f 4F       		.byte	0x4f
 103 0070 74000000 		.4byte	0x74
 104 0074 03       		.uleb128 0x3
 105 0075 04       		.byte	0x4
 106 0076 05       		.byte	0x5
 107 0077 4B000000 		.4byte	.LASF8
 108 007b 04       		.uleb128 0x4
 109 007c BB010000 		.4byte	.LASF9
 110 0080 02       		.byte	0x2
 111 0081 50       		.byte	0x50
 112 0082 86000000 		.4byte	0x86
 113 0086 03       		.uleb128 0x3
 114 0087 04       		.byte	0x4
ARM GAS  /tmp/ccHo7dLT.s 			page 3


 115 0088 07       		.byte	0x7
 116 0089 A1000000 		.4byte	.LASF10
 117 008d 03       		.uleb128 0x3
 118 008e 08       		.byte	0x8
 119 008f 05       		.byte	0x5
 120 0090 00000000 		.4byte	.LASF11
 121 0094 03       		.uleb128 0x3
 122 0095 08       		.byte	0x8
 123 0096 07       		.byte	0x7
 124 0097 FC000000 		.4byte	.LASF12
 125 009b 05       		.uleb128 0x5
 126 009c 0E000000 		.4byte	.LASF24
 127 00a0 14       		.byte	0x14
 128 00a1 03       		.byte	0x3
 129 00a2 1E01     		.2byte	0x11e
 130 00a4 F3000000 		.4byte	0xf3
 131 00a8 06       		.uleb128 0x6
 132 00a9 87000000 		.4byte	.LASF13
 133 00ad 03       		.byte	0x3
 134 00ae 1F01     		.2byte	0x11f
 135 00b0 5D020000 		.4byte	0x25d
 136 00b4 02       		.byte	0x2
 137 00b5 23       		.byte	0x23
 138 00b6 00       		.uleb128 0
 139 00b7 06       		.uleb128 0x6
 140 00b8 61000000 		.4byte	.LASF14
 141 00bc 03       		.byte	0x3
 142 00bd 2001     		.2byte	0x120
 143 00bf F3000000 		.4byte	0xf3
 144 00c3 02       		.byte	0x2
 145 00c4 23       		.byte	0x23
 146 00c5 04       		.uleb128 0x4
 147 00c6 07       		.uleb128 0x7
 148 00c7 753100   		.ascii	"u1\000"
 149 00ca 03       		.byte	0x3
 150 00cb 2B01     		.2byte	0x12b
 151 00cd 0D020000 		.4byte	0x20d
 152 00d1 02       		.byte	0x2
 153 00d2 23       		.byte	0x23
 154 00d3 08       		.uleb128 0x8
 155 00d4 06       		.uleb128 0x6
 156 00d5 C6000000 		.4byte	.LASF15
 157 00d9 03       		.byte	0x3
 158 00da 2C01     		.2byte	0x12c
 159 00dc 63020000 		.4byte	0x263
 160 00e0 02       		.byte	0x2
 161 00e1 23       		.byte	0x23
 162 00e2 0C       		.uleb128 0xc
 163 00e3 06       		.uleb128 0x6
 164 00e4 C4010000 		.4byte	.LASF16
 165 00e8 03       		.byte	0x3
 166 00e9 2F01     		.2byte	0x12f
 167 00eb 09010000 		.4byte	0x109
 168 00ef 02       		.byte	0x2
 169 00f0 23       		.byte	0x23
 170 00f1 10       		.uleb128 0x10
 171 00f2 00       		.byte	0
ARM GAS  /tmp/ccHo7dLT.s 			page 4


 172 00f3 04       		.uleb128 0x4
 173 00f4 47010000 		.4byte	.LASF17
 174 00f8 04       		.byte	0x4
 175 00f9 37       		.byte	0x37
 176 00fa 3E000000 		.4byte	0x3e
 177 00fe 04       		.uleb128 0x4
 178 00ff F6000000 		.4byte	.LASF18
 179 0103 04       		.byte	0x4
 180 0104 38       		.byte	0x38
 181 0105 69000000 		.4byte	0x69
 182 0109 04       		.uleb128 0x4
 183 010a F6010000 		.4byte	.LASF19
 184 010e 04       		.byte	0x4
 185 010f 39       		.byte	0x39
 186 0110 7B000000 		.4byte	0x7b
 187 0114 04       		.uleb128 0x4
 188 0115 1D010000 		.4byte	.LASF20
 189 0119 04       		.byte	0x4
 190 011a 3A       		.byte	0x3a
 191 011b 69000000 		.4byte	0x69
 192 011f 03       		.uleb128 0x3
 193 0120 04       		.byte	0x4
 194 0121 07       		.byte	0x7
 195 0122 37010000 		.4byte	.LASF21
 196 0126 04       		.uleb128 0x4
 197 0127 13010000 		.4byte	.LASF22
 198 012b 05       		.byte	0x5
 199 012c 77       		.byte	0x77
 200 012d 57000000 		.4byte	0x57
 201 0131 04       		.uleb128 0x4
 202 0132 25000000 		.4byte	.LASF23
 203 0136 05       		.byte	0x5
 204 0137 7D       		.byte	0x7d
 205 0138 3C010000 		.4byte	0x13c
 206 013c 08       		.uleb128 0x8
 207 013d 04       		.byte	0x4
 208 013e 09       		.uleb128 0x9
 209 013f 19000000 		.4byte	.LASF25
 210 0143 24       		.byte	0x24
 211 0144 06       		.byte	0x6
 212 0145 A4       		.byte	0xa4
 213 0146 C2010000 		.4byte	0x1c2
 214 014a 0A       		.uleb128 0xa
 215 014b 723800   		.ascii	"r8\000"
 216 014e 06       		.byte	0x6
 217 014f A5       		.byte	0xa5
 218 0150 31010000 		.4byte	0x131
 219 0154 02       		.byte	0x2
 220 0155 23       		.byte	0x23
 221 0156 00       		.uleb128 0
 222 0157 0A       		.uleb128 0xa
 223 0158 723900   		.ascii	"r9\000"
 224 015b 06       		.byte	0x6
 225 015c A6       		.byte	0xa6
 226 015d 31010000 		.4byte	0x131
 227 0161 02       		.byte	0x2
 228 0162 23       		.byte	0x23
ARM GAS  /tmp/ccHo7dLT.s 			page 5


 229 0163 04       		.uleb128 0x4
 230 0164 0A       		.uleb128 0xa
 231 0165 72313000 		.ascii	"r10\000"
 232 0169 06       		.byte	0x6
 233 016a A7       		.byte	0xa7
 234 016b 31010000 		.4byte	0x131
 235 016f 02       		.byte	0x2
 236 0170 23       		.byte	0x23
 237 0171 08       		.uleb128 0x8
 238 0172 0A       		.uleb128 0xa
 239 0173 72313100 		.ascii	"r11\000"
 240 0177 06       		.byte	0x6
 241 0178 A8       		.byte	0xa8
 242 0179 31010000 		.4byte	0x131
 243 017d 02       		.byte	0x2
 244 017e 23       		.byte	0x23
 245 017f 0C       		.uleb128 0xc
 246 0180 0A       		.uleb128 0xa
 247 0181 723400   		.ascii	"r4\000"
 248 0184 06       		.byte	0x6
 249 0185 A9       		.byte	0xa9
 250 0186 31010000 		.4byte	0x131
 251 018a 02       		.byte	0x2
 252 018b 23       		.byte	0x23
 253 018c 10       		.uleb128 0x10
 254 018d 0A       		.uleb128 0xa
 255 018e 723500   		.ascii	"r5\000"
 256 0191 06       		.byte	0x6
 257 0192 AA       		.byte	0xaa
 258 0193 31010000 		.4byte	0x131
 259 0197 02       		.byte	0x2
 260 0198 23       		.byte	0x23
 261 0199 14       		.uleb128 0x14
 262 019a 0A       		.uleb128 0xa
 263 019b 723600   		.ascii	"r6\000"
 264 019e 06       		.byte	0x6
 265 019f AB       		.byte	0xab
 266 01a0 31010000 		.4byte	0x131
 267 01a4 02       		.byte	0x2
 268 01a5 23       		.byte	0x23
 269 01a6 18       		.uleb128 0x18
 270 01a7 0A       		.uleb128 0xa
 271 01a8 723700   		.ascii	"r7\000"
 272 01ab 06       		.byte	0x6
 273 01ac AC       		.byte	0xac
 274 01ad 31010000 		.4byte	0x131
 275 01b1 02       		.byte	0x2
 276 01b2 23       		.byte	0x23
 277 01b3 1C       		.uleb128 0x1c
 278 01b4 0A       		.uleb128 0xa
 279 01b5 6C7200   		.ascii	"lr\000"
 280 01b8 06       		.byte	0x6
 281 01b9 AD       		.byte	0xad
 282 01ba 31010000 		.4byte	0x131
 283 01be 02       		.byte	0x2
 284 01bf 23       		.byte	0x23
 285 01c0 20       		.uleb128 0x20
ARM GAS  /tmp/ccHo7dLT.s 			page 6


 286 01c1 00       		.byte	0
 287 01c2 04       		.uleb128 0x4
 288 01c3 CE000000 		.4byte	.LASF26
 289 01c7 03       		.byte	0x3
 290 01c8 F3       		.byte	0xf3
 291 01c9 3E010000 		.4byte	0x13e
 292 01cd 0B       		.uleb128 0xb
 293 01ce 04       		.byte	0x4
 294 01cf 03       		.byte	0x3
 295 01d0 F8       		.byte	0xf8
 296 01d1 E4010000 		.4byte	0x1e4
 297 01d5 0A       		.uleb128 0xa
 298 01d6 636E7400 		.ascii	"cnt\000"
 299 01da 03       		.byte	0x3
 300 01db F9       		.byte	0xf9
 301 01dc E4010000 		.4byte	0x1e4
 302 01e0 02       		.byte	0x2
 303 01e1 23       		.byte	0x23
 304 01e2 00       		.uleb128 0
 305 01e3 00       		.byte	0
 306 01e4 0C       		.uleb128 0xc
 307 01e5 14010000 		.4byte	0x114
 308 01e9 04       		.uleb128 0x4
 309 01ea 66010000 		.4byte	.LASF27
 310 01ee 03       		.byte	0x3
 311 01ef FA       		.byte	0xfa
 312 01f0 CD010000 		.4byte	0x1cd
 313 01f4 03       		.uleb128 0x3
 314 01f5 01       		.byte	0x1
 315 01f6 08       		.byte	0x8
 316 01f7 50010000 		.4byte	.LASF28
 317 01fb 0D       		.uleb128 0xd
 318 01fc 67000000 		.4byte	.LASF29
 319 0200 03       		.byte	0x3
 320 0201 1901     		.2byte	0x119
 321 0203 07020000 		.4byte	0x207
 322 0207 0E       		.uleb128 0xe
 323 0208 04       		.byte	0x4
 324 0209 9B000000 		.4byte	0x9b
 325 020d 0F       		.uleb128 0xf
 326 020e 04       		.byte	0x4
 327 020f 03       		.byte	0x3
 328 0210 2301     		.2byte	0x123
 329 0212 51020000 		.4byte	0x251
 330 0216 10       		.uleb128 0x10
 331 0217 6D736700 		.ascii	"msg\000"
 332 021b 03       		.byte	0x3
 333 021c 2401     		.2byte	0x124
 334 021e FE000000 		.4byte	0xfe
 335 0222 10       		.uleb128 0x10
 336 0223 7000     		.ascii	"p\000"
 337 0225 03       		.byte	0x3
 338 0226 2501     		.2byte	0x125
 339 0228 3C010000 		.4byte	0x13c
 340 022c 10       		.uleb128 0x10
 341 022d 74727000 		.ascii	"trp\000"
 342 0231 03       		.byte	0x3
ARM GAS  /tmp/ccHo7dLT.s 			page 7


 343 0232 2601     		.2byte	0x126
 344 0234 51020000 		.4byte	0x251
 345 0238 11       		.uleb128 0x11
 346 0239 54000000 		.4byte	.LASF30
 347 023d 03       		.byte	0x3
 348 023e 2701     		.2byte	0x127
 349 0240 57020000 		.4byte	0x257
 350 0244 11       		.uleb128 0x11
 351 0245 9A000000 		.4byte	.LASF31
 352 0249 03       		.byte	0x3
 353 024a 2901     		.2byte	0x129
 354 024c 09010000 		.4byte	0x109
 355 0250 00       		.byte	0
 356 0251 0E       		.uleb128 0xe
 357 0252 04       		.byte	0x4
 358 0253 FB010000 		.4byte	0x1fb
 359 0257 0E       		.uleb128 0xe
 360 0258 04       		.byte	0x4
 361 0259 E9010000 		.4byte	0x1e9
 362 025d 0E       		.uleb128 0xe
 363 025e 04       		.byte	0x4
 364 025f C2010000 		.4byte	0x1c2
 365 0263 0C       		.uleb128 0xc
 366 0264 26010000 		.4byte	0x126
 367 0268 12       		.uleb128 0x12
 368 0269 98       		.byte	0x98
 369 026a 03       		.byte	0x3
 370 026b 3D01     		.2byte	0x13d
 371 026d AE020000 		.4byte	0x2ae
 372 0271 06       		.uleb128 0x6
 373 0272 E1000000 		.4byte	.LASF32
 374 0276 03       		.byte	0x3
 375 0277 4101     		.2byte	0x141
 376 0279 07020000 		.4byte	0x207
 377 027d 02       		.byte	0x2
 378 027e 23       		.byte	0x23
 379 027f 00       		.uleb128 0
 380 0280 06       		.uleb128 0x6
 381 0281 F1010000 		.4byte	.LASF33
 382 0285 03       		.byte	0x3
 383 0286 4701     		.2byte	0x147
 384 0288 07020000 		.4byte	0x207
 385 028c 02       		.byte	0x2
 386 028d 23       		.byte	0x23
 387 028e 04       		.uleb128 0x4
 388 028f 06       		.uleb128 0x6
 389 0290 E9010000 		.4byte	.LASF34
 390 0294 03       		.byte	0x3
 391 0295 4C01     		.2byte	0x14c
 392 0297 26010000 		.4byte	0x126
 393 029b 02       		.byte	0x2
 394 029c 23       		.byte	0x23
 395 029d 08       		.uleb128 0x8
 396 029e 06       		.uleb128 0x6
 397 029f 55010000 		.4byte	.LASF35
 398 02a3 03       		.byte	0x3
 399 02a4 5B01     		.2byte	0x15b
ARM GAS  /tmp/ccHo7dLT.s 			page 8


 400 02a6 AE020000 		.4byte	0x2ae
 401 02aa 02       		.byte	0x2
 402 02ab 23       		.byte	0x23
 403 02ac 0C       		.uleb128 0xc
 404 02ad 00       		.byte	0
 405 02ae 13       		.uleb128 0x13
 406 02af 9B000000 		.4byte	0x9b
 407 02b3 BE020000 		.4byte	0x2be
 408 02b7 14       		.uleb128 0x14
 409 02b8 1F010000 		.4byte	0x11f
 410 02bc 06       		.byte	0x6
 411 02bd 00       		.byte	0
 412 02be 0D       		.uleb128 0xd
 413 02bf 7A000000 		.4byte	.LASF36
 414 02c3 03       		.byte	0x3
 415 02c4 6401     		.2byte	0x164
 416 02c6 68020000 		.4byte	0x268
 417 02ca 03       		.uleb128 0x3
 418 02cb 01       		.byte	0x1
 419 02cc 02       		.byte	0x2
 420 02cd 02020000 		.4byte	.LASF37
 421 02d1 15       		.uleb128 0x15
 422 02d2 01       		.byte	0x1
 423 02d3 40010000 		.4byte	.LASF41
 424 02d7 01       		.byte	0x1
 425 02d8 40       		.byte	0x40
 426 02d9 01       		.byte	0x1
 427 02da 00000000 		.4byte	.LFB77
 428 02de 08000000 		.4byte	.LFE77
 429 02e2 00000000 		.4byte	.LLST0
 430 02e6 01       		.byte	0x1
 431 02e7 F5020000 		.4byte	0x2f5
 432 02eb 16       		.uleb128 0x16
 433 02ec 06000000 		.4byte	.LVL0
 434 02f0 03030000 		.4byte	0x303
 435 02f4 00       		.byte	0
 436 02f5 17       		.uleb128 0x17
 437 02f6 6E696C00 		.ascii	"nil\000"
 438 02fa 03       		.byte	0x3
 439 02fb F602     		.2byte	0x2f6
 440 02fd BE020000 		.4byte	0x2be
 441 0301 01       		.byte	0x1
 442 0302 01       		.byte	0x1
 443 0303 18       		.uleb128 0x18
 444 0304 01       		.byte	0x1
 445 0305 23010000 		.4byte	.LASF42
 446 0309 07       		.byte	0x7
 447 030a 74       		.byte	0x74
 448 030b 01       		.byte	0x1
 449 030c 01       		.byte	0x1
 450 030d 00       		.byte	0
 451              		.section	.debug_abbrev,"",%progbits
 452              	.Ldebug_abbrev0:
 453 0000 01       		.uleb128 0x1
 454 0001 11       		.uleb128 0x11
 455 0002 01       		.byte	0x1
 456 0003 25       		.uleb128 0x25
ARM GAS  /tmp/ccHo7dLT.s 			page 9


 457 0004 0E       		.uleb128 0xe
 458 0005 13       		.uleb128 0x13
 459 0006 0B       		.uleb128 0xb
 460 0007 03       		.uleb128 0x3
 461 0008 0E       		.uleb128 0xe
 462 0009 1B       		.uleb128 0x1b
 463 000a 0E       		.uleb128 0xe
 464 000b 55       		.uleb128 0x55
 465 000c 06       		.uleb128 0x6
 466 000d 11       		.uleb128 0x11
 467 000e 01       		.uleb128 0x1
 468 000f 52       		.uleb128 0x52
 469 0010 01       		.uleb128 0x1
 470 0011 10       		.uleb128 0x10
 471 0012 06       		.uleb128 0x6
 472 0013 00       		.byte	0
 473 0014 00       		.byte	0
 474 0015 02       		.uleb128 0x2
 475 0016 24       		.uleb128 0x24
 476 0017 00       		.byte	0
 477 0018 0B       		.uleb128 0xb
 478 0019 0B       		.uleb128 0xb
 479 001a 3E       		.uleb128 0x3e
 480 001b 0B       		.uleb128 0xb
 481 001c 03       		.uleb128 0x3
 482 001d 08       		.uleb128 0x8
 483 001e 00       		.byte	0
 484 001f 00       		.byte	0
 485 0020 03       		.uleb128 0x3
 486 0021 24       		.uleb128 0x24
 487 0022 00       		.byte	0
 488 0023 0B       		.uleb128 0xb
 489 0024 0B       		.uleb128 0xb
 490 0025 3E       		.uleb128 0x3e
 491 0026 0B       		.uleb128 0xb
 492 0027 03       		.uleb128 0x3
 493 0028 0E       		.uleb128 0xe
 494 0029 00       		.byte	0
 495 002a 00       		.byte	0
 496 002b 04       		.uleb128 0x4
 497 002c 16       		.uleb128 0x16
 498 002d 00       		.byte	0
 499 002e 03       		.uleb128 0x3
 500 002f 0E       		.uleb128 0xe
 501 0030 3A       		.uleb128 0x3a
 502 0031 0B       		.uleb128 0xb
 503 0032 3B       		.uleb128 0x3b
 504 0033 0B       		.uleb128 0xb
 505 0034 49       		.uleb128 0x49
 506 0035 13       		.uleb128 0x13
 507 0036 00       		.byte	0
 508 0037 00       		.byte	0
 509 0038 05       		.uleb128 0x5
 510 0039 13       		.uleb128 0x13
 511 003a 01       		.byte	0x1
 512 003b 03       		.uleb128 0x3
 513 003c 0E       		.uleb128 0xe
ARM GAS  /tmp/ccHo7dLT.s 			page 10


 514 003d 0B       		.uleb128 0xb
 515 003e 0B       		.uleb128 0xb
 516 003f 3A       		.uleb128 0x3a
 517 0040 0B       		.uleb128 0xb
 518 0041 3B       		.uleb128 0x3b
 519 0042 05       		.uleb128 0x5
 520 0043 01       		.uleb128 0x1
 521 0044 13       		.uleb128 0x13
 522 0045 00       		.byte	0
 523 0046 00       		.byte	0
 524 0047 06       		.uleb128 0x6
 525 0048 0D       		.uleb128 0xd
 526 0049 00       		.byte	0
 527 004a 03       		.uleb128 0x3
 528 004b 0E       		.uleb128 0xe
 529 004c 3A       		.uleb128 0x3a
 530 004d 0B       		.uleb128 0xb
 531 004e 3B       		.uleb128 0x3b
 532 004f 05       		.uleb128 0x5
 533 0050 49       		.uleb128 0x49
 534 0051 13       		.uleb128 0x13
 535 0052 38       		.uleb128 0x38
 536 0053 0A       		.uleb128 0xa
 537 0054 00       		.byte	0
 538 0055 00       		.byte	0
 539 0056 07       		.uleb128 0x7
 540 0057 0D       		.uleb128 0xd
 541 0058 00       		.byte	0
 542 0059 03       		.uleb128 0x3
 543 005a 08       		.uleb128 0x8
 544 005b 3A       		.uleb128 0x3a
 545 005c 0B       		.uleb128 0xb
 546 005d 3B       		.uleb128 0x3b
 547 005e 05       		.uleb128 0x5
 548 005f 49       		.uleb128 0x49
 549 0060 13       		.uleb128 0x13
 550 0061 38       		.uleb128 0x38
 551 0062 0A       		.uleb128 0xa
 552 0063 00       		.byte	0
 553 0064 00       		.byte	0
 554 0065 08       		.uleb128 0x8
 555 0066 0F       		.uleb128 0xf
 556 0067 00       		.byte	0
 557 0068 0B       		.uleb128 0xb
 558 0069 0B       		.uleb128 0xb
 559 006a 00       		.byte	0
 560 006b 00       		.byte	0
 561 006c 09       		.uleb128 0x9
 562 006d 13       		.uleb128 0x13
 563 006e 01       		.byte	0x1
 564 006f 03       		.uleb128 0x3
 565 0070 0E       		.uleb128 0xe
 566 0071 0B       		.uleb128 0xb
 567 0072 0B       		.uleb128 0xb
 568 0073 3A       		.uleb128 0x3a
 569 0074 0B       		.uleb128 0xb
 570 0075 3B       		.uleb128 0x3b
ARM GAS  /tmp/ccHo7dLT.s 			page 11


 571 0076 0B       		.uleb128 0xb
 572 0077 01       		.uleb128 0x1
 573 0078 13       		.uleb128 0x13
 574 0079 00       		.byte	0
 575 007a 00       		.byte	0
 576 007b 0A       		.uleb128 0xa
 577 007c 0D       		.uleb128 0xd
 578 007d 00       		.byte	0
 579 007e 03       		.uleb128 0x3
 580 007f 08       		.uleb128 0x8
 581 0080 3A       		.uleb128 0x3a
 582 0081 0B       		.uleb128 0xb
 583 0082 3B       		.uleb128 0x3b
 584 0083 0B       		.uleb128 0xb
 585 0084 49       		.uleb128 0x49
 586 0085 13       		.uleb128 0x13
 587 0086 38       		.uleb128 0x38
 588 0087 0A       		.uleb128 0xa
 589 0088 00       		.byte	0
 590 0089 00       		.byte	0
 591 008a 0B       		.uleb128 0xb
 592 008b 13       		.uleb128 0x13
 593 008c 01       		.byte	0x1
 594 008d 0B       		.uleb128 0xb
 595 008e 0B       		.uleb128 0xb
 596 008f 3A       		.uleb128 0x3a
 597 0090 0B       		.uleb128 0xb
 598 0091 3B       		.uleb128 0x3b
 599 0092 0B       		.uleb128 0xb
 600 0093 01       		.uleb128 0x1
 601 0094 13       		.uleb128 0x13
 602 0095 00       		.byte	0
 603 0096 00       		.byte	0
 604 0097 0C       		.uleb128 0xc
 605 0098 35       		.uleb128 0x35
 606 0099 00       		.byte	0
 607 009a 49       		.uleb128 0x49
 608 009b 13       		.uleb128 0x13
 609 009c 00       		.byte	0
 610 009d 00       		.byte	0
 611 009e 0D       		.uleb128 0xd
 612 009f 16       		.uleb128 0x16
 613 00a0 00       		.byte	0
 614 00a1 03       		.uleb128 0x3
 615 00a2 0E       		.uleb128 0xe
 616 00a3 3A       		.uleb128 0x3a
 617 00a4 0B       		.uleb128 0xb
 618 00a5 3B       		.uleb128 0x3b
 619 00a6 05       		.uleb128 0x5
 620 00a7 49       		.uleb128 0x49
 621 00a8 13       		.uleb128 0x13
 622 00a9 00       		.byte	0
 623 00aa 00       		.byte	0
 624 00ab 0E       		.uleb128 0xe
 625 00ac 0F       		.uleb128 0xf
 626 00ad 00       		.byte	0
 627 00ae 0B       		.uleb128 0xb
ARM GAS  /tmp/ccHo7dLT.s 			page 12


 628 00af 0B       		.uleb128 0xb
 629 00b0 49       		.uleb128 0x49
 630 00b1 13       		.uleb128 0x13
 631 00b2 00       		.byte	0
 632 00b3 00       		.byte	0
 633 00b4 0F       		.uleb128 0xf
 634 00b5 17       		.uleb128 0x17
 635 00b6 01       		.byte	0x1
 636 00b7 0B       		.uleb128 0xb
 637 00b8 0B       		.uleb128 0xb
 638 00b9 3A       		.uleb128 0x3a
 639 00ba 0B       		.uleb128 0xb
 640 00bb 3B       		.uleb128 0x3b
 641 00bc 05       		.uleb128 0x5
 642 00bd 01       		.uleb128 0x1
 643 00be 13       		.uleb128 0x13
 644 00bf 00       		.byte	0
 645 00c0 00       		.byte	0
 646 00c1 10       		.uleb128 0x10
 647 00c2 0D       		.uleb128 0xd
 648 00c3 00       		.byte	0
 649 00c4 03       		.uleb128 0x3
 650 00c5 08       		.uleb128 0x8
 651 00c6 3A       		.uleb128 0x3a
 652 00c7 0B       		.uleb128 0xb
 653 00c8 3B       		.uleb128 0x3b
 654 00c9 05       		.uleb128 0x5
 655 00ca 49       		.uleb128 0x49
 656 00cb 13       		.uleb128 0x13
 657 00cc 00       		.byte	0
 658 00cd 00       		.byte	0
 659 00ce 11       		.uleb128 0x11
 660 00cf 0D       		.uleb128 0xd
 661 00d0 00       		.byte	0
 662 00d1 03       		.uleb128 0x3
 663 00d2 0E       		.uleb128 0xe
 664 00d3 3A       		.uleb128 0x3a
 665 00d4 0B       		.uleb128 0xb
 666 00d5 3B       		.uleb128 0x3b
 667 00d6 05       		.uleb128 0x5
 668 00d7 49       		.uleb128 0x49
 669 00d8 13       		.uleb128 0x13
 670 00d9 00       		.byte	0
 671 00da 00       		.byte	0
 672 00db 12       		.uleb128 0x12
 673 00dc 13       		.uleb128 0x13
 674 00dd 01       		.byte	0x1
 675 00de 0B       		.uleb128 0xb
 676 00df 0B       		.uleb128 0xb
 677 00e0 3A       		.uleb128 0x3a
 678 00e1 0B       		.uleb128 0xb
 679 00e2 3B       		.uleb128 0x3b
 680 00e3 05       		.uleb128 0x5
 681 00e4 01       		.uleb128 0x1
 682 00e5 13       		.uleb128 0x13
 683 00e6 00       		.byte	0
 684 00e7 00       		.byte	0
ARM GAS  /tmp/ccHo7dLT.s 			page 13


 685 00e8 13       		.uleb128 0x13
 686 00e9 01       		.uleb128 0x1
 687 00ea 01       		.byte	0x1
 688 00eb 49       		.uleb128 0x49
 689 00ec 13       		.uleb128 0x13
 690 00ed 01       		.uleb128 0x1
 691 00ee 13       		.uleb128 0x13
 692 00ef 00       		.byte	0
 693 00f0 00       		.byte	0
 694 00f1 14       		.uleb128 0x14
 695 00f2 21       		.uleb128 0x21
 696 00f3 00       		.byte	0
 697 00f4 49       		.uleb128 0x49
 698 00f5 13       		.uleb128 0x13
 699 00f6 2F       		.uleb128 0x2f
 700 00f7 0B       		.uleb128 0xb
 701 00f8 00       		.byte	0
 702 00f9 00       		.byte	0
 703 00fa 15       		.uleb128 0x15
 704 00fb 2E       		.uleb128 0x2e
 705 00fc 01       		.byte	0x1
 706 00fd 3F       		.uleb128 0x3f
 707 00fe 0C       		.uleb128 0xc
 708 00ff 03       		.uleb128 0x3
 709 0100 0E       		.uleb128 0xe
 710 0101 3A       		.uleb128 0x3a
 711 0102 0B       		.uleb128 0xb
 712 0103 3B       		.uleb128 0x3b
 713 0104 0B       		.uleb128 0xb
 714 0105 27       		.uleb128 0x27
 715 0106 0C       		.uleb128 0xc
 716 0107 11       		.uleb128 0x11
 717 0108 01       		.uleb128 0x1
 718 0109 12       		.uleb128 0x12
 719 010a 01       		.uleb128 0x1
 720 010b 40       		.uleb128 0x40
 721 010c 06       		.uleb128 0x6
 722 010d 9742     		.uleb128 0x2117
 723 010f 0C       		.uleb128 0xc
 724 0110 01       		.uleb128 0x1
 725 0111 13       		.uleb128 0x13
 726 0112 00       		.byte	0
 727 0113 00       		.byte	0
 728 0114 16       		.uleb128 0x16
 729 0115 898201   		.uleb128 0x4109
 730 0118 00       		.byte	0
 731 0119 11       		.uleb128 0x11
 732 011a 01       		.uleb128 0x1
 733 011b 31       		.uleb128 0x31
 734 011c 13       		.uleb128 0x13
 735 011d 00       		.byte	0
 736 011e 00       		.byte	0
 737 011f 17       		.uleb128 0x17
 738 0120 34       		.uleb128 0x34
 739 0121 00       		.byte	0
 740 0122 03       		.uleb128 0x3
 741 0123 08       		.uleb128 0x8
ARM GAS  /tmp/ccHo7dLT.s 			page 14


 742 0124 3A       		.uleb128 0x3a
 743 0125 0B       		.uleb128 0xb
 744 0126 3B       		.uleb128 0x3b
 745 0127 05       		.uleb128 0x5
 746 0128 49       		.uleb128 0x49
 747 0129 13       		.uleb128 0x13
 748 012a 3F       		.uleb128 0x3f
 749 012b 0C       		.uleb128 0xc
 750 012c 3C       		.uleb128 0x3c
 751 012d 0C       		.uleb128 0xc
 752 012e 00       		.byte	0
 753 012f 00       		.byte	0
 754 0130 18       		.uleb128 0x18
 755 0131 2E       		.uleb128 0x2e
 756 0132 00       		.byte	0
 757 0133 3F       		.uleb128 0x3f
 758 0134 0C       		.uleb128 0xc
 759 0135 03       		.uleb128 0x3
 760 0136 0E       		.uleb128 0xe
 761 0137 3A       		.uleb128 0x3a
 762 0138 0B       		.uleb128 0xb
 763 0139 3B       		.uleb128 0x3b
 764 013a 0B       		.uleb128 0xb
 765 013b 27       		.uleb128 0x27
 766 013c 0C       		.uleb128 0xc
 767 013d 3C       		.uleb128 0x3c
 768 013e 0C       		.uleb128 0xc
 769 013f 00       		.byte	0
 770 0140 00       		.byte	0
 771 0141 00       		.byte	0
 772              		.section	.debug_loc,"",%progbits
 773              	.Ldebug_loc0:
 774              	.LLST0:
 775 0000 00000000 		.4byte	.LFB77
 776 0004 02000000 		.4byte	.LCFI0
 777 0008 0200     		.2byte	0x2
 778 000a 7D       		.byte	0x7d
 779 000b 00       		.sleb128 0
 780 000c 02000000 		.4byte	.LCFI0
 781 0010 08000000 		.4byte	.LFE77
 782 0014 0200     		.2byte	0x2
 783 0016 7D       		.byte	0x7d
 784 0017 08       		.sleb128 8
 785 0018 00000000 		.4byte	0
 786 001c 00000000 		.4byte	0
 787              		.section	.debug_aranges,"",%progbits
 788 0000 1C000000 		.4byte	0x1c
 789 0004 0200     		.2byte	0x2
 790 0006 00000000 		.4byte	.Ldebug_info0
 791 000a 04       		.byte	0x4
 792 000b 00       		.byte	0
 793 000c 0000     		.2byte	0
 794 000e 0000     		.2byte	0
 795 0010 00000000 		.4byte	.LFB77
 796 0014 08000000 		.4byte	.LFE77-.LFB77
 797 0018 00000000 		.4byte	0
 798 001c 00000000 		.4byte	0
ARM GAS  /tmp/ccHo7dLT.s 			page 15


 799              		.section	.debug_ranges,"",%progbits
 800              	.Ldebug_ranges0:
 801 0000 00000000 		.4byte	.LFB77
 802 0004 08000000 		.4byte	.LFE77
 803 0008 00000000 		.4byte	0
 804 000c 00000000 		.4byte	0
 805              		.section	.debug_line,"",%progbits
 806              	.Ldebug_line0:
 807 0000 6C010000 		.section	.debug_str,"MS",%progbits,1
 807      02005501 
 807      00000201 
 807      FB0E0D00 
 807      01010101 
 808              	.LASF11:
 809 0000 6C6F6E67 		.ascii	"long long int\000"
 809      206C6F6E 
 809      6720696E 
 809      7400
 810              	.LASF24:
 811 000e 6E696C5F 		.ascii	"nil_thread\000"
 811      74687265 
 811      616400
 812              	.LASF25:
 813 0019 706F7274 		.ascii	"port_intctx\000"
 813      5F696E74 
 813      63747800 
 814              	.LASF23:
 815 0025 72656761 		.ascii	"regarm_t\000"
 815      726D5F74 
 815      00
 816              	.LASF40:
 817 002e 2F6D6564 		.ascii	"/media/data/src/OpenTCS/code\000"
 817      69612F64 
 817      6174612F 
 817      7372632F 
 817      4F70656E 
 818              	.LASF8:
 819 004b 6C6F6E67 		.ascii	"long int\000"
 819      20696E74 
 819      00
 820              	.LASF30:
 821 0054 73656D70 		.ascii	"semp\000"
 821      00
 822              	.LASF4:
 823 0059 75696E74 		.ascii	"uint8_t\000"
 823      385F7400 
 824              	.LASF14:
 825 0061 73746174 		.ascii	"state\000"
 825      6500
 826              	.LASF29:
 827 0067 74687265 		.ascii	"thread_reference_t\000"
 827      61645F72 
 827      65666572 
 827      656E6365 
 827      5F7400
 828              	.LASF36:
 829 007a 6E696C5F 		.ascii	"nil_system_t\000"
ARM GAS  /tmp/ccHo7dLT.s 			page 16


 829      73797374 
 829      656D5F74 
 829      00
 830              	.LASF13:
 831 0087 63747870 		.ascii	"ctxp\000"
 831      00
 832              	.LASF2:
 833 008c 756E7369 		.ascii	"unsigned char\000"
 833      676E6564 
 833      20636861 
 833      7200
 834              	.LASF31:
 835 009a 65776D61 		.ascii	"ewmask\000"
 835      736B00
 836              	.LASF10:
 837 00a1 6C6F6E67 		.ascii	"long unsigned int\000"
 837      20756E73 
 837      69676E65 
 837      6420696E 
 837      7400
 838              	.LASF6:
 839 00b3 73686F72 		.ascii	"short unsigned int\000"
 839      7420756E 
 839      7369676E 
 839      65642069 
 839      6E7400
 840              	.LASF15:
 841 00c6 74696D65 		.ascii	"timeout\000"
 841      6F757400 
 842              	.LASF26:
 843 00ce 696E7463 		.ascii	"intctx_t\000"
 843      74785F74 
 843      00
 844              	.LASF3:
 845 00d7 73686F72 		.ascii	"short int\000"
 845      7420696E 
 845      7400
 846              	.LASF32:
 847 00e1 63757272 		.ascii	"current\000"
 847      656E7400 
 848              	.LASF0:
 849 00e9 756E7369 		.ascii	"unsigned int\000"
 849      676E6564 
 849      20696E74 
 849      00
 850              	.LASF18:
 851 00f6 6D73675F 		.ascii	"msg_t\000"
 851      7400
 852              	.LASF12:
 853 00fc 6C6F6E67 		.ascii	"long long unsigned int\000"
 853      206C6F6E 
 853      6720756E 
 853      7369676E 
 853      65642069 
 854              	.LASF22:
 855 0113 73797374 		.ascii	"systime_t\000"
 855      696D655F 
ARM GAS  /tmp/ccHo7dLT.s 			page 17


 855      7400
 856              	.LASF20:
 857 011d 636E745F 		.ascii	"cnt_t\000"
 857      7400
 858              	.LASF42:
 859 0123 73745F6C 		.ascii	"st_lld_init\000"
 859      6C645F69 
 859      6E697400 
 860              	.LASF7:
 861 012f 696E7433 		.ascii	"int32_t\000"
 861      325F7400 
 862              	.LASF21:
 863 0137 73697A65 		.ascii	"sizetype\000"
 863      74797065 
 863      00
 864              	.LASF41:
 865 0140 7374496E 		.ascii	"stInit\000"
 865      697400
 866              	.LASF17:
 867 0147 74737461 		.ascii	"tstate_t\000"
 867      74655F74 
 867      00
 868              	.LASF28:
 869 0150 63686172 		.ascii	"char\000"
 869      00
 870              	.LASF35:
 871 0155 74687265 		.ascii	"threads\000"
 871      61647300 
 872              	.LASF5:
 873 015d 75696E74 		.ascii	"uint16_t\000"
 873      31365F74 
 873      00
 874              	.LASF27:
 875 0166 73656D61 		.ascii	"semaphore_t\000"
 875      70686F72 
 875      655F7400 
 876              	.LASF38:
 877 0172 474E5520 		.ascii	"GNU C 4.7.3 20130312 (release) [ARM/embedded-4_7-br"
 877      4320342E 
 877      372E3320 
 877      32303133 
 877      30333132 
 878 01a5 616E6368 		.ascii	"anch revision 196615]\000"
 878      20726576 
 878      6973696F 
 878      6E203139 
 878      36363135 
 879              	.LASF9:
 880 01bb 75696E74 		.ascii	"uint32_t\000"
 880      33325F74 
 880      00
 881              	.LASF16:
 882 01c4 65706D61 		.ascii	"epmask\000"
 882      736B00
 883              	.LASF39:
 884 01cb 2E2F6F73 		.ascii	"./os/hal/src/st.c\000"
 884      2F68616C 
ARM GAS  /tmp/ccHo7dLT.s 			page 18


 884      2F737263 
 884      2F73742E 
 884      6300
 885              	.LASF1:
 886 01dd 7369676E 		.ascii	"signed char\000"
 886      65642063 
 886      68617200 
 887              	.LASF34:
 888 01e9 73797374 		.ascii	"systime\000"
 888      696D6500 
 889              	.LASF33:
 890 01f1 6E657874 		.ascii	"next\000"
 890      00
 891              	.LASF19:
 892 01f6 6576656E 		.ascii	"eventmask_t\000"
 892      746D6173 
 892      6B5F7400 
 893              	.LASF37:
 894 0202 5F426F6F 		.ascii	"_Bool\000"
 894      6C00
 895              		.ident	"GCC: (GNU Tools for ARM Embedded Processors) 4.7.3 20130312 (release) [ARM/embedded-4_7-br
ARM GAS  /tmp/ccHo7dLT.s 			page 19


DEFINED SYMBOLS
                            *ABS*:00000000 st.c
     /tmp/ccHo7dLT.s:18     .text.stInit:00000000 $t
     /tmp/ccHo7dLT.s:23     .text.stInit:00000000 stInit
                     .debug_frame:00000010 $d

UNDEFINED SYMBOLS
st_lld_init
