ARM GAS  /tmp/ccoYlVli.s 			page 1


   1              		.cpu cortex-m0
   2              		.fpu softvfp
   3              		.eabi_attribute 20, 1
   4              		.eabi_attribute 21, 1
   5              		.eabi_attribute 23, 3
   6              		.eabi_attribute 24, 1
   7              		.eabi_attribute 25, 1
   8              		.eabi_attribute 26, 1
   9              		.eabi_attribute 30, 4
  10              		.eabi_attribute 34, 0
  11              		.eabi_attribute 18, 4
  12              		.code	16
  13              		.file	"st_lld.c"
  14              		.text
  15              	.Ltext0:
  16              		.cfi_sections	.debug_frame
  17              		.section	.text.SysTick_Handler,"ax",%progbits
  18              		.align	1
  19              		.global	SysTick_Handler
  20              		.code	16
  21              		.thumb_func
  22              		.type	SysTick_Handler, %function
  23              	SysTick_Handler:
  24              	.LFB77:
  25              		.file 1 "./os/hal/ports/STM32/TIMv1/st_lld.c"
  26              		.loc 1 175 0
  27              		.cfi_startproc
  28 0000 10B5     		push	{r4, lr}
  29              	.LCFI0:
  30              		.cfi_def_cfa_offset 8
  31              		.cfi_offset 4, -8
  32              		.cfi_offset 14, -4
  33              		.loc 1 177 0
  34              	@ 177 "./os/hal/ports/STM32/TIMv1/st_lld.c" 1
  35 0002 7446     		mov     r4, lr
  36              	@ 0 "" 2
  37              	.LVL0:
  38              		.code	16
  39              	.LBB38:
  40              	.LBB39:
  41              	.LBB40:
  42              	.LBB41:
  43              	.LBB42:
  44              		.file 2 "./os/ext/CMSIS/include/core_cmFunc.h"
  45              		.loc 2 342 0
  46              	@ 342 "./os/ext/CMSIS/include/core_cmFunc.h" 1
  47 0004 72B6     		cpsid i
  48              	@ 0 "" 2
  49              		.code	16
  50              	.LBE42:
  51              	.LBE41:
  52              	.LBE40:
  53              	.LBE39:
  54              	.LBE38:
  55              	.LBB43:
  56              	.LBB44:
  57              		.file 3 "./os/nil/osal/osal.h"
ARM GAS  /tmp/ccoYlVli.s 			page 2


  58              		.loc 3 481 0
  59 0006 FFF7FEFF 		bl	chSysTimerHandlerI
  60              	.LVL1:
  61              	.LBE44:
  62              	.LBE43:
  63              	.LBB45:
  64              	.LBB46:
  65              	.LBB47:
  66              	.LBB48:
  67              	.LBB49:
  68              		.loc 2 331 0
  69              	@ 331 "./os/ext/CMSIS/include/core_cmFunc.h" 1
  70 000a 62B6     		cpsie i
  71              	@ 0 "" 2
  72              		.code	16
  73              	.LBE49:
  74              	.LBE48:
  75              	.LBE47:
  76              	.LBE46:
  77              	.LBE45:
  78              		.loc 1 183 0
  79 000c 201C     		mov	r0, r4
  80 000e FFF7FEFF 		bl	_port_irq_epilogue
  81              	.LVL2:
  82              		.loc 1 184 0
  83              		@ sp needed for prologue
  84              	.LVL3:
  85 0012 10BD     		pop	{r4, pc}
  86              		.cfi_endproc
  87              	.LFE77:
  88              		.size	SysTick_Handler, .-SysTick_Handler
  89              		.section	.text.st_lld_init,"ax",%progbits
  90              		.align	1
  91              		.global	st_lld_init
  92              		.code	16
  93              		.thumb_func
  94              		.type	st_lld_init, %function
  95              	st_lld_init:
  96              	.LFB78:
  97              		.loc 1 217 0
  98              		.cfi_startproc
  99 0000 08B5     		push	{r3, lr}
 100              	.LCFI1:
 101              		.cfi_def_cfa_offset 8
 102              		.cfi_offset 3, -8
 103              		.cfi_offset 14, -4
 104              		.loc 1 242 0
 105 0002 064A     		ldr	r2, .L3
 106 0004 064B     		ldr	r3, .L3+4
 107              		.loc 1 243 0
 108 0006 0020     		mov	r0, #0
 109              		.loc 1 244 0
 110 0008 0721     		mov	r1, #7
 111              		.loc 1 242 0
 112 000a 5A60     		str	r2, [r3, #4]
 113              		.loc 1 243 0
 114 000c 9860     		str	r0, [r3, #8]
ARM GAS  /tmp/ccoYlVli.s 			page 3


 115              		.loc 1 244 0
 116 000e 1960     		str	r1, [r3]
 117              		.loc 1 249 0
 118 0010 0123     		mov	r3, #1
 119 0012 5842     		neg	r0, r3
 120 0014 0221     		mov	r1, #2
 121 0016 FFF7FEFF 		bl	nvicSetSystemHandlerPriority
 122              	.LVL4:
 123              		.loc 1 251 0
 124              		@ sp needed for prologue
 125 001a 08BD     		pop	{r3, pc}
 126              	.L4:
 127              		.align	2
 128              	.L3:
 129 001c 7F250000 		.word	9599
 130 0020 10E000E0 		.word	-536813552
 131              		.cfi_endproc
 132              	.LFE78:
 133              		.size	st_lld_init, .-st_lld_init
 134              		.text
 135              	.Letext0:
 136              		.file 4 "/media/data/src/x-tools/gcc-arm-none-eabi-4_7-2013q1/bin/../lib/gcc/arm-none-eabi/4.7.3/.
 137              		.file 5 "./os/nil/include/nil.h"
 138              		.file 6 "./os/nil/ports/ARMCMx/compilers/GCC/niltypes.h"
 139              		.file 7 "./os/ext/CMSIS/ST/stm32f0xx.h"
 140              		.file 8 "./os/ext/CMSIS/include/core_cm0.h"
 141              		.file 9 "./os/nil/ports/ARMCMx/nilcore.h"
 142              		.file 10 "./os/nil/ports/ARMCMx/nilcore_v6m.h"
 143              		.file 11 "./os/hal/ports/common/ARMCMx/nvic.h"
 144              		.section	.debug_info,"",%progbits
 145              	.Ldebug_info0:
 146 0000 BE050000 		.4byte	0x5be
 147 0004 0200     		.2byte	0x2
 148 0006 00000000 		.4byte	.Ldebug_abbrev0
 149 000a 04       		.byte	0x4
 150 000b 01       		.uleb128 0x1
 151 000c AB030000 		.4byte	.LASF88
 152 0010 01       		.byte	0x1
 153 0011 68000000 		.4byte	.LASF89
 154 0015 B0010000 		.4byte	.LASF90
 155 0019 00000000 		.4byte	.Ldebug_ranges0+0
 156 001d 00000000 		.4byte	0
 157 0021 00000000 		.4byte	0
 158 0025 00000000 		.4byte	.Ldebug_line0
 159 0029 02       		.uleb128 0x2
 160 002a 04       		.byte	0x4
 161 002b 05       		.byte	0x5
 162 002c 696E7400 		.ascii	"int\000"
 163 0030 03       		.uleb128 0x3
 164 0031 04       		.byte	0x4
 165 0032 07       		.byte	0x7
 166 0033 AC020000 		.4byte	.LASF0
 167 0037 03       		.uleb128 0x3
 168 0038 01       		.byte	0x1
 169 0039 06       		.byte	0x6
 170 003a 50010000 		.4byte	.LASF1
 171 003e 04       		.uleb128 0x4
ARM GAS  /tmp/ccoYlVli.s 			page 4


 172 003f 06010000 		.4byte	.LASF4
 173 0043 04       		.byte	0x4
 174 0044 2A       		.byte	0x2a
 175 0045 49000000 		.4byte	0x49
 176 0049 03       		.uleb128 0x3
 177 004a 01       		.byte	0x1
 178 004b 08       		.byte	0x8
 179 004c E8010000 		.4byte	.LASF2
 180 0050 03       		.uleb128 0x3
 181 0051 02       		.byte	0x2
 182 0052 05       		.byte	0x5
 183 0053 55000000 		.4byte	.LASF3
 184 0057 04       		.uleb128 0x4
 185 0058 B9020000 		.4byte	.LASF5
 186 005c 04       		.byte	0x4
 187 005d 36       		.byte	0x36
 188 005e 62000000 		.4byte	0x62
 189 0062 03       		.uleb128 0x3
 190 0063 02       		.byte	0x2
 191 0064 07       		.byte	0x7
 192 0065 F4020000 		.4byte	.LASF6
 193 0069 04       		.uleb128 0x4
 194 006a 84020000 		.4byte	.LASF7
 195 006e 04       		.byte	0x4
 196 006f 4F       		.byte	0x4f
 197 0070 74000000 		.4byte	0x74
 198 0074 03       		.uleb128 0x3
 199 0075 04       		.byte	0x4
 200 0076 05       		.byte	0x5
 201 0077 A2010000 		.4byte	.LASF8
 202 007b 04       		.uleb128 0x4
 203 007c A3020000 		.4byte	.LASF9
 204 0080 04       		.byte	0x4
 205 0081 50       		.byte	0x50
 206 0082 86000000 		.4byte	0x86
 207 0086 03       		.uleb128 0x3
 208 0087 04       		.byte	0x4
 209 0088 07       		.byte	0x7
 210 0089 99030000 		.4byte	.LASF10
 211 008d 03       		.uleb128 0x3
 212 008e 08       		.byte	0x8
 213 008f 05       		.byte	0x5
 214 0090 76010000 		.4byte	.LASF11
 215 0094 03       		.uleb128 0x3
 216 0095 08       		.byte	0x8
 217 0096 07       		.byte	0x7
 218 0097 8C020000 		.4byte	.LASF12
 219 009b 05       		.uleb128 0x5
 220 009c C3000000 		.4byte	.LASF63
 221 00a0 14       		.byte	0x14
 222 00a1 05       		.byte	0x5
 223 00a2 1E01     		.2byte	0x11e
 224 00a4 F3000000 		.4byte	0xf3
 225 00a8 06       		.uleb128 0x6
 226 00a9 AB010000 		.4byte	.LASF13
 227 00ad 05       		.byte	0x5
 228 00ae 1F01     		.2byte	0x11f
ARM GAS  /tmp/ccoYlVli.s 			page 5


 229 00b0 9D030000 		.4byte	0x39d
 230 00b4 02       		.byte	0x2
 231 00b5 23       		.byte	0x23
 232 00b6 00       		.uleb128 0
 233 00b7 06       		.uleb128 0x6
 234 00b8 3A000000 		.4byte	.LASF14
 235 00bc 05       		.byte	0x5
 236 00bd 2001     		.2byte	0x120
 237 00bf F3000000 		.4byte	0xf3
 238 00c3 02       		.byte	0x2
 239 00c4 23       		.byte	0x23
 240 00c5 04       		.uleb128 0x4
 241 00c6 07       		.uleb128 0x7
 242 00c7 753100   		.ascii	"u1\000"
 243 00ca 05       		.byte	0x5
 244 00cb 2B01     		.2byte	0x12b
 245 00cd 4D030000 		.4byte	0x34d
 246 00d1 02       		.byte	0x2
 247 00d2 23       		.byte	0x23
 248 00d3 08       		.uleb128 0x8
 249 00d4 06       		.uleb128 0x6
 250 00d5 C8040000 		.4byte	.LASF15
 251 00d9 05       		.byte	0x5
 252 00da 2C01     		.2byte	0x12c
 253 00dc A3030000 		.4byte	0x3a3
 254 00e0 02       		.byte	0x2
 255 00e1 23       		.byte	0x23
 256 00e2 0C       		.uleb128 0xc
 257 00e3 06       		.uleb128 0x6
 258 00e4 7E030000 		.4byte	.LASF16
 259 00e8 05       		.byte	0x5
 260 00e9 2F01     		.2byte	0x12f
 261 00eb 09010000 		.4byte	0x109
 262 00ef 02       		.byte	0x2
 263 00f0 23       		.byte	0x23
 264 00f1 10       		.uleb128 0x10
 265 00f2 00       		.byte	0
 266 00f3 04       		.uleb128 0x4
 267 00f4 80040000 		.4byte	.LASF17
 268 00f8 06       		.byte	0x6
 269 00f9 37       		.byte	0x37
 270 00fa 3E000000 		.4byte	0x3e
 271 00fe 04       		.uleb128 0x4
 272 00ff C2040000 		.4byte	.LASF18
 273 0103 06       		.byte	0x6
 274 0104 38       		.byte	0x38
 275 0105 69000000 		.4byte	0x69
 276 0109 04       		.uleb128 0x4
 277 010a B7000000 		.4byte	.LASF19
 278 010e 06       		.byte	0x6
 279 010f 39       		.byte	0x39
 280 0110 7B000000 		.4byte	0x7b
 281 0114 04       		.uleb128 0x4
 282 0115 33030000 		.4byte	.LASF20
 283 0119 06       		.byte	0x6
 284 011a 3A       		.byte	0x3a
 285 011b 69000000 		.4byte	0x69
ARM GAS  /tmp/ccoYlVli.s 			page 6


 286 011f 08       		.uleb128 0x8
 287 0120 B2000000 		.4byte	.LASF91
 288 0124 01       		.byte	0x1
 289 0125 07       		.byte	0x7
 290 0126 AF       		.byte	0xaf
 291 0127 F8010000 		.4byte	0x1f8
 292 012b 09       		.uleb128 0x9
 293 012c FD030000 		.4byte	.LASF21
 294 0130 72       		.sleb128 -14
 295 0131 09       		.uleb128 0x9
 296 0132 99000000 		.4byte	.LASF22
 297 0136 73       		.sleb128 -13
 298 0137 09       		.uleb128 0x9
 299 0138 6B030000 		.4byte	.LASF23
 300 013c 7B       		.sleb128 -5
 301 013d 09       		.uleb128 0x9
 302 013e 96010000 		.4byte	.LASF24
 303 0142 7E       		.sleb128 -2
 304 0143 09       		.uleb128 0x9
 305 0144 F9000000 		.4byte	.LASF25
 306 0148 7F       		.sleb128 -1
 307 0149 09       		.uleb128 0x9
 308 014a 5C010000 		.4byte	.LASF26
 309 014e 00       		.sleb128 0
 310 014f 09       		.uleb128 0x9
 311 0150 F6010000 		.4byte	.LASF27
 312 0154 01       		.sleb128 1
 313 0155 09       		.uleb128 0x9
 314 0156 F4030000 		.4byte	.LASF28
 315 015a 02       		.sleb128 2
 316 015b 09       		.uleb128 0x9
 317 015c 39010000 		.4byte	.LASF29
 318 0160 03       		.sleb128 3
 319 0161 09       		.uleb128 0x9
 320 0162 13000000 		.4byte	.LASF30
 321 0166 04       		.sleb128 4
 322 0167 09       		.uleb128 0x9
 323 0168 77020000 		.4byte	.LASF31
 324 016c 05       		.sleb128 5
 325 016d 09       		.uleb128 0x9
 326 016e 5E030000 		.4byte	.LASF32
 327 0172 06       		.sleb128 6
 328 0173 09       		.uleb128 0x9
 329 0174 5A040000 		.4byte	.LASF33
 330 0178 07       		.sleb128 7
 331 0179 09       		.uleb128 0x9
 332 017a 46040000 		.4byte	.LASF34
 333 017e 08       		.sleb128 8
 334 017f 09       		.uleb128 0x9
 335 0180 27000000 		.4byte	.LASF35
 336 0184 09       		.sleb128 9
 337 0185 09       		.uleb128 0x9
 338 0186 FF010000 		.4byte	.LASF36
 339 018a 0A       		.sleb128 10
 340 018b 09       		.uleb128 0x9
 341 018c A3040000 		.4byte	.LASF37
 342 0190 0B       		.sleb128 11
ARM GAS  /tmp/ccoYlVli.s 			page 7


 343 0191 09       		.uleb128 0x9
 344 0192 CD020000 		.4byte	.LASF38
 345 0196 0C       		.sleb128 12
 346 0197 09       		.uleb128 0x9
 347 0198 11040000 		.4byte	.LASF39
 348 019c 0D       		.sleb128 13
 349 019d 09       		.uleb128 0x9
 350 019e 46020000 		.4byte	.LASF40
 351 01a2 0E       		.sleb128 14
 352 01a3 09       		.uleb128 0x9
 353 01a4 14020000 		.4byte	.LASF41
 354 01a8 0F       		.sleb128 15
 355 01a9 09       		.uleb128 0x9
 356 01aa B8040000 		.4byte	.LASF42
 357 01ae 10       		.sleb128 16
 358 01af 09       		.uleb128 0x9
 359 01b0 E2000000 		.4byte	.LASF43
 360 01b4 11       		.sleb128 17
 361 01b5 09       		.uleb128 0x9
 362 01b6 DC020000 		.4byte	.LASF44
 363 01ba 13       		.sleb128 19
 364 01bb 09       		.uleb128 0x9
 365 01bc 4A000000 		.4byte	.LASF45
 366 01c0 14       		.sleb128 20
 367 01c1 09       		.uleb128 0x9
 368 01c2 C2020000 		.4byte	.LASF46
 369 01c6 15       		.sleb128 21
 370 01c7 09       		.uleb128 0x9
 371 01c8 1C000000 		.4byte	.LASF47
 372 01cc 16       		.sleb128 22
 373 01cd 09       		.uleb128 0x9
 374 01ce 0E010000 		.4byte	.LASF48
 375 01d2 17       		.sleb128 23
 376 01d3 09       		.uleb128 0x9
 377 01d4 74030000 		.4byte	.LASF49
 378 01d8 18       		.sleb128 24
 379 01d9 09       		.uleb128 0x9
 380 01da CE000000 		.4byte	.LASF50
 381 01de 19       		.sleb128 25
 382 01df 09       		.uleb128 0x9
 383 01e0 29030000 		.4byte	.LASF51
 384 01e4 1A       		.sleb128 26
 385 01e5 09       		.uleb128 0x9
 386 01e6 84010000 		.4byte	.LASF52
 387 01ea 1B       		.sleb128 27
 388 01eb 09       		.uleb128 0x9
 389 01ec 4E040000 		.4byte	.LASF53
 390 01f0 1C       		.sleb128 28
 391 01f1 09       		.uleb128 0x9
 392 01f2 9A040000 		.4byte	.LASF54
 393 01f6 1E       		.sleb128 30
 394 01f7 00       		.byte	0
 395 01f8 04       		.uleb128 0x4
 396 01f9 40000000 		.4byte	.LASF55
 397 01fd 07       		.byte	0x7
 398 01fe F0       		.byte	0xf0
 399 01ff 1F010000 		.4byte	0x11f
ARM GAS  /tmp/ccoYlVli.s 			page 8


 400 0203 03       		.uleb128 0x3
 401 0204 04       		.byte	0x4
 402 0205 07       		.byte	0x7
 403 0206 5F000000 		.4byte	.LASF56
 404 020a 0A       		.uleb128 0xa
 405 020b 0F020000 		.4byte	0x20f
 406 020f 0B       		.uleb128 0xb
 407 0210 7B000000 		.4byte	0x7b
 408 0214 0C       		.uleb128 0xc
 409 0215 10       		.byte	0x10
 410 0216 08       		.byte	0x8
 411 0217 9A01     		.2byte	0x19a
 412 0219 5A020000 		.4byte	0x25a
 413 021d 06       		.uleb128 0x6
 414 021e DD000000 		.4byte	.LASF57
 415 0222 08       		.byte	0x8
 416 0223 9C01     		.2byte	0x19c
 417 0225 0F020000 		.4byte	0x20f
 418 0229 02       		.byte	0x2
 419 022a 23       		.byte	0x23
 420 022b 00       		.uleb128 0
 421 022c 06       		.uleb128 0x6
 422 022d 7B040000 		.4byte	.LASF58
 423 0231 08       		.byte	0x8
 424 0232 9D01     		.2byte	0x19d
 425 0234 0F020000 		.4byte	0x20f
 426 0238 02       		.byte	0x2
 427 0239 23       		.byte	0x23
 428 023a 04       		.uleb128 0x4
 429 023b 07       		.uleb128 0x7
 430 023c 56414C00 		.ascii	"VAL\000"
 431 0240 08       		.byte	0x8
 432 0241 9E01     		.2byte	0x19e
 433 0243 0F020000 		.4byte	0x20f
 434 0247 02       		.byte	0x2
 435 0248 23       		.byte	0x23
 436 0249 08       		.uleb128 0x8
 437 024a 06       		.uleb128 0x6
 438 024b 90010000 		.4byte	.LASF59
 439 024f 08       		.byte	0x8
 440 0250 9F01     		.2byte	0x19f
 441 0252 0A020000 		.4byte	0x20a
 442 0256 02       		.byte	0x2
 443 0257 23       		.byte	0x23
 444 0258 0C       		.uleb128 0xc
 445 0259 00       		.byte	0
 446 025a 0D       		.uleb128 0xd
 447 025b E7020000 		.4byte	.LASF60
 448 025f 08       		.byte	0x8
 449 0260 A001     		.2byte	0x1a0
 450 0262 14020000 		.4byte	0x214
 451 0266 04       		.uleb128 0x4
 452 0267 07030000 		.4byte	.LASF61
 453 026b 09       		.byte	0x9
 454 026c 77       		.byte	0x77
 455 026d 57000000 		.4byte	0x57
 456 0271 04       		.uleb128 0x4
ARM GAS  /tmp/ccoYlVli.s 			page 9


 457 0272 F0000000 		.4byte	.LASF62
 458 0276 09       		.byte	0x9
 459 0277 7D       		.byte	0x7d
 460 0278 7C020000 		.4byte	0x27c
 461 027c 0E       		.uleb128 0xe
 462 027d 04       		.byte	0x4
 463 027e 0F       		.uleb128 0xf
 464 027f 3A040000 		.4byte	.LASF64
 465 0283 24       		.byte	0x24
 466 0284 0A       		.byte	0xa
 467 0285 A4       		.byte	0xa4
 468 0286 02030000 		.4byte	0x302
 469 028a 10       		.uleb128 0x10
 470 028b 723800   		.ascii	"r8\000"
 471 028e 0A       		.byte	0xa
 472 028f A5       		.byte	0xa5
 473 0290 71020000 		.4byte	0x271
 474 0294 02       		.byte	0x2
 475 0295 23       		.byte	0x23
 476 0296 00       		.uleb128 0
 477 0297 10       		.uleb128 0x10
 478 0298 723900   		.ascii	"r9\000"
 479 029b 0A       		.byte	0xa
 480 029c A6       		.byte	0xa6
 481 029d 71020000 		.4byte	0x271
 482 02a1 02       		.byte	0x2
 483 02a2 23       		.byte	0x23
 484 02a3 04       		.uleb128 0x4
 485 02a4 10       		.uleb128 0x10
 486 02a5 72313000 		.ascii	"r10\000"
 487 02a9 0A       		.byte	0xa
 488 02aa A7       		.byte	0xa7
 489 02ab 71020000 		.4byte	0x271
 490 02af 02       		.byte	0x2
 491 02b0 23       		.byte	0x23
 492 02b1 08       		.uleb128 0x8
 493 02b2 10       		.uleb128 0x10
 494 02b3 72313100 		.ascii	"r11\000"
 495 02b7 0A       		.byte	0xa
 496 02b8 A8       		.byte	0xa8
 497 02b9 71020000 		.4byte	0x271
 498 02bd 02       		.byte	0x2
 499 02be 23       		.byte	0x23
 500 02bf 0C       		.uleb128 0xc
 501 02c0 10       		.uleb128 0x10
 502 02c1 723400   		.ascii	"r4\000"
 503 02c4 0A       		.byte	0xa
 504 02c5 A9       		.byte	0xa9
 505 02c6 71020000 		.4byte	0x271
 506 02ca 02       		.byte	0x2
 507 02cb 23       		.byte	0x23
 508 02cc 10       		.uleb128 0x10
 509 02cd 10       		.uleb128 0x10
 510 02ce 723500   		.ascii	"r5\000"
 511 02d1 0A       		.byte	0xa
 512 02d2 AA       		.byte	0xaa
 513 02d3 71020000 		.4byte	0x271
ARM GAS  /tmp/ccoYlVli.s 			page 10


 514 02d7 02       		.byte	0x2
 515 02d8 23       		.byte	0x23
 516 02d9 14       		.uleb128 0x14
 517 02da 10       		.uleb128 0x10
 518 02db 723600   		.ascii	"r6\000"
 519 02de 0A       		.byte	0xa
 520 02df AB       		.byte	0xab
 521 02e0 71020000 		.4byte	0x271
 522 02e4 02       		.byte	0x2
 523 02e5 23       		.byte	0x23
 524 02e6 18       		.uleb128 0x18
 525 02e7 10       		.uleb128 0x10
 526 02e8 723700   		.ascii	"r7\000"
 527 02eb 0A       		.byte	0xa
 528 02ec AC       		.byte	0xac
 529 02ed 71020000 		.4byte	0x271
 530 02f1 02       		.byte	0x2
 531 02f2 23       		.byte	0x23
 532 02f3 1C       		.uleb128 0x1c
 533 02f4 10       		.uleb128 0x10
 534 02f5 6C7200   		.ascii	"lr\000"
 535 02f8 0A       		.byte	0xa
 536 02f9 AD       		.byte	0xad
 537 02fa 71020000 		.4byte	0x271
 538 02fe 02       		.byte	0x2
 539 02ff 23       		.byte	0x23
 540 0300 20       		.uleb128 0x20
 541 0301 00       		.byte	0
 542 0302 04       		.uleb128 0x4
 543 0303 89040000 		.4byte	.LASF65
 544 0307 05       		.byte	0x5
 545 0308 F3       		.byte	0xf3
 546 0309 7E020000 		.4byte	0x27e
 547 030d 11       		.uleb128 0x11
 548 030e 04       		.byte	0x4
 549 030f 05       		.byte	0x5
 550 0310 F8       		.byte	0xf8
 551 0311 24030000 		.4byte	0x324
 552 0315 10       		.uleb128 0x10
 553 0316 636E7400 		.ascii	"cnt\000"
 554 031a 05       		.byte	0x5
 555 031b F9       		.byte	0xf9
 556 031c 24030000 		.4byte	0x324
 557 0320 02       		.byte	0x2
 558 0321 23       		.byte	0x23
 559 0322 00       		.uleb128 0
 560 0323 00       		.byte	0
 561 0324 0B       		.uleb128 0xb
 562 0325 14010000 		.4byte	0x114
 563 0329 04       		.uleb128 0x4
 564 032a 44010000 		.4byte	.LASF66
 565 032e 05       		.byte	0x5
 566 032f FA       		.byte	0xfa
 567 0330 0D030000 		.4byte	0x30d
 568 0334 03       		.uleb128 0x3
 569 0335 01       		.byte	0x1
 570 0336 08       		.byte	0x8
ARM GAS  /tmp/ccoYlVli.s 			page 11


 571 0337 11030000 		.4byte	.LASF67
 572 033b 0D       		.uleb128 0xd
 573 033c 39030000 		.4byte	.LASF68
 574 0340 05       		.byte	0x5
 575 0341 1901     		.2byte	0x119
 576 0343 47030000 		.4byte	0x347
 577 0347 12       		.uleb128 0x12
 578 0348 04       		.byte	0x4
 579 0349 9B000000 		.4byte	0x9b
 580 034d 13       		.uleb128 0x13
 581 034e 04       		.byte	0x4
 582 034f 05       		.byte	0x5
 583 0350 2301     		.2byte	0x123
 584 0352 91030000 		.4byte	0x391
 585 0356 14       		.uleb128 0x14
 586 0357 6D736700 		.ascii	"msg\000"
 587 035b 05       		.byte	0x5
 588 035c 2401     		.2byte	0x124
 589 035e FE000000 		.4byte	0xfe
 590 0362 14       		.uleb128 0x14
 591 0363 7000     		.ascii	"p\000"
 592 0365 05       		.byte	0x5
 593 0366 2501     		.2byte	0x125
 594 0368 7C020000 		.4byte	0x27c
 595 036c 14       		.uleb128 0x14
 596 036d 74727000 		.ascii	"trp\000"
 597 0371 05       		.byte	0x5
 598 0372 2601     		.2byte	0x126
 599 0374 91030000 		.4byte	0x391
 600 0378 15       		.uleb128 0x15
 601 0379 D8000000 		.4byte	.LASF69
 602 037d 05       		.byte	0x5
 603 037e 2701     		.2byte	0x127
 604 0380 97030000 		.4byte	0x397
 605 0384 15       		.uleb128 0x15
 606 0385 70020000 		.4byte	.LASF70
 607 0389 05       		.byte	0x5
 608 038a 2901     		.2byte	0x129
 609 038c 09010000 		.4byte	0x109
 610 0390 00       		.byte	0
 611 0391 12       		.uleb128 0x12
 612 0392 04       		.byte	0x4
 613 0393 3B030000 		.4byte	0x33b
 614 0397 12       		.uleb128 0x12
 615 0398 04       		.byte	0x4
 616 0399 29030000 		.4byte	0x329
 617 039d 12       		.uleb128 0x12
 618 039e 04       		.byte	0x4
 619 039f 02030000 		.4byte	0x302
 620 03a3 0B       		.uleb128 0xb
 621 03a4 66020000 		.4byte	0x266
 622 03a8 0C       		.uleb128 0xc
 623 03a9 98       		.byte	0x98
 624 03aa 05       		.byte	0x5
 625 03ab 3D01     		.2byte	0x13d
 626 03ad EE030000 		.4byte	0x3ee
 627 03b1 06       		.uleb128 0x6
ARM GAS  /tmp/ccoYlVli.s 			page 12


 628 03b2 92040000 		.4byte	.LASF71
 629 03b6 05       		.byte	0x5
 630 03b7 4101     		.2byte	0x141
 631 03b9 47030000 		.4byte	0x347
 632 03bd 02       		.byte	0x2
 633 03be 23       		.byte	0x23
 634 03bf 00       		.uleb128 0
 635 03c0 06       		.uleb128 0x6
 636 03c1 D0040000 		.4byte	.LASF72
 637 03c5 05       		.byte	0x5
 638 03c6 4701     		.2byte	0x147
 639 03c8 47030000 		.4byte	0x347
 640 03cc 02       		.byte	0x2
 641 03cd 23       		.byte	0x23
 642 03ce 04       		.uleb128 0x4
 643 03cf 06       		.uleb128 0x6
 644 03d0 66010000 		.4byte	.LASF73
 645 03d4 05       		.byte	0x5
 646 03d5 4C01     		.2byte	0x14c
 647 03d7 66020000 		.4byte	0x266
 648 03db 02       		.byte	0x2
 649 03dc 23       		.byte	0x23
 650 03dd 08       		.uleb128 0x8
 651 03de 06       		.uleb128 0x6
 652 03df 6E010000 		.4byte	.LASF74
 653 03e3 05       		.byte	0x5
 654 03e4 5B01     		.2byte	0x15b
 655 03e6 EE030000 		.4byte	0x3ee
 656 03ea 02       		.byte	0x2
 657 03eb 23       		.byte	0x23
 658 03ec 0C       		.uleb128 0xc
 659 03ed 00       		.byte	0
 660 03ee 16       		.uleb128 0x16
 661 03ef 9B000000 		.4byte	0x9b
 662 03f3 FE030000 		.4byte	0x3fe
 663 03f7 17       		.uleb128 0x17
 664 03f8 03020000 		.4byte	0x203
 665 03fc 06       		.byte	0x6
 666 03fd 00       		.byte	0
 667 03fe 0D       		.uleb128 0xd
 668 03ff 8C000000 		.4byte	.LASF75
 669 0403 05       		.byte	0x5
 670 0404 6401     		.2byte	0x164
 671 0406 A8030000 		.4byte	0x3a8
 672 040a 03       		.uleb128 0x3
 673 040b 01       		.byte	0x1
 674 040c 02       		.byte	0x2
 675 040d 4C030000 		.4byte	.LASF76
 676 0411 18       		.uleb128 0x18
 677 0412 DA010000 		.4byte	.LASF77
 678 0416 02       		.byte	0x2
 679 0417 5401     		.2byte	0x154
 680 0419 01       		.byte	0x1
 681 041a 03       		.byte	0x3
 682 041b 18       		.uleb128 0x18
 683 041c CD010000 		.4byte	.LASF78
 684 0420 02       		.byte	0x2
ARM GAS  /tmp/ccoYlVli.s 			page 13


 685 0421 4901     		.2byte	0x149
 686 0423 01       		.byte	0x1
 687 0424 03       		.byte	0x3
 688 0425 18       		.uleb128 0x18
 689 0426 A8000000 		.4byte	.LASF79
 690 042a 0A       		.byte	0xa
 691 042b 4101     		.2byte	0x141
 692 042d 01       		.byte	0x1
 693 042e 03       		.byte	0x3
 694 042f 18       		.uleb128 0x18
 695 0430 52030000 		.4byte	.LASF80
 696 0434 0A       		.byte	0xa
 697 0435 4A01     		.2byte	0x14a
 698 0437 01       		.byte	0x1
 699 0438 03       		.byte	0x3
 700 0439 18       		.uleb128 0x18
 701 043a 00000000 		.4byte	.LASF81
 702 043e 0A       		.byte	0xa
 703 043f 5401     		.2byte	0x154
 704 0441 01       		.byte	0x1
 705 0442 03       		.byte	0x3
 706 0443 18       		.uleb128 0x18
 707 0444 18010000 		.4byte	.LASF82
 708 0448 0A       		.byte	0xa
 709 0449 5E01     		.2byte	0x15e
 710 044b 01       		.byte	0x1
 711 044c 03       		.byte	0x3
 712 044d 18       		.uleb128 0x18
 713 044e 16030000 		.4byte	.LASF83
 714 0452 03       		.byte	0x3
 715 0453 9901     		.2byte	0x199
 716 0455 01       		.byte	0x1
 717 0456 03       		.byte	0x3
 718 0457 18       		.uleb128 0x18
 719 0458 85030000 		.4byte	.LASF84
 720 045c 03       		.byte	0x3
 721 045d DF01     		.2byte	0x1df
 722 045f 01       		.byte	0x1
 723 0460 03       		.byte	0x3
 724 0461 18       		.uleb128 0x18
 725 0462 1E020000 		.4byte	.LASF85
 726 0466 03       		.byte	0x3
 727 0467 A401     		.2byte	0x1a4
 728 0469 01       		.byte	0x1
 729 046a 03       		.byte	0x3
 730 046b 19       		.uleb128 0x19
 731 046c 01       		.byte	0x1
 732 046d 2A040000 		.4byte	.LASF86
 733 0471 01       		.byte	0x1
 734 0472 AF       		.byte	0xaf
 735 0473 01       		.byte	0x1
 736 0474 00000000 		.4byte	.LFB77
 737 0478 14000000 		.4byte	.LFE77
 738 047c 00000000 		.4byte	.LLST0
 739 0480 01       		.byte	0x1
 740 0481 4E050000 		.4byte	0x54e
 741 0485 1A       		.uleb128 0x1a
ARM GAS  /tmp/ccoYlVli.s 			page 14


 742 0486 D5040000 		.4byte	.LASF92
 743 048a 01       		.byte	0x1
 744 048b B1       		.byte	0xb1
 745 048c 71020000 		.4byte	0x271
 746 0490 20000000 		.4byte	.LLST1
 747 0494 1B       		.uleb128 0x1b
 748 0495 4D040000 		.4byte	0x44d
 749 0499 04000000 		.4byte	.LBB38
 750 049d 06000000 		.4byte	.LBE38
 751 04a1 01       		.byte	0x1
 752 04a2 B3       		.byte	0xb3
 753 04a3 DA040000 		.4byte	0x4da
 754 04a7 1C       		.uleb128 0x1c
 755 04a8 39040000 		.4byte	0x439
 756 04ac 04000000 		.4byte	.LBB39
 757 04b0 06000000 		.4byte	.LBE39
 758 04b4 03       		.byte	0x3
 759 04b5 9B01     		.2byte	0x19b
 760 04b7 1C       		.uleb128 0x1c
 761 04b8 25040000 		.4byte	0x425
 762 04bc 04000000 		.4byte	.LBB40
 763 04c0 06000000 		.4byte	.LBE40
 764 04c4 0A       		.byte	0xa
 765 04c5 5601     		.2byte	0x156
 766 04c7 1D       		.uleb128 0x1d
 767 04c8 11040000 		.4byte	0x411
 768 04cc 04000000 		.4byte	.LBB41
 769 04d0 06000000 		.4byte	.LBE41
 770 04d4 0A       		.byte	0xa
 771 04d5 4301     		.2byte	0x143
 772 04d7 00       		.byte	0
 773 04d8 00       		.byte	0
 774 04d9 00       		.byte	0
 775 04da 1B       		.uleb128 0x1b
 776 04db 57040000 		.4byte	0x457
 777 04df 06000000 		.4byte	.LBB43
 778 04e3 0A000000 		.4byte	.LBE43
 779 04e7 01       		.byte	0x1
 780 04e8 B4       		.byte	0xb4
 781 04e9 F7040000 		.4byte	0x4f7
 782 04ed 1E       		.uleb128 0x1e
 783 04ee 0A000000 		.4byte	.LVL1
 784 04f2 8C050000 		.4byte	0x58c
 785 04f6 00       		.byte	0
 786 04f7 1B       		.uleb128 0x1b
 787 04f8 61040000 		.4byte	0x461
 788 04fc 0A000000 		.4byte	.LBB45
 789 0500 0C000000 		.4byte	.LBE45
 790 0504 01       		.byte	0x1
 791 0505 B5       		.byte	0xb5
 792 0506 3D050000 		.4byte	0x53d
 793 050a 1C       		.uleb128 0x1c
 794 050b 43040000 		.4byte	0x443
 795 050f 0A000000 		.4byte	.LBB46
 796 0513 0C000000 		.4byte	.LBE46
 797 0517 03       		.byte	0x3
 798 0518 A601     		.2byte	0x1a6
ARM GAS  /tmp/ccoYlVli.s 			page 15


 799 051a 1C       		.uleb128 0x1c
 800 051b 2F040000 		.4byte	0x42f
 801 051f 0A000000 		.4byte	.LBB47
 802 0523 0C000000 		.4byte	.LBE47
 803 0527 0A       		.byte	0xa
 804 0528 6001     		.2byte	0x160
 805 052a 1D       		.uleb128 0x1d
 806 052b 1B040000 		.4byte	0x41b
 807 052f 0A000000 		.4byte	.LBB48
 808 0533 0C000000 		.4byte	.LBE48
 809 0537 0A       		.byte	0xa
 810 0538 4C01     		.2byte	0x14c
 811 053a 00       		.byte	0
 812 053b 00       		.byte	0
 813 053c 00       		.byte	0
 814 053d 1F       		.uleb128 0x1f
 815 053e 12000000 		.4byte	.LVL2
 816 0542 97050000 		.4byte	0x597
 817 0546 20       		.uleb128 0x20
 818 0547 01       		.byte	0x1
 819 0548 50       		.byte	0x50
 820 0549 02       		.byte	0x2
 821 054a 74       		.byte	0x74
 822 054b 00       		.sleb128 0
 823 054c 00       		.byte	0
 824 054d 00       		.byte	0
 825 054e 19       		.uleb128 0x19
 826 054f 01       		.byte	0x1
 827 0550 2D010000 		.4byte	.LASF87
 828 0554 01       		.byte	0x1
 829 0555 D9       		.byte	0xd9
 830 0556 01       		.byte	0x1
 831 0557 00000000 		.4byte	.LFB78
 832 055b 24000000 		.4byte	.LFE78
 833 055f 33000000 		.4byte	.LLST2
 834 0563 01       		.byte	0x1
 835 0564 7E050000 		.4byte	0x57e
 836 0568 1F       		.uleb128 0x1f
 837 0569 1A000000 		.4byte	.LVL4
 838 056d AC050000 		.4byte	0x5ac
 839 0571 20       		.uleb128 0x20
 840 0572 01       		.byte	0x1
 841 0573 51       		.byte	0x51
 842 0574 01       		.byte	0x1
 843 0575 32       		.byte	0x32
 844 0576 20       		.uleb128 0x20
 845 0577 01       		.byte	0x1
 846 0578 50       		.byte	0x50
 847 0579 02       		.byte	0x2
 848 057a 09       		.byte	0x9
 849 057b FF       		.byte	0xff
 850 057c 00       		.byte	0
 851 057d 00       		.byte	0
 852 057e 21       		.uleb128 0x21
 853 057f 6E696C00 		.ascii	"nil\000"
 854 0583 05       		.byte	0x5
 855 0584 F602     		.2byte	0x2f6
ARM GAS  /tmp/ccoYlVli.s 			page 16


 856 0586 FE030000 		.4byte	0x3fe
 857 058a 01       		.byte	0x1
 858 058b 01       		.byte	0x1
 859 058c 22       		.uleb128 0x22
 860 058d 01       		.byte	0x1
 861 058e 68040000 		.4byte	.LASF93
 862 0592 05       		.byte	0x5
 863 0593 FF02     		.2byte	0x2ff
 864 0595 01       		.byte	0x1
 865 0596 01       		.byte	0x1
 866 0597 23       		.uleb128 0x23
 867 0598 01       		.byte	0x1
 868 0599 33020000 		.4byte	.LASF94
 869 059d 0A       		.byte	0xa
 870 059e 0401     		.2byte	0x104
 871 05a0 01       		.byte	0x1
 872 05a1 01       		.byte	0x1
 873 05a2 AC050000 		.4byte	0x5ac
 874 05a6 24       		.uleb128 0x24
 875 05a7 71020000 		.4byte	0x271
 876 05ab 00       		.byte	0
 877 05ac 25       		.uleb128 0x25
 878 05ad 01       		.byte	0x1
 879 05ae 53020000 		.4byte	.LASF95
 880 05b2 0B       		.byte	0xb
 881 05b3 3E       		.byte	0x3e
 882 05b4 01       		.byte	0x1
 883 05b5 01       		.byte	0x1
 884 05b6 24       		.uleb128 0x24
 885 05b7 F8010000 		.4byte	0x1f8
 886 05bb 24       		.uleb128 0x24
 887 05bc 7B000000 		.4byte	0x7b
 888 05c0 00       		.byte	0
 889 05c1 00       		.byte	0
 890              		.section	.debug_abbrev,"",%progbits
 891              	.Ldebug_abbrev0:
 892 0000 01       		.uleb128 0x1
 893 0001 11       		.uleb128 0x11
 894 0002 01       		.byte	0x1
 895 0003 25       		.uleb128 0x25
 896 0004 0E       		.uleb128 0xe
 897 0005 13       		.uleb128 0x13
 898 0006 0B       		.uleb128 0xb
 899 0007 03       		.uleb128 0x3
 900 0008 0E       		.uleb128 0xe
 901 0009 1B       		.uleb128 0x1b
 902 000a 0E       		.uleb128 0xe
 903 000b 55       		.uleb128 0x55
 904 000c 06       		.uleb128 0x6
 905 000d 11       		.uleb128 0x11
 906 000e 01       		.uleb128 0x1
 907 000f 52       		.uleb128 0x52
 908 0010 01       		.uleb128 0x1
 909 0011 10       		.uleb128 0x10
 910 0012 06       		.uleb128 0x6
 911 0013 00       		.byte	0
 912 0014 00       		.byte	0
ARM GAS  /tmp/ccoYlVli.s 			page 17


 913 0015 02       		.uleb128 0x2
 914 0016 24       		.uleb128 0x24
 915 0017 00       		.byte	0
 916 0018 0B       		.uleb128 0xb
 917 0019 0B       		.uleb128 0xb
 918 001a 3E       		.uleb128 0x3e
 919 001b 0B       		.uleb128 0xb
 920 001c 03       		.uleb128 0x3
 921 001d 08       		.uleb128 0x8
 922 001e 00       		.byte	0
 923 001f 00       		.byte	0
 924 0020 03       		.uleb128 0x3
 925 0021 24       		.uleb128 0x24
 926 0022 00       		.byte	0
 927 0023 0B       		.uleb128 0xb
 928 0024 0B       		.uleb128 0xb
 929 0025 3E       		.uleb128 0x3e
 930 0026 0B       		.uleb128 0xb
 931 0027 03       		.uleb128 0x3
 932 0028 0E       		.uleb128 0xe
 933 0029 00       		.byte	0
 934 002a 00       		.byte	0
 935 002b 04       		.uleb128 0x4
 936 002c 16       		.uleb128 0x16
 937 002d 00       		.byte	0
 938 002e 03       		.uleb128 0x3
 939 002f 0E       		.uleb128 0xe
 940 0030 3A       		.uleb128 0x3a
 941 0031 0B       		.uleb128 0xb
 942 0032 3B       		.uleb128 0x3b
 943 0033 0B       		.uleb128 0xb
 944 0034 49       		.uleb128 0x49
 945 0035 13       		.uleb128 0x13
 946 0036 00       		.byte	0
 947 0037 00       		.byte	0
 948 0038 05       		.uleb128 0x5
 949 0039 13       		.uleb128 0x13
 950 003a 01       		.byte	0x1
 951 003b 03       		.uleb128 0x3
 952 003c 0E       		.uleb128 0xe
 953 003d 0B       		.uleb128 0xb
 954 003e 0B       		.uleb128 0xb
 955 003f 3A       		.uleb128 0x3a
 956 0040 0B       		.uleb128 0xb
 957 0041 3B       		.uleb128 0x3b
 958 0042 05       		.uleb128 0x5
 959 0043 01       		.uleb128 0x1
 960 0044 13       		.uleb128 0x13
 961 0045 00       		.byte	0
 962 0046 00       		.byte	0
 963 0047 06       		.uleb128 0x6
 964 0048 0D       		.uleb128 0xd
 965 0049 00       		.byte	0
 966 004a 03       		.uleb128 0x3
 967 004b 0E       		.uleb128 0xe
 968 004c 3A       		.uleb128 0x3a
 969 004d 0B       		.uleb128 0xb
ARM GAS  /tmp/ccoYlVli.s 			page 18


 970 004e 3B       		.uleb128 0x3b
 971 004f 05       		.uleb128 0x5
 972 0050 49       		.uleb128 0x49
 973 0051 13       		.uleb128 0x13
 974 0052 38       		.uleb128 0x38
 975 0053 0A       		.uleb128 0xa
 976 0054 00       		.byte	0
 977 0055 00       		.byte	0
 978 0056 07       		.uleb128 0x7
 979 0057 0D       		.uleb128 0xd
 980 0058 00       		.byte	0
 981 0059 03       		.uleb128 0x3
 982 005a 08       		.uleb128 0x8
 983 005b 3A       		.uleb128 0x3a
 984 005c 0B       		.uleb128 0xb
 985 005d 3B       		.uleb128 0x3b
 986 005e 05       		.uleb128 0x5
 987 005f 49       		.uleb128 0x49
 988 0060 13       		.uleb128 0x13
 989 0061 38       		.uleb128 0x38
 990 0062 0A       		.uleb128 0xa
 991 0063 00       		.byte	0
 992 0064 00       		.byte	0
 993 0065 08       		.uleb128 0x8
 994 0066 04       		.uleb128 0x4
 995 0067 01       		.byte	0x1
 996 0068 03       		.uleb128 0x3
 997 0069 0E       		.uleb128 0xe
 998 006a 0B       		.uleb128 0xb
 999 006b 0B       		.uleb128 0xb
 1000 006c 3A       		.uleb128 0x3a
 1001 006d 0B       		.uleb128 0xb
 1002 006e 3B       		.uleb128 0x3b
 1003 006f 0B       		.uleb128 0xb
 1004 0070 01       		.uleb128 0x1
 1005 0071 13       		.uleb128 0x13
 1006 0072 00       		.byte	0
 1007 0073 00       		.byte	0
 1008 0074 09       		.uleb128 0x9
 1009 0075 28       		.uleb128 0x28
 1010 0076 00       		.byte	0
 1011 0077 03       		.uleb128 0x3
 1012 0078 0E       		.uleb128 0xe
 1013 0079 1C       		.uleb128 0x1c
 1014 007a 0D       		.uleb128 0xd
 1015 007b 00       		.byte	0
 1016 007c 00       		.byte	0
 1017 007d 0A       		.uleb128 0xa
 1018 007e 26       		.uleb128 0x26
 1019 007f 00       		.byte	0
 1020 0080 49       		.uleb128 0x49
 1021 0081 13       		.uleb128 0x13
 1022 0082 00       		.byte	0
 1023 0083 00       		.byte	0
 1024 0084 0B       		.uleb128 0xb
 1025 0085 35       		.uleb128 0x35
 1026 0086 00       		.byte	0
ARM GAS  /tmp/ccoYlVli.s 			page 19


 1027 0087 49       		.uleb128 0x49
 1028 0088 13       		.uleb128 0x13
 1029 0089 00       		.byte	0
 1030 008a 00       		.byte	0
 1031 008b 0C       		.uleb128 0xc
 1032 008c 13       		.uleb128 0x13
 1033 008d 01       		.byte	0x1
 1034 008e 0B       		.uleb128 0xb
 1035 008f 0B       		.uleb128 0xb
 1036 0090 3A       		.uleb128 0x3a
 1037 0091 0B       		.uleb128 0xb
 1038 0092 3B       		.uleb128 0x3b
 1039 0093 05       		.uleb128 0x5
 1040 0094 01       		.uleb128 0x1
 1041 0095 13       		.uleb128 0x13
 1042 0096 00       		.byte	0
 1043 0097 00       		.byte	0
 1044 0098 0D       		.uleb128 0xd
 1045 0099 16       		.uleb128 0x16
 1046 009a 00       		.byte	0
 1047 009b 03       		.uleb128 0x3
 1048 009c 0E       		.uleb128 0xe
 1049 009d 3A       		.uleb128 0x3a
 1050 009e 0B       		.uleb128 0xb
 1051 009f 3B       		.uleb128 0x3b
 1052 00a0 05       		.uleb128 0x5
 1053 00a1 49       		.uleb128 0x49
 1054 00a2 13       		.uleb128 0x13
 1055 00a3 00       		.byte	0
 1056 00a4 00       		.byte	0
 1057 00a5 0E       		.uleb128 0xe
 1058 00a6 0F       		.uleb128 0xf
 1059 00a7 00       		.byte	0
 1060 00a8 0B       		.uleb128 0xb
 1061 00a9 0B       		.uleb128 0xb
 1062 00aa 00       		.byte	0
 1063 00ab 00       		.byte	0
 1064 00ac 0F       		.uleb128 0xf
 1065 00ad 13       		.uleb128 0x13
 1066 00ae 01       		.byte	0x1
 1067 00af 03       		.uleb128 0x3
 1068 00b0 0E       		.uleb128 0xe
 1069 00b1 0B       		.uleb128 0xb
 1070 00b2 0B       		.uleb128 0xb
 1071 00b3 3A       		.uleb128 0x3a
 1072 00b4 0B       		.uleb128 0xb
 1073 00b5 3B       		.uleb128 0x3b
 1074 00b6 0B       		.uleb128 0xb
 1075 00b7 01       		.uleb128 0x1
 1076 00b8 13       		.uleb128 0x13
 1077 00b9 00       		.byte	0
 1078 00ba 00       		.byte	0
 1079 00bb 10       		.uleb128 0x10
 1080 00bc 0D       		.uleb128 0xd
 1081 00bd 00       		.byte	0
 1082 00be 03       		.uleb128 0x3
 1083 00bf 08       		.uleb128 0x8
ARM GAS  /tmp/ccoYlVli.s 			page 20


 1084 00c0 3A       		.uleb128 0x3a
 1085 00c1 0B       		.uleb128 0xb
 1086 00c2 3B       		.uleb128 0x3b
 1087 00c3 0B       		.uleb128 0xb
 1088 00c4 49       		.uleb128 0x49
 1089 00c5 13       		.uleb128 0x13
 1090 00c6 38       		.uleb128 0x38
 1091 00c7 0A       		.uleb128 0xa
 1092 00c8 00       		.byte	0
 1093 00c9 00       		.byte	0
 1094 00ca 11       		.uleb128 0x11
 1095 00cb 13       		.uleb128 0x13
 1096 00cc 01       		.byte	0x1
 1097 00cd 0B       		.uleb128 0xb
 1098 00ce 0B       		.uleb128 0xb
 1099 00cf 3A       		.uleb128 0x3a
 1100 00d0 0B       		.uleb128 0xb
 1101 00d1 3B       		.uleb128 0x3b
 1102 00d2 0B       		.uleb128 0xb
 1103 00d3 01       		.uleb128 0x1
 1104 00d4 13       		.uleb128 0x13
 1105 00d5 00       		.byte	0
 1106 00d6 00       		.byte	0
 1107 00d7 12       		.uleb128 0x12
 1108 00d8 0F       		.uleb128 0xf
 1109 00d9 00       		.byte	0
 1110 00da 0B       		.uleb128 0xb
 1111 00db 0B       		.uleb128 0xb
 1112 00dc 49       		.uleb128 0x49
 1113 00dd 13       		.uleb128 0x13
 1114 00de 00       		.byte	0
 1115 00df 00       		.byte	0
 1116 00e0 13       		.uleb128 0x13
 1117 00e1 17       		.uleb128 0x17
 1118 00e2 01       		.byte	0x1
 1119 00e3 0B       		.uleb128 0xb
 1120 00e4 0B       		.uleb128 0xb
 1121 00e5 3A       		.uleb128 0x3a
 1122 00e6 0B       		.uleb128 0xb
 1123 00e7 3B       		.uleb128 0x3b
 1124 00e8 05       		.uleb128 0x5
 1125 00e9 01       		.uleb128 0x1
 1126 00ea 13       		.uleb128 0x13
 1127 00eb 00       		.byte	0
 1128 00ec 00       		.byte	0
 1129 00ed 14       		.uleb128 0x14
 1130 00ee 0D       		.uleb128 0xd
 1131 00ef 00       		.byte	0
 1132 00f0 03       		.uleb128 0x3
 1133 00f1 08       		.uleb128 0x8
 1134 00f2 3A       		.uleb128 0x3a
 1135 00f3 0B       		.uleb128 0xb
 1136 00f4 3B       		.uleb128 0x3b
 1137 00f5 05       		.uleb128 0x5
 1138 00f6 49       		.uleb128 0x49
 1139 00f7 13       		.uleb128 0x13
 1140 00f8 00       		.byte	0
ARM GAS  /tmp/ccoYlVli.s 			page 21


 1141 00f9 00       		.byte	0
 1142 00fa 15       		.uleb128 0x15
 1143 00fb 0D       		.uleb128 0xd
 1144 00fc 00       		.byte	0
 1145 00fd 03       		.uleb128 0x3
 1146 00fe 0E       		.uleb128 0xe
 1147 00ff 3A       		.uleb128 0x3a
 1148 0100 0B       		.uleb128 0xb
 1149 0101 3B       		.uleb128 0x3b
 1150 0102 05       		.uleb128 0x5
 1151 0103 49       		.uleb128 0x49
 1152 0104 13       		.uleb128 0x13
 1153 0105 00       		.byte	0
 1154 0106 00       		.byte	0
 1155 0107 16       		.uleb128 0x16
 1156 0108 01       		.uleb128 0x1
 1157 0109 01       		.byte	0x1
 1158 010a 49       		.uleb128 0x49
 1159 010b 13       		.uleb128 0x13
 1160 010c 01       		.uleb128 0x1
 1161 010d 13       		.uleb128 0x13
 1162 010e 00       		.byte	0
 1163 010f 00       		.byte	0
 1164 0110 17       		.uleb128 0x17
 1165 0111 21       		.uleb128 0x21
 1166 0112 00       		.byte	0
 1167 0113 49       		.uleb128 0x49
 1168 0114 13       		.uleb128 0x13
 1169 0115 2F       		.uleb128 0x2f
 1170 0116 0B       		.uleb128 0xb
 1171 0117 00       		.byte	0
 1172 0118 00       		.byte	0
 1173 0119 18       		.uleb128 0x18
 1174 011a 2E       		.uleb128 0x2e
 1175 011b 00       		.byte	0
 1176 011c 03       		.uleb128 0x3
 1177 011d 0E       		.uleb128 0xe
 1178 011e 3A       		.uleb128 0x3a
 1179 011f 0B       		.uleb128 0xb
 1180 0120 3B       		.uleb128 0x3b
 1181 0121 05       		.uleb128 0x5
 1182 0122 27       		.uleb128 0x27
 1183 0123 0C       		.uleb128 0xc
 1184 0124 20       		.uleb128 0x20
 1185 0125 0B       		.uleb128 0xb
 1186 0126 00       		.byte	0
 1187 0127 00       		.byte	0
 1188 0128 19       		.uleb128 0x19
 1189 0129 2E       		.uleb128 0x2e
 1190 012a 01       		.byte	0x1
 1191 012b 3F       		.uleb128 0x3f
 1192 012c 0C       		.uleb128 0xc
 1193 012d 03       		.uleb128 0x3
 1194 012e 0E       		.uleb128 0xe
 1195 012f 3A       		.uleb128 0x3a
 1196 0130 0B       		.uleb128 0xb
 1197 0131 3B       		.uleb128 0x3b
ARM GAS  /tmp/ccoYlVli.s 			page 22


 1198 0132 0B       		.uleb128 0xb
 1199 0133 27       		.uleb128 0x27
 1200 0134 0C       		.uleb128 0xc
 1201 0135 11       		.uleb128 0x11
 1202 0136 01       		.uleb128 0x1
 1203 0137 12       		.uleb128 0x12
 1204 0138 01       		.uleb128 0x1
 1205 0139 40       		.uleb128 0x40
 1206 013a 06       		.uleb128 0x6
 1207 013b 9742     		.uleb128 0x2117
 1208 013d 0C       		.uleb128 0xc
 1209 013e 01       		.uleb128 0x1
 1210 013f 13       		.uleb128 0x13
 1211 0140 00       		.byte	0
 1212 0141 00       		.byte	0
 1213 0142 1A       		.uleb128 0x1a
 1214 0143 34       		.uleb128 0x34
 1215 0144 00       		.byte	0
 1216 0145 03       		.uleb128 0x3
 1217 0146 0E       		.uleb128 0xe
 1218 0147 3A       		.uleb128 0x3a
 1219 0148 0B       		.uleb128 0xb
 1220 0149 3B       		.uleb128 0x3b
 1221 014a 0B       		.uleb128 0xb
 1222 014b 49       		.uleb128 0x49
 1223 014c 13       		.uleb128 0x13
 1224 014d 02       		.uleb128 0x2
 1225 014e 06       		.uleb128 0x6
 1226 014f 00       		.byte	0
 1227 0150 00       		.byte	0
 1228 0151 1B       		.uleb128 0x1b
 1229 0152 1D       		.uleb128 0x1d
 1230 0153 01       		.byte	0x1
 1231 0154 31       		.uleb128 0x31
 1232 0155 13       		.uleb128 0x13
 1233 0156 11       		.uleb128 0x11
 1234 0157 01       		.uleb128 0x1
 1235 0158 12       		.uleb128 0x12
 1236 0159 01       		.uleb128 0x1
 1237 015a 58       		.uleb128 0x58
 1238 015b 0B       		.uleb128 0xb
 1239 015c 59       		.uleb128 0x59
 1240 015d 0B       		.uleb128 0xb
 1241 015e 01       		.uleb128 0x1
 1242 015f 13       		.uleb128 0x13
 1243 0160 00       		.byte	0
 1244 0161 00       		.byte	0
 1245 0162 1C       		.uleb128 0x1c
 1246 0163 1D       		.uleb128 0x1d
 1247 0164 01       		.byte	0x1
 1248 0165 31       		.uleb128 0x31
 1249 0166 13       		.uleb128 0x13
 1250 0167 11       		.uleb128 0x11
 1251 0168 01       		.uleb128 0x1
 1252 0169 12       		.uleb128 0x12
 1253 016a 01       		.uleb128 0x1
 1254 016b 58       		.uleb128 0x58
ARM GAS  /tmp/ccoYlVli.s 			page 23


 1255 016c 0B       		.uleb128 0xb
 1256 016d 59       		.uleb128 0x59
 1257 016e 05       		.uleb128 0x5
 1258 016f 00       		.byte	0
 1259 0170 00       		.byte	0
 1260 0171 1D       		.uleb128 0x1d
 1261 0172 1D       		.uleb128 0x1d
 1262 0173 00       		.byte	0
 1263 0174 31       		.uleb128 0x31
 1264 0175 13       		.uleb128 0x13
 1265 0176 11       		.uleb128 0x11
 1266 0177 01       		.uleb128 0x1
 1267 0178 12       		.uleb128 0x12
 1268 0179 01       		.uleb128 0x1
 1269 017a 58       		.uleb128 0x58
 1270 017b 0B       		.uleb128 0xb
 1271 017c 59       		.uleb128 0x59
 1272 017d 05       		.uleb128 0x5
 1273 017e 00       		.byte	0
 1274 017f 00       		.byte	0
 1275 0180 1E       		.uleb128 0x1e
 1276 0181 898201   		.uleb128 0x4109
 1277 0184 00       		.byte	0
 1278 0185 11       		.uleb128 0x11
 1279 0186 01       		.uleb128 0x1
 1280 0187 31       		.uleb128 0x31
 1281 0188 13       		.uleb128 0x13
 1282 0189 00       		.byte	0
 1283 018a 00       		.byte	0
 1284 018b 1F       		.uleb128 0x1f
 1285 018c 898201   		.uleb128 0x4109
 1286 018f 01       		.byte	0x1
 1287 0190 11       		.uleb128 0x11
 1288 0191 01       		.uleb128 0x1
 1289 0192 31       		.uleb128 0x31
 1290 0193 13       		.uleb128 0x13
 1291 0194 00       		.byte	0
 1292 0195 00       		.byte	0
 1293 0196 20       		.uleb128 0x20
 1294 0197 8A8201   		.uleb128 0x410a
 1295 019a 00       		.byte	0
 1296 019b 02       		.uleb128 0x2
 1297 019c 0A       		.uleb128 0xa
 1298 019d 9142     		.uleb128 0x2111
 1299 019f 0A       		.uleb128 0xa
 1300 01a0 00       		.byte	0
 1301 01a1 00       		.byte	0
 1302 01a2 21       		.uleb128 0x21
 1303 01a3 34       		.uleb128 0x34
 1304 01a4 00       		.byte	0
 1305 01a5 03       		.uleb128 0x3
 1306 01a6 08       		.uleb128 0x8
 1307 01a7 3A       		.uleb128 0x3a
 1308 01a8 0B       		.uleb128 0xb
 1309 01a9 3B       		.uleb128 0x3b
 1310 01aa 05       		.uleb128 0x5
 1311 01ab 49       		.uleb128 0x49
ARM GAS  /tmp/ccoYlVli.s 			page 24


 1312 01ac 13       		.uleb128 0x13
 1313 01ad 3F       		.uleb128 0x3f
 1314 01ae 0C       		.uleb128 0xc
 1315 01af 3C       		.uleb128 0x3c
 1316 01b0 0C       		.uleb128 0xc
 1317 01b1 00       		.byte	0
 1318 01b2 00       		.byte	0
 1319 01b3 22       		.uleb128 0x22
 1320 01b4 2E       		.uleb128 0x2e
 1321 01b5 00       		.byte	0
 1322 01b6 3F       		.uleb128 0x3f
 1323 01b7 0C       		.uleb128 0xc
 1324 01b8 03       		.uleb128 0x3
 1325 01b9 0E       		.uleb128 0xe
 1326 01ba 3A       		.uleb128 0x3a
 1327 01bb 0B       		.uleb128 0xb
 1328 01bc 3B       		.uleb128 0x3b
 1329 01bd 05       		.uleb128 0x5
 1330 01be 27       		.uleb128 0x27
 1331 01bf 0C       		.uleb128 0xc
 1332 01c0 3C       		.uleb128 0x3c
 1333 01c1 0C       		.uleb128 0xc
 1334 01c2 00       		.byte	0
 1335 01c3 00       		.byte	0
 1336 01c4 23       		.uleb128 0x23
 1337 01c5 2E       		.uleb128 0x2e
 1338 01c6 01       		.byte	0x1
 1339 01c7 3F       		.uleb128 0x3f
 1340 01c8 0C       		.uleb128 0xc
 1341 01c9 03       		.uleb128 0x3
 1342 01ca 0E       		.uleb128 0xe
 1343 01cb 3A       		.uleb128 0x3a
 1344 01cc 0B       		.uleb128 0xb
 1345 01cd 3B       		.uleb128 0x3b
 1346 01ce 05       		.uleb128 0x5
 1347 01cf 27       		.uleb128 0x27
 1348 01d0 0C       		.uleb128 0xc
 1349 01d1 3C       		.uleb128 0x3c
 1350 01d2 0C       		.uleb128 0xc
 1351 01d3 01       		.uleb128 0x1
 1352 01d4 13       		.uleb128 0x13
 1353 01d5 00       		.byte	0
 1354 01d6 00       		.byte	0
 1355 01d7 24       		.uleb128 0x24
 1356 01d8 05       		.uleb128 0x5
 1357 01d9 00       		.byte	0
 1358 01da 49       		.uleb128 0x49
 1359 01db 13       		.uleb128 0x13
 1360 01dc 00       		.byte	0
 1361 01dd 00       		.byte	0
 1362 01de 25       		.uleb128 0x25
 1363 01df 2E       		.uleb128 0x2e
 1364 01e0 01       		.byte	0x1
 1365 01e1 3F       		.uleb128 0x3f
 1366 01e2 0C       		.uleb128 0xc
 1367 01e3 03       		.uleb128 0x3
 1368 01e4 0E       		.uleb128 0xe
ARM GAS  /tmp/ccoYlVli.s 			page 25


 1369 01e5 3A       		.uleb128 0x3a
 1370 01e6 0B       		.uleb128 0xb
 1371 01e7 3B       		.uleb128 0x3b
 1372 01e8 0B       		.uleb128 0xb
 1373 01e9 27       		.uleb128 0x27
 1374 01ea 0C       		.uleb128 0xc
 1375 01eb 3C       		.uleb128 0x3c
 1376 01ec 0C       		.uleb128 0xc
 1377 01ed 00       		.byte	0
 1378 01ee 00       		.byte	0
 1379 01ef 00       		.byte	0
 1380              		.section	.debug_loc,"",%progbits
 1381              	.Ldebug_loc0:
 1382              	.LLST0:
 1383 0000 00000000 		.4byte	.LFB77
 1384 0004 02000000 		.4byte	.LCFI0
 1385 0008 0200     		.2byte	0x2
 1386 000a 7D       		.byte	0x7d
 1387 000b 00       		.sleb128 0
 1388 000c 02000000 		.4byte	.LCFI0
 1389 0010 14000000 		.4byte	.LFE77
 1390 0014 0200     		.2byte	0x2
 1391 0016 7D       		.byte	0x7d
 1392 0017 08       		.sleb128 8
 1393 0018 00000000 		.4byte	0
 1394 001c 00000000 		.4byte	0
 1395              	.LLST1:
 1396 0020 04000000 		.4byte	.LVL0
 1397 0024 12000000 		.4byte	.LVL3
 1398 0028 0100     		.2byte	0x1
 1399 002a 54       		.byte	0x54
 1400 002b 00000000 		.4byte	0
 1401 002f 00000000 		.4byte	0
 1402              	.LLST2:
 1403 0033 00000000 		.4byte	.LFB78
 1404 0037 02000000 		.4byte	.LCFI1
 1405 003b 0200     		.2byte	0x2
 1406 003d 7D       		.byte	0x7d
 1407 003e 00       		.sleb128 0
 1408 003f 02000000 		.4byte	.LCFI1
 1409 0043 24000000 		.4byte	.LFE78
 1410 0047 0200     		.2byte	0x2
 1411 0049 7D       		.byte	0x7d
 1412 004a 08       		.sleb128 8
 1413 004b 00000000 		.4byte	0
 1414 004f 00000000 		.4byte	0
 1415              		.section	.debug_aranges,"",%progbits
 1416 0000 24000000 		.4byte	0x24
 1417 0004 0200     		.2byte	0x2
 1418 0006 00000000 		.4byte	.Ldebug_info0
 1419 000a 04       		.byte	0x4
 1420 000b 00       		.byte	0
 1421 000c 0000     		.2byte	0
 1422 000e 0000     		.2byte	0
 1423 0010 00000000 		.4byte	.LFB77
 1424 0014 14000000 		.4byte	.LFE77-.LFB77
 1425 0018 00000000 		.4byte	.LFB78
ARM GAS  /tmp/ccoYlVli.s 			page 26


 1426 001c 24000000 		.4byte	.LFE78-.LFB78
 1427 0020 00000000 		.4byte	0
 1428 0024 00000000 		.4byte	0
 1429              		.section	.debug_ranges,"",%progbits
 1430              	.Ldebug_ranges0:
 1431 0000 00000000 		.4byte	.LFB77
 1432 0004 14000000 		.4byte	.LFE77
 1433 0008 00000000 		.4byte	.LFB78
 1434 000c 24000000 		.4byte	.LFE78
 1435 0010 00000000 		.4byte	0
 1436 0014 00000000 		.4byte	0
 1437              		.section	.debug_line,"",%progbits
 1438              	.Ldebug_line0:
 1439 0000 20020000 		.section	.debug_str,"MS",%progbits,1
 1439      0200D601 
 1439      00000201 
 1439      FB0E0D00 
 1439      01010101 
 1440              	.LASF81:
 1441 0000 706F7274 		.ascii	"port_lock_from_isr\000"
 1441      5F6C6F63 
 1441      6B5F6672 
 1441      6F6D5F69 
 1441      737200
 1442              	.LASF30:
 1443 0013 5243435F 		.ascii	"RCC_IRQn\000"
 1443      4952516E 
 1443      00
 1444              	.LASF47:
 1445 001c 54494D31 		.ascii	"TIM17_IRQn\000"
 1445      375F4952 
 1445      516E00
 1446              	.LASF35:
 1447 0027 444D4131 		.ascii	"DMA1_Channel1_IRQn\000"
 1447      5F436861 
 1447      6E6E656C 
 1447      315F4952 
 1447      516E00
 1448              	.LASF14:
 1449 003a 73746174 		.ascii	"state\000"
 1449      6500
 1450              	.LASF55:
 1451 0040 4952516E 		.ascii	"IRQn_Type\000"
 1451      5F547970 
 1451      6500
 1452              	.LASF45:
 1453 004a 54494D31 		.ascii	"TIM15_IRQn\000"
 1453      355F4952 
 1453      516E00
 1454              	.LASF3:
 1455 0055 73686F72 		.ascii	"short int\000"
 1455      7420696E 
 1455      7400
 1456              	.LASF56:
 1457 005f 73697A65 		.ascii	"sizetype\000"
 1457      74797065 
 1457      00
ARM GAS  /tmp/ccoYlVli.s 			page 27


 1458              	.LASF89:
 1459 0068 2E2F6F73 		.ascii	"./os/hal/ports/STM32/TIMv1/st_lld.c\000"
 1459      2F68616C 
 1459      2F706F72 
 1459      74732F53 
 1459      544D3332 
 1460              	.LASF75:
 1461 008c 6E696C5F 		.ascii	"nil_system_t\000"
 1461      73797374 
 1461      656D5F74 
 1461      00
 1462              	.LASF22:
 1463 0099 48617264 		.ascii	"HardFault_IRQn\000"
 1463      4661756C 
 1463      745F4952 
 1463      516E00
 1464              	.LASF79:
 1465 00a8 706F7274 		.ascii	"port_lock\000"
 1465      5F6C6F63 
 1465      6B00
 1466              	.LASF91:
 1467 00b2 4952516E 		.ascii	"IRQn\000"
 1467      00
 1468              	.LASF19:
 1469 00b7 6576656E 		.ascii	"eventmask_t\000"
 1469      746D6173 
 1469      6B5F7400 
 1470              	.LASF63:
 1471 00c3 6E696C5F 		.ascii	"nil_thread\000"
 1471      74687265 
 1471      616400
 1472              	.LASF50:
 1473 00ce 53504931 		.ascii	"SPI1_IRQn\000"
 1473      5F495251 
 1473      6E00
 1474              	.LASF69:
 1475 00d8 73656D70 		.ascii	"semp\000"
 1475      00
 1476              	.LASF57:
 1477 00dd 4354524C 		.ascii	"CTRL\000"
 1477      00
 1478              	.LASF43:
 1479 00e2 54494D36 		.ascii	"TIM6_DAC_IRQn\000"
 1479      5F444143 
 1479      5F495251 
 1479      6E00
 1480              	.LASF62:
 1481 00f0 72656761 		.ascii	"regarm_t\000"
 1481      726D5F74 
 1481      00
 1482              	.LASF25:
 1483 00f9 53797354 		.ascii	"SysTick_IRQn\000"
 1483      69636B5F 
 1483      4952516E 
 1483      00
 1484              	.LASF4:
 1485 0106 75696E74 		.ascii	"uint8_t\000"
ARM GAS  /tmp/ccoYlVli.s 			page 28


 1485      385F7400 
 1486              	.LASF48:
 1487 010e 49324331 		.ascii	"I2C1_IRQn\000"
 1487      5F495251 
 1487      6E00
 1488              	.LASF82:
 1489 0118 706F7274 		.ascii	"port_unlock_from_isr\000"
 1489      5F756E6C 
 1489      6F636B5F 
 1489      66726F6D 
 1489      5F697372 
 1490              	.LASF87:
 1491 012d 73745F6C 		.ascii	"st_lld_init\000"
 1491      6C645F69 
 1491      6E697400 
 1492              	.LASF29:
 1493 0139 464C4153 		.ascii	"FLASH_IRQn\000"
 1493      485F4952 
 1493      516E00
 1494              	.LASF66:
 1495 0144 73656D61 		.ascii	"semaphore_t\000"
 1495      70686F72 
 1495      655F7400 
 1496              	.LASF1:
 1497 0150 7369676E 		.ascii	"signed char\000"
 1497      65642063 
 1497      68617200 
 1498              	.LASF26:
 1499 015c 57574447 		.ascii	"WWDG_IRQn\000"
 1499      5F495251 
 1499      6E00
 1500              	.LASF73:
 1501 0166 73797374 		.ascii	"systime\000"
 1501      696D6500 
 1502              	.LASF74:
 1503 016e 74687265 		.ascii	"threads\000"
 1503      61647300 
 1504              	.LASF11:
 1505 0176 6C6F6E67 		.ascii	"long long int\000"
 1505      206C6F6E 
 1505      6720696E 
 1505      7400
 1506              	.LASF52:
 1507 0184 55534152 		.ascii	"USART1_IRQn\000"
 1507      54315F49 
 1507      52516E00 
 1508              	.LASF59:
 1509 0190 43414C49 		.ascii	"CALIB\000"
 1509      4200
 1510              	.LASF24:
 1511 0196 50656E64 		.ascii	"PendSV_IRQn\000"
 1511      53565F49 
 1511      52516E00 
 1512              	.LASF8:
 1513 01a2 6C6F6E67 		.ascii	"long int\000"
 1513      20696E74 
 1513      00
ARM GAS  /tmp/ccoYlVli.s 			page 29


 1514              	.LASF13:
 1515 01ab 63747870 		.ascii	"ctxp\000"
 1515      00
 1516              	.LASF90:
 1517 01b0 2F6D6564 		.ascii	"/media/data/src/OpenTCS/code\000"
 1517      69612F64 
 1517      6174612F 
 1517      7372632F 
 1517      4F70656E 
 1518              	.LASF78:
 1519 01cd 5F5F656E 		.ascii	"__enable_irq\000"
 1519      61626C65 
 1519      5F697271 
 1519      00
 1520              	.LASF77:
 1521 01da 5F5F6469 		.ascii	"__disable_irq\000"
 1521      7361626C 
 1521      655F6972 
 1521      7100
 1522              	.LASF2:
 1523 01e8 756E7369 		.ascii	"unsigned char\000"
 1523      676E6564 
 1523      20636861 
 1523      7200
 1524              	.LASF27:
 1525 01f6 5056445F 		.ascii	"PVD_IRQn\000"
 1525      4952516E 
 1525      00
 1526              	.LASF36:
 1527 01ff 444D4131 		.ascii	"DMA1_Channel2_3_IRQn\000"
 1527      5F436861 
 1527      6E6E656C 
 1527      325F335F 
 1527      4952516E 
 1528              	.LASF41:
 1529 0214 54494D32 		.ascii	"TIM2_IRQn\000"
 1529      5F495251 
 1529      6E00
 1530              	.LASF85:
 1531 021e 6F73616C 		.ascii	"osalSysUnlockFromISR\000"
 1531      53797355 
 1531      6E6C6F63 
 1531      6B46726F 
 1531      6D495352 
 1532              	.LASF94:
 1533 0233 5F706F72 		.ascii	"_port_irq_epilogue\000"
 1533      745F6972 
 1533      715F6570 
 1533      696C6F67 
 1533      756500
 1534              	.LASF40:
 1535 0246 54494D31 		.ascii	"TIM1_CC_IRQn\000"
 1535      5F43435F 
 1535      4952516E 
 1535      00
 1536              	.LASF95:
 1537 0253 6E766963 		.ascii	"nvicSetSystemHandlerPriority\000"
ARM GAS  /tmp/ccoYlVli.s 			page 30


 1537      53657453 
 1537      79737465 
 1537      6D48616E 
 1537      646C6572 
 1538              	.LASF70:
 1539 0270 65776D61 		.ascii	"ewmask\000"
 1539      736B00
 1540              	.LASF31:
 1541 0277 45585449 		.ascii	"EXTI0_1_IRQn\000"
 1541      305F315F 
 1541      4952516E 
 1541      00
 1542              	.LASF7:
 1543 0284 696E7433 		.ascii	"int32_t\000"
 1543      325F7400 
 1544              	.LASF12:
 1545 028c 6C6F6E67 		.ascii	"long long unsigned int\000"
 1545      206C6F6E 
 1545      6720756E 
 1545      7369676E 
 1545      65642069 
 1546              	.LASF9:
 1547 02a3 75696E74 		.ascii	"uint32_t\000"
 1547      33325F74 
 1547      00
 1548              	.LASF0:
 1549 02ac 756E7369 		.ascii	"unsigned int\000"
 1549      676E6564 
 1549      20696E74 
 1549      00
 1550              	.LASF5:
 1551 02b9 75696E74 		.ascii	"uint16_t\000"
 1551      31365F74 
 1551      00
 1552              	.LASF46:
 1553 02c2 54494D31 		.ascii	"TIM16_IRQn\000"
 1553      365F4952 
 1553      516E00
 1554              	.LASF38:
 1555 02cd 41444331 		.ascii	"ADC1_COMP_IRQn\000"
 1555      5F434F4D 
 1555      505F4952 
 1555      516E00
 1556              	.LASF44:
 1557 02dc 54494D31 		.ascii	"TIM14_IRQn\000"
 1557      345F4952 
 1557      516E00
 1558              	.LASF60:
 1559 02e7 53797354 		.ascii	"SysTick_Type\000"
 1559      69636B5F 
 1559      54797065 
 1559      00
 1560              	.LASF6:
 1561 02f4 73686F72 		.ascii	"short unsigned int\000"
 1561      7420756E 
 1561      7369676E 
 1561      65642069 
ARM GAS  /tmp/ccoYlVli.s 			page 31


 1561      6E7400
 1562              	.LASF61:
 1563 0307 73797374 		.ascii	"systime_t\000"
 1563      696D655F 
 1563      7400
 1564              	.LASF67:
 1565 0311 63686172 		.ascii	"char\000"
 1565      00
 1566              	.LASF83:
 1567 0316 6F73616C 		.ascii	"osalSysLockFromISR\000"
 1567      5379734C 
 1567      6F636B46 
 1567      726F6D49 
 1567      535200
 1568              	.LASF51:
 1569 0329 53504932 		.ascii	"SPI2_IRQn\000"
 1569      5F495251 
 1569      6E00
 1570              	.LASF20:
 1571 0333 636E745F 		.ascii	"cnt_t\000"
 1571      7400
 1572              	.LASF68:
 1573 0339 74687265 		.ascii	"thread_reference_t\000"
 1573      61645F72 
 1573      65666572 
 1573      656E6365 
 1573      5F7400
 1574              	.LASF76:
 1575 034c 5F426F6F 		.ascii	"_Bool\000"
 1575      6C00
 1576              	.LASF80:
 1577 0352 706F7274 		.ascii	"port_unlock\000"
 1577      5F756E6C 
 1577      6F636B00 
 1578              	.LASF32:
 1579 035e 45585449 		.ascii	"EXTI2_3_IRQn\000"
 1579      325F335F 
 1579      4952516E 
 1579      00
 1580              	.LASF23:
 1581 036b 5356435F 		.ascii	"SVC_IRQn\000"
 1581      4952516E 
 1581      00
 1582              	.LASF49:
 1583 0374 49324332 		.ascii	"I2C2_IRQn\000"
 1583      5F495251 
 1583      6E00
 1584              	.LASF16:
 1585 037e 65706D61 		.ascii	"epmask\000"
 1585      736B00
 1586              	.LASF84:
 1587 0385 6F73616C 		.ascii	"osalOsTimerHandlerI\000"
 1587      4F735469 
 1587      6D657248 
 1587      616E646C 
 1587      65724900 
 1588              	.LASF10:
ARM GAS  /tmp/ccoYlVli.s 			page 32


 1589 0399 6C6F6E67 		.ascii	"long unsigned int\000"
 1589      20756E73 
 1589      69676E65 
 1589      6420696E 
 1589      7400
 1590              	.LASF88:
 1591 03ab 474E5520 		.ascii	"GNU C 4.7.3 20130312 (release) [ARM/embedded-4_7-br"
 1591      4320342E 
 1591      372E3320 
 1591      32303133 
 1591      30333132 
 1592 03de 616E6368 		.ascii	"anch revision 196615]\000"
 1592      20726576 
 1592      6973696F 
 1592      6E203139 
 1592      36363135 
 1593              	.LASF28:
 1594 03f4 5254435F 		.ascii	"RTC_IRQn\000"
 1594      4952516E 
 1594      00
 1595              	.LASF21:
 1596 03fd 4E6F6E4D 		.ascii	"NonMaskableInt_IRQn\000"
 1596      61736B61 
 1596      626C6549 
 1596      6E745F49 
 1596      52516E00 
 1597              	.LASF39:
 1598 0411 54494D31 		.ascii	"TIM1_BRK_UP_TRG_COM_IRQn\000"
 1598      5F42524B 
 1598      5F55505F 
 1598      5452475F 
 1598      434F4D5F 
 1599              	.LASF86:
 1600 042a 53797354 		.ascii	"SysTick_Handler\000"
 1600      69636B5F 
 1600      48616E64 
 1600      6C657200 
 1601              	.LASF64:
 1602 043a 706F7274 		.ascii	"port_intctx\000"
 1602      5F696E74 
 1602      63747800 
 1603              	.LASF34:
 1604 0446 54535F49 		.ascii	"TS_IRQn\000"
 1604      52516E00 
 1605              	.LASF53:
 1606 044e 55534152 		.ascii	"USART2_IRQn\000"
 1606      54325F49 
 1606      52516E00 
 1607              	.LASF33:
 1608 045a 45585449 		.ascii	"EXTI4_15_IRQn\000"
 1608      345F3135 
 1608      5F495251 
 1608      6E00
 1609              	.LASF93:
 1610 0468 63685379 		.ascii	"chSysTimerHandlerI\000"
 1610      7354696D 
 1610      65724861 
ARM GAS  /tmp/ccoYlVli.s 			page 33


 1610      6E646C65 
 1610      724900
 1611              	.LASF58:
 1612 047b 4C4F4144 		.ascii	"LOAD\000"
 1612      00
 1613              	.LASF17:
 1614 0480 74737461 		.ascii	"tstate_t\000"
 1614      74655F74 
 1614      00
 1615              	.LASF65:
 1616 0489 696E7463 		.ascii	"intctx_t\000"
 1616      74785F74 
 1616      00
 1617              	.LASF71:
 1618 0492 63757272 		.ascii	"current\000"
 1618      656E7400 
 1619              	.LASF54:
 1620 049a 4345435F 		.ascii	"CEC_IRQn\000"
 1620      4952516E 
 1620      00
 1621              	.LASF37:
 1622 04a3 444D4131 		.ascii	"DMA1_Channel4_5_IRQn\000"
 1622      5F436861 
 1622      6E6E656C 
 1622      345F355F 
 1622      4952516E 
 1623              	.LASF42:
 1624 04b8 54494D33 		.ascii	"TIM3_IRQn\000"
 1624      5F495251 
 1624      6E00
 1625              	.LASF18:
 1626 04c2 6D73675F 		.ascii	"msg_t\000"
 1626      7400
 1627              	.LASF15:
 1628 04c8 74696D65 		.ascii	"timeout\000"
 1628      6F757400 
 1629              	.LASF72:
 1630 04d0 6E657874 		.ascii	"next\000"
 1630      00
 1631              	.LASF92:
 1632 04d5 5F736176 		.ascii	"_saved_lr\000"
 1632      65645F6C 
 1632      7200
 1633              		.ident	"GCC: (GNU Tools for ARM Embedded Processors) 4.7.3 20130312 (release) [ARM/embedded-4_7-br
ARM GAS  /tmp/ccoYlVli.s 			page 34


DEFINED SYMBOLS
                            *ABS*:00000000 st_lld.c
     /tmp/ccoYlVli.s:18     .text.SysTick_Handler:00000000 $t
     /tmp/ccoYlVli.s:23     .text.SysTick_Handler:00000000 SysTick_Handler
     /tmp/ccoYlVli.s:90     .text.st_lld_init:00000000 $t
     /tmp/ccoYlVli.s:95     .text.st_lld_init:00000000 st_lld_init
     /tmp/ccoYlVli.s:129    .text.st_lld_init:0000001c $d
                     .debug_frame:00000010 $d

UNDEFINED SYMBOLS
chSysTimerHandlerI
_port_irq_epilogue
nvicSetSystemHandlerPriority
