ARM GAS  /tmp/cc6JRgrY.s 			page 1


   1              		.cpu cortex-m0
   2              		.fpu softvfp
   3              		.eabi_attribute 20, 1
   4              		.eabi_attribute 21, 1
   5              		.eabi_attribute 23, 3
   6              		.eabi_attribute 24, 1
   7              		.eabi_attribute 25, 1
   8              		.eabi_attribute 26, 1
   9              		.eabi_attribute 30, 4
  10              		.eabi_attribute 34, 0
  11              		.eabi_attribute 18, 4
  12              		.code	16
  13              		.file	"usb.c"
  14              		.text
  15              	.Ltext0:
  16              		.cfi_sections	.debug_frame
  17              	.Letext0:
  18              		.file 1 "/media/data/src/x-tools/gcc-arm-none-eabi-4_7-2013q1/bin/../lib/gcc/arm-none-eabi/4.7.3/.
  19              		.file 2 "./os/nil/include/nil.h"
  20              		.file 3 "./os/nil/ports/ARMCMx/compilers/GCC/niltypes.h"
  21              		.file 4 "./os/nil/ports/ARMCMx/nilcore.h"
  22              		.file 5 "./os/nil/ports/ARMCMx/nilcore_v6m.h"
  23              		.section	.debug_info,"",%progbits
  24              	.Ldebug_info0:
  25 0000 D0020000 		.4byte	0x2d0
  26 0004 0200     		.2byte	0x2
  27 0006 00000000 		.4byte	.Ldebug_abbrev0
  28 000a 04       		.byte	0x4
  29 000b 01       		.uleb128 0x1
  30 000c 72010000 		.4byte	.LASF38
  31 0010 01       		.byte	0x1
  32 0011 54000000 		.4byte	.LASF39
  33 0015 2E000000 		.4byte	.LASF40
  34 0019 00000000 		.4byte	.Ldebug_line0
  35 001d 02       		.uleb128 0x2
  36 001e 01       		.byte	0x1
  37 001f 06       		.byte	0x6
  38 0020 CB010000 		.4byte	.LASF0
  39 0024 02       		.uleb128 0x2
  40 0025 01       		.byte	0x1
  41 0026 08       		.byte	0x8
  42 0027 9F000000 		.4byte	.LASF1
  43 002b 02       		.uleb128 0x2
  44 002c 02       		.byte	0x2
  45 002d 05       		.byte	0x5
  46 002e EA000000 		.4byte	.LASF2
  47 0032 02       		.uleb128 0x2
  48 0033 02       		.byte	0x2
  49 0034 07       		.byte	0x7
  50 0035 C6000000 		.4byte	.LASF3
  51 0039 03       		.uleb128 0x3
  52 003a 04       		.byte	0x4
  53 003b 05       		.byte	0x5
  54 003c 696E7400 		.ascii	"int\000"
  55 0040 02       		.uleb128 0x2
  56 0041 04       		.byte	0x4
  57 0042 07       		.byte	0x7
ARM GAS  /tmp/cc6JRgrY.s 			page 2


  58 0043 FC000000 		.4byte	.LASF4
  59 0047 02       		.uleb128 0x2
  60 0048 08       		.byte	0x8
  61 0049 05       		.byte	0x5
  62 004a 00000000 		.4byte	.LASF5
  63 004e 02       		.uleb128 0x2
  64 004f 08       		.byte	0x8
  65 0050 07       		.byte	0x7
  66 0051 0F010000 		.4byte	.LASF6
  67 0055 02       		.uleb128 0x2
  68 0056 04       		.byte	0x4
  69 0057 05       		.byte	0x5
  70 0058 4B000000 		.4byte	.LASF7
  71 005c 02       		.uleb128 0x2
  72 005d 04       		.byte	0x4
  73 005e 07       		.byte	0x7
  74 005f 3E010000 		.4byte	.LASF8
  75 0063 04       		.uleb128 0x4
  76 0064 04       		.byte	0x4
  77 0065 02       		.uleb128 0x2
  78 0066 04       		.byte	0x4
  79 0067 07       		.byte	0x7
  80 0068 B4000000 		.4byte	.LASF9
  81 006c 02       		.uleb128 0x2
  82 006d 01       		.byte	0x1
  83 006e 08       		.byte	0x8
  84 006f 50010000 		.4byte	.LASF10
  85 0073 05       		.uleb128 0x5
  86 0074 6C000000 		.4byte	.LASF11
  87 0078 01       		.byte	0x1
  88 0079 2A       		.byte	0x2a
  89 007a 24000000 		.4byte	0x24
  90 007e 05       		.uleb128 0x5
  91 007f 5D010000 		.4byte	.LASF12
  92 0083 01       		.byte	0x1
  93 0084 36       		.byte	0x36
  94 0085 32000000 		.4byte	0x32
  95 0089 05       		.uleb128 0x5
  96 008a 36010000 		.4byte	.LASF13
  97 008e 01       		.byte	0x1
  98 008f 4F       		.byte	0x4f
  99 0090 55000000 		.4byte	0x55
 100 0094 05       		.uleb128 0x5
 101 0095 BB010000 		.4byte	.LASF14
 102 0099 01       		.byte	0x1
 103 009a 50       		.byte	0x50
 104 009b 65000000 		.4byte	0x65
 105 009f 06       		.uleb128 0x6
 106 00a0 0E000000 		.4byte	.LASF25
 107 00a4 14       		.byte	0x14
 108 00a5 02       		.byte	0x2
 109 00a6 1E01     		.2byte	0x11e
 110 00a8 F7000000 		.4byte	0xf7
 111 00ac 07       		.uleb128 0x7
 112 00ad 9A000000 		.4byte	.LASF15
 113 00b1 02       		.byte	0x2
 114 00b2 1F01     		.2byte	0x11f
ARM GAS  /tmp/cc6JRgrY.s 			page 3


 115 00b4 51020000 		.4byte	0x251
 116 00b8 02       		.byte	0x2
 117 00b9 23       		.byte	0x23
 118 00ba 00       		.uleb128 0
 119 00bb 07       		.uleb128 0x7
 120 00bc 74000000 		.4byte	.LASF16
 121 00c0 02       		.byte	0x2
 122 00c1 2001     		.2byte	0x120
 123 00c3 F7000000 		.4byte	0xf7
 124 00c7 02       		.byte	0x2
 125 00c8 23       		.byte	0x23
 126 00c9 04       		.uleb128 0x4
 127 00ca 08       		.uleb128 0x8
 128 00cb 753100   		.ascii	"u1\000"
 129 00ce 02       		.byte	0x2
 130 00cf 2B01     		.2byte	0x12b
 131 00d1 01020000 		.4byte	0x201
 132 00d5 02       		.byte	0x2
 133 00d6 23       		.byte	0x23
 134 00d7 08       		.uleb128 0x8
 135 00d8 07       		.uleb128 0x7
 136 00d9 D9000000 		.4byte	.LASF17
 137 00dd 02       		.byte	0x2
 138 00de 2C01     		.2byte	0x12c
 139 00e0 57020000 		.4byte	0x257
 140 00e4 02       		.byte	0x2
 141 00e5 23       		.byte	0x23
 142 00e6 0C       		.uleb128 0xc
 143 00e7 07       		.uleb128 0x7
 144 00e8 C4010000 		.4byte	.LASF18
 145 00ec 02       		.byte	0x2
 146 00ed 2F01     		.2byte	0x12f
 147 00ef 0D010000 		.4byte	0x10d
 148 00f3 02       		.byte	0x2
 149 00f4 23       		.byte	0x23
 150 00f5 10       		.uleb128 0x10
 151 00f6 00       		.byte	0
 152 00f7 05       		.uleb128 0x5
 153 00f8 47010000 		.4byte	.LASF19
 154 00fc 03       		.byte	0x3
 155 00fd 37       		.byte	0x37
 156 00fe 73000000 		.4byte	0x73
 157 0102 05       		.uleb128 0x5
 158 0103 09010000 		.4byte	.LASF20
 159 0107 03       		.byte	0x3
 160 0108 38       		.byte	0x38
 161 0109 89000000 		.4byte	0x89
 162 010d 05       		.uleb128 0x5
 163 010e E4010000 		.4byte	.LASF21
 164 0112 03       		.byte	0x3
 165 0113 39       		.byte	0x39
 166 0114 94000000 		.4byte	0x94
 167 0118 05       		.uleb128 0x5
 168 0119 30010000 		.4byte	.LASF22
 169 011d 03       		.byte	0x3
 170 011e 3A       		.byte	0x3a
 171 011f 89000000 		.4byte	0x89
ARM GAS  /tmp/cc6JRgrY.s 			page 4


 172 0123 05       		.uleb128 0x5
 173 0124 26010000 		.4byte	.LASF23
 174 0128 04       		.byte	0x4
 175 0129 77       		.byte	0x77
 176 012a 7E000000 		.4byte	0x7e
 177 012e 05       		.uleb128 0x5
 178 012f 25000000 		.4byte	.LASF24
 179 0133 04       		.byte	0x4
 180 0134 7D       		.byte	0x7d
 181 0135 63000000 		.4byte	0x63
 182 0139 09       		.uleb128 0x9
 183 013a 19000000 		.4byte	.LASF26
 184 013e 24       		.byte	0x24
 185 013f 05       		.byte	0x5
 186 0140 A4       		.byte	0xa4
 187 0141 BD010000 		.4byte	0x1bd
 188 0145 0A       		.uleb128 0xa
 189 0146 723800   		.ascii	"r8\000"
 190 0149 05       		.byte	0x5
 191 014a A5       		.byte	0xa5
 192 014b 2E010000 		.4byte	0x12e
 193 014f 02       		.byte	0x2
 194 0150 23       		.byte	0x23
 195 0151 00       		.uleb128 0
 196 0152 0A       		.uleb128 0xa
 197 0153 723900   		.ascii	"r9\000"
 198 0156 05       		.byte	0x5
 199 0157 A6       		.byte	0xa6
 200 0158 2E010000 		.4byte	0x12e
 201 015c 02       		.byte	0x2
 202 015d 23       		.byte	0x23
 203 015e 04       		.uleb128 0x4
 204 015f 0A       		.uleb128 0xa
 205 0160 72313000 		.ascii	"r10\000"
 206 0164 05       		.byte	0x5
 207 0165 A7       		.byte	0xa7
 208 0166 2E010000 		.4byte	0x12e
 209 016a 02       		.byte	0x2
 210 016b 23       		.byte	0x23
 211 016c 08       		.uleb128 0x8
 212 016d 0A       		.uleb128 0xa
 213 016e 72313100 		.ascii	"r11\000"
 214 0172 05       		.byte	0x5
 215 0173 A8       		.byte	0xa8
 216 0174 2E010000 		.4byte	0x12e
 217 0178 02       		.byte	0x2
 218 0179 23       		.byte	0x23
 219 017a 0C       		.uleb128 0xc
 220 017b 0A       		.uleb128 0xa
 221 017c 723400   		.ascii	"r4\000"
 222 017f 05       		.byte	0x5
 223 0180 A9       		.byte	0xa9
 224 0181 2E010000 		.4byte	0x12e
 225 0185 02       		.byte	0x2
 226 0186 23       		.byte	0x23
 227 0187 10       		.uleb128 0x10
 228 0188 0A       		.uleb128 0xa
ARM GAS  /tmp/cc6JRgrY.s 			page 5


 229 0189 723500   		.ascii	"r5\000"
 230 018c 05       		.byte	0x5
 231 018d AA       		.byte	0xaa
 232 018e 2E010000 		.4byte	0x12e
 233 0192 02       		.byte	0x2
 234 0193 23       		.byte	0x23
 235 0194 14       		.uleb128 0x14
 236 0195 0A       		.uleb128 0xa
 237 0196 723600   		.ascii	"r6\000"
 238 0199 05       		.byte	0x5
 239 019a AB       		.byte	0xab
 240 019b 2E010000 		.4byte	0x12e
 241 019f 02       		.byte	0x2
 242 01a0 23       		.byte	0x23
 243 01a1 18       		.uleb128 0x18
 244 01a2 0A       		.uleb128 0xa
 245 01a3 723700   		.ascii	"r7\000"
 246 01a6 05       		.byte	0x5
 247 01a7 AC       		.byte	0xac
 248 01a8 2E010000 		.4byte	0x12e
 249 01ac 02       		.byte	0x2
 250 01ad 23       		.byte	0x23
 251 01ae 1C       		.uleb128 0x1c
 252 01af 0A       		.uleb128 0xa
 253 01b0 6C7200   		.ascii	"lr\000"
 254 01b3 05       		.byte	0x5
 255 01b4 AD       		.byte	0xad
 256 01b5 2E010000 		.4byte	0x12e
 257 01b9 02       		.byte	0x2
 258 01ba 23       		.byte	0x23
 259 01bb 20       		.uleb128 0x20
 260 01bc 00       		.byte	0
 261 01bd 05       		.uleb128 0x5
 262 01be E1000000 		.4byte	.LASF27
 263 01c2 02       		.byte	0x2
 264 01c3 F3       		.byte	0xf3
 265 01c4 39010000 		.4byte	0x139
 266 01c8 0B       		.uleb128 0xb
 267 01c9 04       		.byte	0x4
 268 01ca 02       		.byte	0x2
 269 01cb F8       		.byte	0xf8
 270 01cc DF010000 		.4byte	0x1df
 271 01d0 0A       		.uleb128 0xa
 272 01d1 636E7400 		.ascii	"cnt\000"
 273 01d5 02       		.byte	0x2
 274 01d6 F9       		.byte	0xf9
 275 01d7 DF010000 		.4byte	0x1df
 276 01db 02       		.byte	0x2
 277 01dc 23       		.byte	0x23
 278 01dd 00       		.uleb128 0
 279 01de 00       		.byte	0
 280 01df 0C       		.uleb128 0xc
 281 01e0 18010000 		.4byte	0x118
 282 01e4 05       		.uleb128 0x5
 283 01e5 66010000 		.4byte	.LASF28
 284 01e9 02       		.byte	0x2
 285 01ea FA       		.byte	0xfa
ARM GAS  /tmp/cc6JRgrY.s 			page 6


 286 01eb C8010000 		.4byte	0x1c8
 287 01ef 0D       		.uleb128 0xd
 288 01f0 7A000000 		.4byte	.LASF29
 289 01f4 02       		.byte	0x2
 290 01f5 1901     		.2byte	0x119
 291 01f7 FB010000 		.4byte	0x1fb
 292 01fb 0E       		.uleb128 0xe
 293 01fc 04       		.byte	0x4
 294 01fd 9F000000 		.4byte	0x9f
 295 0201 0F       		.uleb128 0xf
 296 0202 04       		.byte	0x4
 297 0203 02       		.byte	0x2
 298 0204 2301     		.2byte	0x123
 299 0206 45020000 		.4byte	0x245
 300 020a 10       		.uleb128 0x10
 301 020b 6D736700 		.ascii	"msg\000"
 302 020f 02       		.byte	0x2
 303 0210 2401     		.2byte	0x124
 304 0212 02010000 		.4byte	0x102
 305 0216 10       		.uleb128 0x10
 306 0217 7000     		.ascii	"p\000"
 307 0219 02       		.byte	0x2
 308 021a 2501     		.2byte	0x125
 309 021c 63000000 		.4byte	0x63
 310 0220 10       		.uleb128 0x10
 311 0221 74727000 		.ascii	"trp\000"
 312 0225 02       		.byte	0x2
 313 0226 2601     		.2byte	0x126
 314 0228 45020000 		.4byte	0x245
 315 022c 11       		.uleb128 0x11
 316 022d 67000000 		.4byte	.LASF30
 317 0231 02       		.byte	0x2
 318 0232 2701     		.2byte	0x127
 319 0234 4B020000 		.4byte	0x24b
 320 0238 11       		.uleb128 0x11
 321 0239 AD000000 		.4byte	.LASF31
 322 023d 02       		.byte	0x2
 323 023e 2901     		.2byte	0x129
 324 0240 0D010000 		.4byte	0x10d
 325 0244 00       		.byte	0
 326 0245 0E       		.uleb128 0xe
 327 0246 04       		.byte	0x4
 328 0247 EF010000 		.4byte	0x1ef
 329 024b 0E       		.uleb128 0xe
 330 024c 04       		.byte	0x4
 331 024d E4010000 		.4byte	0x1e4
 332 0251 0E       		.uleb128 0xe
 333 0252 04       		.byte	0x4
 334 0253 BD010000 		.4byte	0x1bd
 335 0257 0C       		.uleb128 0xc
 336 0258 23010000 		.4byte	0x123
 337 025c 12       		.uleb128 0x12
 338 025d 98       		.byte	0x98
 339 025e 02       		.byte	0x2
 340 025f 3D01     		.2byte	0x13d
 341 0261 A2020000 		.4byte	0x2a2
 342 0265 07       		.uleb128 0x7
ARM GAS  /tmp/cc6JRgrY.s 			page 7


 343 0266 F4000000 		.4byte	.LASF32
 344 026a 02       		.byte	0x2
 345 026b 4101     		.2byte	0x141
 346 026d FB010000 		.4byte	0x1fb
 347 0271 02       		.byte	0x2
 348 0272 23       		.byte	0x23
 349 0273 00       		.uleb128 0
 350 0274 07       		.uleb128 0x7
 351 0275 DF010000 		.4byte	.LASF33
 352 0279 02       		.byte	0x2
 353 027a 4701     		.2byte	0x147
 354 027c FB010000 		.4byte	0x1fb
 355 0280 02       		.byte	0x2
 356 0281 23       		.byte	0x23
 357 0282 04       		.uleb128 0x4
 358 0283 07       		.uleb128 0x7
 359 0284 D7010000 		.4byte	.LASF34
 360 0288 02       		.byte	0x2
 361 0289 4C01     		.2byte	0x14c
 362 028b 23010000 		.4byte	0x123
 363 028f 02       		.byte	0x2
 364 0290 23       		.byte	0x23
 365 0291 08       		.uleb128 0x8
 366 0292 07       		.uleb128 0x7
 367 0293 55010000 		.4byte	.LASF35
 368 0297 02       		.byte	0x2
 369 0298 5B01     		.2byte	0x15b
 370 029a A2020000 		.4byte	0x2a2
 371 029e 02       		.byte	0x2
 372 029f 23       		.byte	0x23
 373 02a0 0C       		.uleb128 0xc
 374 02a1 00       		.byte	0
 375 02a2 13       		.uleb128 0x13
 376 02a3 9F000000 		.4byte	0x9f
 377 02a7 B2020000 		.4byte	0x2b2
 378 02ab 14       		.uleb128 0x14
 379 02ac 5C000000 		.4byte	0x5c
 380 02b0 06       		.byte	0x6
 381 02b1 00       		.byte	0
 382 02b2 0D       		.uleb128 0xd
 383 02b3 8D000000 		.4byte	.LASF36
 384 02b7 02       		.byte	0x2
 385 02b8 6401     		.2byte	0x164
 386 02ba 5C020000 		.4byte	0x25c
 387 02be 02       		.uleb128 0x2
 388 02bf 01       		.byte	0x1
 389 02c0 02       		.byte	0x2
 390 02c1 F0010000 		.4byte	.LASF37
 391 02c5 15       		.uleb128 0x15
 392 02c6 6E696C00 		.ascii	"nil\000"
 393 02ca 02       		.byte	0x2
 394 02cb F602     		.2byte	0x2f6
 395 02cd B2020000 		.4byte	0x2b2
 396 02d1 01       		.byte	0x1
 397 02d2 01       		.byte	0x1
 398 02d3 00       		.byte	0
 399              		.section	.debug_abbrev,"",%progbits
ARM GAS  /tmp/cc6JRgrY.s 			page 8


 400              	.Ldebug_abbrev0:
 401 0000 01       		.uleb128 0x1
 402 0001 11       		.uleb128 0x11
 403 0002 01       		.byte	0x1
 404 0003 25       		.uleb128 0x25
 405 0004 0E       		.uleb128 0xe
 406 0005 13       		.uleb128 0x13
 407 0006 0B       		.uleb128 0xb
 408 0007 03       		.uleb128 0x3
 409 0008 0E       		.uleb128 0xe
 410 0009 1B       		.uleb128 0x1b
 411 000a 0E       		.uleb128 0xe
 412 000b 10       		.uleb128 0x10
 413 000c 06       		.uleb128 0x6
 414 000d 00       		.byte	0
 415 000e 00       		.byte	0
 416 000f 02       		.uleb128 0x2
 417 0010 24       		.uleb128 0x24
 418 0011 00       		.byte	0
 419 0012 0B       		.uleb128 0xb
 420 0013 0B       		.uleb128 0xb
 421 0014 3E       		.uleb128 0x3e
 422 0015 0B       		.uleb128 0xb
 423 0016 03       		.uleb128 0x3
 424 0017 0E       		.uleb128 0xe
 425 0018 00       		.byte	0
 426 0019 00       		.byte	0
 427 001a 03       		.uleb128 0x3
 428 001b 24       		.uleb128 0x24
 429 001c 00       		.byte	0
 430 001d 0B       		.uleb128 0xb
 431 001e 0B       		.uleb128 0xb
 432 001f 3E       		.uleb128 0x3e
 433 0020 0B       		.uleb128 0xb
 434 0021 03       		.uleb128 0x3
 435 0022 08       		.uleb128 0x8
 436 0023 00       		.byte	0
 437 0024 00       		.byte	0
 438 0025 04       		.uleb128 0x4
 439 0026 0F       		.uleb128 0xf
 440 0027 00       		.byte	0
 441 0028 0B       		.uleb128 0xb
 442 0029 0B       		.uleb128 0xb
 443 002a 00       		.byte	0
 444 002b 00       		.byte	0
 445 002c 05       		.uleb128 0x5
 446 002d 16       		.uleb128 0x16
 447 002e 00       		.byte	0
 448 002f 03       		.uleb128 0x3
 449 0030 0E       		.uleb128 0xe
 450 0031 3A       		.uleb128 0x3a
 451 0032 0B       		.uleb128 0xb
 452 0033 3B       		.uleb128 0x3b
 453 0034 0B       		.uleb128 0xb
 454 0035 49       		.uleb128 0x49
 455 0036 13       		.uleb128 0x13
 456 0037 00       		.byte	0
ARM GAS  /tmp/cc6JRgrY.s 			page 9


 457 0038 00       		.byte	0
 458 0039 06       		.uleb128 0x6
 459 003a 13       		.uleb128 0x13
 460 003b 01       		.byte	0x1
 461 003c 03       		.uleb128 0x3
 462 003d 0E       		.uleb128 0xe
 463 003e 0B       		.uleb128 0xb
 464 003f 0B       		.uleb128 0xb
 465 0040 3A       		.uleb128 0x3a
 466 0041 0B       		.uleb128 0xb
 467 0042 3B       		.uleb128 0x3b
 468 0043 05       		.uleb128 0x5
 469 0044 01       		.uleb128 0x1
 470 0045 13       		.uleb128 0x13
 471 0046 00       		.byte	0
 472 0047 00       		.byte	0
 473 0048 07       		.uleb128 0x7
 474 0049 0D       		.uleb128 0xd
 475 004a 00       		.byte	0
 476 004b 03       		.uleb128 0x3
 477 004c 0E       		.uleb128 0xe
 478 004d 3A       		.uleb128 0x3a
 479 004e 0B       		.uleb128 0xb
 480 004f 3B       		.uleb128 0x3b
 481 0050 05       		.uleb128 0x5
 482 0051 49       		.uleb128 0x49
 483 0052 13       		.uleb128 0x13
 484 0053 38       		.uleb128 0x38
 485 0054 0A       		.uleb128 0xa
 486 0055 00       		.byte	0
 487 0056 00       		.byte	0
 488 0057 08       		.uleb128 0x8
 489 0058 0D       		.uleb128 0xd
 490 0059 00       		.byte	0
 491 005a 03       		.uleb128 0x3
 492 005b 08       		.uleb128 0x8
 493 005c 3A       		.uleb128 0x3a
 494 005d 0B       		.uleb128 0xb
 495 005e 3B       		.uleb128 0x3b
 496 005f 05       		.uleb128 0x5
 497 0060 49       		.uleb128 0x49
 498 0061 13       		.uleb128 0x13
 499 0062 38       		.uleb128 0x38
 500 0063 0A       		.uleb128 0xa
 501 0064 00       		.byte	0
 502 0065 00       		.byte	0
 503 0066 09       		.uleb128 0x9
 504 0067 13       		.uleb128 0x13
 505 0068 01       		.byte	0x1
 506 0069 03       		.uleb128 0x3
 507 006a 0E       		.uleb128 0xe
 508 006b 0B       		.uleb128 0xb
 509 006c 0B       		.uleb128 0xb
 510 006d 3A       		.uleb128 0x3a
 511 006e 0B       		.uleb128 0xb
 512 006f 3B       		.uleb128 0x3b
 513 0070 0B       		.uleb128 0xb
ARM GAS  /tmp/cc6JRgrY.s 			page 10


 514 0071 01       		.uleb128 0x1
 515 0072 13       		.uleb128 0x13
 516 0073 00       		.byte	0
 517 0074 00       		.byte	0
 518 0075 0A       		.uleb128 0xa
 519 0076 0D       		.uleb128 0xd
 520 0077 00       		.byte	0
 521 0078 03       		.uleb128 0x3
 522 0079 08       		.uleb128 0x8
 523 007a 3A       		.uleb128 0x3a
 524 007b 0B       		.uleb128 0xb
 525 007c 3B       		.uleb128 0x3b
 526 007d 0B       		.uleb128 0xb
 527 007e 49       		.uleb128 0x49
 528 007f 13       		.uleb128 0x13
 529 0080 38       		.uleb128 0x38
 530 0081 0A       		.uleb128 0xa
 531 0082 00       		.byte	0
 532 0083 00       		.byte	0
 533 0084 0B       		.uleb128 0xb
 534 0085 13       		.uleb128 0x13
 535 0086 01       		.byte	0x1
 536 0087 0B       		.uleb128 0xb
 537 0088 0B       		.uleb128 0xb
 538 0089 3A       		.uleb128 0x3a
 539 008a 0B       		.uleb128 0xb
 540 008b 3B       		.uleb128 0x3b
 541 008c 0B       		.uleb128 0xb
 542 008d 01       		.uleb128 0x1
 543 008e 13       		.uleb128 0x13
 544 008f 00       		.byte	0
 545 0090 00       		.byte	0
 546 0091 0C       		.uleb128 0xc
 547 0092 35       		.uleb128 0x35
 548 0093 00       		.byte	0
 549 0094 49       		.uleb128 0x49
 550 0095 13       		.uleb128 0x13
 551 0096 00       		.byte	0
 552 0097 00       		.byte	0
 553 0098 0D       		.uleb128 0xd
 554 0099 16       		.uleb128 0x16
 555 009a 00       		.byte	0
 556 009b 03       		.uleb128 0x3
 557 009c 0E       		.uleb128 0xe
 558 009d 3A       		.uleb128 0x3a
 559 009e 0B       		.uleb128 0xb
 560 009f 3B       		.uleb128 0x3b
 561 00a0 05       		.uleb128 0x5
 562 00a1 49       		.uleb128 0x49
 563 00a2 13       		.uleb128 0x13
 564 00a3 00       		.byte	0
 565 00a4 00       		.byte	0
 566 00a5 0E       		.uleb128 0xe
 567 00a6 0F       		.uleb128 0xf
 568 00a7 00       		.byte	0
 569 00a8 0B       		.uleb128 0xb
 570 00a9 0B       		.uleb128 0xb
ARM GAS  /tmp/cc6JRgrY.s 			page 11


 571 00aa 49       		.uleb128 0x49
 572 00ab 13       		.uleb128 0x13
 573 00ac 00       		.byte	0
 574 00ad 00       		.byte	0
 575 00ae 0F       		.uleb128 0xf
 576 00af 17       		.uleb128 0x17
 577 00b0 01       		.byte	0x1
 578 00b1 0B       		.uleb128 0xb
 579 00b2 0B       		.uleb128 0xb
 580 00b3 3A       		.uleb128 0x3a
 581 00b4 0B       		.uleb128 0xb
 582 00b5 3B       		.uleb128 0x3b
 583 00b6 05       		.uleb128 0x5
 584 00b7 01       		.uleb128 0x1
 585 00b8 13       		.uleb128 0x13
 586 00b9 00       		.byte	0
 587 00ba 00       		.byte	0
 588 00bb 10       		.uleb128 0x10
 589 00bc 0D       		.uleb128 0xd
 590 00bd 00       		.byte	0
 591 00be 03       		.uleb128 0x3
 592 00bf 08       		.uleb128 0x8
 593 00c0 3A       		.uleb128 0x3a
 594 00c1 0B       		.uleb128 0xb
 595 00c2 3B       		.uleb128 0x3b
 596 00c3 05       		.uleb128 0x5
 597 00c4 49       		.uleb128 0x49
 598 00c5 13       		.uleb128 0x13
 599 00c6 00       		.byte	0
 600 00c7 00       		.byte	0
 601 00c8 11       		.uleb128 0x11
 602 00c9 0D       		.uleb128 0xd
 603 00ca 00       		.byte	0
 604 00cb 03       		.uleb128 0x3
 605 00cc 0E       		.uleb128 0xe
 606 00cd 3A       		.uleb128 0x3a
 607 00ce 0B       		.uleb128 0xb
 608 00cf 3B       		.uleb128 0x3b
 609 00d0 05       		.uleb128 0x5
 610 00d1 49       		.uleb128 0x49
 611 00d2 13       		.uleb128 0x13
 612 00d3 00       		.byte	0
 613 00d4 00       		.byte	0
 614 00d5 12       		.uleb128 0x12
 615 00d6 13       		.uleb128 0x13
 616 00d7 01       		.byte	0x1
 617 00d8 0B       		.uleb128 0xb
 618 00d9 0B       		.uleb128 0xb
 619 00da 3A       		.uleb128 0x3a
 620 00db 0B       		.uleb128 0xb
 621 00dc 3B       		.uleb128 0x3b
 622 00dd 05       		.uleb128 0x5
 623 00de 01       		.uleb128 0x1
 624 00df 13       		.uleb128 0x13
 625 00e0 00       		.byte	0
 626 00e1 00       		.byte	0
 627 00e2 13       		.uleb128 0x13
ARM GAS  /tmp/cc6JRgrY.s 			page 12


 628 00e3 01       		.uleb128 0x1
 629 00e4 01       		.byte	0x1
 630 00e5 49       		.uleb128 0x49
 631 00e6 13       		.uleb128 0x13
 632 00e7 01       		.uleb128 0x1
 633 00e8 13       		.uleb128 0x13
 634 00e9 00       		.byte	0
 635 00ea 00       		.byte	0
 636 00eb 14       		.uleb128 0x14
 637 00ec 21       		.uleb128 0x21
 638 00ed 00       		.byte	0
 639 00ee 49       		.uleb128 0x49
 640 00ef 13       		.uleb128 0x13
 641 00f0 2F       		.uleb128 0x2f
 642 00f1 0B       		.uleb128 0xb
 643 00f2 00       		.byte	0
 644 00f3 00       		.byte	0
 645 00f4 15       		.uleb128 0x15
 646 00f5 34       		.uleb128 0x34
 647 00f6 00       		.byte	0
 648 00f7 03       		.uleb128 0x3
 649 00f8 08       		.uleb128 0x8
 650 00f9 3A       		.uleb128 0x3a
 651 00fa 0B       		.uleb128 0xb
 652 00fb 3B       		.uleb128 0x3b
 653 00fc 05       		.uleb128 0x5
 654 00fd 49       		.uleb128 0x49
 655 00fe 13       		.uleb128 0x13
 656 00ff 3F       		.uleb128 0x3f
 657 0100 0C       		.uleb128 0xc
 658 0101 3C       		.uleb128 0x3c
 659 0102 0C       		.uleb128 0xc
 660 0103 00       		.byte	0
 661 0104 00       		.byte	0
 662 0105 00       		.byte	0
 663              		.section	.debug_aranges,"",%progbits
 664 0000 14000000 		.4byte	0x14
 665 0004 0200     		.2byte	0x2
 666 0006 00000000 		.4byte	.Ldebug_info0
 667 000a 04       		.byte	0x4
 668 000b 00       		.byte	0
 669 000c 0000     		.2byte	0
 670 000e 0000     		.2byte	0
 671 0010 00000000 		.4byte	0
 672 0014 00000000 		.4byte	0
 673              		.section	.debug_line,"",%progbits
 674              	.Ldebug_line0:
 675 0000 1F010000 		.section	.debug_str,"MS",%progbits,1
 675      02001901 
 675      00000201 
 675      FB0E0D00 
 675      01010101 
 676              	.LASF5:
 677 0000 6C6F6E67 		.ascii	"long long int\000"
 677      206C6F6E 
 677      6720696E 
 677      7400
ARM GAS  /tmp/cc6JRgrY.s 			page 13


 678              	.LASF25:
 679 000e 6E696C5F 		.ascii	"nil_thread\000"
 679      74687265 
 679      616400
 680              	.LASF26:
 681 0019 706F7274 		.ascii	"port_intctx\000"
 681      5F696E74 
 681      63747800 
 682              	.LASF24:
 683 0025 72656761 		.ascii	"regarm_t\000"
 683      726D5F74 
 683      00
 684              	.LASF40:
 685 002e 2F6D6564 		.ascii	"/media/data/src/OpenTCS/code\000"
 685      69612F64 
 685      6174612F 
 685      7372632F 
 685      4F70656E 
 686              	.LASF7:
 687 004b 6C6F6E67 		.ascii	"long int\000"
 687      20696E74 
 687      00
 688              	.LASF39:
 689 0054 2E2F6F73 		.ascii	"./os/hal/src/usb.c\000"
 689      2F68616C 
 689      2F737263 
 689      2F757362 
 689      2E6300
 690              	.LASF30:
 691 0067 73656D70 		.ascii	"semp\000"
 691      00
 692              	.LASF11:
 693 006c 75696E74 		.ascii	"uint8_t\000"
 693      385F7400 
 694              	.LASF16:
 695 0074 73746174 		.ascii	"state\000"
 695      6500
 696              	.LASF29:
 697 007a 74687265 		.ascii	"thread_reference_t\000"
 697      61645F72 
 697      65666572 
 697      656E6365 
 697      5F7400
 698              	.LASF36:
 699 008d 6E696C5F 		.ascii	"nil_system_t\000"
 699      73797374 
 699      656D5F74 
 699      00
 700              	.LASF15:
 701 009a 63747870 		.ascii	"ctxp\000"
 701      00
 702              	.LASF1:
 703 009f 756E7369 		.ascii	"unsigned char\000"
 703      676E6564 
 703      20636861 
 703      7200
 704              	.LASF31:
ARM GAS  /tmp/cc6JRgrY.s 			page 14


 705 00ad 65776D61 		.ascii	"ewmask\000"
 705      736B00
 706              	.LASF9:
 707 00b4 6C6F6E67 		.ascii	"long unsigned int\000"
 707      20756E73 
 707      69676E65 
 707      6420696E 
 707      7400
 708              	.LASF3:
 709 00c6 73686F72 		.ascii	"short unsigned int\000"
 709      7420756E 
 709      7369676E 
 709      65642069 
 709      6E7400
 710              	.LASF17:
 711 00d9 74696D65 		.ascii	"timeout\000"
 711      6F757400 
 712              	.LASF27:
 713 00e1 696E7463 		.ascii	"intctx_t\000"
 713      74785F74 
 713      00
 714              	.LASF2:
 715 00ea 73686F72 		.ascii	"short int\000"
 715      7420696E 
 715      7400
 716              	.LASF32:
 717 00f4 63757272 		.ascii	"current\000"
 717      656E7400 
 718              	.LASF4:
 719 00fc 756E7369 		.ascii	"unsigned int\000"
 719      676E6564 
 719      20696E74 
 719      00
 720              	.LASF20:
 721 0109 6D73675F 		.ascii	"msg_t\000"
 721      7400
 722              	.LASF6:
 723 010f 6C6F6E67 		.ascii	"long long unsigned int\000"
 723      206C6F6E 
 723      6720756E 
 723      7369676E 
 723      65642069 
 724              	.LASF23:
 725 0126 73797374 		.ascii	"systime_t\000"
 725      696D655F 
 725      7400
 726              	.LASF22:
 727 0130 636E745F 		.ascii	"cnt_t\000"
 727      7400
 728              	.LASF13:
 729 0136 696E7433 		.ascii	"int32_t\000"
 729      325F7400 
 730              	.LASF8:
 731 013e 73697A65 		.ascii	"sizetype\000"
 731      74797065 
 731      00
 732              	.LASF19:
ARM GAS  /tmp/cc6JRgrY.s 			page 15


 733 0147 74737461 		.ascii	"tstate_t\000"
 733      74655F74 
 733      00
 734              	.LASF10:
 735 0150 63686172 		.ascii	"char\000"
 735      00
 736              	.LASF35:
 737 0155 74687265 		.ascii	"threads\000"
 737      61647300 
 738              	.LASF12:
 739 015d 75696E74 		.ascii	"uint16_t\000"
 739      31365F74 
 739      00
 740              	.LASF28:
 741 0166 73656D61 		.ascii	"semaphore_t\000"
 741      70686F72 
 741      655F7400 
 742              	.LASF38:
 743 0172 474E5520 		.ascii	"GNU C 4.7.3 20130312 (release) [ARM/embedded-4_7-br"
 743      4320342E 
 743      372E3320 
 743      32303133 
 743      30333132 
 744 01a5 616E6368 		.ascii	"anch revision 196615]\000"
 744      20726576 
 744      6973696F 
 744      6E203139 
 744      36363135 
 745              	.LASF14:
 746 01bb 75696E74 		.ascii	"uint32_t\000"
 746      33325F74 
 746      00
 747              	.LASF18:
 748 01c4 65706D61 		.ascii	"epmask\000"
 748      736B00
 749              	.LASF0:
 750 01cb 7369676E 		.ascii	"signed char\000"
 750      65642063 
 750      68617200 
 751              	.LASF34:
 752 01d7 73797374 		.ascii	"systime\000"
 752      696D6500 
 753              	.LASF33:
 754 01df 6E657874 		.ascii	"next\000"
 754      00
 755              	.LASF21:
 756 01e4 6576656E 		.ascii	"eventmask_t\000"
 756      746D6173 
 756      6B5F7400 
 757              	.LASF37:
 758 01f0 5F426F6F 		.ascii	"_Bool\000"
 758      6C00
 759              		.ident	"GCC: (GNU Tools for ARM Embedded Processors) 4.7.3 20130312 (release) [ARM/embedded-4_7-br
ARM GAS  /tmp/cc6JRgrY.s 			page 16


DEFINED SYMBOLS
                            *ABS*:00000000 usb.c

NO UNDEFINED SYMBOLS
